/import/programs/synopsys/raphael/S-2021.06/raphael_2021.06.0/linux64/bin/rc3x -x -n -o wires_3D.out wires 

      ********************************************************
      ***                 RAPHAEL RC3 (TM)                 ***
      ***                 Version S-2021.06                ***
      ***             System K (PC: Linux64)               ***
      ***            Copyright (C) 1991 - 2021             ***
      ***                  Synopsys, Inc.                  ***
      ***                                                  ***
      ***  This software and the associated documentation  ***
      ***  are confidential and proprietary to Synopsys,   ***
      ***  Inc.  Your use or disclosure of this software   ***
      ***  is subject to the terms and conditions of a     ***
      ***  written license agreement between you, or your  ***
      ***  company, and Synopsys, Inc.                     ***
      ********************************************************

  1  $pattern raphFiles/DiagUnder6/M1duM2/D0/W0.14/S0.056
  2  
  3  param window_width=20;
  4  param window_thichness=19.056;
  5  param window_length=20;
  6  POLY3D NAME= p1_1;  COORD=   -10.000, 0.000 ;   10.000, 0.000 ;   10.000, 0.250 ;   -10.000, 0.250 ; V1=0,0,0; HEIGHT=20; DIEL=4.1 ;
  7  POLY3D NAME= m1_1;  COORD=   -10.000, 0.250 ;   10.000, 0.250 ;   10.000, 0.300 ;   -10.000, 0.300 ; V1=0,0,0; HEIGHT=20; DIEL=7 ;
  8  POLY3D NAME= m1_2;  COORD=   -10.000, 0.300 ;   10.000, 0.300 ;   10.000, 0.650 ;   -10.000, 0.650 ; V1=0,0,0; HEIGHT=20; DIEL=4.3 ;
  9  POLY3D NAME= m1_3;  COORD=   -10.000, 0.650 ;   10.000, 0.650 ;   10.000, 0.700 ;   -10.000, 0.700 ; V1=0,0,0; HEIGHT=20; DIEL=4.3 ;
 10  POLY3D NAME= m1_4;  COORD=   -10.000, 0.700 ;   10.000, 0.700 ;   10.000, 0.750 ;   -10.000, 0.750 ; V1=0,0,0; HEIGHT=20; DIEL=4.9 ;
 11  POLY3D NAME= m1_5;  COORD=   -10.000, 0.750 ;   10.000, 0.750 ;   10.000, 0.900 ;   -10.000, 0.900 ; V1=0,0,0; HEIGHT=20; DIEL=4.1 ;
 12  POLY3D NAME= m2_1;  COORD=   -10.000, 0.900 ;   10.000, 0.900 ;   10.000, 0.950 ;   -10.000, 0.950 ; V1=0,0,0; HEIGHT=20; DIEL=4.9 ;
 13  POLY3D NAME= m2_2;  COORD=   -10.000, 0.950 ;   10.000, 0.950 ;   10.000, 1.150 ;   -10.000, 1.150 ; V1=0,0,0; HEIGHT=20; DIEL=2.9 ;
 14  POLY3D NAME= m2_3;  COORD=   -10.000, 1.150 ;   10.000, 1.150 ;   10.000, 1.170 ;   -10.000, 1.170 ; V1=0,0,0; HEIGHT=20; DIEL=4.4 ;
 15  POLY3D NAME= m2_4;  COORD=   -10.000, 1.170 ;   10.000, 1.170 ;   10.000, 1.220 ;   -10.000, 1.220 ; V1=0,0,0; HEIGHT=20; DIEL=4.9 ;
 16  POLY3D NAME= m2_5;  COORD=   -10.000, 1.220 ;   10.000, 1.220 ;   10.000, 1.420 ;   -10.000, 1.420 ; V1=0,0,0; HEIGHT=20; DIEL=2.9 ;
 17  POLY3D NAME= m2_6;  COORD=   -10.000, 1.420 ;   10.000, 1.420 ;   10.000, 1.470 ;   -10.000, 1.470 ; V1=0,0,0; HEIGHT=20; DIEL=4.4 ;
 18  POLY3D NAME= m3_1;  COORD=   -10.000, 1.470 ;   10.000, 1.470 ;   10.000, 1.520 ;   -10.000, 1.520 ; V1=0,0,0; HEIGHT=20; DIEL=4.9 ;
 19  POLY3D NAME= m3_2;  COORD=   -10.000, 1.520 ;   10.000, 1.520 ;   10.000, 1.720 ;   -10.000, 1.720 ; V1=0,0,0; HEIGHT=20; DIEL=2.9 ;
 20  POLY3D NAME= m3_3;  COORD=   -10.000, 1.720 ;   10.000, 1.720 ;   10.000, 1.740 ;   -10.000, 1.740 ; V1=0,0,0; HEIGHT=20; DIEL=4.4 ;
 21  POLY3D NAME= m3_4;  COORD=   -10.000, 1.740 ;   10.000, 1.740 ;   10.000, 1.790 ;   -10.000, 1.790 ; V1=0,0,0; HEIGHT=20; DIEL=4.9 ;
 22  POLY3D NAME= m3_5;  COORD=   -10.000, 1.790 ;   10.000, 1.790 ;   10.000, 1.990 ;   -10.000, 1.990 ; V1=0,0,0; HEIGHT=20; DIEL=2.9 ;
 23  POLY3D NAME= m3_6;  COORD=   -10.000, 1.990 ;   10.000, 1.990 ;   10.000, 2.040 ;   -10.000, 2.040 ; V1=0,0,0; HEIGHT=20; DIEL=4.4 ;
 24  POLY3D NAME= m4_1;  COORD=   -10.000, 2.040 ;   10.000, 2.040 ;   10.000, 2.090 ;   -10.000, 2.090 ; V1=0,0,0; HEIGHT=20; DIEL=4.9 ;
 25  POLY3D NAME= m4_2;  COORD=   -10.000, 2.090 ;   10.000, 2.090 ;   10.000, 2.290 ;   -10.000, 2.290 ; V1=0,0,0; HEIGHT=20; DIEL=2.9 ;
 26  POLY3D NAME= m4_3;  COORD=   -10.000, 2.290 ;   10.000, 2.290 ;   10.000, 2.310 ;   -10.000, 2.310 ; V1=0,0,0; HEIGHT=20; DIEL=4.4 ;
 27  POLY3D NAME= m4_4;  COORD=   -10.000, 2.310 ;   10.000, 2.310 ;   10.000, 2.360 ;   -10.000, 2.360 ; V1=0,0,0; HEIGHT=20; DIEL=4.9 ;
 28  POLY3D NAME= m4_5;  COORD=   -10.000, 2.360 ;   10.000, 2.360 ;   10.000, 2.560 ;   -10.000, 2.560 ; V1=0,0,0; HEIGHT=20; DIEL=2.9 ;
 29  POLY3D NAME= m4_6;  COORD=   -10.000, 2.560 ;   10.000, 2.560 ;   10.000, 2.610 ;   -10.000, 2.610 ; V1=0,0,0; HEIGHT=20; DIEL=4.4 ;
 30  POLY3D NAME= m5_1;  COORD=   -10.000, 2.610 ;   10.000, 2.610 ;   10.000, 2.660 ;   -10.000, 2.660 ; V1=0,0,0; HEIGHT=20; DIEL=4.9 ;
 31  POLY3D NAME= m5_2;  COORD=   -10.000, 2.660 ;   10.000, 2.660 ;   10.000, 2.860 ;   -10.000, 2.860 ; V1=0,0,0; HEIGHT=20; DIEL=2.9 ;
 32  POLY3D NAME= m5_3;  COORD=   -10.000, 2.860 ;   10.000, 2.860 ;   10.000, 2.880 ;   -10.000, 2.880 ; V1=0,0,0; HEIGHT=20; DIEL=4.4 ;
 33  POLY3D NAME= m5_4;  COORD=   -10.000, 2.880 ;   10.000, 2.880 ;   10.000, 2.930 ;   -10.000, 2.930 ; V1=0,0,0; HEIGHT=20; DIEL=4.9 ;
 34  POLY3D NAME= m5_5;  COORD=   -10.000, 2.930 ;   10.000, 2.930 ;   10.000, 3.130 ;   -10.000, 3.130 ; V1=0,0,0; HEIGHT=20; DIEL=2.9 ;
 35  POLY3D NAME= m5_6;  COORD=   -10.000, 3.130 ;   10.000, 3.130 ;   10.000, 3.180 ;   -10.000, 3.180 ; V1=0,0,0; HEIGHT=20; DIEL=4.4 ;
 36  POLY3D NAME= m6_1;  COORD=   -10.000, 3.180 ;   10.000, 3.180 ;   10.000, 3.280 ;   -10.000, 3.280 ; V1=0,0,0; HEIGHT=20; DIEL=4.9 ;
 37  POLY3D NAME= m6_2;  COORD=   -10.000, 3.280 ;   10.000, 3.280 ;   10.000, 3.780 ;   -10.000, 3.780 ; V1=0,0,0; HEIGHT=20; DIEL=4.4 ;
 38  POLY3D NAME= m6_3;  COORD=   -10.000, 3.780 ;   10.000, 3.780 ;   10.000, 3.880 ;   -10.000, 3.880 ; V1=0,0,0; HEIGHT=20; DIEL=4.4 ;
 39  POLY3D NAME= m6_4;  COORD=   -10.000, 3.880 ;   10.000, 3.880 ;   10.000, 3.980 ;   -10.000, 3.980 ; V1=0,0,0; HEIGHT=20; DIEL=4.9 ;
 40  POLY3D NAME= m6_5;  COORD=   -10.000, 3.980 ;   10.000, 3.980 ;   10.000, 4.680 ;   -10.000, 4.680 ; V1=0,0,0; HEIGHT=20; DIEL=4.4 ;
 41  POLY3D NAME= m7_1;  COORD=   -10.000, 4.680 ;   10.000, 4.680 ;   10.000, 4.780 ;   -10.000, 4.780 ; V1=0,0,0; HEIGHT=20; DIEL=4.9 ;
 42  POLY3D NAME= m7_2;  COORD=   -10.000, 4.780 ;   10.000, 4.780 ;   10.000, 5.530 ;   -10.000, 5.530 ; V1=0,0,0; HEIGHT=20; DIEL=4.4 ;
 43  POLY3D NAME= m7_3;  COORD=   -10.000, 5.530 ;   10.000, 5.530 ;   10.000, 5.580 ;   -10.000, 5.580 ; V1=0,0,0; HEIGHT=20; DIEL=4.4 ;
 44  POLY3D NAME= m7_4;  COORD=   -10.000, 5.580 ;   10.000, 5.580 ;   10.000, 5.700 ;   -10.000, 5.700 ; V1=0,0,0; HEIGHT=20; DIEL=4.9 ;
 45  POLY3D NAME= m7_5;  COORD=   -10.000, 5.700 ;   10.000, 5.700 ;   10.000, 6.730 ;   -10.000, 6.730 ; V1=0,0,0; HEIGHT=20; DIEL=4.4 ;
 46  POLY3D NAME= m7_2;  COORD=   -10.000, 6.730 ;   10.000, 6.730 ;   10.000, 7.480 ;   -10.000, 7.480 ; V1=0,0,0; HEIGHT=20; DIEL=4.4 ;
 47  POLY3D NAME= m7_3;  COORD=   -10.000, 7.480 ;   10.000, 7.480 ;   10.000, 7.530 ;   -10.000, 7.530 ; V1=0,0,0; HEIGHT=20; DIEL=4.4 ;
 48  POLY3D NAME= m7_4;  COORD=   -10.000, 7.530 ;   10.000, 7.530 ;   10.000, 7.650 ;   -10.000, 7.650 ; V1=0,0,0; HEIGHT=20; DIEL=4.9 ;
 49  POLY3D NAME= m7_5;  COORD=   -10.000, 7.650 ;   10.000, 7.650 ;   10.000, 8.680 ;   -10.000, 8.680 ; V1=0,0,0; HEIGHT=20; DIEL=4.4 ;
 50  POLY3D NAME= air_1; COORD=   -10.000, 8.680 ;   10.000, 8.680 ;   10.000, 8.980 ;   -10.000, 8.980 ; V1=0,0,0; HEIGHT=20; DIEL=6 ;
 51  POLY3D NAME= air_2; COORD=   -10.000, 8.980 ;   10.000, 8.980 ;   10.000,15.880 ;   -10.000,15.880 ; V1=0,0,0; HEIGHT=20; DIEL=2.9 ;
 52  
 53  $ Simulation window
 54  WINDOW3D V1=-0.5*window_width,0,0; V2=0.5*window_width,window_thichness,window_length; DIEL=1.0;
 55  
 56  $ Ground Plane(s)
 57  POLY3D NAME= M0__w0;  COORD=   -10.000,-1.000 ;   10.000,-1.000 ;   10.000, 0.000 ;   -10.000, 0.000 ;  V1=0,0,0; HEIGHT=20; VOLT=0 ;
 58  OPTIONS SET_GRID=1000000;
 59  
 60  $ Layout params w= 0.14 s= 0.056 r= 0
 61  
 62  $ Layout/Eff  0.140  0.140 top_width
 63  $ Layout/Eff  0.140 0.14 bot_width
 64  $ Layout/Eff  0.056  0.056 spacing
 65  $ Layout/Eff  0.650  0.650 height 
 66  $ Layout/Eff  0.250  0.250 thicknes
 67  
 68  POLY3D NAME=M1_w1; COORD=   -0.910, 0.650 ;   -0.770, 0.650 ;   -0.770, 0.900 ;   -0.910, 0.900 ; V1=0,0,9; HEIGHT=2; VOLT=0
 69  POLY3D NAME=M1_w2; COORD=   -0.630, 0.650 ;   -0.490, 0.650 ;   -0.490, 0.900 ;   -0.630, 0.900 ; V1=0,0,9; HEIGHT=2; VOLT=0
 70  POLY3D NAME=M1_w3; COORD=   -0.350, 0.650 ;   -0.210, 0.650 ;   -0.210, 0.900 ;   -0.350, 0.900 ; V1=0,0,9; HEIGHT=2; VOLT=0
 71  POLY3D NAME=M1_w4; COORD=   -0.070, 0.650 ;    0.070, 0.650 ;    0.070, 0.900 ;   -0.070, 0.900 ; V1=0,0,9; HEIGHT=2; VOLT=1
 72  POLY3D NAME=M1_w5; COORD=    0.210, 0.650 ;    0.350, 0.650 ;    0.350, 0.900 ;    0.210, 0.900 ; V1=0,0,9; HEIGHT=2; VOLT=0
 73  POLY3D NAME=M1_w6; COORD=    0.490, 0.650 ;    0.630, 0.650 ;    0.630, 0.900 ;    0.490, 0.900 ; V1=0,0,9; HEIGHT=2; VOLT=0
 74  
 75  POLY3D NAME=M2_w1; COORD=   -0.966, 1.170 ;   -0.826, 1.170 ;   -0.826, 1.470 ;   -0.966, 1.470 ; V1=0,0,9; HEIGHT=2; VOLT=0
 76  POLY3D NAME=M2_w2; COORD=   -0.686, 1.170 ;   -0.546, 1.170 ;   -0.546, 1.470 ;   -0.686, 1.470 ; V1=0,0,9; HEIGHT=2; VOLT=0
 77  POLY3D NAME=M2_w3; COORD=   -0.406, 1.170 ;   -0.266, 1.170 ;   -0.266, 1.470 ;   -0.406, 1.470 ; V1=0,0,9; HEIGHT=2; VOLT=0
 78  POLY3D NAME=M2_w4; COORD=   -0.126, 1.170 ;    0.014, 1.170 ;    0.014, 1.470 ;   -0.126, 1.470 ; V1=0,0,9; HEIGHT=2; VOLT=1
 79  
 80  OPTIONS SET_GRID=1000000;
 81  
 82  CAPACITANCE


 *** CAPACITANCE [Farad] CALCULATION: (C)(V)=(Q)

               M0__w0          M1_w1          M1_w2          M1_w3          M1_w4          M1_w5          M1_w6          M2_w1          M2_w2          M2_w3          M2_w4     
    M0__w0   6.609450e-16  -1.112563e-16  -5.473039e-17  -5.218168e-17  -5.421926e-17  -6.400428e-17  -1.363548e-16  -7.830476e-17  -2.877348e-17  -2.750089e-17  -5.363390e-17 
     M1_w1  -1.110799e-16   4.123679e-16  -2.044480e-16  -7.711881e-18  -1.934785e-18  -7.249657e-19  -6.769381e-19  -6.174924e-17  -2.001269e-17  -2.798770e-18  -1.230315e-18 
     M1_w2  -5.454479e-17  -2.040867e-16   5.319540e-16  -2.001538e-16  -6.776396e-18  -1.646346e-18  -9.281128e-19  -9.806562e-18  -3.373643e-17  -1.789925e-17  -2.380329e-18 
     M1_w3  -5.194932e-17  -7.738407e-18  -2.000748e-16   5.321403e-16  -2.003382e-16  -7.074575e-18  -2.541682e-18  -1.505908e-18  -8.255094e-18  -3.369151e-17  -1.897755e-17 
     M1_w4  -5.419498e-17  -1.968660e-18  -6.772786e-18  -2.002533e-16   5.307250e-16  -2.035578e-16  -1.052497e-17  -7.882071e-19  -1.102758e-18  -8.555548e-18  -4.300870e-17 
     M1_w5  -6.367945e-17  -7.444176e-19  -1.673783e-18  -7.149701e-18  -2.038833e-16   5.234899e-16  -2.153497e-16  -8.330257e-19  -7.456809e-19  -1.922909e-18  -2.750807e-17 
     M1_w6  -1.346085e-16  -5.468204e-19  -7.824145e-19  -2.287155e-18  -1.032378e-17  -2.156163e-16   3.877416e-16  -1.476896e-18  -1.190946e-18  -2.218674e-18  -1.868746e-17 
     M2_w1  -7.760097e-17  -6.213467e-17  -9.754985e-18  -1.452175e-18  -6.832433e-19  -7.157332e-19  -1.435949e-18   3.689753e-16  -1.996736e-16  -9.755010e-18  -5.768148e-18 
     M2_w2  -2.868707e-17  -1.996146e-17  -3.393293e-17  -8.302061e-18  -1.122172e-18  -7.570568e-19  -1.338248e-18  -1.995965e-16   4.969628e-16  -1.938578e-16  -9.410527e-18 
     M2_w3  -2.730307e-17  -2.780050e-18  -1.792242e-17  -3.387271e-17  -8.596337e-18  -1.921888e-18  -2.359031e-18  -9.946507e-18  -1.938556e-16   4.970515e-16  -1.984978e-16 
     M2_w4  -5.316499e-17  -1.214005e-18  -2.403361e-18  -1.907062e-17  -4.331487e-17  -2.761095e-17  -1.887414e-17  -6.000870e-18  -9.356251e-18  -1.989145e-16   3.799195e-16 

regrid   nx   ny   nz     total   iter  lin_tol.   rgd_tol
     0  102  263   36    965736    58 8.687e-05  N.A. 
     1   85  196   59    982940    38 9.421e-05  1.046e+00 % 
regrid tolerance : 1.05e+00 %

regrid   nx   ny   nz     total   iter  lin_tol.   rgd_tol
     0  102  263   36    965736    51 8.958e-05  N.A. 
     1  109  225   40    981000    34 8.223e-05  1.840e+00 % 
regrid tolerance : 1.84e+00 %

regrid   nx   ny   nz     total   iter  lin_tol.   rgd_tol
     0  102  263   36    965736    51 7.958e-05  N.A. 
     1  104  241   39    977496    35 7.999e-05  1.883e+00 % 
regrid tolerance : 1.88e+00 %

regrid   nx   ny   nz     total   iter  lin_tol.   rgd_tol
     0  102  263   36    965736    51 8.197e-05  N.A. 
     1  104  241   39    977496    34 9.512e-05  1.879e+00 % 
regrid tolerance : 1.88e+00 %

regrid   nx   ny   nz     total   iter  lin_tol.   rgd_tol
     0  102  263   36    965736    51 9.892e-05  N.A. 
     1  109  235   38    973370    37 8.637e-05  2.182e+00 % 
regrid tolerance : 2.18e+00 %

regrid   nx   ny   nz     total   iter  lin_tol.   rgd_tol
     0  102  263   36    965736    52 8.413e-05  N.A. 
     1  120  212   39    992160    36 7.899e-05  2.285e+00 % 
regrid tolerance : 2.29e+00 %

regrid   nx   ny   nz     total   iter  lin_tol.   rgd_tol
     0  102  263   36    965736    53 8.677e-05  N.A. 
     1  123  191   42    986706    38 7.914e-05  2.160e+00 % 
regrid tolerance : 2.16e+00 %

regrid   nx   ny   nz     total   iter  lin_tol.   rgd_tol
     0  102  263   36    965736    51 9.933e-05  N.A. 
     1  112  187   47    984368    36 8.856e-05  1.183e+00 % 
regrid tolerance : 1.18e+00 %

regrid   nx   ny   nz     total   iter  lin_tol.   rgd_tol
     0  102  263   36    965736    51 8.272e-05  N.A. 
     1  106  203   46    989828    36 8.277e-05  9.686e-01 % 
regrid tolerance : 9.69e-01 %

regrid   nx   ny   nz     total   iter  lin_tol.   rgd_tol
     0  102  263   36    965736    50 9.757e-05  N.A. 
     1  105  203   46    980490    37 8.316e-05  9.586e-01 % 
regrid tolerance : 9.59e-01 %

regrid   nx   ny   nz     total   iter  lin_tol.   rgd_tol
     0  102  263   36    965736    50 8.751e-05  N.A. 
     1  100  197   50    985000    36 8.374e-05  7.620e-01 % 
regrid tolerance : 7.62e-01 %

 ==> SPICE Models for Total Capacitance (in Farad)

 C_0_0 M0__w0 OTHERS 6.609450e-16
 C_1_1 M1_w1 OTHERS 4.123679e-16
 C_2_2 M1_w2 OTHERS 5.319540e-16
 C_3_3 M1_w3 OTHERS 5.321403e-16
 C_4_4 M1_w4 OTHERS 5.307250e-16
 C_5_5 M1_w5 OTHERS 5.234899e-16
 C_6_6 M1_w6 OTHERS 3.877416e-16
 C_7_7 M2_w1 OTHERS 3.689753e-16
 C_8_8 M2_w2 OTHERS 4.969628e-16
 C_9_9 M2_w3 OTHERS 4.970515e-16
 C_10_10 M2_w4 OTHERS 3.799195e-16

 ==> SPICE Models for Entire Capacitance Matrix (in Farad)

 C_0_1 M0__w0 M1_w1 1.111681e-16
 C_0_2 M0__w0 M1_w2 5.463759e-17
 C_0_3 M0__w0 M1_w3 5.206550e-17
 C_0_4 M0__w0 M1_w4 5.420712e-17
 C_0_5 M0__w0 M1_w5 6.384186e-17
 C_0_6 M0__w0 M1_w6 1.354817e-16
 C_0_7 M0__w0 M2_w1 7.795286e-17
 C_0_8 M0__w0 M2_w2 2.873027e-17
 C_0_9 M0__w0 M2_w3 2.740198e-17
 C_0_10 M0__w0 M2_w4 5.339944e-17
 C_1_2 M1_w1 M1_w2 2.042673e-16
 C_1_3 M1_w1 M1_w3 7.725144e-18
 C_1_4 M1_w1 M1_w4 1.951723e-18
 C_1_5 M1_w1 M1_w5 7.346916e-19
 C_1_6 M1_w1 M1_w6 6.118792e-19
 C_1_7 M1_w1 M2_w1 6.194195e-17
 C_1_8 M1_w1 M2_w2 1.998707e-17
 C_1_9 M1_w1 M2_w3 2.789410e-18
 C_1_10 M1_w1 M2_w4 1.222160e-18
 C_2_3 M1_w2 M1_w3 2.001143e-16
 C_2_4 M1_w2 M1_w4 6.774591e-18
 C_2_5 M1_w2 M1_w5 1.660065e-18
 C_2_6 M1_w2 M1_w6 8.552637e-19
 C_2_7 M1_w2 M2_w1 9.780774e-18
 C_2_8 M1_w2 M2_w2 3.383468e-17
 C_2_9 M1_w2 M2_w3 1.791083e-17
 C_2_10 M1_w2 M2_w4 2.391845e-18
 C_3_4 M1_w3 M1_w4 2.002957e-16
 C_3_5 M1_w3 M1_w5 7.112138e-18
 C_3_6 M1_w3 M1_w6 2.414419e-18
 C_3_7 M1_w3 M2_w1 1.479042e-18
 C_3_8 M1_w3 M2_w2 8.278577e-18
 C_3_9 M1_w3 M2_w3 3.378211e-17
 C_3_10 M1_w3 M2_w4 1.902409e-17
 C_4_5 M1_w4 M1_w5 2.037206e-16
 C_4_6 M1_w4 M1_w6 1.042438e-17
 C_4_7 M1_w4 M2_w1 7.357252e-19
 C_4_8 M1_w4 M2_w2 1.112465e-18
 C_4_9 M1_w4 M2_w3 8.575943e-18
 C_4_10 M1_w4 M2_w4 4.316179e-17
 C_5_6 M1_w5 M1_w6 2.154830e-16
 C_5_7 M1_w5 M2_w1 7.743794e-19
 C_5_8 M1_w5 M2_w2 7.513688e-19
 C_5_9 M1_w5 M2_w3 1.922398e-18
 C_5_10 M1_w5 M2_w4 2.755951e-17
 C_6_7 M1_w6 M2_w1 1.456423e-18
 C_6_8 M1_w6 M2_w2 1.264597e-18
 C_6_9 M1_w6 M2_w3 2.288853e-18
 C_6_10 M1_w6 M2_w4 1.878080e-17
 C_7_8 M2_w1 M2_w2 1.996351e-16
 C_7_9 M2_w1 M2_w3 9.850758e-18
 C_7_10 M2_w1 M2_w4 5.884509e-18
 C_8_9 M2_w2 M2_w3 1.938567e-16
 C_8_10 M2_w2 M2_w4 9.383389e-18
 C_9_10 M2_w3 M2_w4 1.987062e-16

