/import/programs/synopsys/raphael/S-2021.06/raphael_2021.06.0/linux64/bin/rc3x -n -x -o wires_3D.out wires 

      ********************************************************
      ***                 RAPHAEL RC3 (TM)                 ***
      ***                 Version S-2021.06                ***
      ***             System K (PC: Linux64)               ***
      ***            Copyright (C) 1991 - 2021             ***
      ***                  Synopsys, Inc.                  ***
      ***                                                  ***
      ***  This software and the associated documentation  ***
      ***  are confidential and proprietary to Synopsys,   ***
      ***  Inc.  Your use or disclosure of this software   ***
      ***  is subject to the terms and conditions of a     ***
      ***  written license agreement between you, or your  ***
      ***  company, and Synopsys, Inc.                     ***
      ********************************************************

  1  $pattern raphFiles3D/OverUnder6/M2oM1uM3/D0/W0.14/S0.21
  2  
  3  param window_width=20;
  4  param window_thichness=19.056;
  5  param window_length=20;
  6  POLY3D NAME= p1_1;  COORD=   -10.000, 0.000 ;   10.000, 0.000 ;   10.000, 0.250 ;   -10.000, 0.250 ; V1=0,0,0; HEIGHT=20; DIEL=4.1 ;
  7  POLY3D NAME= m1_1;  COORD=   -10.000, 0.250 ;   10.000, 0.250 ;   10.000, 0.300 ;   -10.000, 0.300 ; V1=0,0,0; HEIGHT=20; DIEL=7 ;
  8  POLY3D NAME= m1_2;  COORD=   -10.000, 0.300 ;   10.000, 0.300 ;   10.000, 0.650 ;   -10.000, 0.650 ; V1=0,0,0; HEIGHT=20; DIEL=4.3 ;
  9  POLY3D NAME= m1_3;  COORD=   -10.000, 0.650 ;   10.000, 0.650 ;   10.000, 0.700 ;   -10.000, 0.700 ; V1=0,0,0; HEIGHT=20; DIEL=4.3 ;
 10  POLY3D NAME= m1_4;  COORD=   -10.000, 0.700 ;   10.000, 0.700 ;   10.000, 0.750 ;   -10.000, 0.750 ; V1=0,0,0; HEIGHT=20; DIEL=4.9 ;
 11  POLY3D NAME= m1_5;  COORD=   -10.000, 0.750 ;   10.000, 0.750 ;   10.000, 0.900 ;   -10.000, 0.900 ; V1=0,0,0; HEIGHT=20; DIEL=4.1 ;
 12  POLY3D NAME= m2_1;  COORD=   -10.000, 0.900 ;   10.000, 0.900 ;   10.000, 0.950 ;   -10.000, 0.950 ; V1=0,0,0; HEIGHT=20; DIEL=4.9 ;
 13  POLY3D NAME= m2_2;  COORD=   -10.000, 0.950 ;   10.000, 0.950 ;   10.000, 1.150 ;   -10.000, 1.150 ; V1=0,0,0; HEIGHT=20; DIEL=2.9 ;
 14  POLY3D NAME= m2_3;  COORD=   -10.000, 1.150 ;   10.000, 1.150 ;   10.000, 1.170 ;   -10.000, 1.170 ; V1=0,0,0; HEIGHT=20; DIEL=4.4 ;
 15  POLY3D NAME= m2_4;  COORD=   -10.000, 1.170 ;   10.000, 1.170 ;   10.000, 1.220 ;   -10.000, 1.220 ; V1=0,0,0; HEIGHT=20; DIEL=4.9 ;
 16  POLY3D NAME= m2_5;  COORD=   -10.000, 1.220 ;   10.000, 1.220 ;   10.000, 1.420 ;   -10.000, 1.420 ; V1=0,0,0; HEIGHT=20; DIEL=2.9 ;
 17  POLY3D NAME= m2_6;  COORD=   -10.000, 1.420 ;   10.000, 1.420 ;   10.000, 1.470 ;   -10.000, 1.470 ; V1=0,0,0; HEIGHT=20; DIEL=4.4 ;
 18  POLY3D NAME= m3_1;  COORD=   -10.000, 1.470 ;   10.000, 1.470 ;   10.000, 1.520 ;   -10.000, 1.520 ; V1=0,0,0; HEIGHT=20; DIEL=4.9 ;
 19  POLY3D NAME= m3_2;  COORD=   -10.000, 1.520 ;   10.000, 1.520 ;   10.000, 1.720 ;   -10.000, 1.720 ; V1=0,0,0; HEIGHT=20; DIEL=2.9 ;
 20  POLY3D NAME= m3_3;  COORD=   -10.000, 1.720 ;   10.000, 1.720 ;   10.000, 1.740 ;   -10.000, 1.740 ; V1=0,0,0; HEIGHT=20; DIEL=4.4 ;
 21  POLY3D NAME= m3_4;  COORD=   -10.000, 1.740 ;   10.000, 1.740 ;   10.000, 1.790 ;   -10.000, 1.790 ; V1=0,0,0; HEIGHT=20; DIEL=4.9 ;
 22  POLY3D NAME= m3_5;  COORD=   -10.000, 1.790 ;   10.000, 1.790 ;   10.000, 1.990 ;   -10.000, 1.990 ; V1=0,0,0; HEIGHT=20; DIEL=2.9 ;
 23  POLY3D NAME= m3_6;  COORD=   -10.000, 1.990 ;   10.000, 1.990 ;   10.000, 2.040 ;   -10.000, 2.040 ; V1=0,0,0; HEIGHT=20; DIEL=4.4 ;
 24  POLY3D NAME= m4_1;  COORD=   -10.000, 2.040 ;   10.000, 2.040 ;   10.000, 2.090 ;   -10.000, 2.090 ; V1=0,0,0; HEIGHT=20; DIEL=4.9 ;
 25  POLY3D NAME= m4_2;  COORD=   -10.000, 2.090 ;   10.000, 2.090 ;   10.000, 2.290 ;   -10.000, 2.290 ; V1=0,0,0; HEIGHT=20; DIEL=2.9 ;
 26  POLY3D NAME= m4_3;  COORD=   -10.000, 2.290 ;   10.000, 2.290 ;   10.000, 2.310 ;   -10.000, 2.310 ; V1=0,0,0; HEIGHT=20; DIEL=4.4 ;
 27  POLY3D NAME= m4_4;  COORD=   -10.000, 2.310 ;   10.000, 2.310 ;   10.000, 2.360 ;   -10.000, 2.360 ; V1=0,0,0; HEIGHT=20; DIEL=4.9 ;
 28  POLY3D NAME= m4_5;  COORD=   -10.000, 2.360 ;   10.000, 2.360 ;   10.000, 2.560 ;   -10.000, 2.560 ; V1=0,0,0; HEIGHT=20; DIEL=2.9 ;
 29  POLY3D NAME= m4_6;  COORD=   -10.000, 2.560 ;   10.000, 2.560 ;   10.000, 2.610 ;   -10.000, 2.610 ; V1=0,0,0; HEIGHT=20; DIEL=4.4 ;
 30  POLY3D NAME= m5_1;  COORD=   -10.000, 2.610 ;   10.000, 2.610 ;   10.000, 2.660 ;   -10.000, 2.660 ; V1=0,0,0; HEIGHT=20; DIEL=4.9 ;
 31  POLY3D NAME= m5_2;  COORD=   -10.000, 2.660 ;   10.000, 2.660 ;   10.000, 2.860 ;   -10.000, 2.860 ; V1=0,0,0; HEIGHT=20; DIEL=2.9 ;
 32  POLY3D NAME= m5_3;  COORD=   -10.000, 2.860 ;   10.000, 2.860 ;   10.000, 2.880 ;   -10.000, 2.880 ; V1=0,0,0; HEIGHT=20; DIEL=4.4 ;
 33  POLY3D NAME= m5_4;  COORD=   -10.000, 2.880 ;   10.000, 2.880 ;   10.000, 2.930 ;   -10.000, 2.930 ; V1=0,0,0; HEIGHT=20; DIEL=4.9 ;
 34  POLY3D NAME= m5_5;  COORD=   -10.000, 2.930 ;   10.000, 2.930 ;   10.000, 3.130 ;   -10.000, 3.130 ; V1=0,0,0; HEIGHT=20; DIEL=2.9 ;
 35  POLY3D NAME= m5_6;  COORD=   -10.000, 3.130 ;   10.000, 3.130 ;   10.000, 3.180 ;   -10.000, 3.180 ; V1=0,0,0; HEIGHT=20; DIEL=4.4 ;
 36  POLY3D NAME= m6_1;  COORD=   -10.000, 3.180 ;   10.000, 3.180 ;   10.000, 3.280 ;   -10.000, 3.280 ; V1=0,0,0; HEIGHT=20; DIEL=4.9 ;
 37  POLY3D NAME= m6_2;  COORD=   -10.000, 3.280 ;   10.000, 3.280 ;   10.000, 3.780 ;   -10.000, 3.780 ; V1=0,0,0; HEIGHT=20; DIEL=4.4 ;
 38  POLY3D NAME= m6_3;  COORD=   -10.000, 3.780 ;   10.000, 3.780 ;   10.000, 3.880 ;   -10.000, 3.880 ; V1=0,0,0; HEIGHT=20; DIEL=4.4 ;
 39  POLY3D NAME= m6_4;  COORD=   -10.000, 3.880 ;   10.000, 3.880 ;   10.000, 3.980 ;   -10.000, 3.980 ; V1=0,0,0; HEIGHT=20; DIEL=4.9 ;
 40  POLY3D NAME= m6_5;  COORD=   -10.000, 3.980 ;   10.000, 3.980 ;   10.000, 4.680 ;   -10.000, 4.680 ; V1=0,0,0; HEIGHT=20; DIEL=4.4 ;
 41  POLY3D NAME= m7_1;  COORD=   -10.000, 4.680 ;   10.000, 4.680 ;   10.000, 4.780 ;   -10.000, 4.780 ; V1=0,0,0; HEIGHT=20; DIEL=4.9 ;
 42  POLY3D NAME= m7_2;  COORD=   -10.000, 4.780 ;   10.000, 4.780 ;   10.000, 5.530 ;   -10.000, 5.530 ; V1=0,0,0; HEIGHT=20; DIEL=4.4 ;
 43  POLY3D NAME= m7_3;  COORD=   -10.000, 5.530 ;   10.000, 5.530 ;   10.000, 5.580 ;   -10.000, 5.580 ; V1=0,0,0; HEIGHT=20; DIEL=4.4 ;
 44  POLY3D NAME= m7_4;  COORD=   -10.000, 5.580 ;   10.000, 5.580 ;   10.000, 5.700 ;   -10.000, 5.700 ; V1=0,0,0; HEIGHT=20; DIEL=4.9 ;
 45  POLY3D NAME= m7_5;  COORD=   -10.000, 5.700 ;   10.000, 5.700 ;   10.000, 6.730 ;   -10.000, 6.730 ; V1=0,0,0; HEIGHT=20; DIEL=4.4 ;
 46  POLY3D NAME= m7_2;  COORD=   -10.000, 6.730 ;   10.000, 6.730 ;   10.000, 7.480 ;   -10.000, 7.480 ; V1=0,0,0; HEIGHT=20; DIEL=4.4 ;
 47  POLY3D NAME= m7_3;  COORD=   -10.000, 7.480 ;   10.000, 7.480 ;   10.000, 7.530 ;   -10.000, 7.530 ; V1=0,0,0; HEIGHT=20; DIEL=4.4 ;
 48  POLY3D NAME= m7_4;  COORD=   -10.000, 7.530 ;   10.000, 7.530 ;   10.000, 7.650 ;   -10.000, 7.650 ; V1=0,0,0; HEIGHT=20; DIEL=4.9 ;
 49  POLY3D NAME= m7_5;  COORD=   -10.000, 7.650 ;   10.000, 7.650 ;   10.000, 8.680 ;   -10.000, 8.680 ; V1=0,0,0; HEIGHT=20; DIEL=4.4 ;
 50  POLY3D NAME= air_1; COORD=   -10.000, 8.680 ;   10.000, 8.680 ;   10.000, 8.980 ;   -10.000, 8.980 ; V1=0,0,0; HEIGHT=20; DIEL=6 ;
 51  POLY3D NAME= air_2; COORD=   -10.000, 8.980 ;   10.000, 8.980 ;   10.000,15.880 ;   -10.000,15.880 ; V1=0,0,0; HEIGHT=20; DIEL=2.9 ;
 52  
 53  $ Simulation window
 54  WINDOW3D V1=-0.5*window_width,0,0; V2=0.5*window_width,window_thichness,window_length; DIEL=1.0;
 55  
 56  $ Ground Plane(s)
 57  POLY3D NAME= M1__w0;  COORD=   -10.000, 0.650 ;   10.000, 0.650 ;   10.000, 0.900 ;   -10.000, 0.900 ;  V1=0,0,0; HEIGHT=20; VOLT=0 ;
 58  OPTIONS SET_GRID=1000000;
 59  
 60  POLY3D NAME= M3__w0;  COORD=   -10.000, 1.740 ;   10.000, 1.740 ;   10.000, 2.0400 ;   -10.000, 2.040 ;  V1=0,0,0; HEIGHT=20; VOLT=0 ;
 61  OPTIONS SET_GRID=1000000;
 62  
 63  $ Layout params w= 0.14 s= 0.21 r= 0
 64  
 65  $ Layout/Eff  0.140  0.140 top_width
 66  $ Layout/Eff  0.140 0.14 bot_width
 67  $ Layout/Eff  0.210  0.210 spacing
 68  $ Layout/Eff  1.170  1.170 height 
 69  $ Layout/Eff  0.300  0.300 thicknes
 70  
 71  POLY3D NAME=M2_w1; COORD=   -0.980, 1.170 ;   -0.840, 1.170 ;   -0.840, 1.470 ;   -0.980, 1.470 ; V1=0,0,10; HEIGHT=2; VOLT=0
 72  POLY3D NAME=M2_w2; COORD=   -0.700, 1.170 ;   -0.560, 1.170 ;   -0.560, 1.470 ;   -0.700, 1.470 ; V1=0,0,10; HEIGHT=2; VOLT=0
 73  POLY3D NAME=M2_w3; COORD=   -0.420, 1.170 ;   -0.280, 1.170 ;   -0.280, 1.470 ;   -0.420, 1.470 ; V1=0,0,10; HEIGHT=2; VOLT=0
 74  POLY3D NAME=M2_w4; COORD=   -0.070, 1.170 ;    0.070, 1.170 ;    0.070, 1.470 ;   -0.070, 1.470 ; V1=0,0,10; HEIGHT=2; VOLT=1
 75  POLY3D NAME=M2_w5; COORD=    0.280, 1.170 ;    0.420, 1.170 ;    0.420, 1.470 ;    0.280, 1.470 ; V1=0,0,10; HEIGHT=2; VOLT=0
 76  POLY3D NAME=M2_w6; COORD=    0.560, 1.170 ;    0.700, 1.170 ;    0.700, 1.470 ;    0.560, 1.470 ;  V1=0,0,10; HEIGHT=2; VOLT=0
 77  
 78  OPTIONS SET_GRID=1000000;
 79  
 80  CAPACITANCE


 *** CAPACITANCE [Farad] CALCULATION: (C)(V)=(Q)

               M1__w0         M3__w0          M2_w1          M2_w2          M2_w3          M2_w4          M2_w5          M2_w6     
    M1__w0   1.409637e-14  -1.354373e-14  -1.161657e-16  -7.286343e-17  -7.950976e-17  -8.769404e-17  -8.026164e-17  -1.161497e-16 
    M3__w0  -1.354394e-14   1.409919e-14  -1.169618e-16  -7.296096e-17  -7.987777e-17  -8.796920e-17  -8.054707e-17  -1.169341e-16 
     M2_w1  -1.148464e-16  -1.156033e-16   4.157294e-16  -1.828824e-16  -2.232765e-18  -1.578430e-19  -1.752098e-20  -3.178583e-21 
     M2_w2  -7.259452e-17  -7.283619e-17  -1.827015e-16   5.122710e-16  -1.824272e-16  -1.618645e-18  -9.271961e-20  -1.349707e-20 
     M2_w3  -7.941936e-17  -7.964286e-17  -2.231663e-18  -1.823768e-16   4.637137e-16  -1.187030e-16  -1.244655e-18  -1.002847e-19 
     M2_w4  -8.652171e-17  -8.674616e-17  -1.546940e-19  -1.627035e-18  -1.186385e-16   4.139988e-16  -1.186746e-16  -1.646885e-18 
     M2_w5  -7.992639e-17  -8.018350e-17  -1.743105e-20  -9.511412e-20  -1.216364e-18  -1.187487e-16   4.632781e-16  -1.831086e-16 
     M2_w6  -1.149191e-16  -1.156907e-16  -3.317682e-21  -1.447423e-20  -1.008035e-19  -1.681707e-18  -1.833490e-16   4.157378e-16 

regrid   nx   ny   nz     total   iter  lin_tol.   rgd_tol
     0   86  283   40    973520    24 8.307e-05  N.A. 
     1   58  452   37    969992    40 8.205e-05  3.596e-01 % 
regrid tolerance : 3.60e-01 %

regrid   nx   ny   nz     total   iter  lin_tol.   rgd_tol
     0   86  283   40    973520    40 8.991e-05  N.A. 
     1   57  459   37    968031    56 9.395e-05  3.594e-01 % 
regrid tolerance : 3.59e-01 %

regrid   nx   ny   nz     total   iter  lin_tol.   rgd_tol
     0   86  283   40    973520    20 9.113e-05  N.A. 
     1  119  236   35    982940    42 9.767e-05  1.701e+00 % 
regrid tolerance : 1.70e+00 %

regrid   nx   ny   nz     total   iter  lin_tol.   rgd_tol
     0   86  283   40    973520    20 7.146e-05  N.A. 
     1  122  234   34    970632    42 8.021e-05  1.727e+00 % 
regrid tolerance : 1.73e+00 %

regrid   nx   ny   nz     total   iter  lin_tol.   rgd_tol
     0   86  283   40    973520    20 7.282e-05  N.A. 
     1  119  235   35    978775    40 8.904e-05  1.474e+00 % 
regrid tolerance : 1.47e+00 %

regrid   nx   ny   nz     total   iter  lin_tol.   rgd_tol
     0   86  283   40    973520    19 9.423e-05  N.A. 
     1  117  237   35    970515    40 8.259e-05  1.395e+00 % 
regrid tolerance : 1.40e+00 %

regrid   nx   ny   nz     total   iter  lin_tol.   rgd_tol
     0   86  283   40    973520    20 7.143e-05  N.A. 
     1  120  235   35    987000    40 9.987e-05  1.563e+00 % 
regrid tolerance : 1.56e+00 %

regrid   nx   ny   nz     total   iter  lin_tol.   rgd_tol
     0   86  283   40    973520    19 9.961e-05  N.A. 
     1  119  236   35    982940    40 9.087e-05  1.701e+00 % 
regrid tolerance : 1.70e+00 %

 ==> SPICE Models for Total Capacitance (in Farad)

 C_0_0 M1__w0 OTHERS 1.409637e-14
 C_1_1 M3__w0 OTHERS 1.409919e-14
 C_2_2 M2_w1 OTHERS 4.157294e-16
 C_3_3 M2_w2 OTHERS 5.122710e-16
 C_4_4 M2_w3 OTHERS 4.637137e-16
 C_5_5 M2_w4 OTHERS 4.139988e-16
 C_6_6 M2_w5 OTHERS 4.632781e-16
 C_7_7 M2_w6 OTHERS 4.157378e-16

 ==> SPICE Models for Entire Capacitance Matrix (in Farad)

 C_0_1 M1__w0 M3__w0 1.354383e-14
 C_0_2 M1__w0 M2_w1 1.155060e-16
 C_0_3 M1__w0 M2_w2 7.272898e-17
 C_0_4 M1__w0 M2_w3 7.946456e-17
 C_0_5 M1__w0 M2_w4 8.710787e-17
 C_0_6 M1__w0 M2_w5 8.009402e-17
 C_0_7 M1__w0 M2_w6 1.155344e-16
 C_1_2 M3__w0 M2_w1 1.162825e-16
 C_1_3 M3__w0 M2_w2 7.289858e-17
 C_1_4 M3__w0 M2_w3 7.976032e-17
 C_1_5 M3__w0 M2_w4 8.735768e-17
 C_1_6 M3__w0 M2_w5 8.036528e-17
 C_1_7 M3__w0 M2_w6 1.163124e-16
 C_2_3 M2_w1 M2_w2 1.827920e-16
 C_2_4 M2_w1 M2_w3 2.232214e-18
 C_2_5 M2_w1 M2_w4 1.562685e-19
 C_2_6 M2_w1 M2_w5 1.747601e-20
 C_2_7 M2_w1 M2_w6 3.248132e-21
 C_3_4 M2_w2 M2_w3 1.824020e-16
 C_3_5 M2_w2 M2_w4 1.622840e-18
 C_3_6 M2_w2 M2_w5 9.391687e-20
 C_3_7 M2_w2 M2_w6 1.398565e-20
 C_4_5 M2_w3 M2_w4 1.186707e-16
 C_4_6 M2_w3 M2_w5 1.230509e-18
 C_4_7 M2_w3 M2_w6 1.005441e-19
 C_5_6 M2_w4 M2_w5 1.187116e-16
 C_5_7 M2_w4 M2_w6 1.664296e-18
 C_6_7 M2_w5 M2_w6 1.832288e-16

