/import/programs/synopsys/raphael/S-2021.06/raphael_2021.06.0/linux64/bin/rc3x -n -x -o wires_3D.out wires 

      ********************************************************
      ***                 RAPHAEL RC3 (TM)                 ***
      ***                 Version S-2021.06                ***
      ***             System K (PC: Linux64)               ***
      ***            Copyright (C) 1991 - 2021             ***
      ***                  Synopsys, Inc.                  ***
      ***                                                  ***
      ***  This software and the associated documentation  ***
      ***  are confidential and proprietary to Synopsys,   ***
      ***  Inc.  Your use or disclosure of this software   ***
      ***  is subject to the terms and conditions of a     ***
      ***  written license agreement between you, or your  ***
      ***  company, and Synopsys, Inc.                     ***
      ********************************************************

  1  $pattern raphFiles3D/Under6/M1uM2/D0/W0.14/S0.7
  2  
  3  param window_width=20;
  4  param window_thichness=19.056;
  5  param window_length=20;
  6  POLY3D NAME= p1_1;  COORD=   -10.000, 0.000 ;   10.000, 0.000 ;   10.000, 0.250 ;   -10.000, 0.250 ; V1=0,0,0; HEIGHT=20; DIEL=4.1 ;
  7  POLY3D NAME= m1_1;  COORD=   -10.000, 0.250 ;   10.000, 0.250 ;   10.000, 0.300 ;   -10.000, 0.300 ; V1=0,0,0; HEIGHT=20; DIEL=7 ;
  8  POLY3D NAME= m1_2;  COORD=   -10.000, 0.300 ;   10.000, 0.300 ;   10.000, 0.650 ;   -10.000, 0.650 ; V1=0,0,0; HEIGHT=20; DIEL=4.3 ;
  9  POLY3D NAME= m1_3;  COORD=   -10.000, 0.650 ;   10.000, 0.650 ;   10.000, 0.700 ;   -10.000, 0.700 ; V1=0,0,0; HEIGHT=20; DIEL=4.3 ;
 10  POLY3D NAME= m1_4;  COORD=   -10.000, 0.700 ;   10.000, 0.700 ;   10.000, 0.750 ;   -10.000, 0.750 ; V1=0,0,0; HEIGHT=20; DIEL=4.9 ;
 11  POLY3D NAME= m1_5;  COORD=   -10.000, 0.750 ;   10.000, 0.750 ;   10.000, 0.900 ;   -10.000, 0.900 ; V1=0,0,0; HEIGHT=20; DIEL=4.1 ;
 12  POLY3D NAME= m2_1;  COORD=   -10.000, 0.900 ;   10.000, 0.900 ;   10.000, 0.950 ;   -10.000, 0.950 ; V1=0,0,0; HEIGHT=20; DIEL=4.9 ;
 13  POLY3D NAME= m2_2;  COORD=   -10.000, 0.950 ;   10.000, 0.950 ;   10.000, 1.150 ;   -10.000, 1.150 ; V1=0,0,0; HEIGHT=20; DIEL=2.9 ;
 14  POLY3D NAME= m2_3;  COORD=   -10.000, 1.150 ;   10.000, 1.150 ;   10.000, 1.170 ;   -10.000, 1.170 ; V1=0,0,0; HEIGHT=20; DIEL=4.4 ;
 15  POLY3D NAME= m2_4;  COORD=   -10.000, 1.170 ;   10.000, 1.170 ;   10.000, 1.220 ;   -10.000, 1.220 ; V1=0,0,0; HEIGHT=20; DIEL=4.9 ;
 16  POLY3D NAME= m2_5;  COORD=   -10.000, 1.220 ;   10.000, 1.220 ;   10.000, 1.420 ;   -10.000, 1.420 ; V1=0,0,0; HEIGHT=20; DIEL=2.9 ;
 17  POLY3D NAME= m2_6;  COORD=   -10.000, 1.420 ;   10.000, 1.420 ;   10.000, 1.470 ;   -10.000, 1.470 ; V1=0,0,0; HEIGHT=20; DIEL=4.4 ;
 18  POLY3D NAME= m3_1;  COORD=   -10.000, 1.470 ;   10.000, 1.470 ;   10.000, 1.520 ;   -10.000, 1.520 ; V1=0,0,0; HEIGHT=20; DIEL=4.9 ;
 19  POLY3D NAME= m3_2;  COORD=   -10.000, 1.520 ;   10.000, 1.520 ;   10.000, 1.720 ;   -10.000, 1.720 ; V1=0,0,0; HEIGHT=20; DIEL=2.9 ;
 20  POLY3D NAME= m3_3;  COORD=   -10.000, 1.720 ;   10.000, 1.720 ;   10.000, 1.740 ;   -10.000, 1.740 ; V1=0,0,0; HEIGHT=20; DIEL=4.4 ;
 21  POLY3D NAME= m3_4;  COORD=   -10.000, 1.740 ;   10.000, 1.740 ;   10.000, 1.790 ;   -10.000, 1.790 ; V1=0,0,0; HEIGHT=20; DIEL=4.9 ;
 22  POLY3D NAME= m3_5;  COORD=   -10.000, 1.790 ;   10.000, 1.790 ;   10.000, 1.990 ;   -10.000, 1.990 ; V1=0,0,0; HEIGHT=20; DIEL=2.9 ;
 23  POLY3D NAME= m3_6;  COORD=   -10.000, 1.990 ;   10.000, 1.990 ;   10.000, 2.040 ;   -10.000, 2.040 ; V1=0,0,0; HEIGHT=20; DIEL=4.4 ;
 24  POLY3D NAME= m4_1;  COORD=   -10.000, 2.040 ;   10.000, 2.040 ;   10.000, 2.090 ;   -10.000, 2.090 ; V1=0,0,0; HEIGHT=20; DIEL=4.9 ;
 25  POLY3D NAME= m4_2;  COORD=   -10.000, 2.090 ;   10.000, 2.090 ;   10.000, 2.290 ;   -10.000, 2.290 ; V1=0,0,0; HEIGHT=20; DIEL=2.9 ;
 26  POLY3D NAME= m4_3;  COORD=   -10.000, 2.290 ;   10.000, 2.290 ;   10.000, 2.310 ;   -10.000, 2.310 ; V1=0,0,0; HEIGHT=20; DIEL=4.4 ;
 27  POLY3D NAME= m4_4;  COORD=   -10.000, 2.310 ;   10.000, 2.310 ;   10.000, 2.360 ;   -10.000, 2.360 ; V1=0,0,0; HEIGHT=20; DIEL=4.9 ;
 28  POLY3D NAME= m4_5;  COORD=   -10.000, 2.360 ;   10.000, 2.360 ;   10.000, 2.560 ;   -10.000, 2.560 ; V1=0,0,0; HEIGHT=20; DIEL=2.9 ;
 29  POLY3D NAME= m4_6;  COORD=   -10.000, 2.560 ;   10.000, 2.560 ;   10.000, 2.610 ;   -10.000, 2.610 ; V1=0,0,0; HEIGHT=20; DIEL=4.4 ;
 30  POLY3D NAME= m5_1;  COORD=   -10.000, 2.610 ;   10.000, 2.610 ;   10.000, 2.660 ;   -10.000, 2.660 ; V1=0,0,0; HEIGHT=20; DIEL=4.9 ;
 31  POLY3D NAME= m5_2;  COORD=   -10.000, 2.660 ;   10.000, 2.660 ;   10.000, 2.860 ;   -10.000, 2.860 ; V1=0,0,0; HEIGHT=20; DIEL=2.9 ;
 32  POLY3D NAME= m5_3;  COORD=   -10.000, 2.860 ;   10.000, 2.860 ;   10.000, 2.880 ;   -10.000, 2.880 ; V1=0,0,0; HEIGHT=20; DIEL=4.4 ;
 33  POLY3D NAME= m5_4;  COORD=   -10.000, 2.880 ;   10.000, 2.880 ;   10.000, 2.930 ;   -10.000, 2.930 ; V1=0,0,0; HEIGHT=20; DIEL=4.9 ;
 34  POLY3D NAME= m5_5;  COORD=   -10.000, 2.930 ;   10.000, 2.930 ;   10.000, 3.130 ;   -10.000, 3.130 ; V1=0,0,0; HEIGHT=20; DIEL=2.9 ;
 35  POLY3D NAME= m5_6;  COORD=   -10.000, 3.130 ;   10.000, 3.130 ;   10.000, 3.180 ;   -10.000, 3.180 ; V1=0,0,0; HEIGHT=20; DIEL=4.4 ;
 36  POLY3D NAME= m6_1;  COORD=   -10.000, 3.180 ;   10.000, 3.180 ;   10.000, 3.280 ;   -10.000, 3.280 ; V1=0,0,0; HEIGHT=20; DIEL=4.9 ;
 37  POLY3D NAME= m6_2;  COORD=   -10.000, 3.280 ;   10.000, 3.280 ;   10.000, 3.780 ;   -10.000, 3.780 ; V1=0,0,0; HEIGHT=20; DIEL=4.4 ;
 38  POLY3D NAME= m6_3;  COORD=   -10.000, 3.780 ;   10.000, 3.780 ;   10.000, 3.880 ;   -10.000, 3.880 ; V1=0,0,0; HEIGHT=20; DIEL=4.4 ;
 39  POLY3D NAME= m6_4;  COORD=   -10.000, 3.880 ;   10.000, 3.880 ;   10.000, 3.980 ;   -10.000, 3.980 ; V1=0,0,0; HEIGHT=20; DIEL=4.9 ;
 40  POLY3D NAME= m6_5;  COORD=   -10.000, 3.980 ;   10.000, 3.980 ;   10.000, 4.680 ;   -10.000, 4.680 ; V1=0,0,0; HEIGHT=20; DIEL=4.4 ;
 41  POLY3D NAME= m7_1;  COORD=   -10.000, 4.680 ;   10.000, 4.680 ;   10.000, 4.780 ;   -10.000, 4.780 ; V1=0,0,0; HEIGHT=20; DIEL=4.9 ;
 42  POLY3D NAME= m7_2;  COORD=   -10.000, 4.780 ;   10.000, 4.780 ;   10.000, 5.530 ;   -10.000, 5.530 ; V1=0,0,0; HEIGHT=20; DIEL=4.4 ;
 43  POLY3D NAME= m7_3;  COORD=   -10.000, 5.530 ;   10.000, 5.530 ;   10.000, 5.580 ;   -10.000, 5.580 ; V1=0,0,0; HEIGHT=20; DIEL=4.4 ;
 44  POLY3D NAME= m7_4;  COORD=   -10.000, 5.580 ;   10.000, 5.580 ;   10.000, 5.700 ;   -10.000, 5.700 ; V1=0,0,0; HEIGHT=20; DIEL=4.9 ;
 45  POLY3D NAME= m7_5;  COORD=   -10.000, 5.700 ;   10.000, 5.700 ;   10.000, 6.730 ;   -10.000, 6.730 ; V1=0,0,0; HEIGHT=20; DIEL=4.4 ;
 46  POLY3D NAME= m7_2;  COORD=   -10.000, 6.730 ;   10.000, 6.730 ;   10.000, 7.480 ;   -10.000, 7.480 ; V1=0,0,0; HEIGHT=20; DIEL=4.4 ;
 47  POLY3D NAME= m7_3;  COORD=   -10.000, 7.480 ;   10.000, 7.480 ;   10.000, 7.530 ;   -10.000, 7.530 ; V1=0,0,0; HEIGHT=20; DIEL=4.4 ;
 48  POLY3D NAME= m7_4;  COORD=   -10.000, 7.530 ;   10.000, 7.530 ;   10.000, 7.650 ;   -10.000, 7.650 ; V1=0,0,0; HEIGHT=20; DIEL=4.9 ;
 49  POLY3D NAME= m7_5;  COORD=   -10.000, 7.650 ;   10.000, 7.650 ;   10.000, 8.680 ;   -10.000, 8.680 ; V1=0,0,0; HEIGHT=20; DIEL=4.4 ;
 50  POLY3D NAME= air_1; COORD=   -10.000, 8.680 ;   10.000, 8.680 ;   10.000, 8.980 ;   -10.000, 8.980 ; V1=0,0,0; HEIGHT=20; DIEL=6 ;
 51  POLY3D NAME= air_2; COORD=   -10.000, 8.980 ;   10.000, 8.980 ;   10.000,15.880 ;   -10.000,15.880 ; V1=0,0,0; HEIGHT=20; DIEL=2.9 ;
 52  
 53  $ Simulation window
 54  WINDOW3D V1=-0.5*window_width,0,0; V2=0.5*window_width,window_thichness,window_length; DIEL=1.0;
 55  
 56  $ Ground Plane(s)
 57  POLY3D NAME= M0__w0;  COORD=   -10.000,-1.000 ;   10.000,-1.000 ;   10.000, 0.000 ;   -10.000, 0.000 ;  V1=0,0,0; HEIGHT=20; VOLT=0 ;
 58  OPTIONS SET_GRID=1000000;
 59  
 60  POLY3D NAME= M2__w0;  COORD=   -10.000, 1.170 ;   10.000, 1.170 ;   10.000, 1.470 ;   -10.000, 1.470 ;  V1=0,0,0; HEIGHT=20; VOLT=0 ;
 61  OPTIONS SET_GRID=1000000;
 62  
 63  $ Layout params w= 0.14 s= 0.7 r= 0
 64  
 65  $ Layout/Eff  0.140  0.140 top_width
 66  $ Layout/Eff  0.140 0.14 bot_width
 67  $ Layout/Eff  0.700  0.700 spacing
 68  $ Layout/Eff  0.650  0.650 height 
 69  $ Layout/Eff  0.250  0.250 thicknes
 70  
 71  POLY3D NAME=M1_w1; COORD=   -1.470, 0.650 ;   -1.330, 0.650 ;   -1.330, 0.900 ;   -1.470, 0.900 ; V1=0,0,10; HEIGHT=2; VOLT=0
 72  POLY3D NAME=M1_w2; COORD=   -1.190, 0.650 ;   -1.050, 0.650 ;   -1.050, 0.900 ;   -1.190, 0.900 ; V1=0,0,10; HEIGHT=2; VOLT=0
 73  POLY3D NAME=M1_w3; COORD=   -0.910, 0.650 ;   -0.770, 0.650 ;   -0.770, 0.900 ;   -0.910, 0.900 ; V1=0,0,10; HEIGHT=2; VOLT=0
 74  POLY3D NAME=M1_w4; COORD=   -0.070, 0.650 ;    0.070, 0.650 ;    0.070, 0.900 ;   -0.070, 0.900 ; V1=0,0,10; HEIGHT=2; VOLT=1
 75  POLY3D NAME=M1_w5; COORD=    0.770, 0.650 ;    0.910, 0.650 ;    0.910, 0.900 ;    0.770, 0.900 ; V1=0,0,10; HEIGHT=2; VOLT=0
 76  POLY3D NAME=M1_w6; COORD=    1.050, 0.650 ;    1.190, 0.650 ;    1.190, 0.900 ;    1.050, 0.900 ;  V1=0,0,10; HEIGHT=2; VOLT=0
 77  
 78  OPTIONS SET_GRID=1000000;
 79  
 80  CAPACITANCE


 *** CAPACITANCE [Farad] CALCULATION: (C)(V)=(Q)

               M0__w0         M2__w0          M1_w1          M1_w2          M1_w3          M1_w4          M1_w5          M1_w6     
    M0__w0   1.236064e-14  -1.190423e-14  -8.145157e-17  -4.789990e-17  -7.153502e-17  -9.964779e-17  -7.349124e-17  -8.238242e-17 
    M2__w0  -1.190479e-14   1.264916e-14  -1.319731e-16  -7.952859e-17  -1.177876e-16  -1.612077e-16  -1.207150e-16  -1.331638e-16 
     M1_w1  -8.007241e-17  -1.304870e-16   4.215390e-16  -2.024059e-16  -7.941397e-18  -6.214881e-19  -2.511708e-20  -3.276078e-21 
     M1_w2  -4.772000e-17  -7.918820e-17  -2.025508e-16   5.338713e-16  -2.023814e-16  -1.966170e-18  -7.142330e-20  -8.520318e-21 
     M1_w3  -7.071121e-17  -1.168100e-16  -7.614716e-18  -2.022338e-16   4.240691e-16  -2.605265e-17  -6.072172e-19  -6.670107e-20 
     M1_w4  -9.682148e-17  -1.577913e-16  -5.342029e-19  -1.851452e-18  -2.607389e-17   3.110281e-16  -2.601838e-17  -1.963600e-18 
     M1_w5  -7.253039e-17  -1.188814e-16  -2.041668e-20  -6.061961e-20  -6.072241e-19  -2.604429e-17   4.239084e-16  -2.057851e-16 
     M1_w6  -8.132766e-17  -1.317815e-16  -3.435313e-21  -9.132081e-21  -8.432413e-20  -2.223806e-18  -2.059911e-16   4.213850e-16 

regrid   nx   ny   nz     total   iter  lin_tol.   rgd_tol
     0   90  273   38    933660    26 7.404e-05  N.A. 
     1   61  481   33    968253    49 9.264e-05  1.700e-01 % 
regrid tolerance : 1.70e-01 %

regrid   nx   ny   nz     total   iter  lin_tol.   rgd_tol
     0   90  273   38    933660    38 9.607e-05  N.A. 
     1   68  385   37    968660    54 9.216e-05  1.875e-01 % 
regrid tolerance : 1.88e-01 %

regrid   nx   ny   nz     total   iter  lin_tol.   rgd_tol
     0   90  273   38    933660    22 8.075e-05  N.A. 
     1  118  246   34    986952    37 7.232e-05  2.112e+00 % 
regrid tolerance : 2.11e+00 %

regrid   nx   ny   nz     total   iter  lin_tol.   rgd_tol
     0   90  273   38    933660    22 6.598e-05  N.A. 
     1  118  249   33    969606    38 9.159e-05  1.955e+00 % 
regrid tolerance : 1.95e+00 %

regrid   nx   ny   nz     total   iter  lin_tol.   rgd_tol
     0   90  273   38    933660    22 6.842e-05  N.A. 
     1  115  247   34    965770    35 9.905e-05  1.955e+00 % 
regrid tolerance : 1.96e+00 %

regrid   nx   ny   nz     total   iter  lin_tol.   rgd_tol
     0   90  273   38    933660    21 8.641e-05  N.A. 
     1  115  245   35    986125    32 8.207e-05  1.871e+00 % 
regrid tolerance : 1.87e+00 %

regrid   nx   ny   nz     total   iter  lin_tol.   rgd_tol
     0   90  273   38    933660    22 7.230e-05  N.A. 
     1  117  246   34    978588    36 8.291e-05  1.955e+00 % 
regrid tolerance : 1.95e+00 %

regrid   nx   ny   nz     total   iter  lin_tol.   rgd_tol
     0   90  273   38    933660    21 9.469e-05  N.A. 
     1  119  245   34    991270    35 9.542e-05  2.117e+00 % 
regrid tolerance : 2.12e+00 %

 ==> SPICE Models for Total Capacitance (in Farad)

 C_0_0 M0__w0 OTHERS 1.236064e-14
 C_1_1 M2__w0 OTHERS 1.264916e-14
 C_2_2 M1_w1 OTHERS 4.215390e-16
 C_3_3 M1_w2 OTHERS 5.338713e-16
 C_4_4 M1_w3 OTHERS 4.240691e-16
 C_5_5 M1_w4 OTHERS 3.110281e-16
 C_6_6 M1_w5 OTHERS 4.239084e-16
 C_7_7 M1_w6 OTHERS 4.213850e-16

 ==> SPICE Models for Entire Capacitance Matrix (in Farad)

 C_0_1 M0__w0 M2__w0 1.190451e-14
 C_0_2 M0__w0 M1_w1 8.076199e-17
 C_0_3 M0__w0 M1_w2 4.780995e-17
 C_0_4 M0__w0 M1_w3 7.112312e-17
 C_0_5 M0__w0 M1_w4 9.823464e-17
 C_0_6 M0__w0 M1_w5 7.301082e-17
 C_0_7 M0__w0 M1_w6 8.185504e-17
 C_1_2 M2__w0 M1_w1 1.312300e-16
 C_1_3 M2__w0 M1_w2 7.935839e-17
 C_1_4 M2__w0 M1_w3 1.172988e-16
 C_1_5 M2__w0 M1_w4 1.594995e-16
 C_1_6 M2__w0 M1_w5 1.197982e-16
 C_1_7 M2__w0 M1_w6 1.324727e-16
 C_2_3 M1_w1 M1_w2 2.024784e-16
 C_2_4 M1_w1 M1_w3 7.778056e-18
 C_2_5 M1_w1 M1_w4 5.778455e-19
 C_2_6 M1_w1 M1_w5 2.276688e-20
 C_2_7 M1_w1 M1_w6 3.355696e-21
 C_3_4 M1_w2 M1_w3 2.023076e-16
 C_3_5 M1_w2 M1_w4 1.908811e-18
 C_3_6 M1_w2 M1_w5 6.602145e-20
 C_3_7 M1_w2 M1_w6 8.826200e-21
 C_4_5 M1_w3 M1_w4 2.606327e-17
 C_4_6 M1_w3 M1_w5 6.072206e-19
 C_4_7 M1_w3 M1_w6 7.551260e-20
 C_5_6 M1_w4 M1_w5 2.603133e-17
 C_5_7 M1_w4 M1_w6 2.093703e-18
 C_6_7 M1_w5 M1_w6 2.058881e-16

