/import/programs/synopsys/raphael/S-2021.06/raphael_2021.06.0/linux64/bin/rc3x -x -n -o wires_3D.out wires 

      ********************************************************
      ***                 RAPHAEL RC3 (TM)                 ***
      ***                 Version S-2021.06                ***
      ***             System K (PC: Linux64)               ***
      ***            Copyright (C) 1991 - 2021             ***
      ***                  Synopsys, Inc.                  ***
      ***                                                  ***
      ***  This software and the associated documentation  ***
      ***  are confidential and proprietary to Synopsys,   ***
      ***  Inc.  Your use or disclosure of this software   ***
      ***  is subject to the terms and conditions of a     ***
      ***  written license agreement between you, or your  ***
      ***  company, and Synopsys, Inc.                     ***
      ********************************************************

  1  $pattern raphFiles/DiagUnder6/M1duM2/D0/W0.14/S0
  2  
  3  param window_width=20;
  4  param window_thichness=19.056;
  5  param window_length=20;
  6  POLY3D NAME= p1_1;  COORD=   -10.000, 0.000 ;   10.000, 0.000 ;   10.000, 0.250 ;   -10.000, 0.250 ; V1=0,0,0; HEIGHT=20; DIEL=4.1 ;
  7  POLY3D NAME= m1_1;  COORD=   -10.000, 0.250 ;   10.000, 0.250 ;   10.000, 0.300 ;   -10.000, 0.300 ; V1=0,0,0; HEIGHT=20; DIEL=7 ;
  8  POLY3D NAME= m1_2;  COORD=   -10.000, 0.300 ;   10.000, 0.300 ;   10.000, 0.650 ;   -10.000, 0.650 ; V1=0,0,0; HEIGHT=20; DIEL=4.3 ;
  9  POLY3D NAME= m1_3;  COORD=   -10.000, 0.650 ;   10.000, 0.650 ;   10.000, 0.700 ;   -10.000, 0.700 ; V1=0,0,0; HEIGHT=20; DIEL=4.3 ;
 10  POLY3D NAME= m1_4;  COORD=   -10.000, 0.700 ;   10.000, 0.700 ;   10.000, 0.750 ;   -10.000, 0.750 ; V1=0,0,0; HEIGHT=20; DIEL=4.9 ;
 11  POLY3D NAME= m1_5;  COORD=   -10.000, 0.750 ;   10.000, 0.750 ;   10.000, 0.900 ;   -10.000, 0.900 ; V1=0,0,0; HEIGHT=20; DIEL=4.1 ;
 12  POLY3D NAME= m2_1;  COORD=   -10.000, 0.900 ;   10.000, 0.900 ;   10.000, 0.950 ;   -10.000, 0.950 ; V1=0,0,0; HEIGHT=20; DIEL=4.9 ;
 13  POLY3D NAME= m2_2;  COORD=   -10.000, 0.950 ;   10.000, 0.950 ;   10.000, 1.150 ;   -10.000, 1.150 ; V1=0,0,0; HEIGHT=20; DIEL=2.9 ;
 14  POLY3D NAME= m2_3;  COORD=   -10.000, 1.150 ;   10.000, 1.150 ;   10.000, 1.170 ;   -10.000, 1.170 ; V1=0,0,0; HEIGHT=20; DIEL=4.4 ;
 15  POLY3D NAME= m2_4;  COORD=   -10.000, 1.170 ;   10.000, 1.170 ;   10.000, 1.220 ;   -10.000, 1.220 ; V1=0,0,0; HEIGHT=20; DIEL=4.9 ;
 16  POLY3D NAME= m2_5;  COORD=   -10.000, 1.220 ;   10.000, 1.220 ;   10.000, 1.420 ;   -10.000, 1.420 ; V1=0,0,0; HEIGHT=20; DIEL=2.9 ;
 17  POLY3D NAME= m2_6;  COORD=   -10.000, 1.420 ;   10.000, 1.420 ;   10.000, 1.470 ;   -10.000, 1.470 ; V1=0,0,0; HEIGHT=20; DIEL=4.4 ;
 18  POLY3D NAME= m3_1;  COORD=   -10.000, 1.470 ;   10.000, 1.470 ;   10.000, 1.520 ;   -10.000, 1.520 ; V1=0,0,0; HEIGHT=20; DIEL=4.9 ;
 19  POLY3D NAME= m3_2;  COORD=   -10.000, 1.520 ;   10.000, 1.520 ;   10.000, 1.720 ;   -10.000, 1.720 ; V1=0,0,0; HEIGHT=20; DIEL=2.9 ;
 20  POLY3D NAME= m3_3;  COORD=   -10.000, 1.720 ;   10.000, 1.720 ;   10.000, 1.740 ;   -10.000, 1.740 ; V1=0,0,0; HEIGHT=20; DIEL=4.4 ;
 21  POLY3D NAME= m3_4;  COORD=   -10.000, 1.740 ;   10.000, 1.740 ;   10.000, 1.790 ;   -10.000, 1.790 ; V1=0,0,0; HEIGHT=20; DIEL=4.9 ;
 22  POLY3D NAME= m3_5;  COORD=   -10.000, 1.790 ;   10.000, 1.790 ;   10.000, 1.990 ;   -10.000, 1.990 ; V1=0,0,0; HEIGHT=20; DIEL=2.9 ;
 23  POLY3D NAME= m3_6;  COORD=   -10.000, 1.990 ;   10.000, 1.990 ;   10.000, 2.040 ;   -10.000, 2.040 ; V1=0,0,0; HEIGHT=20; DIEL=4.4 ;
 24  POLY3D NAME= m4_1;  COORD=   -10.000, 2.040 ;   10.000, 2.040 ;   10.000, 2.090 ;   -10.000, 2.090 ; V1=0,0,0; HEIGHT=20; DIEL=4.9 ;
 25  POLY3D NAME= m4_2;  COORD=   -10.000, 2.090 ;   10.000, 2.090 ;   10.000, 2.290 ;   -10.000, 2.290 ; V1=0,0,0; HEIGHT=20; DIEL=2.9 ;
 26  POLY3D NAME= m4_3;  COORD=   -10.000, 2.290 ;   10.000, 2.290 ;   10.000, 2.310 ;   -10.000, 2.310 ; V1=0,0,0; HEIGHT=20; DIEL=4.4 ;
 27  POLY3D NAME= m4_4;  COORD=   -10.000, 2.310 ;   10.000, 2.310 ;   10.000, 2.360 ;   -10.000, 2.360 ; V1=0,0,0; HEIGHT=20; DIEL=4.9 ;
 28  POLY3D NAME= m4_5;  COORD=   -10.000, 2.360 ;   10.000, 2.360 ;   10.000, 2.560 ;   -10.000, 2.560 ; V1=0,0,0; HEIGHT=20; DIEL=2.9 ;
 29  POLY3D NAME= m4_6;  COORD=   -10.000, 2.560 ;   10.000, 2.560 ;   10.000, 2.610 ;   -10.000, 2.610 ; V1=0,0,0; HEIGHT=20; DIEL=4.4 ;
 30  POLY3D NAME= m5_1;  COORD=   -10.000, 2.610 ;   10.000, 2.610 ;   10.000, 2.660 ;   -10.000, 2.660 ; V1=0,0,0; HEIGHT=20; DIEL=4.9 ;
 31  POLY3D NAME= m5_2;  COORD=   -10.000, 2.660 ;   10.000, 2.660 ;   10.000, 2.860 ;   -10.000, 2.860 ; V1=0,0,0; HEIGHT=20; DIEL=2.9 ;
 32  POLY3D NAME= m5_3;  COORD=   -10.000, 2.860 ;   10.000, 2.860 ;   10.000, 2.880 ;   -10.000, 2.880 ; V1=0,0,0; HEIGHT=20; DIEL=4.4 ;
 33  POLY3D NAME= m5_4;  COORD=   -10.000, 2.880 ;   10.000, 2.880 ;   10.000, 2.930 ;   -10.000, 2.930 ; V1=0,0,0; HEIGHT=20; DIEL=4.9 ;
 34  POLY3D NAME= m5_5;  COORD=   -10.000, 2.930 ;   10.000, 2.930 ;   10.000, 3.130 ;   -10.000, 3.130 ; V1=0,0,0; HEIGHT=20; DIEL=2.9 ;
 35  POLY3D NAME= m5_6;  COORD=   -10.000, 3.130 ;   10.000, 3.130 ;   10.000, 3.180 ;   -10.000, 3.180 ; V1=0,0,0; HEIGHT=20; DIEL=4.4 ;
 36  POLY3D NAME= m6_1;  COORD=   -10.000, 3.180 ;   10.000, 3.180 ;   10.000, 3.280 ;   -10.000, 3.280 ; V1=0,0,0; HEIGHT=20; DIEL=4.9 ;
 37  POLY3D NAME= m6_2;  COORD=   -10.000, 3.280 ;   10.000, 3.280 ;   10.000, 3.780 ;   -10.000, 3.780 ; V1=0,0,0; HEIGHT=20; DIEL=4.4 ;
 38  POLY3D NAME= m6_3;  COORD=   -10.000, 3.780 ;   10.000, 3.780 ;   10.000, 3.880 ;   -10.000, 3.880 ; V1=0,0,0; HEIGHT=20; DIEL=4.4 ;
 39  POLY3D NAME= m6_4;  COORD=   -10.000, 3.880 ;   10.000, 3.880 ;   10.000, 3.980 ;   -10.000, 3.980 ; V1=0,0,0; HEIGHT=20; DIEL=4.9 ;
 40  POLY3D NAME= m6_5;  COORD=   -10.000, 3.980 ;   10.000, 3.980 ;   10.000, 4.680 ;   -10.000, 4.680 ; V1=0,0,0; HEIGHT=20; DIEL=4.4 ;
 41  POLY3D NAME= m7_1;  COORD=   -10.000, 4.680 ;   10.000, 4.680 ;   10.000, 4.780 ;   -10.000, 4.780 ; V1=0,0,0; HEIGHT=20; DIEL=4.9 ;
 42  POLY3D NAME= m7_2;  COORD=   -10.000, 4.780 ;   10.000, 4.780 ;   10.000, 5.530 ;   -10.000, 5.530 ; V1=0,0,0; HEIGHT=20; DIEL=4.4 ;
 43  POLY3D NAME= m7_3;  COORD=   -10.000, 5.530 ;   10.000, 5.530 ;   10.000, 5.580 ;   -10.000, 5.580 ; V1=0,0,0; HEIGHT=20; DIEL=4.4 ;
 44  POLY3D NAME= m7_4;  COORD=   -10.000, 5.580 ;   10.000, 5.580 ;   10.000, 5.700 ;   -10.000, 5.700 ; V1=0,0,0; HEIGHT=20; DIEL=4.9 ;
 45  POLY3D NAME= m7_5;  COORD=   -10.000, 5.700 ;   10.000, 5.700 ;   10.000, 6.730 ;   -10.000, 6.730 ; V1=0,0,0; HEIGHT=20; DIEL=4.4 ;
 46  POLY3D NAME= m7_2;  COORD=   -10.000, 6.730 ;   10.000, 6.730 ;   10.000, 7.480 ;   -10.000, 7.480 ; V1=0,0,0; HEIGHT=20; DIEL=4.4 ;
 47  POLY3D NAME= m7_3;  COORD=   -10.000, 7.480 ;   10.000, 7.480 ;   10.000, 7.530 ;   -10.000, 7.530 ; V1=0,0,0; HEIGHT=20; DIEL=4.4 ;
 48  POLY3D NAME= m7_4;  COORD=   -10.000, 7.530 ;   10.000, 7.530 ;   10.000, 7.650 ;   -10.000, 7.650 ; V1=0,0,0; HEIGHT=20; DIEL=4.9 ;
 49  POLY3D NAME= m7_5;  COORD=   -10.000, 7.650 ;   10.000, 7.650 ;   10.000, 8.680 ;   -10.000, 8.680 ; V1=0,0,0; HEIGHT=20; DIEL=4.4 ;
 50  POLY3D NAME= air_1; COORD=   -10.000, 8.680 ;   10.000, 8.680 ;   10.000, 8.980 ;   -10.000, 8.980 ; V1=0,0,0; HEIGHT=20; DIEL=6 ;
 51  POLY3D NAME= air_2; COORD=   -10.000, 8.980 ;   10.000, 8.980 ;   10.000,15.880 ;   -10.000,15.880 ; V1=0,0,0; HEIGHT=20; DIEL=2.9 ;
 52  
 53  $ Simulation window
 54  WINDOW3D V1=-0.5*window_width,0,0; V2=0.5*window_width,window_thichness,window_length; DIEL=1.0;
 55  
 56  $ Ground Plane(s)
 57  POLY3D NAME= M0__w0;  COORD=   -10.000,-1.000 ;   10.000,-1.000 ;   10.000, 0.000 ;   -10.000, 0.000 ;  V1=0,0,0; HEIGHT=20; VOLT=0 ;
 58  OPTIONS SET_GRID=1000000;
 59  
 60  $ Layout params w= 0.14 s= 0 r= 0
 61  
 62  $ Layout/Eff  0.140  0.140 top_width
 63  $ Layout/Eff  0.140 0.14 bot_width
 64  $ Layout/Eff  0.000  0.000 spacing
 65  $ Layout/Eff  0.650  0.650 height 
 66  $ Layout/Eff  0.250  0.250 thicknes
 67  
 68  POLY3D NAME=M1_w1; COORD=   -0.910, 0.650 ;   -0.770, 0.650 ;   -0.770, 0.900 ;   -0.910, 0.900 ; V1=0,0,9; HEIGHT=2; VOLT=0
 69  POLY3D NAME=M1_w2; COORD=   -0.630, 0.650 ;   -0.490, 0.650 ;   -0.490, 0.900 ;   -0.630, 0.900 ; V1=0,0,9; HEIGHT=2; VOLT=0
 70  POLY3D NAME=M1_w3; COORD=   -0.350, 0.650 ;   -0.210, 0.650 ;   -0.210, 0.900 ;   -0.350, 0.900 ; V1=0,0,9; HEIGHT=2; VOLT=0
 71  POLY3D NAME=M1_w4; COORD=   -0.070, 0.650 ;    0.070, 0.650 ;    0.070, 0.900 ;   -0.070, 0.900 ; V1=0,0,9; HEIGHT=2; VOLT=1
 72  POLY3D NAME=M1_w5; COORD=    0.210, 0.650 ;    0.350, 0.650 ;    0.350, 0.900 ;    0.210, 0.900 ; V1=0,0,9; HEIGHT=2; VOLT=0
 73  POLY3D NAME=M1_w6; COORD=    0.490, 0.650 ;    0.630, 0.650 ;    0.630, 0.900 ;    0.490, 0.900 ; V1=0,0,9; HEIGHT=2; VOLT=0
 74  
 75  POLY3D NAME=M2_w1; COORD=   -0.910, 1.170 ;   -0.770, 1.170 ;   -0.770, 1.470 ;   -0.910, 1.470 ; V1=0,0,9; HEIGHT=2; VOLT=0
 76  POLY3D NAME=M2_w2; COORD=   -0.630, 1.170 ;   -0.490, 1.170 ;   -0.490, 1.470 ;   -0.630, 1.470 ; V1=0,0,9; HEIGHT=2; VOLT=0
 77  POLY3D NAME=M2_w3; COORD=   -0.350, 1.170 ;   -0.210, 1.170 ;   -0.210, 1.470 ;   -0.350, 1.470 ; V1=0,0,9; HEIGHT=2; VOLT=0
 78  POLY3D NAME=M2_w4; COORD=   -0.070, 1.170 ;    0.070, 1.170 ;    0.070, 1.470 ;   -0.070, 1.470 ; V1=0,0,9; HEIGHT=2; VOLT=1
 79  
 80  
 81  OPTIONS SET_GRID=1000000;
 82  
 83  CAPACITANCE


 *** CAPACITANCE [Farad] CALCULATION: (C)(V)=(Q)

               M0__w0          M1_w1          M1_w2          M1_w3          M1_w4          M1_w5          M1_w6          M2_w1          M2_w2          M2_w3          M2_w4     
    M0__w0   6.582903e-16  -1.143158e-16  -5.467267e-17  -5.252861e-17  -5.373551e-17  -6.272860e-17  -1.348703e-16  -7.469065e-17  -2.848331e-17  -2.766775e-17  -5.462880e-17 
     M1_w1  -1.135632e-16   4.101870e-16  -2.046752e-16  -7.778043e-18  -1.936079e-18  -7.214011e-19  -6.977932e-19  -6.306740e-17  -1.442222e-17  -2.138013e-18  -1.187037e-18 
     M1_w2  -5.464850e-17  -2.047781e-16   5.328069e-16  -2.005087e-16  -6.789965e-18  -1.640009e-18  -9.218281e-19  -1.420028e-17  -3.505373e-17  -1.260322e-17  -1.662823e-18 
     M1_w3  -5.189380e-17  -7.903957e-18  -2.004641e-16   5.329116e-16  -2.005091e-16  -6.992854e-18  -2.378819e-18  -1.875584e-18  -1.257689e-17  -3.498503e-17  -1.333178e-17 
     M1_w4  -5.345996e-17  -2.064682e-18  -6.765020e-18  -2.005220e-16   5.321597e-16  -2.027408e-16  -9.989866e-18  -7.404248e-19  -1.483694e-18  -1.279050e-17  -4.160326e-17 
     M1_w5  -6.244026e-17  -8.141673e-19  -1.649552e-18  -7.002677e-18  -2.026000e-16   5.242644e-16  -2.144062e-16  -7.800190e-19  -7.590367e-19  -2.249424e-18  -3.156514e-17 
     M1_w6  -1.334933e-16  -6.140448e-19  -7.602617e-19  -2.215038e-18  -9.784213e-18  -2.145670e-16   3.878138e-16  -1.470707e-18  -1.223036e-18  -2.326058e-18  -2.135963e-17 
     M2_w1  -7.417644e-17  -6.343448e-17  -1.418837e-17  -1.868768e-18  -7.048994e-19  -6.880428e-19  -1.420225e-18   3.715914e-16  -1.996364e-16  -9.723464e-18  -5.750639e-18 
     M2_w2  -2.843710e-17  -1.449758e-17  -3.518823e-17  -1.261945e-17  -1.502459e-18  -7.694345e-19  -1.356234e-18  -1.996189e-16   4.976077e-16  -1.941557e-16  -9.462562e-18 
     M2_w3  -2.734870e-17  -2.158623e-18  -1.262241e-17  -3.512118e-17  -1.280738e-17  -2.265259e-18  -2.445382e-18  -9.857326e-18  -1.941742e-16   4.976097e-16  -1.988092e-16 
     M2_w4  -5.412314e-17  -1.221573e-18  -1.670691e-18  -1.334417e-17  -4.190647e-17  -3.175911e-17  -2.152114e-17  -5.965885e-18  -9.426762e-18  -1.991731e-16   3.801095e-16 

regrid   nx   ny   nz     total   iter  lin_tol.   rgd_tol
     0   82  283   42    974652    52 9.278e-05  N.A. 
     1   75  205   64    984000    34 9.309e-05  4.400e-01 % 
regrid tolerance : 4.40e-01 %

regrid   nx   ny   nz     total   iter  lin_tol.   rgd_tol
     0   82  283   42    974652    46 9.969e-05  N.A. 
     1  106  222   42    988344    33 8.404e-05  1.706e+00 % 
regrid tolerance : 1.71e+00 %

regrid   nx   ny   nz     total   iter  lin_tol.   rgd_tol
     0   82  283   42    974652    45 9.894e-05  N.A. 
     1  103  237   40    976440    36 9.994e-05  1.822e+00 % 
regrid tolerance : 1.82e+00 %

regrid   nx   ny   nz     total   iter  lin_tol.   rgd_tol
     0   82  283   42    974652    45 9.917e-05  N.A. 
     1  102  237   41    991134    36 8.467e-05  1.836e+00 % 
regrid tolerance : 1.84e+00 %

regrid   nx   ny   nz     total   iter  lin_tol.   rgd_tol
     0   82  283   42    974652    46 8.820e-05  N.A. 
     1  102  237   41    991134    36 7.815e-05  1.847e+00 % 
regrid tolerance : 1.85e+00 %

regrid   nx   ny   nz     total   iter  lin_tol.   rgd_tol
     0   82  283   42    974652    46 8.562e-05  N.A. 
     1  104  228   41    972192    33 7.437e-05  1.852e+00 % 
regrid tolerance : 1.85e+00 %

regrid   nx   ny   nz     total   iter  lin_tol.   rgd_tol
     0   82  283   42    974652    47 9.292e-05  N.A. 
     1  104  207   46    990288    34 8.154e-05  1.553e+00 % 
regrid tolerance : 1.55e+00 %

regrid   nx   ny   nz     total   iter  lin_tol.   rgd_tol
     0   82  283   42    974652    48 8.724e-05  N.A. 
     1  102  196   49    979608    34 8.384e-05  1.295e+00 % 
regrid tolerance : 1.29e+00 %

regrid   nx   ny   nz     total   iter  lin_tol.   rgd_tol
     0   82  283   42    974652    46 9.150e-05  N.A. 
     1  100  207   47    972900    36 7.739e-05  1.387e+00 % 
regrid tolerance : 1.39e+00 %

regrid   nx   ny   nz     total   iter  lin_tol.   rgd_tol
     0   82  283   42    974652    46 9.148e-05  N.A. 
     1   98  208   48    978432    36 8.600e-05  1.395e+00 % 
regrid tolerance : 1.39e+00 %

regrid   nx   ny   nz     total   iter  lin_tol.   rgd_tol
     0   82  283   42    974652    46 9.479e-05  N.A. 
     1   89  207   53    976419    34 9.941e-05  1.029e+00 % 
regrid tolerance : 1.03e+00 %

 ==> SPICE Models for Total Capacitance (in Farad)

 C_0_0 M0__w0 OTHERS 6.582903e-16
 C_1_1 M1_w1 OTHERS 4.101870e-16
 C_2_2 M1_w2 OTHERS 5.328069e-16
 C_3_3 M1_w3 OTHERS 5.329116e-16
 C_4_4 M1_w4 OTHERS 5.321597e-16
 C_5_5 M1_w5 OTHERS 5.242644e-16
 C_6_6 M1_w6 OTHERS 3.878138e-16
 C_7_7 M2_w1 OTHERS 3.715914e-16
 C_8_8 M2_w2 OTHERS 4.976077e-16
 C_9_9 M2_w3 OTHERS 4.976097e-16
 C_10_10 M2_w4 OTHERS 3.801095e-16

 ==> SPICE Models for Entire Capacitance Matrix (in Farad)

 C_0_1 M0__w0 M1_w1 1.139395e-16
 C_0_2 M0__w0 M1_w2 5.466058e-17
 C_0_3 M0__w0 M1_w3 5.221120e-17
 C_0_4 M0__w0 M1_w4 5.359774e-17
 C_0_5 M0__w0 M1_w5 6.258443e-17
 C_0_6 M0__w0 M1_w6 1.341818e-16
 C_0_7 M0__w0 M2_w1 7.443355e-17
 C_0_8 M0__w0 M2_w2 2.846021e-17
 C_0_9 M0__w0 M2_w3 2.750822e-17
 C_0_10 M0__w0 M2_w4 5.437597e-17
 C_1_2 M1_w1 M1_w2 2.047266e-16
 C_1_3 M1_w1 M1_w3 7.841000e-18
 C_1_4 M1_w1 M1_w4 2.000380e-18
 C_1_5 M1_w1 M1_w5 7.677842e-19
 C_1_6 M1_w1 M1_w6 6.559190e-19
 C_1_7 M1_w1 M2_w1 6.325094e-17
 C_1_8 M1_w1 M2_w2 1.445990e-17
 C_1_9 M1_w1 M2_w3 2.148318e-18
 C_1_10 M1_w1 M2_w4 1.204305e-18
 C_2_3 M1_w2 M1_w3 2.004864e-16
 C_2_4 M1_w2 M1_w4 6.777493e-18
 C_2_5 M1_w2 M1_w5 1.644780e-18
 C_2_6 M1_w2 M1_w6 8.410449e-19
 C_2_7 M1_w2 M2_w1 1.419432e-17
 C_2_8 M1_w2 M2_w2 3.512098e-17
 C_2_9 M1_w2 M2_w3 1.261281e-17
 C_2_10 M1_w2 M2_w4 1.666757e-18
 C_3_4 M1_w3 M1_w4 2.005156e-16
 C_3_5 M1_w3 M1_w5 6.997766e-18
 C_3_6 M1_w3 M1_w6 2.296929e-18
 C_3_7 M1_w3 M2_w1 1.872176e-18
 C_3_8 M1_w3 M2_w2 1.259817e-17
 C_3_9 M1_w3 M2_w3 3.505310e-17
 C_3_10 M1_w3 M2_w4 1.333797e-17
 C_4_5 M1_w4 M1_w5 2.026704e-16
 C_4_6 M1_w4 M1_w6 9.887039e-18
 C_4_7 M1_w4 M2_w1 7.226621e-19
 C_4_8 M1_w4 M2_w2 1.493076e-18
 C_4_9 M1_w4 M2_w3 1.279894e-17
 C_4_10 M1_w4 M2_w4 4.175487e-17
 C_5_6 M1_w5 M1_w6 2.144866e-16
 C_5_7 M1_w5 M2_w1 7.340309e-19
 C_5_8 M1_w5 M2_w2 7.642356e-19
 C_5_9 M1_w5 M2_w3 2.257341e-18
 C_5_10 M1_w5 M2_w4 3.166213e-17
 C_6_7 M1_w6 M2_w1 1.445466e-18
 C_6_8 M1_w6 M2_w2 1.289635e-18
 C_6_9 M1_w6 M2_w3 2.385720e-18
 C_6_10 M1_w6 M2_w4 2.144039e-17
 C_7_8 M2_w1 M2_w2 1.996276e-16
 C_7_9 M2_w1 M2_w3 9.790395e-18
 C_7_10 M2_w1 M2_w4 5.858262e-18
 C_8_9 M2_w2 M2_w3 1.941650e-16
 C_8_10 M2_w2 M2_w4 9.444662e-18
 C_9_10 M2_w3 M2_w4 1.989912e-16

