/import/programs/synopsys/raphael/S-2021.06/raphael_2021.06.0/linux64/bin/rc3x -x -n -o wires_3D.out wires 

      ********************************************************
      ***                 RAPHAEL RC3 (TM)                 ***
      ***                 Version S-2021.06                ***
      ***             System K (PC: Linux64)               ***
      ***            Copyright (C) 1991 - 2021             ***
      ***                  Synopsys, Inc.                  ***
      ***                                                  ***
      ***  This software and the associated documentation  ***
      ***  are confidential and proprietary to Synopsys,   ***
      ***  Inc.  Your use or disclosure of this software   ***
      ***  is subject to the terms and conditions of a     ***
      ***  written license agreement between you, or your  ***
      ***  company, and Synopsys, Inc.                     ***
      ********************************************************

  1  $pattern raphFiles3D/Under6/M1uM2/D0/W0.14/S0.14
  2  
  3  param window_width=20;
  4  param window_thichness=19.056;
  5  param window_length=20;
  6  POLY3D NAME= p1_1;  COORD=   -10.000, 0.000 ;   10.000, 0.000 ;   10.000, 0.250 ;   -10.000, 0.250 ; V1=0,0,0; HEIGHT=20; DIEL=4.1 ;
  7  POLY3D NAME= m1_1;  COORD=   -10.000, 0.250 ;   10.000, 0.250 ;   10.000, 0.300 ;   -10.000, 0.300 ; V1=0,0,0; HEIGHT=20; DIEL=7 ;
  8  POLY3D NAME= m1_2;  COORD=   -10.000, 0.300 ;   10.000, 0.300 ;   10.000, 0.650 ;   -10.000, 0.650 ; V1=0,0,0; HEIGHT=20; DIEL=4.3 ;
  9  POLY3D NAME= m1_3;  COORD=   -10.000, 0.650 ;   10.000, 0.650 ;   10.000, 0.700 ;   -10.000, 0.700 ; V1=0,0,0; HEIGHT=20; DIEL=4.3 ;
 10  POLY3D NAME= m1_4;  COORD=   -10.000, 0.700 ;   10.000, 0.700 ;   10.000, 0.750 ;   -10.000, 0.750 ; V1=0,0,0; HEIGHT=20; DIEL=4.9 ;
 11  POLY3D NAME= m1_5;  COORD=   -10.000, 0.750 ;   10.000, 0.750 ;   10.000, 0.900 ;   -10.000, 0.900 ; V1=0,0,0; HEIGHT=20; DIEL=4.1 ;
 12  POLY3D NAME= m2_1;  COORD=   -10.000, 0.900 ;   10.000, 0.900 ;   10.000, 0.950 ;   -10.000, 0.950 ; V1=0,0,0; HEIGHT=20; DIEL=4.9 ;
 13  POLY3D NAME= m2_2;  COORD=   -10.000, 0.950 ;   10.000, 0.950 ;   10.000, 1.150 ;   -10.000, 1.150 ; V1=0,0,0; HEIGHT=20; DIEL=2.9 ;
 14  POLY3D NAME= m2_3;  COORD=   -10.000, 1.150 ;   10.000, 1.150 ;   10.000, 1.170 ;   -10.000, 1.170 ; V1=0,0,0; HEIGHT=20; DIEL=4.4 ;
 15  POLY3D NAME= m2_4;  COORD=   -10.000, 1.170 ;   10.000, 1.170 ;   10.000, 1.220 ;   -10.000, 1.220 ; V1=0,0,0; HEIGHT=20; DIEL=4.9 ;
 16  POLY3D NAME= m2_5;  COORD=   -10.000, 1.220 ;   10.000, 1.220 ;   10.000, 1.420 ;   -10.000, 1.420 ; V1=0,0,0; HEIGHT=20; DIEL=2.9 ;
 17  POLY3D NAME= m2_6;  COORD=   -10.000, 1.420 ;   10.000, 1.420 ;   10.000, 1.470 ;   -10.000, 1.470 ; V1=0,0,0; HEIGHT=20; DIEL=4.4 ;
 18  POLY3D NAME= m3_1;  COORD=   -10.000, 1.470 ;   10.000, 1.470 ;   10.000, 1.520 ;   -10.000, 1.520 ; V1=0,0,0; HEIGHT=20; DIEL=4.9 ;
 19  POLY3D NAME= m3_2;  COORD=   -10.000, 1.520 ;   10.000, 1.520 ;   10.000, 1.720 ;   -10.000, 1.720 ; V1=0,0,0; HEIGHT=20; DIEL=2.9 ;
 20  POLY3D NAME= m3_3;  COORD=   -10.000, 1.720 ;   10.000, 1.720 ;   10.000, 1.740 ;   -10.000, 1.740 ; V1=0,0,0; HEIGHT=20; DIEL=4.4 ;
 21  POLY3D NAME= m3_4;  COORD=   -10.000, 1.740 ;   10.000, 1.740 ;   10.000, 1.790 ;   -10.000, 1.790 ; V1=0,0,0; HEIGHT=20; DIEL=4.9 ;
 22  POLY3D NAME= m3_5;  COORD=   -10.000, 1.790 ;   10.000, 1.790 ;   10.000, 1.990 ;   -10.000, 1.990 ; V1=0,0,0; HEIGHT=20; DIEL=2.9 ;
 23  POLY3D NAME= m3_6;  COORD=   -10.000, 1.990 ;   10.000, 1.990 ;   10.000, 2.040 ;   -10.000, 2.040 ; V1=0,0,0; HEIGHT=20; DIEL=4.4 ;
 24  POLY3D NAME= m4_1;  COORD=   -10.000, 2.040 ;   10.000, 2.040 ;   10.000, 2.090 ;   -10.000, 2.090 ; V1=0,0,0; HEIGHT=20; DIEL=4.9 ;
 25  POLY3D NAME= m4_2;  COORD=   -10.000, 2.090 ;   10.000, 2.090 ;   10.000, 2.290 ;   -10.000, 2.290 ; V1=0,0,0; HEIGHT=20; DIEL=2.9 ;
 26  POLY3D NAME= m4_3;  COORD=   -10.000, 2.290 ;   10.000, 2.290 ;   10.000, 2.310 ;   -10.000, 2.310 ; V1=0,0,0; HEIGHT=20; DIEL=4.4 ;
 27  POLY3D NAME= m4_4;  COORD=   -10.000, 2.310 ;   10.000, 2.310 ;   10.000, 2.360 ;   -10.000, 2.360 ; V1=0,0,0; HEIGHT=20; DIEL=4.9 ;
 28  POLY3D NAME= m4_5;  COORD=   -10.000, 2.360 ;   10.000, 2.360 ;   10.000, 2.560 ;   -10.000, 2.560 ; V1=0,0,0; HEIGHT=20; DIEL=2.9 ;
 29  POLY3D NAME= m4_6;  COORD=   -10.000, 2.560 ;   10.000, 2.560 ;   10.000, 2.610 ;   -10.000, 2.610 ; V1=0,0,0; HEIGHT=20; DIEL=4.4 ;
 30  POLY3D NAME= m5_1;  COORD=   -10.000, 2.610 ;   10.000, 2.610 ;   10.000, 2.660 ;   -10.000, 2.660 ; V1=0,0,0; HEIGHT=20; DIEL=4.9 ;
 31  POLY3D NAME= m5_2;  COORD=   -10.000, 2.660 ;   10.000, 2.660 ;   10.000, 2.860 ;   -10.000, 2.860 ; V1=0,0,0; HEIGHT=20; DIEL=2.9 ;
 32  POLY3D NAME= m5_3;  COORD=   -10.000, 2.860 ;   10.000, 2.860 ;   10.000, 2.880 ;   -10.000, 2.880 ; V1=0,0,0; HEIGHT=20; DIEL=4.4 ;
 33  POLY3D NAME= m5_4;  COORD=   -10.000, 2.880 ;   10.000, 2.880 ;   10.000, 2.930 ;   -10.000, 2.930 ; V1=0,0,0; HEIGHT=20; DIEL=4.9 ;
 34  POLY3D NAME= m5_5;  COORD=   -10.000, 2.930 ;   10.000, 2.930 ;   10.000, 3.130 ;   -10.000, 3.130 ; V1=0,0,0; HEIGHT=20; DIEL=2.9 ;
 35  POLY3D NAME= m5_6;  COORD=   -10.000, 3.130 ;   10.000, 3.130 ;   10.000, 3.180 ;   -10.000, 3.180 ; V1=0,0,0; HEIGHT=20; DIEL=4.4 ;
 36  POLY3D NAME= m6_1;  COORD=   -10.000, 3.180 ;   10.000, 3.180 ;   10.000, 3.280 ;   -10.000, 3.280 ; V1=0,0,0; HEIGHT=20; DIEL=4.9 ;
 37  POLY3D NAME= m6_2;  COORD=   -10.000, 3.280 ;   10.000, 3.280 ;   10.000, 3.780 ;   -10.000, 3.780 ; V1=0,0,0; HEIGHT=20; DIEL=4.4 ;
 38  POLY3D NAME= m6_3;  COORD=   -10.000, 3.780 ;   10.000, 3.780 ;   10.000, 3.880 ;   -10.000, 3.880 ; V1=0,0,0; HEIGHT=20; DIEL=4.4 ;
 39  POLY3D NAME= m6_4;  COORD=   -10.000, 3.880 ;   10.000, 3.880 ;   10.000, 3.980 ;   -10.000, 3.980 ; V1=0,0,0; HEIGHT=20; DIEL=4.9 ;
 40  POLY3D NAME= m6_5;  COORD=   -10.000, 3.980 ;   10.000, 3.980 ;   10.000, 4.680 ;   -10.000, 4.680 ; V1=0,0,0; HEIGHT=20; DIEL=4.4 ;
 41  POLY3D NAME= m7_1;  COORD=   -10.000, 4.680 ;   10.000, 4.680 ;   10.000, 4.780 ;   -10.000, 4.780 ; V1=0,0,0; HEIGHT=20; DIEL=4.9 ;
 42  POLY3D NAME= m7_2;  COORD=   -10.000, 4.780 ;   10.000, 4.780 ;   10.000, 5.530 ;   -10.000, 5.530 ; V1=0,0,0; HEIGHT=20; DIEL=4.4 ;
 43  POLY3D NAME= m7_3;  COORD=   -10.000, 5.530 ;   10.000, 5.530 ;   10.000, 5.580 ;   -10.000, 5.580 ; V1=0,0,0; HEIGHT=20; DIEL=4.4 ;
 44  POLY3D NAME= m7_4;  COORD=   -10.000, 5.580 ;   10.000, 5.580 ;   10.000, 5.700 ;   -10.000, 5.700 ; V1=0,0,0; HEIGHT=20; DIEL=4.9 ;
 45  POLY3D NAME= m7_5;  COORD=   -10.000, 5.700 ;   10.000, 5.700 ;   10.000, 6.730 ;   -10.000, 6.730 ; V1=0,0,0; HEIGHT=20; DIEL=4.4 ;
 46  POLY3D NAME= m7_2;  COORD=   -10.000, 6.730 ;   10.000, 6.730 ;   10.000, 7.480 ;   -10.000, 7.480 ; V1=0,0,0; HEIGHT=20; DIEL=4.4 ;
 47  POLY3D NAME= m7_3;  COORD=   -10.000, 7.480 ;   10.000, 7.480 ;   10.000, 7.530 ;   -10.000, 7.530 ; V1=0,0,0; HEIGHT=20; DIEL=4.4 ;
 48  POLY3D NAME= m7_4;  COORD=   -10.000, 7.530 ;   10.000, 7.530 ;   10.000, 7.650 ;   -10.000, 7.650 ; V1=0,0,0; HEIGHT=20; DIEL=4.9 ;
 49  POLY3D NAME= m7_5;  COORD=   -10.000, 7.650 ;   10.000, 7.650 ;   10.000, 8.680 ;   -10.000, 8.680 ; V1=0,0,0; HEIGHT=20; DIEL=4.4 ;
 50  POLY3D NAME= air_1;  COORD=   -10.000, 8.680 ;   10.000, 8.680 ;   10.000, 8.980 ;   -10.000, 8.980 ; V1=0,0,0; HEIGHT=20; DIEL=6 ;
 51  POLY3D NAME= air_2;  COORD=   -10.000, 8.980 ;   10.000, 8.980 ;   10.000,15.880 ;   -10.000,15.880 ; V1=0,0,0; HEIGHT=20; DIEL=2.9 ;
 52  
 53  $ Simulation window
 54  WINDOW3D V1=-0.5*window_width,0,0; V2=0.5*window_width,window_thichness,window_length; DIEL=1.0;
 55  
 56  $ Ground Plane(s)
 57  POLY3D NAME= M0__w0;  COORD=   -10.000,-1.000 ;   10.000,-1.000 ;   10.000, 0.000 ;   -10.000, 0.000 ;  V1=0,0,0; HEIGHT=20; VOLT=0 ;
 58  OPTIONS SET_GRID=1000000;
 59  
 60  POLY3D NAME= M2__w0;  COORD=   -10.000, 1.170 ;   10.000, 1.170 ;   10.000, 1.470 ;   -10.000, 1.470 ;  V1=0,0,0; HEIGHT=20; VOLT=0 ;
 61  OPTIONS SET_GRID=1000000;
 62  
 63  $ Layout params w= 0.14 s= 0.14 r= 0
 64  
 65  $ Layout/Eff  0.140  0.140 top_width
 66  $ Layout/Eff  0.140 0.14 bot_width
 67  $ Layout/Eff  0.140  0.140 spacing
 68  $ Layout/Eff  0.650  0.650 height 
 69  $ Layout/Eff  0.250  0.250 thicknes
 70  
 71  POLY3D NAME=M1_w1; COORD=   -0.910, 0.650 ;   -0.770, 0.650 ;   -0.770, 0.900 ;   -0.910, 0.900 ; V1=0,0,10; HEIGHT=2; VOLT=0
 72  POLY3D NAME=M1_w2; COORD=   -0.630, 0.650 ;   -0.490, 0.650 ;   -0.490, 0.900 ;   -0.630, 0.900 ; V1=0,0,10; HEIGHT=2; VOLT=0
 73  POLY3D NAME=M1_w3; COORD=   -0.350, 0.650 ;   -0.210, 0.650 ;   -0.210, 0.900 ;   -0.350, 0.900 ; V1=0,0,10; HEIGHT=2; VOLT=0
 74  POLY3D NAME=M1_w4; COORD=   -0.070, 0.650 ;    0.070, 0.650 ;    0.070, 0.900 ;   -0.070, 0.900 ; V1=0,0,10; HEIGHT=2; VOLT=1
 75  POLY3D NAME=M1_w5; COORD=    0.210, 0.650 ;    0.350, 0.650 ;    0.350, 0.900 ;    0.210, 0.900 ; V1=0,0,10; HEIGHT=2; VOLT=0
 76  POLY3D NAME=M1_w6; COORD=    0.490, 0.650 ;    0.630, 0.650 ;    0.630, 0.900 ;    0.490, 0.900 ;  V1=0,0,10; HEIGHT=2; VOLT=0
 77  
 78  OPTIONS SET_GRID=1000000;
 79  
 80  CAPACITANCE


 *** CAPACITANCE [Farad] CALCULATION: (C)(V)=(Q)

               M0__w0         M2__w0          M1_w1          M1_w2          M1_w3          M1_w4          M1_w5          M1_w6     
    M0__w0   1.231271e-14  -1.196856e-14  -8.074186e-17  -4.646389e-17  -4.486235e-17  -4.486254e-17  -4.646487e-17  -8.075316e-17 
    M2__w0  -1.196857e-14   1.253968e-14  -1.313836e-16  -7.807784e-17  -7.617427e-17  -7.617330e-17  -7.807459e-17  -1.312286e-16 
     M1_w1  -7.970243e-17  -1.301254e-16   4.215023e-16  -2.024726e-16  -7.057314e-18  -1.576140e-18  -4.401639e-19  -1.461956e-19 
     M1_w2  -4.637251e-17  -7.780981e-17  -2.025804e-16   5.340164e-16  -1.991747e-16  -6.333484e-18  -1.355707e-18  -4.099734e-19 
     M1_w3  -4.488165e-17  -7.610487e-17  -6.892994e-18  -1.993129e-16   5.342769e-16  -1.993350e-16  -6.305251e-18  -1.461770e-18 
     M1_w4  -4.483148e-17  -7.604661e-17  -1.505927e-18  -6.362944e-18  -1.993390e-16   5.342750e-16  -1.993133e-16  -6.891461e-18 
     M1_w5  -4.634938e-17  -7.779400e-17  -4.230111e-19  -1.359281e-18  -6.363525e-18  -1.991707e-16   5.340163e-16  -2.025800e-16 
     M1_w6  -7.970383e-17  -1.301352e-16  -1.464945e-19  -4.401692e-19  -1.576204e-18  -7.057376e-18  -2.024722e-16   4.215062e-16 

regrid   nx   ny   nz     total   iter  lin_tol.   rgd_tol
     0   82  283   40    928240    27 7.637e-05  N.A. 
     1   52  515   36    964080    50 8.799e-05  1.843e-01 % 
regrid tolerance : 1.84e-01 %

regrid   nx   ny   nz     total   iter  lin_tol.   rgd_tol
     0   82  283   40    928240    41 7.889e-05  N.A. 
     1   57  412   41    962844    54 9.786e-05  1.969e-01 % 
regrid tolerance : 1.97e-01 %

regrid   nx   ny   nz     total   iter  lin_tol.   rgd_tol
     0   82  283   40    928240    24 9.633e-05  N.A. 
     1  110  246   36    974160    37 7.292e-05  1.854e+00 % 
regrid tolerance : 1.85e+00 %

regrid   nx   ny   nz     total   iter  lin_tol.   rgd_tol
     0   82  283   40    928240    24 7.401e-05  N.A. 
     1  110  249   36    986040    37 8.795e-05  1.897e+00 % 
regrid tolerance : 1.90e+00 %

regrid   nx   ny   nz     total   iter  lin_tol.   rgd_tol
     0   82  283   40    928240    24 7.497e-05  N.A. 
     1  109  249   36    977076    37 8.018e-05  1.875e+00 % 
regrid tolerance : 1.88e+00 %

regrid   nx   ny   nz     total   iter  lin_tol.   rgd_tol
     0   82  283   40    928240    24 7.309e-05  N.A. 
     1  109  249   36    977076    37 7.959e-05  1.876e+00 % 
regrid tolerance : 1.88e+00 %

regrid   nx   ny   nz     total   iter  lin_tol.   rgd_tol
     0   82  283   40    928240    24 7.196e-05  N.A. 
     1  110  249   36    986040    36 9.619e-05  1.898e+00 % 
regrid tolerance : 1.90e+00 %

regrid   nx   ny   nz     total   iter  lin_tol.   rgd_tol
     0   82  283   40    928240    24 8.282e-05  N.A. 
     1  110  246   36    974160    36 7.673e-05  1.858e+00 % 
regrid tolerance : 1.86e+00 %

 ==> SPICE Models for Total Capacitance (in Farad)

 C_0_0 M0__w0 OTHERS 1.231271e-14
 C_1_1 M2__w0 OTHERS 1.253968e-14
 C_2_2 M1_w1 OTHERS 4.215023e-16
 C_3_3 M1_w2 OTHERS 5.340164e-16
 C_4_4 M1_w3 OTHERS 5.342769e-16
 C_5_5 M1_w4 OTHERS 5.342750e-16
 C_6_6 M1_w5 OTHERS 5.340163e-16
 C_7_7 M1_w6 OTHERS 4.215062e-16

 ==> SPICE Models for Entire Capacitance Matrix (in Farad)

 C_0_1 M0__w0 M2__w0 1.196856e-14
 C_0_2 M0__w0 M1_w1 8.022214e-17
 C_0_3 M0__w0 M1_w2 4.641820e-17
 C_0_4 M0__w0 M1_w3 4.487200e-17
 C_0_5 M0__w0 M1_w4 4.484701e-17
 C_0_6 M0__w0 M1_w5 4.640712e-17
 C_0_7 M0__w0 M1_w6 8.022849e-17
 C_1_2 M2__w0 M1_w1 1.307545e-16
 C_1_3 M2__w0 M1_w2 7.794383e-17
 C_1_4 M2__w0 M1_w3 7.613957e-17
 C_1_5 M2__w0 M1_w4 7.610995e-17
 C_1_6 M2__w0 M1_w5 7.793430e-17
 C_1_7 M2__w0 M1_w6 1.306819e-16
 C_2_3 M1_w1 M1_w2 2.025265e-16
 C_2_4 M1_w1 M1_w3 6.975154e-18
 C_2_5 M1_w1 M1_w4 1.541034e-18
 C_2_6 M1_w1 M1_w5 4.315875e-19
 C_2_7 M1_w1 M1_w6 1.463451e-19
 C_3_4 M1_w2 M1_w3 1.992438e-16
 C_3_5 M1_w2 M1_w4 6.348214e-18
 C_3_6 M1_w2 M1_w5 1.357494e-18
 C_3_7 M1_w2 M1_w6 4.250713e-19
 C_4_5 M1_w3 M1_w4 1.993370e-16
 C_4_6 M1_w3 M1_w5 6.334388e-18
 C_4_7 M1_w3 M1_w6 1.518987e-18
 C_5_6 M1_w4 M1_w5 1.992420e-16
 C_5_7 M1_w4 M1_w6 6.974418e-18
 C_6_7 M1_w5 M1_w6 2.025261e-16

