/import/programs/synopsys/raphael/S-2021.06/raphael_2021.06.0/linux64/bin/rc3x -n -x -o wires_3D.out wires 

      ********************************************************
      ***                 RAPHAEL RC3 (TM)                 ***
      ***                 Version S-2021.06                ***
      ***             System K (PC: Linux64)               ***
      ***            Copyright (C) 1991 - 2021             ***
      ***                  Synopsys, Inc.                  ***
      ***                                                  ***
      ***  This software and the associated documentation  ***
      ***  are confidential and proprietary to Synopsys,   ***
      ***  Inc.  Your use or disclosure of this software   ***
      ***  is subject to the terms and conditions of a     ***
      ***  written license agreement between you, or your  ***
      ***  company, and Synopsys, Inc.                     ***
      ********************************************************

  1  $pattern raphFiles3D/Under6/M1uM2/D0/W0.14/S0.42
  2  
  3  param window_width=20;
  4  param window_thichness=19.056;
  5  param window_length=20;
  6  POLY3D NAME= p1_1;  COORD=   -10.000, 0.000 ;   10.000, 0.000 ;   10.000, 0.250 ;   -10.000, 0.250 ; V1=0,0,0; HEIGHT=20; DIEL=4.1 ;
  7  POLY3D NAME= m1_1;  COORD=   -10.000, 0.250 ;   10.000, 0.250 ;   10.000, 0.300 ;   -10.000, 0.300 ; V1=0,0,0; HEIGHT=20; DIEL=7 ;
  8  POLY3D NAME= m1_2;  COORD=   -10.000, 0.300 ;   10.000, 0.300 ;   10.000, 0.650 ;   -10.000, 0.650 ; V1=0,0,0; HEIGHT=20; DIEL=4.3 ;
  9  POLY3D NAME= m1_3;  COORD=   -10.000, 0.650 ;   10.000, 0.650 ;   10.000, 0.700 ;   -10.000, 0.700 ; V1=0,0,0; HEIGHT=20; DIEL=4.3 ;
 10  POLY3D NAME= m1_4;  COORD=   -10.000, 0.700 ;   10.000, 0.700 ;   10.000, 0.750 ;   -10.000, 0.750 ; V1=0,0,0; HEIGHT=20; DIEL=4.9 ;
 11  POLY3D NAME= m1_5;  COORD=   -10.000, 0.750 ;   10.000, 0.750 ;   10.000, 0.900 ;   -10.000, 0.900 ; V1=0,0,0; HEIGHT=20; DIEL=4.1 ;
 12  POLY3D NAME= m2_1;  COORD=   -10.000, 0.900 ;   10.000, 0.900 ;   10.000, 0.950 ;   -10.000, 0.950 ; V1=0,0,0; HEIGHT=20; DIEL=4.9 ;
 13  POLY3D NAME= m2_2;  COORD=   -10.000, 0.950 ;   10.000, 0.950 ;   10.000, 1.150 ;   -10.000, 1.150 ; V1=0,0,0; HEIGHT=20; DIEL=2.9 ;
 14  POLY3D NAME= m2_3;  COORD=   -10.000, 1.150 ;   10.000, 1.150 ;   10.000, 1.170 ;   -10.000, 1.170 ; V1=0,0,0; HEIGHT=20; DIEL=4.4 ;
 15  POLY3D NAME= m2_4;  COORD=   -10.000, 1.170 ;   10.000, 1.170 ;   10.000, 1.220 ;   -10.000, 1.220 ; V1=0,0,0; HEIGHT=20; DIEL=4.9 ;
 16  POLY3D NAME= m2_5;  COORD=   -10.000, 1.220 ;   10.000, 1.220 ;   10.000, 1.420 ;   -10.000, 1.420 ; V1=0,0,0; HEIGHT=20; DIEL=2.9 ;
 17  POLY3D NAME= m2_6;  COORD=   -10.000, 1.420 ;   10.000, 1.420 ;   10.000, 1.470 ;   -10.000, 1.470 ; V1=0,0,0; HEIGHT=20; DIEL=4.4 ;
 18  POLY3D NAME= m3_1;  COORD=   -10.000, 1.470 ;   10.000, 1.470 ;   10.000, 1.520 ;   -10.000, 1.520 ; V1=0,0,0; HEIGHT=20; DIEL=4.9 ;
 19  POLY3D NAME= m3_2;  COORD=   -10.000, 1.520 ;   10.000, 1.520 ;   10.000, 1.720 ;   -10.000, 1.720 ; V1=0,0,0; HEIGHT=20; DIEL=2.9 ;
 20  POLY3D NAME= m3_3;  COORD=   -10.000, 1.720 ;   10.000, 1.720 ;   10.000, 1.740 ;   -10.000, 1.740 ; V1=0,0,0; HEIGHT=20; DIEL=4.4 ;
 21  POLY3D NAME= m3_4;  COORD=   -10.000, 1.740 ;   10.000, 1.740 ;   10.000, 1.790 ;   -10.000, 1.790 ; V1=0,0,0; HEIGHT=20; DIEL=4.9 ;
 22  POLY3D NAME= m3_5;  COORD=   -10.000, 1.790 ;   10.000, 1.790 ;   10.000, 1.990 ;   -10.000, 1.990 ; V1=0,0,0; HEIGHT=20; DIEL=2.9 ;
 23  POLY3D NAME= m3_6;  COORD=   -10.000, 1.990 ;   10.000, 1.990 ;   10.000, 2.040 ;   -10.000, 2.040 ; V1=0,0,0; HEIGHT=20; DIEL=4.4 ;
 24  POLY3D NAME= m4_1;  COORD=   -10.000, 2.040 ;   10.000, 2.040 ;   10.000, 2.090 ;   -10.000, 2.090 ; V1=0,0,0; HEIGHT=20; DIEL=4.9 ;
 25  POLY3D NAME= m4_2;  COORD=   -10.000, 2.090 ;   10.000, 2.090 ;   10.000, 2.290 ;   -10.000, 2.290 ; V1=0,0,0; HEIGHT=20; DIEL=2.9 ;
 26  POLY3D NAME= m4_3;  COORD=   -10.000, 2.290 ;   10.000, 2.290 ;   10.000, 2.310 ;   -10.000, 2.310 ; V1=0,0,0; HEIGHT=20; DIEL=4.4 ;
 27  POLY3D NAME= m4_4;  COORD=   -10.000, 2.310 ;   10.000, 2.310 ;   10.000, 2.360 ;   -10.000, 2.360 ; V1=0,0,0; HEIGHT=20; DIEL=4.9 ;
 28  POLY3D NAME= m4_5;  COORD=   -10.000, 2.360 ;   10.000, 2.360 ;   10.000, 2.560 ;   -10.000, 2.560 ; V1=0,0,0; HEIGHT=20; DIEL=2.9 ;
 29  POLY3D NAME= m4_6;  COORD=   -10.000, 2.560 ;   10.000, 2.560 ;   10.000, 2.610 ;   -10.000, 2.610 ; V1=0,0,0; HEIGHT=20; DIEL=4.4 ;
 30  POLY3D NAME= m5_1;  COORD=   -10.000, 2.610 ;   10.000, 2.610 ;   10.000, 2.660 ;   -10.000, 2.660 ; V1=0,0,0; HEIGHT=20; DIEL=4.9 ;
 31  POLY3D NAME= m5_2;  COORD=   -10.000, 2.660 ;   10.000, 2.660 ;   10.000, 2.860 ;   -10.000, 2.860 ; V1=0,0,0; HEIGHT=20; DIEL=2.9 ;
 32  POLY3D NAME= m5_3;  COORD=   -10.000, 2.860 ;   10.000, 2.860 ;   10.000, 2.880 ;   -10.000, 2.880 ; V1=0,0,0; HEIGHT=20; DIEL=4.4 ;
 33  POLY3D NAME= m5_4;  COORD=   -10.000, 2.880 ;   10.000, 2.880 ;   10.000, 2.930 ;   -10.000, 2.930 ; V1=0,0,0; HEIGHT=20; DIEL=4.9 ;
 34  POLY3D NAME= m5_5;  COORD=   -10.000, 2.930 ;   10.000, 2.930 ;   10.000, 3.130 ;   -10.000, 3.130 ; V1=0,0,0; HEIGHT=20; DIEL=2.9 ;
 35  POLY3D NAME= m5_6;  COORD=   -10.000, 3.130 ;   10.000, 3.130 ;   10.000, 3.180 ;   -10.000, 3.180 ; V1=0,0,0; HEIGHT=20; DIEL=4.4 ;
 36  POLY3D NAME= m6_1;  COORD=   -10.000, 3.180 ;   10.000, 3.180 ;   10.000, 3.280 ;   -10.000, 3.280 ; V1=0,0,0; HEIGHT=20; DIEL=4.9 ;
 37  POLY3D NAME= m6_2;  COORD=   -10.000, 3.280 ;   10.000, 3.280 ;   10.000, 3.780 ;   -10.000, 3.780 ; V1=0,0,0; HEIGHT=20; DIEL=4.4 ;
 38  POLY3D NAME= m6_3;  COORD=   -10.000, 3.780 ;   10.000, 3.780 ;   10.000, 3.880 ;   -10.000, 3.880 ; V1=0,0,0; HEIGHT=20; DIEL=4.4 ;
 39  POLY3D NAME= m6_4;  COORD=   -10.000, 3.880 ;   10.000, 3.880 ;   10.000, 3.980 ;   -10.000, 3.980 ; V1=0,0,0; HEIGHT=20; DIEL=4.9 ;
 40  POLY3D NAME= m6_5;  COORD=   -10.000, 3.980 ;   10.000, 3.980 ;   10.000, 4.680 ;   -10.000, 4.680 ; V1=0,0,0; HEIGHT=20; DIEL=4.4 ;
 41  POLY3D NAME= m7_1;  COORD=   -10.000, 4.680 ;   10.000, 4.680 ;   10.000, 4.780 ;   -10.000, 4.780 ; V1=0,0,0; HEIGHT=20; DIEL=4.9 ;
 42  POLY3D NAME= m7_2;  COORD=   -10.000, 4.780 ;   10.000, 4.780 ;   10.000, 5.530 ;   -10.000, 5.530 ; V1=0,0,0; HEIGHT=20; DIEL=4.4 ;
 43  POLY3D NAME= m7_3;  COORD=   -10.000, 5.530 ;   10.000, 5.530 ;   10.000, 5.580 ;   -10.000, 5.580 ; V1=0,0,0; HEIGHT=20; DIEL=4.4 ;
 44  POLY3D NAME= m7_4;  COORD=   -10.000, 5.580 ;   10.000, 5.580 ;   10.000, 5.700 ;   -10.000, 5.700 ; V1=0,0,0; HEIGHT=20; DIEL=4.9 ;
 45  POLY3D NAME= m7_5;  COORD=   -10.000, 5.700 ;   10.000, 5.700 ;   10.000, 6.730 ;   -10.000, 6.730 ; V1=0,0,0; HEIGHT=20; DIEL=4.4 ;
 46  POLY3D NAME= m7_2;  COORD=   -10.000, 6.730 ;   10.000, 6.730 ;   10.000, 7.480 ;   -10.000, 7.480 ; V1=0,0,0; HEIGHT=20; DIEL=4.4 ;
 47  POLY3D NAME= m7_3;  COORD=   -10.000, 7.480 ;   10.000, 7.480 ;   10.000, 7.530 ;   -10.000, 7.530 ; V1=0,0,0; HEIGHT=20; DIEL=4.4 ;
 48  POLY3D NAME= m7_4;  COORD=   -10.000, 7.530 ;   10.000, 7.530 ;   10.000, 7.650 ;   -10.000, 7.650 ; V1=0,0,0; HEIGHT=20; DIEL=4.9 ;
 49  POLY3D NAME= m7_5;  COORD=   -10.000, 7.650 ;   10.000, 7.650 ;   10.000, 8.680 ;   -10.000, 8.680 ; V1=0,0,0; HEIGHT=20; DIEL=4.4 ;
 50  POLY3D NAME= air_1; COORD=   -10.000, 8.680 ;   10.000, 8.680 ;   10.000, 8.980 ;   -10.000, 8.980 ; V1=0,0,0; HEIGHT=20; DIEL=6 ;
 51  POLY3D NAME= air_2; COORD=   -10.000, 8.980 ;   10.000, 8.980 ;   10.000,15.880 ;   -10.000,15.880 ; V1=0,0,0; HEIGHT=20; DIEL=2.9 ;
 52  
 53  $ Simulation window
 54  WINDOW3D V1=-0.5*window_width,0,0; V2=0.5*window_width,window_thichness,window_length; DIEL=1.0;
 55  
 56  $ Ground Plane(s)
 57  POLY3D NAME= M0__w0;  COORD=   -10.000,-1.000 ;   10.000,-1.000 ;   10.000, 0.000 ;   -10.000, 0.000 ;  V1=0,0,0; HEIGHT=20; VOLT=0 ;
 58  OPTIONS SET_GRID=1000000;
 59  
 60  POLY3D NAME= M2__w0;  COORD=   -10.000, 1.170 ;   10.000, 1.170 ;   10.000, 1.470 ;   -10.000, 1.470 ;  V1=0,0,0; HEIGHT=20; VOLT=0 ;
 61  OPTIONS SET_GRID=1000000;
 62  
 63  $ Layout params w= 0.14 s= 0.42 r= 0
 64  
 65  $ Layout/Eff  0.140  0.140 top_width
 66  $ Layout/Eff  0.140 0.14 bot_width
 67  $ Layout/Eff  0.420  0.420 spacing
 68  $ Layout/Eff  0.650  0.650 height 
 69  $ Layout/Eff  0.250  0.250 thicknes
 70  
 71  POLY3D NAME=M1_w1; COORD=   -1.190, 0.650 ;   -1.050, 0.650 ;   -1.050, 0.900 ;   -1.190, 0.900 ; V1=0,0,10; HEIGHT=2; VOLT=0
 72  POLY3D NAME=M1_w2; COORD=   -0.910, 0.650 ;   -0.770, 0.650 ;   -0.770, 0.900 ;   -0.910, 0.900 ; V1=0,0,10; HEIGHT=2; VOLT=0
 73  POLY3D NAME=M1_w3; COORD=   -0.630, 0.650 ;   -0.490, 0.650 ;   -0.490, 0.900 ;   -0.630, 0.900 ; V1=0,0,10; HEIGHT=2; VOLT=0
 74  POLY3D NAME=M1_w4; COORD=   -0.070, 0.650 ;    0.070, 0.650 ;    0.070, 0.900 ;   -0.070, 0.900 ; V1=0,0,10; HEIGHT=2; VOLT=1
 75  POLY3D NAME=M1_w5; COORD=    0.490, 0.650 ;    0.630, 0.650 ;    0.630, 0.900 ;    0.490, 0.900 ; V1=0,0,10; HEIGHT=2; VOLT=0
 76  POLY3D NAME=M1_w6; COORD=    0.770, 0.650 ;    0.910, 0.650 ;    0.910, 0.900 ;    0.770, 0.900 ;  V1=0,0,10; HEIGHT=2; VOLT=0
 77  
 78  OPTIONS SET_GRID=1000000;
 79  
 80  CAPACITANCE


 *** CAPACITANCE [Farad] CALCULATION: (C)(V)=(Q)

               M0__w0         M2__w0          M1_w1          M1_w2          M1_w3          M1_w4          M1_w5          M1_w6     
    M0__w0   1.234278e-14  -1.192895e-14  -8.095964e-17  -4.719800e-17  -6.181220e-17  -7.850985e-17  -6.371713e-17  -8.162956e-17 
    M2__w0  -1.192942e-14   1.261082e-14  -1.315109e-16  -7.866295e-17  -1.029393e-16  -1.311142e-16  -1.051166e-16  -1.320623e-16 
     M1_w1  -7.991922e-17  -1.303091e-16   4.215447e-16  -2.024294e-16  -7.743880e-18  -1.044564e-18  -9.770341e-20  -1.832183e-20 
     M1_w2  -4.712091e-17  -7.847563e-17  -2.025754e-16   5.339046e-16  -2.017775e-16  -3.631802e-18  -2.875459e-19  -5.019486e-20 
     M1_w3  -6.113747e-17  -1.022195e-16  -7.462504e-18  -2.016399e-16   4.350916e-16  -6.042800e-17  -1.931569e-18  -3.048399e-19 
     M1_w4  -7.700705e-17  -1.280361e-16  -9.797465e-19  -3.570555e-18  -6.048539e-17   3.344905e-16  -6.053122e-17  -3.906141e-18 
     M1_w5  -6.289972e-17  -1.042435e-16  -9.053460e-20  -2.796381e-19  -1.931697e-18  -6.046053e-17   4.350296e-16  -2.051488e-16 
     M1_w6  -8.062865e-17  -1.309611e-16  -1.920548e-20  -5.405289e-20  -3.360451e-19  -4.115687e-18  -2.053489e-16   4.214295e-16 

regrid   nx   ny   nz     total   iter  lin_tol.   rgd_tol
     0   86  277   38    905236    26 6.399e-05  N.A. 
     1   56  500   35    980000    50 8.843e-05  1.768e-01 % 
regrid tolerance : 1.77e-01 %

regrid   nx   ny   nz     total   iter  lin_tol.   rgd_tol
     0   86  277   38    905236    40 7.822e-05  N.A. 
     1   62  400   39    967200    55 9.084e-05  1.911e-01 % 
regrid tolerance : 1.91e-01 %

regrid   nx   ny   nz     total   iter  lin_tol.   rgd_tol
     0   86  277   38    905236    22 7.761e-05  N.A. 
     1  114  250   34    969000    37 7.530e-05  2.119e+00 % 
regrid tolerance : 2.12e+00 %

regrid   nx   ny   nz     total   iter  lin_tol.   rgd_tol
     0   86  277   38    905236    22 6.618e-05  N.A. 
     1  114  254   34    984504    38 9.020e-05  1.954e+00 % 
regrid tolerance : 1.95e+00 %

regrid   nx   ny   nz     total   iter  lin_tol.   rgd_tol
     0   86  277   38    905236    22 7.177e-05  N.A. 
     1  111  253   35    982905    34 9.778e-05  1.919e+00 % 
regrid tolerance : 1.92e+00 %

regrid   nx   ny   nz     total   iter  lin_tol.   rgd_tol
     0   86  277   38    905236    21 7.921e-05  N.A. 
     1  110  252   36    997920    32 8.127e-05  1.696e+00 % 
regrid tolerance : 1.70e+00 %

regrid   nx   ny   nz     total   iter  lin_tol.   rgd_tol
     0   86  277   38    905236    22 7.407e-05  N.A. 
     1  113  252   34    968184    35 8.409e-05  1.897e+00 % 
regrid tolerance : 1.90e+00 %

regrid   nx   ny   nz     total   iter  lin_tol.   rgd_tol
     0   86  277   38    905236    22 6.456e-05  N.A. 
     1  115  249   34    973590    35 8.312e-05  2.125e+00 % 
regrid tolerance : 2.12e+00 %

 ==> SPICE Models for Total Capacitance (in Farad)

 C_0_0 M0__w0 OTHERS 1.234278e-14
 C_1_1 M2__w0 OTHERS 1.261082e-14
 C_2_2 M1_w1 OTHERS 4.215447e-16
 C_3_3 M1_w2 OTHERS 5.339046e-16
 C_4_4 M1_w3 OTHERS 4.350916e-16
 C_5_5 M1_w4 OTHERS 3.344905e-16
 C_6_6 M1_w5 OTHERS 4.350296e-16
 C_7_7 M1_w6 OTHERS 4.214295e-16

 ==> SPICE Models for Entire Capacitance Matrix (in Farad)

 C_0_1 M0__w0 M2__w0 1.192918e-14
 C_0_2 M0__w0 M1_w1 8.043943e-17
 C_0_3 M0__w0 M1_w2 4.715945e-17
 C_0_4 M0__w0 M1_w3 6.147483e-17
 C_0_5 M0__w0 M1_w4 7.775845e-17
 C_0_6 M0__w0 M1_w5 6.330843e-17
 C_0_7 M0__w0 M1_w6 8.112910e-17
 C_1_2 M2__w0 M1_w1 1.309100e-16
 C_1_3 M2__w0 M1_w2 7.856929e-17
 C_1_4 M2__w0 M1_w3 1.025794e-16
 C_1_5 M2__w0 M1_w4 1.295752e-16
 C_1_6 M2__w0 M1_w5 1.046800e-16
 C_1_7 M2__w0 M1_w6 1.315117e-16
 C_2_3 M1_w1 M1_w2 2.025024e-16
 C_2_4 M1_w1 M1_w3 7.603192e-18
 C_2_5 M1_w1 M1_w4 1.012155e-18
 C_2_6 M1_w1 M1_w5 9.411901e-20
 C_2_7 M1_w1 M1_w6 1.876365e-20
 C_3_4 M1_w2 M1_w3 2.017087e-16
 C_3_5 M1_w2 M1_w4 3.601178e-18
 C_3_6 M1_w2 M1_w5 2.835920e-19
 C_3_7 M1_w2 M1_w6 5.212388e-20
 C_4_5 M1_w3 M1_w4 6.045669e-17
 C_4_6 M1_w3 M1_w5 1.931633e-18
 C_4_7 M1_w3 M1_w6 3.204425e-19
 C_5_6 M1_w4 M1_w5 6.049588e-17
 C_5_7 M1_w4 M1_w6 4.010914e-18
 C_6_7 M1_w5 M1_w6 2.052488e-16

