/import/programs/synopsys/raphael/S-2021.06/raphael_2021.06.0/linux64/bin/rc2x -n -x -o wires_CAPcommand_rc2.out wires 

      ********************************************************
      ***                 RAPHAEL RC2 (TM)                 ***
      ***                 Version S-2021.06                ***
      ***             System K (PC: Linux64)               ***
      ***            Copyright (C) 1991 - 2021             ***
      ***                   Synopsys, Inc.                 ***
      ***                                                  ***
      ***  This software and the associated documentation  ***
      ***  are confidential and proprietary to Synopsys,   ***
      ***  Inc.  Your use or disclosure of this software   ***
      ***  is subject to the terms and conditions of a     ***
      ***  written license agreement between you, or your  ***
      ***  company, and Synopsys, Inc.                     ***
      ********************************************************

  1  $pattern raphFiles/Over6/M1oM0/D0/W0.14/S1.4
  2  
  3  param window_width=100;
  4  param window_thichness=19.056;
  5  POLY NAME= p1_1;  COORD=   -50.000, 0.000 ;   50.000, 0.000 ;   50.000, 0.250 ;   -50.000, 0.250 ;  DIEL=4.1 ;
  6  POLY NAME= m1_1;  COORD=   -50.000, 0.250 ;   50.000, 0.250 ;   50.000, 0.300 ;   -50.000, 0.300 ;  DIEL=7 ;
  7  POLY NAME= m1_2;  COORD=   -50.000, 0.300 ;   50.000, 0.300 ;   50.000, 0.650 ;   -50.000, 0.650 ;  DIEL=4.3 ;
  8  POLY NAME= m1_3;  COORD=   -50.000, 0.650 ;   50.000, 0.650 ;   50.000, 0.700 ;   -50.000, 0.700 ;  DIEL=4.3 ;
  9  POLY NAME= m1_4;  COORD=   -50.000, 0.700 ;   50.000, 0.700 ;   50.000, 0.750 ;   -50.000, 0.750 ;  DIEL=4.9 ;
 10  POLY NAME= m1_5;  COORD=   -50.000, 0.750 ;   50.000, 0.750 ;   50.000, 0.900 ;   -50.000, 0.900 ;  DIEL=4.1 ;
 11  POLY NAME= m2_1;  COORD=   -50.000, 0.900 ;   50.000, 0.900 ;   50.000, 0.950 ;   -50.000, 0.950 ;  DIEL=4.9 ;
 12  POLY NAME= m2_2;  COORD=   -50.000, 0.950 ;   50.000, 0.950 ;   50.000, 1.150 ;   -50.000, 1.150 ;  DIEL=2.9 ;
 13  POLY NAME= m2_3;  COORD=   -50.000, 1.150 ;   50.000, 1.150 ;   50.000, 1.170 ;   -50.000, 1.170 ;  DIEL=4.4 ;
 14  POLY NAME= m2_4;  COORD=   -50.000, 1.170 ;   50.000, 1.170 ;   50.000, 1.220 ;   -50.000, 1.220 ;  DIEL=4.9 ;
 15  POLY NAME= m2_5;  COORD=   -50.000, 1.220 ;   50.000, 1.220 ;   50.000, 1.420 ;   -50.000, 1.420 ;  DIEL=2.9 ;
 16  POLY NAME= m2_6;  COORD=   -50.000, 1.420 ;   50.000, 1.420 ;   50.000, 1.470 ;   -50.000, 1.470 ;  DIEL=4.4 ;
 17  POLY NAME= m3_1;  COORD=   -50.000, 1.470 ;   50.000, 1.470 ;   50.000, 1.520 ;   -50.000, 1.520 ;  DIEL=4.9 ;
 18  POLY NAME= m3_2;  COORD=   -50.000, 1.520 ;   50.000, 1.520 ;   50.000, 1.720 ;   -50.000, 1.720 ;  DIEL=2.9 ;
 19  POLY NAME= m3_3;  COORD=   -50.000, 1.720 ;   50.000, 1.720 ;   50.000, 1.740 ;   -50.000, 1.740 ;  DIEL=4.4 ;
 20  POLY NAME= m3_4;  COORD=   -50.000, 1.740 ;   50.000, 1.740 ;   50.000, 1.790 ;   -50.000, 1.790 ;  DIEL=4.9 ;
 21  POLY NAME= m3_5;  COORD=   -50.000, 1.790 ;   50.000, 1.790 ;   50.000, 1.990 ;   -50.000, 1.990 ;  DIEL=2.9 ;
 22  POLY NAME= m3_6;  COORD=   -50.000, 1.990 ;   50.000, 1.990 ;   50.000, 2.040 ;   -50.000, 2.040 ;  DIEL=4.4 ;
 23  POLY NAME= m4_1;  COORD=   -50.000, 2.040 ;   50.000, 2.040 ;   50.000, 2.090 ;   -50.000, 2.090 ;  DIEL=4.9 ;
 24  POLY NAME= m4_2;  COORD=   -50.000, 2.090 ;   50.000, 2.090 ;   50.000, 2.290 ;   -50.000, 2.290 ;  DIEL=2.9 ;
 25  POLY NAME= m4_3;  COORD=   -50.000, 2.290 ;   50.000, 2.290 ;   50.000, 2.310 ;   -50.000, 2.310 ;  DIEL=4.4 ;
 26  POLY NAME= m4_4;  COORD=   -50.000, 2.310 ;   50.000, 2.310 ;   50.000, 2.360 ;   -50.000, 2.360 ;  DIEL=4.9 ;
 27  POLY NAME= m4_5;  COORD=   -50.000, 2.360 ;   50.000, 2.360 ;   50.000, 2.560 ;   -50.000, 2.560 ;  DIEL=2.9 ;
 28  POLY NAME= m4_6;  COORD=   -50.000, 2.560 ;   50.000, 2.560 ;   50.000, 2.610 ;   -50.000, 2.610 ;  DIEL=4.4 ;
 29  POLY NAME= m5_1;  COORD=   -50.000, 2.610 ;   50.000, 2.610 ;   50.000, 2.660 ;   -50.000, 2.660 ;  DIEL=4.9 ;
 30  POLY NAME= m5_2;  COORD=   -50.000, 2.660 ;   50.000, 2.660 ;   50.000, 2.860 ;   -50.000, 2.860 ;  DIEL=2.9 ;
 31  POLY NAME= m5_3;  COORD=   -50.000, 2.860 ;   50.000, 2.860 ;   50.000, 2.880 ;   -50.000, 2.880 ;  DIEL=4.4 ;
 32  POLY NAME= m5_4;  COORD=   -50.000, 2.880 ;   50.000, 2.880 ;   50.000, 2.930 ;   -50.000, 2.930 ;  DIEL=4.9 ;
 33  POLY NAME= m5_5;  COORD=   -50.000, 2.930 ;   50.000, 2.930 ;   50.000, 3.130 ;   -50.000, 3.130 ;  DIEL=2.9 ;
 34  POLY NAME= m5_6;  COORD=   -50.000, 3.130 ;   50.000, 3.130 ;   50.000, 3.180 ;   -50.000, 3.180 ;  DIEL=4.4 ;
 35  POLY NAME= m6_1;  COORD=   -50.000, 3.180 ;   50.000, 3.180 ;   50.000, 3.280 ;   -50.000, 3.280 ;  DIEL=4.9 ;
 36  POLY NAME= m6_2;  COORD=   -50.000, 3.280 ;   50.000, 3.280 ;   50.000, 3.780 ;   -50.000, 3.780 ;  DIEL=4.4 ;
 37  POLY NAME= m6_3;  COORD=   -50.000, 3.780 ;   50.000, 3.780 ;   50.000, 3.880 ;   -50.000, 3.880 ;  DIEL=4.4 ;
 38  POLY NAME= m6_4;  COORD=   -50.000, 3.880 ;   50.000, 3.880 ;   50.000, 3.980 ;   -50.000, 3.980 ;  DIEL=4.9 ;
 39  POLY NAME= m6_5;  COORD=   -50.000, 3.980 ;   50.000, 3.980 ;   50.000, 4.680 ;   -50.000, 4.680 ;  DIEL=4.4 ;
 40  POLY NAME= m7_1;  COORD=   -50.000, 4.680 ;   50.000, 4.680 ;   50.000, 4.780 ;   -50.000, 4.780 ;  DIEL=4.9 ;
 41  POLY NAME= m7_2;  COORD=   -50.000, 4.780 ;   50.000, 4.780 ;   50.000, 5.530 ;   -50.000, 5.530 ;  DIEL=4.4 ;
 42  POLY NAME= m7_3;  COORD=   -50.000, 5.530 ;   50.000, 5.530 ;   50.000, 5.580 ;   -50.000, 5.580 ;  DIEL=4.4 ;
 43  POLY NAME= m7_4;  COORD=   -50.000, 5.580 ;   50.000, 5.580 ;   50.000, 5.700 ;   -50.000, 5.700 ;  DIEL=4.9 ;
 44  POLY NAME= m7_5;  COORD=   -50.000, 5.700 ;   50.000, 5.700 ;   50.000, 6.730 ;   -50.000, 6.730 ;  DIEL=4.4 ;
 45  POLY NAME= m7_2;  COORD=   -50.000, 6.730 ;   50.000, 6.730 ;   50.000, 7.480 ;   -50.000, 7.480 ;  DIEL=4.4 ;
 46  POLY NAME= m7_3;  COORD=   -50.000, 7.480 ;   50.000, 7.480 ;   50.000, 7.530 ;   -50.000, 7.530 ;  DIEL=4.4 ;
 47  POLY NAME= m7_4;  COORD=   -50.000, 7.530 ;   50.000, 7.530 ;   50.000, 7.650 ;   -50.000, 7.650 ;  DIEL=4.9 ;
 48  POLY NAME= m7_5;  COORD=   -50.000, 7.650 ;   50.000, 7.650 ;   50.000, 8.680 ;   -50.000, 8.680 ;  DIEL=4.4 ;
 49  POLY NAME= air_1;  COORD=   -50.000, 8.680 ;   50.000, 8.680 ;   50.000, 8.980 ;   -50.000, 8.980 ;  DIEL=6 ;
 50  POLY NAME= air_2;  COORD=   -50.000, 8.980 ;   50.000, 8.980 ;   50.000,15.880 ;   -50.000,15.880 ;  DIEL=2.9 ;
 51  
 52  $ Simulation window
 53  WINDOW X1=-0.5*window_width; Y1=0; X2=0.5*window_width; Y2=window_thichness; DIEL=1.0;
 54  
 55  $ Ground Plane(s)
 56  POLY NAME= M0__GND;  COORD=   -50.000,-1.000 ;   50.000,-1.000 ;   50.000, 0.000 ;   -50.000, 0.000 ;  VOLT=0 ;
 57  OPTIONS SET_GRID=10000;
 58  
 59  $ Layout params w= 0.14 s= 1.4 r= 0
 60  
 61  $ Layout/Eff  0.140  0.140 top_width
 62  $ Layout/Eff  0.140 0.14 bot_width
 63  $ Layout/Eff  1.400  1.400 spacing
 64  $ Layout/Eff  0.650  0.650 height 
 65  $ Layout/Eff  0.250  0.250 thicknes
 66  
 67  POLY NAME=M1_w1; COORD=   -2.170, 0.650 ;   -2.030, 0.650 ;   -2.030, 0.900 ;   -2.170, 0.900 ;  VOLT=0
 68  POLY NAME=M1_w2; COORD=   -1.890, 0.650 ;   -1.750, 0.650 ;   -1.750, 0.900 ;   -1.890, 0.900 ;  VOLT=0
 69  POLY NAME=M1_w3; COORD=   -1.610, 0.650 ;   -1.470, 0.650 ;   -1.470, 0.900 ;   -1.610, 0.900 ;  VOLT=0
 70  POLY NAME=M1_w4; COORD=   -0.070, 0.650 ;    0.070, 0.650 ;    0.070, 0.900 ;   -0.070, 0.900 ;  VOLT=1
 71  POLY NAME=M1_w5; COORD=    1.470, 0.650 ;    1.610, 0.650 ;    1.610, 0.900 ;    1.470, 0.900 ;  VOLT=0
 72  POLY NAME=M1_w6; COORD=    1.750, 0.650 ;    1.890, 0.650 ;    1.890, 0.900 ;    1.750, 0.900 ;  VOLT=0
 73  
 74  OPTIONS SET_GRID=10000;
 75  
 76  CAPACITANCE


 *** CAPACITANCE [Farad / (1e-06*m)] CALCULATION: (C)(V)=(Q)

              M0__GND          M1_w1          M1_w2          M1_w3          M1_w4          M1_w5          M1_w6     
   M0__GND   2.918083e-16  -5.095504e-17  -2.386776e-17  -4.580842e-17  -7.127831e-17  -4.720427e-17  -5.269971e-17 
     M1_w1  -5.031331e-17   1.677301e-16  -1.060523e-16  -8.553849e-18  -1.855733e-18  -4.663597e-19  -4.910475e-19 
     M1_w2  -2.377465e-17  -1.061703e-16   2.383331e-16  -1.059859e-16  -1.788306e-18  -3.098694e-19  -3.057671e-19 
     M1_w3  -4.360471e-17  -8.632543e-18  -1.059538e-16   1.687552e-16  -8.955227e-18  -9.062078e-19  -7.052335e-19 
     M1_w4  -6.807167e-17  -1.935825e-18  -1.647453e-18  -8.918742e-18   9.245651e-17  -8.992691e-18  -2.892162e-18 
     M1_w5  -4.617083e-17  -6.156972e-19  -2.716652e-19  -9.325345e-19  -9.053936e-18   1.683133e-16  -1.112708e-16 
     M1_w6  -5.209202e-17  -5.031273e-19  -1.900613e-19  -5.862678e-19  -2.856244e-18  -1.112315e-16   1.674573e-16 

regrid   nx   ny     total   iter  lin_tol.   rgd_tol
     0   60  163      9780    26 9.258e-05  N.A. 
     1   71  140      9940    18 9.191e-05  7.580e-01 % 
regrid tolerance : 7.58e-01 %

regrid   nx   ny     total   iter  lin_tol.   rgd_tol
     0   60  163      9780    24 8.936e-05  N.A. 
     1   76  130      9880    20 7.926e-05  3.252e+00 % 
regrid tolerance : 3.25e+00 %

regrid   nx   ny     total   iter  lin_tol.   rgd_tol
     0   60  163      9780    24 7.228e-05  N.A. 
     1   72  137      9864    18 8.232e-05  3.096e+00 % 
regrid tolerance : 3.10e+00 %

regrid   nx   ny     total   iter  lin_tol.   rgd_tol
     0   60  163      9780    24 9.490e-05  N.A. 
     1   75  131      9825    19 8.608e-05  3.332e+00 % 
regrid tolerance : 3.33e+00 %

regrid   nx   ny     total   iter  lin_tol.   rgd_tol
     0   60  163      9780    24 8.837e-05  N.A. 
     1   79  126      9954    20 7.545e-05  4.010e+00 % 
regrid tolerance : 4.01e+00 %

regrid   nx   ny     total   iter  lin_tol.   rgd_tol
     0   60  163      9780    24 9.173e-05  N.A. 
     1   77  129      9933    20 6.791e-05  3.366e+00 % 
regrid tolerance : 3.37e+00 %

regrid   nx   ny     total   iter  lin_tol.   rgd_tol
     0   60  163      9780    24 7.588e-05  N.A. 
     1   77  128      9856    19 7.603e-05  3.219e+00 % 
regrid tolerance : 3.22e+00 %

 ==> SPICE Models for Total Capacitance [Farad / (1e-06*m)]

 C_1_1 M0__GND OTHERS 2.918083e-16
 C_2_2 M1_w1 OTHERS 1.677301e-16
 C_3_3 M1_w2 OTHERS 2.383331e-16
 C_4_4 M1_w3 OTHERS 1.687552e-16
 C_5_5 M1_w4 OTHERS 9.245651e-17
 C_6_6 M1_w5 OTHERS 1.683133e-16
 C_7_7 M1_w6 OTHERS 1.674573e-16

 ==> SPICE Models for Entire Capacitance Matrix [Farad / (1e-06*m)]

 C_1_2 M0__GND M1_w1 5.063418e-17
 C_1_3 M0__GND M1_w2 2.382120e-17
 C_1_4 M0__GND M1_w3 4.470656e-17
 C_1_5 M0__GND M1_w4 6.967499e-17
 C_1_6 M0__GND M1_w5 4.668755e-17
 C_1_7 M0__GND M1_w6 5.239586e-17
 C_2_3 M1_w1 M1_w2 1.061113e-16
 C_2_4 M1_w1 M1_w3 8.593196e-18
 C_2_5 M1_w1 M1_w4 1.895779e-18
 C_2_6 M1_w1 M1_w5 5.410285e-19
 C_2_7 M1_w1 M1_w6 4.970874e-19
 C_3_4 M1_w2 M1_w3 1.059699e-16
 C_3_5 M1_w2 M1_w4 1.717880e-18
 C_3_6 M1_w2 M1_w5 2.907673e-19
 C_3_7 M1_w2 M1_w6 2.479142e-19
 C_4_5 M1_w3 M1_w4 8.936985e-18
 C_4_6 M1_w3 M1_w5 9.193711e-19
 C_4_7 M1_w3 M1_w6 6.457506e-19
 C_5_6 M1_w4 M1_w5 9.023313e-18
 C_5_7 M1_w4 M1_w6 2.874203e-18
 C_6_7 M1_w5 M1_w6 1.112512e-16

