/import/programs/synopsys/raphael/S-2021.06/raphael_2021.06.0/linux64/bin/rc3x -n -x -o wires_3D.out wires 

      ********************************************************
      ***                 RAPHAEL RC3 (TM)                 ***
      ***                 Version S-2021.06                ***
      ***             System K (PC: Linux64)               ***
      ***            Copyright (C) 1991 - 2021             ***
      ***                  Synopsys, Inc.                  ***
      ***                                                  ***
      ***  This software and the associated documentation  ***
      ***  are confidential and proprietary to Synopsys,   ***
      ***  Inc.  Your use or disclosure of this software   ***
      ***  is subject to the terms and conditions of a     ***
      ***  written license agreement between you, or your  ***
      ***  company, and Synopsys, Inc.                     ***
      ********************************************************

  1  $pattern raphFiles3D/Under6/M1uM2/D0/W0.14/S0.56
  2  
  3  param window_width=20;
  4  param window_thichness=19.056;
  5  param window_length=20;
  6  POLY3D NAME= p1_1;  COORD=   -10.000, 0.000 ;   10.000, 0.000 ;   10.000, 0.250 ;   -10.000, 0.250 ; V1=0,0,0; HEIGHT=20; DIEL=4.1 ;
  7  POLY3D NAME= m1_1;  COORD=   -10.000, 0.250 ;   10.000, 0.250 ;   10.000, 0.300 ;   -10.000, 0.300 ; V1=0,0,0; HEIGHT=20; DIEL=7 ;
  8  POLY3D NAME= m1_2;  COORD=   -10.000, 0.300 ;   10.000, 0.300 ;   10.000, 0.650 ;   -10.000, 0.650 ; V1=0,0,0; HEIGHT=20; DIEL=4.3 ;
  9  POLY3D NAME= m1_3;  COORD=   -10.000, 0.650 ;   10.000, 0.650 ;   10.000, 0.700 ;   -10.000, 0.700 ; V1=0,0,0; HEIGHT=20; DIEL=4.3 ;
 10  POLY3D NAME= m1_4;  COORD=   -10.000, 0.700 ;   10.000, 0.700 ;   10.000, 0.750 ;   -10.000, 0.750 ; V1=0,0,0; HEIGHT=20; DIEL=4.9 ;
 11  POLY3D NAME= m1_5;  COORD=   -10.000, 0.750 ;   10.000, 0.750 ;   10.000, 0.900 ;   -10.000, 0.900 ; V1=0,0,0; HEIGHT=20; DIEL=4.1 ;
 12  POLY3D NAME= m2_1;  COORD=   -10.000, 0.900 ;   10.000, 0.900 ;   10.000, 0.950 ;   -10.000, 0.950 ; V1=0,0,0; HEIGHT=20; DIEL=4.9 ;
 13  POLY3D NAME= m2_2;  COORD=   -10.000, 0.950 ;   10.000, 0.950 ;   10.000, 1.150 ;   -10.000, 1.150 ; V1=0,0,0; HEIGHT=20; DIEL=2.9 ;
 14  POLY3D NAME= m2_3;  COORD=   -10.000, 1.150 ;   10.000, 1.150 ;   10.000, 1.170 ;   -10.000, 1.170 ; V1=0,0,0; HEIGHT=20; DIEL=4.4 ;
 15  POLY3D NAME= m2_4;  COORD=   -10.000, 1.170 ;   10.000, 1.170 ;   10.000, 1.220 ;   -10.000, 1.220 ; V1=0,0,0; HEIGHT=20; DIEL=4.9 ;
 16  POLY3D NAME= m2_5;  COORD=   -10.000, 1.220 ;   10.000, 1.220 ;   10.000, 1.420 ;   -10.000, 1.420 ; V1=0,0,0; HEIGHT=20; DIEL=2.9 ;
 17  POLY3D NAME= m2_6;  COORD=   -10.000, 1.420 ;   10.000, 1.420 ;   10.000, 1.470 ;   -10.000, 1.470 ; V1=0,0,0; HEIGHT=20; DIEL=4.4 ;
 18  POLY3D NAME= m3_1;  COORD=   -10.000, 1.470 ;   10.000, 1.470 ;   10.000, 1.520 ;   -10.000, 1.520 ; V1=0,0,0; HEIGHT=20; DIEL=4.9 ;
 19  POLY3D NAME= m3_2;  COORD=   -10.000, 1.520 ;   10.000, 1.520 ;   10.000, 1.720 ;   -10.000, 1.720 ; V1=0,0,0; HEIGHT=20; DIEL=2.9 ;
 20  POLY3D NAME= m3_3;  COORD=   -10.000, 1.720 ;   10.000, 1.720 ;   10.000, 1.740 ;   -10.000, 1.740 ; V1=0,0,0; HEIGHT=20; DIEL=4.4 ;
 21  POLY3D NAME= m3_4;  COORD=   -10.000, 1.740 ;   10.000, 1.740 ;   10.000, 1.790 ;   -10.000, 1.790 ; V1=0,0,0; HEIGHT=20; DIEL=4.9 ;
 22  POLY3D NAME= m3_5;  COORD=   -10.000, 1.790 ;   10.000, 1.790 ;   10.000, 1.990 ;   -10.000, 1.990 ; V1=0,0,0; HEIGHT=20; DIEL=2.9 ;
 23  POLY3D NAME= m3_6;  COORD=   -10.000, 1.990 ;   10.000, 1.990 ;   10.000, 2.040 ;   -10.000, 2.040 ; V1=0,0,0; HEIGHT=20; DIEL=4.4 ;
 24  POLY3D NAME= m4_1;  COORD=   -10.000, 2.040 ;   10.000, 2.040 ;   10.000, 2.090 ;   -10.000, 2.090 ; V1=0,0,0; HEIGHT=20; DIEL=4.9 ;
 25  POLY3D NAME= m4_2;  COORD=   -10.000, 2.090 ;   10.000, 2.090 ;   10.000, 2.290 ;   -10.000, 2.290 ; V1=0,0,0; HEIGHT=20; DIEL=2.9 ;
 26  POLY3D NAME= m4_3;  COORD=   -10.000, 2.290 ;   10.000, 2.290 ;   10.000, 2.310 ;   -10.000, 2.310 ; V1=0,0,0; HEIGHT=20; DIEL=4.4 ;
 27  POLY3D NAME= m4_4;  COORD=   -10.000, 2.310 ;   10.000, 2.310 ;   10.000, 2.360 ;   -10.000, 2.360 ; V1=0,0,0; HEIGHT=20; DIEL=4.9 ;
 28  POLY3D NAME= m4_5;  COORD=   -10.000, 2.360 ;   10.000, 2.360 ;   10.000, 2.560 ;   -10.000, 2.560 ; V1=0,0,0; HEIGHT=20; DIEL=2.9 ;
 29  POLY3D NAME= m4_6;  COORD=   -10.000, 2.560 ;   10.000, 2.560 ;   10.000, 2.610 ;   -10.000, 2.610 ; V1=0,0,0; HEIGHT=20; DIEL=4.4 ;
 30  POLY3D NAME= m5_1;  COORD=   -10.000, 2.610 ;   10.000, 2.610 ;   10.000, 2.660 ;   -10.000, 2.660 ; V1=0,0,0; HEIGHT=20; DIEL=4.9 ;
 31  POLY3D NAME= m5_2;  COORD=   -10.000, 2.660 ;   10.000, 2.660 ;   10.000, 2.860 ;   -10.000, 2.860 ; V1=0,0,0; HEIGHT=20; DIEL=2.9 ;
 32  POLY3D NAME= m5_3;  COORD=   -10.000, 2.860 ;   10.000, 2.860 ;   10.000, 2.880 ;   -10.000, 2.880 ; V1=0,0,0; HEIGHT=20; DIEL=4.4 ;
 33  POLY3D NAME= m5_4;  COORD=   -10.000, 2.880 ;   10.000, 2.880 ;   10.000, 2.930 ;   -10.000, 2.930 ; V1=0,0,0; HEIGHT=20; DIEL=4.9 ;
 34  POLY3D NAME= m5_5;  COORD=   -10.000, 2.930 ;   10.000, 2.930 ;   10.000, 3.130 ;   -10.000, 3.130 ; V1=0,0,0; HEIGHT=20; DIEL=2.9 ;
 35  POLY3D NAME= m5_6;  COORD=   -10.000, 3.130 ;   10.000, 3.130 ;   10.000, 3.180 ;   -10.000, 3.180 ; V1=0,0,0; HEIGHT=20; DIEL=4.4 ;
 36  POLY3D NAME= m6_1;  COORD=   -10.000, 3.180 ;   10.000, 3.180 ;   10.000, 3.280 ;   -10.000, 3.280 ; V1=0,0,0; HEIGHT=20; DIEL=4.9 ;
 37  POLY3D NAME= m6_2;  COORD=   -10.000, 3.280 ;   10.000, 3.280 ;   10.000, 3.780 ;   -10.000, 3.780 ; V1=0,0,0; HEIGHT=20; DIEL=4.4 ;
 38  POLY3D NAME= m6_3;  COORD=   -10.000, 3.780 ;   10.000, 3.780 ;   10.000, 3.880 ;   -10.000, 3.880 ; V1=0,0,0; HEIGHT=20; DIEL=4.4 ;
 39  POLY3D NAME= m6_4;  COORD=   -10.000, 3.880 ;   10.000, 3.880 ;   10.000, 3.980 ;   -10.000, 3.980 ; V1=0,0,0; HEIGHT=20; DIEL=4.9 ;
 40  POLY3D NAME= m6_5;  COORD=   -10.000, 3.980 ;   10.000, 3.980 ;   10.000, 4.680 ;   -10.000, 4.680 ; V1=0,0,0; HEIGHT=20; DIEL=4.4 ;
 41  POLY3D NAME= m7_1;  COORD=   -10.000, 4.680 ;   10.000, 4.680 ;   10.000, 4.780 ;   -10.000, 4.780 ; V1=0,0,0; HEIGHT=20; DIEL=4.9 ;
 42  POLY3D NAME= m7_2;  COORD=   -10.000, 4.780 ;   10.000, 4.780 ;   10.000, 5.530 ;   -10.000, 5.530 ; V1=0,0,0; HEIGHT=20; DIEL=4.4 ;
 43  POLY3D NAME= m7_3;  COORD=   -10.000, 5.530 ;   10.000, 5.530 ;   10.000, 5.580 ;   -10.000, 5.580 ; V1=0,0,0; HEIGHT=20; DIEL=4.4 ;
 44  POLY3D NAME= m7_4;  COORD=   -10.000, 5.580 ;   10.000, 5.580 ;   10.000, 5.700 ;   -10.000, 5.700 ; V1=0,0,0; HEIGHT=20; DIEL=4.9 ;
 45  POLY3D NAME= m7_5;  COORD=   -10.000, 5.700 ;   10.000, 5.700 ;   10.000, 6.730 ;   -10.000, 6.730 ; V1=0,0,0; HEIGHT=20; DIEL=4.4 ;
 46  POLY3D NAME= m7_2;  COORD=   -10.000, 6.730 ;   10.000, 6.730 ;   10.000, 7.480 ;   -10.000, 7.480 ; V1=0,0,0; HEIGHT=20; DIEL=4.4 ;
 47  POLY3D NAME= m7_3;  COORD=   -10.000, 7.480 ;   10.000, 7.480 ;   10.000, 7.530 ;   -10.000, 7.530 ; V1=0,0,0; HEIGHT=20; DIEL=4.4 ;
 48  POLY3D NAME= m7_4;  COORD=   -10.000, 7.530 ;   10.000, 7.530 ;   10.000, 7.650 ;   -10.000, 7.650 ; V1=0,0,0; HEIGHT=20; DIEL=4.9 ;
 49  POLY3D NAME= m7_5;  COORD=   -10.000, 7.650 ;   10.000, 7.650 ;   10.000, 8.680 ;   -10.000, 8.680 ; V1=0,0,0; HEIGHT=20; DIEL=4.4 ;
 50  POLY3D NAME= air_1; COORD=   -10.000, 8.680 ;   10.000, 8.680 ;   10.000, 8.980 ;   -10.000, 8.980 ; V1=0,0,0; HEIGHT=20; DIEL=6 ;
 51  POLY3D NAME= air_2; COORD=   -10.000, 8.980 ;   10.000, 8.980 ;   10.000,15.880 ;   -10.000,15.880 ; V1=0,0,0; HEIGHT=20; DIEL=2.9 ;
 52  
 53  $ Simulation window
 54  WINDOW3D V1=-0.5*window_width,0,0; V2=0.5*window_width,window_thichness,window_length; DIEL=1.0;
 55  
 56  $ Ground Plane(s)
 57  POLY3D NAME= M0__w0;  COORD=   -10.000,-1.000 ;   10.000,-1.000 ;   10.000, 0.000 ;   -10.000, 0.000 ;  V1=0,0,0; HEIGHT=20; VOLT=0 ;
 58  OPTIONS SET_GRID=1000000;
 59  
 60  POLY3D NAME= M2__w0;  COORD=   -10.000, 1.170 ;   10.000, 1.170 ;   10.000, 1.470 ;   -10.000, 1.470 ;  V1=0,0,0; HEIGHT=20; VOLT=0 ;
 61  OPTIONS SET_GRID=1000000;
 62  
 63  $ Layout params w= 0.14 s= 0.56 r= 0
 64  
 65  $ Layout/Eff  0.140  0.140 top_width
 66  $ Layout/Eff  0.140 0.14 bot_width
 67  $ Layout/Eff  0.560  0.560 spacing
 68  $ Layout/Eff  0.650  0.650 height 
 69  $ Layout/Eff  0.250  0.250 thicknes
 70  
 71  POLY3D NAME=M1_w1; COORD=   -1.330, 0.650 ;   -1.190, 0.650 ;   -1.190, 0.900 ;   -1.330, 0.900 ; V1=0,0,10; HEIGHT=2; VOLT=0
 72  POLY3D NAME=M1_w2; COORD=   -1.050, 0.650 ;   -0.910, 0.650 ;   -0.910, 0.900 ;   -1.050, 0.900 ; V1=0,0,10; HEIGHT=2; VOLT=0
 73  POLY3D NAME=M1_w3; COORD=   -0.770, 0.650 ;   -0.630, 0.650 ;   -0.630, 0.900 ;   -0.770, 0.900 ; V1=0,0,10; HEIGHT=2; VOLT=0
 74  POLY3D NAME=M1_w4; COORD=   -0.070, 0.650 ;    0.070, 0.650 ;    0.070, 0.900 ;   -0.070, 0.900 ; V1=0,0,10; HEIGHT=2; VOLT=1
 75  POLY3D NAME=M1_w5; COORD=    0.630, 0.650 ;    0.770, 0.650 ;    0.770, 0.900 ;    0.630, 0.900 ; V1=0,0,10; HEIGHT=2; VOLT=0
 76  POLY3D NAME=M1_w6; COORD=    0.910, 0.650 ;    1.050, 0.650 ;    1.050, 0.900 ;    0.910, 0.900 ;  V1=0,0,10; HEIGHT=2; VOLT=0
 77  
 78  OPTIONS SET_GRID=1000000;
 79  
 80  CAPACITANCE


 *** CAPACITANCE [Farad] CALCULATION: (C)(V)=(Q)

               M0__w0         M2__w0          M1_w1          M1_w2          M1_w3          M1_w4          M1_w5          M1_w6     
    M0__w0   1.235293e-14  -1.191508e-14  -8.136736e-17  -4.759734e-17  -6.744399e-17  -8.998727e-17  -6.939689e-17  -8.205503e-17 
    M2__w0  -1.191572e-14   1.263265e-14  -1.315474e-16  -7.905811e-17  -1.115167e-16  -1.483712e-16  -1.137584e-16  -1.326747e-16 
     M1_w1  -8.000494e-17  -1.304029e-16   4.215470e-16  -2.024213e-16  -7.876396e-18  -8.071814e-19  -4.843249e-20  -7.434180e-21 
     M1_w2  -4.745519e-17  -7.886177e-17  -2.025784e-16   5.339166e-16  -2.022000e-16  -2.675905e-18  -1.409133e-19  -1.999058e-20 
     M1_w3  -6.664714e-17  -1.106831e-16  -7.571391e-18  -2.020398e-16   4.272474e-16  -3.910140e-17  -1.081044e-18  -1.433351e-19 
     M1_w4  -8.829631e-17  -1.451589e-16  -7.355755e-19  -2.593579e-18  -3.916370e-17   3.179274e-16  -3.916428e-17  -2.845197e-18 
     M1_w5  -6.848016e-17  -1.127810e-16  -4.271614e-20  -1.299474e-19  -1.078115e-18  -3.908156e-17   4.271580e-16  -2.055834e-16 
     M1_w6  -8.101912e-17  -1.313994e-16  -7.700443e-21  -2.138580e-20  -1.659280e-19  -3.034907e-18  -2.057712e-16   4.213845e-16 

regrid   nx   ny   nz     total   iter  lin_tol.   rgd_tol
     0   90  273   38    933660    26 7.109e-05  N.A. 
     1   59  487   34    976922    50 8.537e-05  1.725e-01 % 
regrid tolerance : 1.72e-01 %

regrid   nx   ny   nz     total   iter  lin_tol.   rgd_tol
     0   90  273   38    933660    40 8.036e-05  N.A. 
     1   65  390   38    963300    54 8.355e-05  1.896e-01 % 
regrid tolerance : 1.90e-01 %

regrid   nx   ny   nz     total   iter  lin_tol.   rgd_tol
     0   90  273   38    933660    22 8.028e-05  N.A. 
     1  117  245   34    974610    36 9.905e-05  2.114e+00 % 
regrid tolerance : 2.11e+00 %

regrid   nx   ny   nz     total   iter  lin_tol.   rgd_tol
     0   90  273   38    933660    22 6.920e-05  N.A. 
     1  117  250   33    965250    38 9.485e-05  1.947e+00 % 
regrid tolerance : 1.95e+00 %

regrid   nx   ny   nz     total   iter  lin_tol.   rgd_tol
     0   90  273   38    933660    22 7.041e-05  N.A. 
     1  113  249   35    984795    36 8.495e-05  1.847e+00 % 
regrid tolerance : 1.85e+00 %

regrid   nx   ny   nz     total   iter  lin_tol.   rgd_tol
     0   90  273   38    933660    21 7.366e-05  N.A. 
     1  111  248   36    991008    31 9.961e-05  1.542e+00 % 
regrid tolerance : 1.54e+00 %

regrid   nx   ny   nz     total   iter  lin_tol.   rgd_tol
     0   90  273   38    933660    22 7.578e-05  N.A. 
     1  115  248   34    969680    36 9.041e-05  1.831e+00 % 
regrid tolerance : 1.83e+00 %

regrid   nx   ny   nz     total   iter  lin_tol.   rgd_tol
     0   90  273   38    933660    22 6.274e-05  N.A. 
     1  119  245   34    991270    35 9.173e-05  2.125e+00 % 
regrid tolerance : 2.12e+00 %

 ==> SPICE Models for Total Capacitance (in Farad)

 C_0_0 M0__w0 OTHERS 1.235293e-14
 C_1_1 M2__w0 OTHERS 1.263265e-14
 C_2_2 M1_w1 OTHERS 4.215470e-16
 C_3_3 M1_w2 OTHERS 5.339166e-16
 C_4_4 M1_w3 OTHERS 4.272474e-16
 C_5_5 M1_w4 OTHERS 3.179274e-16
 C_6_6 M1_w5 OTHERS 4.271580e-16
 C_7_7 M1_w6 OTHERS 4.213845e-16

 ==> SPICE Models for Entire Capacitance Matrix (in Farad)

 C_0_1 M0__w0 M2__w0 1.191540e-14
 C_0_2 M0__w0 M1_w1 8.068615e-17
 C_0_3 M0__w0 M1_w2 4.752626e-17
 C_0_4 M0__w0 M1_w3 6.704557e-17
 C_0_5 M0__w0 M1_w4 8.914179e-17
 C_0_6 M0__w0 M1_w5 6.893853e-17
 C_0_7 M0__w0 M1_w6 8.153708e-17
 C_1_2 M2__w0 M1_w1 1.309751e-16
 C_1_3 M2__w0 M1_w2 7.895994e-17
 C_1_4 M2__w0 M1_w3 1.110999e-16
 C_1_5 M2__w0 M1_w4 1.467650e-16
 C_1_6 M2__w0 M1_w5 1.132697e-16
 C_1_7 M2__w0 M1_w6 1.320371e-16
 C_2_3 M1_w1 M1_w2 2.024999e-16
 C_2_4 M1_w1 M1_w3 7.723893e-18
 C_2_5 M1_w1 M1_w4 7.713784e-19
 C_2_6 M1_w1 M1_w5 4.557431e-20
 C_2_7 M1_w1 M1_w6 7.567312e-21
 C_3_4 M1_w2 M1_w3 2.021199e-16
 C_3_5 M1_w2 M1_w4 2.634742e-18
 C_3_6 M1_w2 M1_w5 1.354303e-19
 C_3_7 M1_w2 M1_w6 2.068819e-20
 C_4_5 M1_w3 M1_w4 3.913255e-17
 C_4_6 M1_w3 M1_w5 1.079580e-18
 C_4_7 M1_w3 M1_w6 1.546315e-19
 C_5_6 M1_w4 M1_w5 3.912292e-17
 C_5_7 M1_w4 M1_w6 2.940052e-18
 C_6_7 M1_w5 M1_w6 2.056773e-16

