/import/programs/synopsys/raphael/S-2021.06/raphael_2021.06.0/linux64/bin/rc3x -n -x -o wires_3D.out wires 

      ********************************************************
      ***                 RAPHAEL RC3 (TM)                 ***
      ***                 Version S-2021.06                ***
      ***             System K (PC: Linux64)               ***
      ***            Copyright (C) 1991 - 2021             ***
      ***                  Synopsys, Inc.                  ***
      ***                                                  ***
      ***  This software and the associated documentation  ***
      ***  are confidential and proprietary to Synopsys,   ***
      ***  Inc.  Your use or disclosure of this software   ***
      ***  is subject to the terms and conditions of a     ***
      ***  written license agreement between you, or your  ***
      ***  company, and Synopsys, Inc.                     ***
      ********************************************************

  1  $pattern raphFiles3D/OverUnder6/M2oM1uM3/D0/W0.14/S0.14
  2  
  3  param window_width=20;
  4  param window_thichness=19.056;
  5  param window_length=20;
  6  POLY3D NAME= p1_1;  COORD=   -10.000, 0.000 ;   10.000, 0.000 ;   10.000, 0.250 ;   -10.000, 0.250 ; V1=0,0,0; HEIGHT=20; DIEL=4.1 ;
  7  POLY3D NAME= m1_1;  COORD=   -10.000, 0.250 ;   10.000, 0.250 ;   10.000, 0.300 ;   -10.000, 0.300 ; V1=0,0,0; HEIGHT=20; DIEL=7 ;
  8  POLY3D NAME= m1_2;  COORD=   -10.000, 0.300 ;   10.000, 0.300 ;   10.000, 0.650 ;   -10.000, 0.650 ; V1=0,0,0; HEIGHT=20; DIEL=4.3 ;
  9  POLY3D NAME= m1_3;  COORD=   -10.000, 0.650 ;   10.000, 0.650 ;   10.000, 0.700 ;   -10.000, 0.700 ; V1=0,0,0; HEIGHT=20; DIEL=4.3 ;
 10  POLY3D NAME= m1_4;  COORD=   -10.000, 0.700 ;   10.000, 0.700 ;   10.000, 0.750 ;   -10.000, 0.750 ; V1=0,0,0; HEIGHT=20; DIEL=4.9 ;
 11  POLY3D NAME= m1_5;  COORD=   -10.000, 0.750 ;   10.000, 0.750 ;   10.000, 0.900 ;   -10.000, 0.900 ; V1=0,0,0; HEIGHT=20; DIEL=4.1 ;
 12  POLY3D NAME= m2_1;  COORD=   -10.000, 0.900 ;   10.000, 0.900 ;   10.000, 0.950 ;   -10.000, 0.950 ; V1=0,0,0; HEIGHT=20; DIEL=4.9 ;
 13  POLY3D NAME= m2_2;  COORD=   -10.000, 0.950 ;   10.000, 0.950 ;   10.000, 1.150 ;   -10.000, 1.150 ; V1=0,0,0; HEIGHT=20; DIEL=2.9 ;
 14  POLY3D NAME= m2_3;  COORD=   -10.000, 1.150 ;   10.000, 1.150 ;   10.000, 1.170 ;   -10.000, 1.170 ; V1=0,0,0; HEIGHT=20; DIEL=4.4 ;
 15  POLY3D NAME= m2_4;  COORD=   -10.000, 1.170 ;   10.000, 1.170 ;   10.000, 1.220 ;   -10.000, 1.220 ; V1=0,0,0; HEIGHT=20; DIEL=4.9 ;
 16  POLY3D NAME= m2_5;  COORD=   -10.000, 1.220 ;   10.000, 1.220 ;   10.000, 1.420 ;   -10.000, 1.420 ; V1=0,0,0; HEIGHT=20; DIEL=2.9 ;
 17  POLY3D NAME= m2_6;  COORD=   -10.000, 1.420 ;   10.000, 1.420 ;   10.000, 1.470 ;   -10.000, 1.470 ; V1=0,0,0; HEIGHT=20; DIEL=4.4 ;
 18  POLY3D NAME= m3_1;  COORD=   -10.000, 1.470 ;   10.000, 1.470 ;   10.000, 1.520 ;   -10.000, 1.520 ; V1=0,0,0; HEIGHT=20; DIEL=4.9 ;
 19  POLY3D NAME= m3_2;  COORD=   -10.000, 1.520 ;   10.000, 1.520 ;   10.000, 1.720 ;   -10.000, 1.720 ; V1=0,0,0; HEIGHT=20; DIEL=2.9 ;
 20  POLY3D NAME= m3_3;  COORD=   -10.000, 1.720 ;   10.000, 1.720 ;   10.000, 1.740 ;   -10.000, 1.740 ; V1=0,0,0; HEIGHT=20; DIEL=4.4 ;
 21  POLY3D NAME= m3_4;  COORD=   -10.000, 1.740 ;   10.000, 1.740 ;   10.000, 1.790 ;   -10.000, 1.790 ; V1=0,0,0; HEIGHT=20; DIEL=4.9 ;
 22  POLY3D NAME= m3_5;  COORD=   -10.000, 1.790 ;   10.000, 1.790 ;   10.000, 1.990 ;   -10.000, 1.990 ; V1=0,0,0; HEIGHT=20; DIEL=2.9 ;
 23  POLY3D NAME= m3_6;  COORD=   -10.000, 1.990 ;   10.000, 1.990 ;   10.000, 2.040 ;   -10.000, 2.040 ; V1=0,0,0; HEIGHT=20; DIEL=4.4 ;
 24  POLY3D NAME= m4_1;  COORD=   -10.000, 2.040 ;   10.000, 2.040 ;   10.000, 2.090 ;   -10.000, 2.090 ; V1=0,0,0; HEIGHT=20; DIEL=4.9 ;
 25  POLY3D NAME= m4_2;  COORD=   -10.000, 2.090 ;   10.000, 2.090 ;   10.000, 2.290 ;   -10.000, 2.290 ; V1=0,0,0; HEIGHT=20; DIEL=2.9 ;
 26  POLY3D NAME= m4_3;  COORD=   -10.000, 2.290 ;   10.000, 2.290 ;   10.000, 2.310 ;   -10.000, 2.310 ; V1=0,0,0; HEIGHT=20; DIEL=4.4 ;
 27  POLY3D NAME= m4_4;  COORD=   -10.000, 2.310 ;   10.000, 2.310 ;   10.000, 2.360 ;   -10.000, 2.360 ; V1=0,0,0; HEIGHT=20; DIEL=4.9 ;
 28  POLY3D NAME= m4_5;  COORD=   -10.000, 2.360 ;   10.000, 2.360 ;   10.000, 2.560 ;   -10.000, 2.560 ; V1=0,0,0; HEIGHT=20; DIEL=2.9 ;
 29  POLY3D NAME= m4_6;  COORD=   -10.000, 2.560 ;   10.000, 2.560 ;   10.000, 2.610 ;   -10.000, 2.610 ; V1=0,0,0; HEIGHT=20; DIEL=4.4 ;
 30  POLY3D NAME= m5_1;  COORD=   -10.000, 2.610 ;   10.000, 2.610 ;   10.000, 2.660 ;   -10.000, 2.660 ; V1=0,0,0; HEIGHT=20; DIEL=4.9 ;
 31  POLY3D NAME= m5_2;  COORD=   -10.000, 2.660 ;   10.000, 2.660 ;   10.000, 2.860 ;   -10.000, 2.860 ; V1=0,0,0; HEIGHT=20; DIEL=2.9 ;
 32  POLY3D NAME= m5_3;  COORD=   -10.000, 2.860 ;   10.000, 2.860 ;   10.000, 2.880 ;   -10.000, 2.880 ; V1=0,0,0; HEIGHT=20; DIEL=4.4 ;
 33  POLY3D NAME= m5_4;  COORD=   -10.000, 2.880 ;   10.000, 2.880 ;   10.000, 2.930 ;   -10.000, 2.930 ; V1=0,0,0; HEIGHT=20; DIEL=4.9 ;
 34  POLY3D NAME= m5_5;  COORD=   -10.000, 2.930 ;   10.000, 2.930 ;   10.000, 3.130 ;   -10.000, 3.130 ; V1=0,0,0; HEIGHT=20; DIEL=2.9 ;
 35  POLY3D NAME= m5_6;  COORD=   -10.000, 3.130 ;   10.000, 3.130 ;   10.000, 3.180 ;   -10.000, 3.180 ; V1=0,0,0; HEIGHT=20; DIEL=4.4 ;
 36  POLY3D NAME= m6_1;  COORD=   -10.000, 3.180 ;   10.000, 3.180 ;   10.000, 3.280 ;   -10.000, 3.280 ; V1=0,0,0; HEIGHT=20; DIEL=4.9 ;
 37  POLY3D NAME= m6_2;  COORD=   -10.000, 3.280 ;   10.000, 3.280 ;   10.000, 3.780 ;   -10.000, 3.780 ; V1=0,0,0; HEIGHT=20; DIEL=4.4 ;
 38  POLY3D NAME= m6_3;  COORD=   -10.000, 3.780 ;   10.000, 3.780 ;   10.000, 3.880 ;   -10.000, 3.880 ; V1=0,0,0; HEIGHT=20; DIEL=4.4 ;
 39  POLY3D NAME= m6_4;  COORD=   -10.000, 3.880 ;   10.000, 3.880 ;   10.000, 3.980 ;   -10.000, 3.980 ; V1=0,0,0; HEIGHT=20; DIEL=4.9 ;
 40  POLY3D NAME= m6_5;  COORD=   -10.000, 3.980 ;   10.000, 3.980 ;   10.000, 4.680 ;   -10.000, 4.680 ; V1=0,0,0; HEIGHT=20; DIEL=4.4 ;
 41  POLY3D NAME= m7_1;  COORD=   -10.000, 4.680 ;   10.000, 4.680 ;   10.000, 4.780 ;   -10.000, 4.780 ; V1=0,0,0; HEIGHT=20; DIEL=4.9 ;
 42  POLY3D NAME= m7_2;  COORD=   -10.000, 4.780 ;   10.000, 4.780 ;   10.000, 5.530 ;   -10.000, 5.530 ; V1=0,0,0; HEIGHT=20; DIEL=4.4 ;
 43  POLY3D NAME= m7_3;  COORD=   -10.000, 5.530 ;   10.000, 5.530 ;   10.000, 5.580 ;   -10.000, 5.580 ; V1=0,0,0; HEIGHT=20; DIEL=4.4 ;
 44  POLY3D NAME= m7_4;  COORD=   -10.000, 5.580 ;   10.000, 5.580 ;   10.000, 5.700 ;   -10.000, 5.700 ; V1=0,0,0; HEIGHT=20; DIEL=4.9 ;
 45  POLY3D NAME= m7_5;  COORD=   -10.000, 5.700 ;   10.000, 5.700 ;   10.000, 6.730 ;   -10.000, 6.730 ; V1=0,0,0; HEIGHT=20; DIEL=4.4 ;
 46  POLY3D NAME= m7_2;  COORD=   -10.000, 6.730 ;   10.000, 6.730 ;   10.000, 7.480 ;   -10.000, 7.480 ; V1=0,0,0; HEIGHT=20; DIEL=4.4 ;
 47  POLY3D NAME= m7_3;  COORD=   -10.000, 7.480 ;   10.000, 7.480 ;   10.000, 7.530 ;   -10.000, 7.530 ; V1=0,0,0; HEIGHT=20; DIEL=4.4 ;
 48  POLY3D NAME= m7_4;  COORD=   -10.000, 7.530 ;   10.000, 7.530 ;   10.000, 7.650 ;   -10.000, 7.650 ; V1=0,0,0; HEIGHT=20; DIEL=4.9 ;
 49  POLY3D NAME= m7_5;  COORD=   -10.000, 7.650 ;   10.000, 7.650 ;   10.000, 8.680 ;   -10.000, 8.680 ; V1=0,0,0; HEIGHT=20; DIEL=4.4 ;
 50  POLY3D NAME= air_1;  COORD=  -10.000, 8.680 ;   10.000, 8.680 ;   10.000, 8.980 ;   -10.000, 8.980 ; V1=0,0,0; HEIGHT=20; DIEL=6 ;
 51  POLY3D NAME= air_2;  COORD=  -10.000, 8.980 ;   10.000, 8.980 ;   10.000,15.880 ;   -10.000,15.880 ; V1=0,0,0; HEIGHT=20; DIEL=2.9 ;
 52  
 53  $ Simulation window
 54  WINDOW3D V1=-0.5*window_width,0,0; V2=0.5*window_width,window_thichness,window_length; DIEL=1.0;
 55  
 56  $ Ground Plane(s)
 57  POLY3D NAME= M1__w0;  COORD=   -10.000, 0.650 ;   10.000, 0.650 ;   10.000, 0.900 ;   -10.000, 0.900 ;  V1=0,0,0; HEIGHT=20; VOLT=0 ;
 58  OPTIONS SET_GRID=1000000;
 59  
 60  POLY3D NAME= M3__w0;  COORD=   -10.000, 1.740 ;   10.000, 1.740 ;   10.000, 2.040 ;   -10.000, 2.040 ;  V1=0,0,0; HEIGHT=20; VOLT=0 ;
 61  OPTIONS SET_GRID=1000000;
 62  
 63  $ Layout params w= 0.14 s= 0.14 r= 0
 64  
 65  $ Layout/Eff  0.140  0.140 top_width
 66  $ Layout/Eff  0.140 0.14 bot_width
 67  $ Layout/Eff  0.140  0.140 spacing
 68  $ Layout/Eff  1.170  1.170 height 
 69  $ Layout/Eff  0.300  0.300 thicknes
 70  
 71  POLY3D NAME=M2_w1; COORD=   -0.910, 1.170 ;   -0.770, 1.170 ;   -0.770, 1.470 ;   -0.910, 1.470 ; V1=0,0,10; HEIGHT=2; VOLT=0
 72  POLY3D NAME=M2_w2; COORD=   -0.630, 1.170 ;   -0.490, 1.170 ;   -0.490, 1.470 ;   -0.630, 1.470 ; V1=0,0,10; HEIGHT=2; VOLT=0
 73  POLY3D NAME=M2_w3; COORD=   -0.350, 1.170 ;   -0.210, 1.170 ;   -0.210, 1.470 ;   -0.350, 1.470 ; V1=0,0,10; HEIGHT=2; VOLT=0
 74  POLY3D NAME=M2_w4; COORD=   -0.070, 1.170 ;    0.070, 1.170 ;    0.070, 1.470 ;   -0.070, 1.470 ; V1=0,0,10; HEIGHT=2; VOLT=1
 75  POLY3D NAME=M2_w5; COORD=    0.210, 1.170 ;    0.350, 1.170 ;    0.350, 1.470 ;    0.210, 1.470 ; V1=0,0,10; HEIGHT=2; VOLT=0
 76  POLY3D NAME=M2_w6; COORD=    0.490, 1.170 ;    0.630, 1.170 ;    0.630, 1.470 ;    0.490, 1.470 ;  V1=0,0,10; HEIGHT=2; VOLT=0
 77  
 78  OPTIONS SET_GRID=1000000;
 79  
 80  CAPACITANCE


 *** CAPACITANCE [Farad] CALCULATION: (C)(V)=(Q)

               M1__w0         M3__w0          M2_w1          M2_w2          M2_w3          M2_w4          M2_w5          M2_w6     
    M1__w0   1.407772e-14  -1.355563e-14  -1.159887e-16  -7.288064e-17  -7.218132e-17  -7.218140e-17  -7.288057e-17  -1.159824e-16 
    M3__w0  -1.355549e-14   1.408022e-14  -1.169457e-16  -7.295562e-17  -7.244948e-17  -7.233926e-17  -7.311350e-17  -1.169251e-16 
     M2_w1  -1.148429e-16  -1.156019e-16   4.157403e-16  -1.828885e-16  -2.193411e-18  -1.908243e-19  -3.042647e-20  -6.434220e-21 
     M2_w2  -7.268213e-17  -7.293510e-17  -1.827045e-16   5.126396e-16  -1.819524e-16  -2.160621e-18  -1.853126e-19  -2.988932e-20 
     M2_w3  -7.197403e-17  -7.217604e-17  -2.199599e-18  -1.818742e-16   5.124584e-16  -1.818998e-16  -2.151300e-18  -1.878495e-19 
     M2_w4  -7.200205e-17  -7.220903e-17  -1.959360e-19  -2.153644e-18  -1.818359e-16   5.126329e-16  -1.820583e-16  -2.183781e-18 
     M2_w5  -7.268174e-17  -7.293905e-17  -2.992917e-20  -1.852925e-19  -2.160619e-18  -1.819527e-16   5.126398e-16  -1.827012e-16 
     M2_w6  -1.148444e-16  -1.156092e-16  -6.680424e-21  -3.072224e-20  -1.928011e-19  -2.200962e-18  -1.828802e-16   4.157444e-16 

regrid   nx   ny   nz     total   iter  lin_tol.   rgd_tol
     0   82  283   40    928240    24 8.213e-05  N.A. 
     1   56  460   38    978880    40 8.163e-05  3.651e-01 % 
regrid tolerance : 3.65e-01 %

regrid   nx   ny   nz     total   iter  lin_tol.   rgd_tol
     0   82  283   40    928240    39 9.777e-05  N.A. 
     1   55  467   38    976030    56 9.477e-05  3.658e-01 % 
regrid tolerance : 3.66e-01 %

regrid   nx   ny   nz     total   iter  lin_tol.   rgd_tol
     0   82  283   40    928240    20 9.124e-05  N.A. 
     1  117  239   35    978705    42 9.485e-05  1.700e+00 % 
regrid tolerance : 1.70e+00 %

regrid   nx   ny   nz     total   iter  lin_tol.   rgd_tol
     0   82  283   40    928240    20 7.270e-05  N.A. 
     1  119  236   35    982940    42 8.242e-05  1.657e+00 % 
regrid tolerance : 1.66e+00 %

regrid   nx   ny   nz     total   iter  lin_tol.   rgd_tol
     0   82  283   40    928240    20 7.168e-05  N.A. 
     1  118  236   35    974680    42 8.630e-05  1.696e+00 % 
regrid tolerance : 1.70e+00 %

regrid   nx   ny   nz     total   iter  lin_tol.   rgd_tol
     0   82  283   40    928240    20 7.295e-05  N.A. 
     1  118  236   35    974680    42 8.176e-05  1.662e+00 % 
regrid tolerance : 1.66e+00 %

regrid   nx   ny   nz     total   iter  lin_tol.   rgd_tol
     0   82  283   40    928240    20 7.158e-05  N.A. 
     1  119  236   35    982940    42 7.905e-05  1.657e+00 % 
regrid tolerance : 1.66e+00 %

regrid   nx   ny   nz     total   iter  lin_tol.   rgd_tol
     0   82  283   40    928240    20 6.865e-05  N.A. 
     1  117  239   35    978705    40 8.707e-05  1.705e+00 % 
regrid tolerance : 1.70e+00 %

 ==> SPICE Models for Total Capacitance (in Farad)

 C_0_0 M1__w0 OTHERS 1.407772e-14
 C_1_1 M3__w0 OTHERS 1.408022e-14
 C_2_2 M2_w1 OTHERS 4.157403e-16
 C_3_3 M2_w2 OTHERS 5.126396e-16
 C_4_4 M2_w3 OTHERS 5.124584e-16
 C_5_5 M2_w4 OTHERS 5.126329e-16
 C_6_6 M2_w5 OTHERS 5.126398e-16
 C_7_7 M2_w6 OTHERS 4.157444e-16

 ==> SPICE Models for Entire Capacitance Matrix (in Farad)

 C_0_1 M1__w0 M3__w0 1.355556e-14
 C_0_2 M1__w0 M2_w1 1.154158e-16
 C_0_3 M1__w0 M2_w2 7.278139e-17
 C_0_4 M1__w0 M2_w3 7.207768e-17
 C_0_5 M1__w0 M2_w4 7.209172e-17
 C_0_6 M1__w0 M2_w5 7.278115e-17
 C_0_7 M1__w0 M2_w6 1.154134e-16
 C_1_2 M3__w0 M2_w1 1.162738e-16
 C_1_3 M3__w0 M2_w2 7.294536e-17
 C_1_4 M3__w0 M2_w3 7.231276e-17
 C_1_5 M3__w0 M2_w4 7.227415e-17
 C_1_6 M3__w0 M2_w5 7.302628e-17
 C_1_7 M3__w0 M2_w6 1.162672e-16
 C_2_3 M2_w1 M2_w2 1.827965e-16
 C_2_4 M2_w1 M2_w3 2.196505e-18
 C_2_5 M2_w1 M2_w4 1.933801e-19
 C_2_6 M2_w1 M2_w5 3.017782e-20
 C_2_7 M2_w1 M2_w6 6.557322e-21
 C_3_4 M2_w2 M2_w3 1.819133e-16
 C_3_5 M2_w2 M2_w4 2.157133e-18
 C_3_6 M2_w2 M2_w5 1.853025e-19
 C_3_7 M2_w2 M2_w6 3.030578e-20
 C_4_5 M2_w3 M2_w4 1.818679e-16
 C_4_6 M2_w3 M2_w5 2.155959e-18
 C_4_7 M2_w3 M2_w6 1.903253e-19
 C_5_6 M2_w4 M2_w5 1.820055e-16
 C_5_7 M2_w4 M2_w6 2.192371e-18
 C_6_7 M2_w5 M2_w6 1.827907e-16

