/import/programs/synopsys/raphael/S-2021.06/raphael_2021.06.0/linux64/bin/rc2x -n -x -o wires_rc2.out wires 

      ********************************************************
      ***                 RAPHAEL RC2 (TM)                 ***
      ***                 Version S-2021.06                ***
      ***             System K (PC: Linux64)               ***
      ***            Copyright (C) 1991 - 2021             ***
      ***                   Synopsys, Inc.                 ***
      ***                                                  ***
      ***  This software and the associated documentation  ***
      ***  are confidential and proprietary to Synopsys,   ***
      ***  Inc.  Your use or disclosure of this software   ***
      ***  is subject to the terms and conditions of a     ***
      ***  written license agreement between you, or your  ***
      ***  company, and Synopsys, Inc.                     ***
      ********************************************************

  1  $pattern raphFiles/Over6/M1oM0/D0/W0.14/S0.56
  2  
  3  param window_width=100;
  4  param window_thichness=19.056;
  5  POLY NAME= p1_1;  COORD=   -50.000, 0.000 ;   50.000, 0.000 ;   50.000, 0.250 ;   -50.000, 0.250 ;  DIEL=4.1 ;
  6  POLY NAME= m1_1;  COORD=   -50.000, 0.250 ;   50.000, 0.250 ;   50.000, 0.300 ;   -50.000, 0.300 ;  DIEL=7 ;
  7  POLY NAME= m1_2;  COORD=   -50.000, 0.300 ;   50.000, 0.300 ;   50.000, 0.650 ;   -50.000, 0.650 ;  DIEL=4.3 ;
  8  POLY NAME= m1_3;  COORD=   -50.000, 0.650 ;   50.000, 0.650 ;   50.000, 0.700 ;   -50.000, 0.700 ;  DIEL=4.3 ;
  9  POLY NAME= m1_4;  COORD=   -50.000, 0.700 ;   50.000, 0.700 ;   50.000, 0.750 ;   -50.000, 0.750 ;  DIEL=4.9 ;
 10  POLY NAME= m1_5;  COORD=   -50.000, 0.750 ;   50.000, 0.750 ;   50.000, 0.900 ;   -50.000, 0.900 ;  DIEL=4.1 ;
 11  POLY NAME= m2_1;  COORD=   -50.000, 0.900 ;   50.000, 0.900 ;   50.000, 0.950 ;   -50.000, 0.950 ;  DIEL=4.9 ;
 12  POLY NAME= m2_2;  COORD=   -50.000, 0.950 ;   50.000, 0.950 ;   50.000, 1.150 ;   -50.000, 1.150 ;  DIEL=2.9 ;
 13  POLY NAME= m2_3;  COORD=   -50.000, 1.150 ;   50.000, 1.150 ;   50.000, 1.170 ;   -50.000, 1.170 ;  DIEL=4.4 ;
 14  POLY NAME= m2_4;  COORD=   -50.000, 1.170 ;   50.000, 1.170 ;   50.000, 1.220 ;   -50.000, 1.220 ;  DIEL=4.9 ;
 15  POLY NAME= m2_5;  COORD=   -50.000, 1.220 ;   50.000, 1.220 ;   50.000, 1.420 ;   -50.000, 1.420 ;  DIEL=2.9 ;
 16  POLY NAME= m2_6;  COORD=   -50.000, 1.420 ;   50.000, 1.420 ;   50.000, 1.470 ;   -50.000, 1.470 ;  DIEL=4.4 ;
 17  POLY NAME= m3_1;  COORD=   -50.000, 1.470 ;   50.000, 1.470 ;   50.000, 1.520 ;   -50.000, 1.520 ;  DIEL=4.9 ;
 18  POLY NAME= m3_2;  COORD=   -50.000, 1.520 ;   50.000, 1.520 ;   50.000, 1.720 ;   -50.000, 1.720 ;  DIEL=2.9 ;
 19  POLY NAME= m3_3;  COORD=   -50.000, 1.720 ;   50.000, 1.720 ;   50.000, 1.740 ;   -50.000, 1.740 ;  DIEL=4.4 ;
 20  POLY NAME= m3_4;  COORD=   -50.000, 1.740 ;   50.000, 1.740 ;   50.000, 1.790 ;   -50.000, 1.790 ;  DIEL=4.9 ;
 21  POLY NAME= m3_5;  COORD=   -50.000, 1.790 ;   50.000, 1.790 ;   50.000, 1.990 ;   -50.000, 1.990 ;  DIEL=2.9 ;
 22  POLY NAME= m3_6;  COORD=   -50.000, 1.990 ;   50.000, 1.990 ;   50.000, 2.040 ;   -50.000, 2.040 ;  DIEL=4.4 ;
 23  POLY NAME= m4_1;  COORD=   -50.000, 2.040 ;   50.000, 2.040 ;   50.000, 2.090 ;   -50.000, 2.090 ;  DIEL=4.9 ;
 24  POLY NAME= m4_2;  COORD=   -50.000, 2.090 ;   50.000, 2.090 ;   50.000, 2.290 ;   -50.000, 2.290 ;  DIEL=2.9 ;
 25  POLY NAME= m4_3;  COORD=   -50.000, 2.290 ;   50.000, 2.290 ;   50.000, 2.310 ;   -50.000, 2.310 ;  DIEL=4.4 ;
 26  POLY NAME= m4_4;  COORD=   -50.000, 2.310 ;   50.000, 2.310 ;   50.000, 2.360 ;   -50.000, 2.360 ;  DIEL=4.9 ;
 27  POLY NAME= m4_5;  COORD=   -50.000, 2.360 ;   50.000, 2.360 ;   50.000, 2.560 ;   -50.000, 2.560 ;  DIEL=2.9 ;
 28  POLY NAME= m4_6;  COORD=   -50.000, 2.560 ;   50.000, 2.560 ;   50.000, 2.610 ;   -50.000, 2.610 ;  DIEL=4.4 ;
 29  POLY NAME= m5_1;  COORD=   -50.000, 2.610 ;   50.000, 2.610 ;   50.000, 2.660 ;   -50.000, 2.660 ;  DIEL=4.9 ;
 30  POLY NAME= m5_2;  COORD=   -50.000, 2.660 ;   50.000, 2.660 ;   50.000, 2.860 ;   -50.000, 2.860 ;  DIEL=2.9 ;
 31  POLY NAME= m5_3;  COORD=   -50.000, 2.860 ;   50.000, 2.860 ;   50.000, 2.880 ;   -50.000, 2.880 ;  DIEL=4.4 ;
 32  POLY NAME= m5_4;  COORD=   -50.000, 2.880 ;   50.000, 2.880 ;   50.000, 2.930 ;   -50.000, 2.930 ;  DIEL=4.9 ;
 33  POLY NAME= m5_5;  COORD=   -50.000, 2.930 ;   50.000, 2.930 ;   50.000, 3.130 ;   -50.000, 3.130 ;  DIEL=2.9 ;
 34  POLY NAME= m5_6;  COORD=   -50.000, 3.130 ;   50.000, 3.130 ;   50.000, 3.180 ;   -50.000, 3.180 ;  DIEL=4.4 ;
 35  POLY NAME= m6_1;  COORD=   -50.000, 3.180 ;   50.000, 3.180 ;   50.000, 3.280 ;   -50.000, 3.280 ;  DIEL=4.9 ;
 36  POLY NAME= m6_2;  COORD=   -50.000, 3.280 ;   50.000, 3.280 ;   50.000, 3.780 ;   -50.000, 3.780 ;  DIEL=4.4 ;
 37  POLY NAME= m6_3;  COORD=   -50.000, 3.780 ;   50.000, 3.780 ;   50.000, 3.880 ;   -50.000, 3.880 ;  DIEL=4.4 ;
 38  POLY NAME= m6_4;  COORD=   -50.000, 3.880 ;   50.000, 3.880 ;   50.000, 3.980 ;   -50.000, 3.980 ;  DIEL=4.9 ;
 39  POLY NAME= m6_5;  COORD=   -50.000, 3.980 ;   50.000, 3.980 ;   50.000, 4.680 ;   -50.000, 4.680 ;  DIEL=4.4 ;
 40  POLY NAME= m7_1;  COORD=   -50.000, 4.680 ;   50.000, 4.680 ;   50.000, 4.780 ;   -50.000, 4.780 ;  DIEL=4.9 ;
 41  POLY NAME= m7_2;  COORD=   -50.000, 4.780 ;   50.000, 4.780 ;   50.000, 5.530 ;   -50.000, 5.530 ;  DIEL=4.4 ;
 42  POLY NAME= m7_3;  COORD=   -50.000, 5.530 ;   50.000, 5.530 ;   50.000, 5.580 ;   -50.000, 5.580 ;  DIEL=4.4 ;
 43  POLY NAME= m7_4;  COORD=   -50.000, 5.580 ;   50.000, 5.580 ;   50.000, 5.700 ;   -50.000, 5.700 ;  DIEL=4.9 ;
 44  POLY NAME= m7_5;  COORD=   -50.000, 5.700 ;   50.000, 5.700 ;   50.000, 6.730 ;   -50.000, 6.730 ;  DIEL=4.4 ;
 45  POLY NAME= m7_2;  COORD=   -50.000, 6.730 ;   50.000, 6.730 ;   50.000, 7.480 ;   -50.000, 7.480 ;  DIEL=4.4 ;
 46  POLY NAME= m7_3;  COORD=   -50.000, 7.480 ;   50.000, 7.480 ;   50.000, 7.530 ;   -50.000, 7.530 ;  DIEL=4.4 ;
 47  POLY NAME= m7_4;  COORD=   -50.000, 7.530 ;   50.000, 7.530 ;   50.000, 7.650 ;   -50.000, 7.650 ;  DIEL=4.9 ;
 48  POLY NAME= m7_5;  COORD=   -50.000, 7.650 ;   50.000, 7.650 ;   50.000, 8.680 ;   -50.000, 8.680 ;  DIEL=4.4 ;
 49  POLY NAME= air_1;  COORD=   -50.000, 8.680 ;   50.000, 8.680 ;   50.000, 8.980 ;   -50.000, 8.980 ;  DIEL=6 ;
 50  POLY NAME= air_2;  COORD=   -50.000, 8.980 ;   50.000, 8.980 ;   50.000,15.880 ;   -50.000,15.880 ;  DIEL=2.9 ;
 51  
 52  $ Simulation window
 53  WINDOW X1=-0.5*window_width; Y1=0; X2=0.5*window_width; Y2=window_thichness; DIEL=1.0;
 54  
 55  $ Ground Plane(s)
 56  POLY NAME= M0__GND;  COORD=   -50.000,-1.000 ;   50.000,-1.000 ;   50.000, 0.000 ;   -50.000, 0.000 ;  VOLT=0 ;
 57  OPTIONS SET_GRID=10000;
 58  
 59  $ Layout params w= 0.14 s= 0.56 r= 0
 60  
 61  $ Layout/Eff  0.140  0.140 top_width
 62  $ Layout/Eff  0.140 0.14 bot_width
 63  $ Layout/Eff  0.560  0.560 spacing
 64  $ Layout/Eff  0.650  0.650 height 
 65  $ Layout/Eff  0.250  0.250 thicknes
 66  
 67  POLY NAME=M1_w1; COORD=   -1.330, 0.650 ;   -1.190, 0.650 ;   -1.190, 0.900 ;   -1.330, 0.900 ;  VOLT=0
 68  POLY NAME=M1_w2; COORD=   -1.050, 0.650 ;   -0.910, 0.650 ;   -0.910, 0.900 ;   -1.050, 0.900 ;  VOLT=0
 69  POLY NAME=M1_w3; COORD=   -0.770, 0.650 ;   -0.630, 0.650 ;   -0.630, 0.900 ;   -0.770, 0.900 ;  VOLT=0
 70  POLY NAME=M1_w4; COORD=   -0.070, 0.650 ;    0.070, 0.650 ;    0.070, 0.900 ;   -0.070, 0.900 ;  VOLT=1
 71  POLY NAME=M1_w5; COORD=    0.630, 0.650 ;    0.770, 0.650 ;    0.770, 0.900 ;    0.630, 0.900 ;  VOLT=0
 72  POLY NAME=M1_w6; COORD=    0.910, 0.650 ;    1.050, 0.650 ;    1.050, 0.900 ;    0.910, 0.900 ;  VOLT=0
 73  
 74  OPTIONS SET_GRID=10000;
 75  
 76  POTENTIAL


 *** POTENTIAL CALCULATION [Coulomb / (1e-06*m)]

 Charge on M0__GND =  -4.348565e-17
 Charge on M1_w1 =  -2.639055e-18
 Charge on M1_w2 =  -3.382866e-18
 Charge on M1_w3 =  -2.870403e-17
 Charge on M1_w4 =   1.120890e-16
 Charge on M1_w5 =  -2.880311e-17
 Charge on M1_w6 =  -5.075552e-18

regrid   nx   ny     total   iter  lin_tol.   rgd_tol
     0   56  163      9128    24 9.077e-05  N.A. 
     1   74  134      9916    21 8.364e-05  3.616e+00 % 
regrid tolerance : 3.62e+00 %
