/import/programs/synopsys/raphael/S-2021.06/raphael_2021.06.0/linux64/bin/rc3x -x -n -o wires_3D.out wires 

      ********************************************************
      ***                 RAPHAEL RC3 (TM)                 ***
      ***                 Version S-2021.06                ***
      ***             System K (PC: Linux64)               ***
      ***            Copyright (C) 1991 - 2021             ***
      ***                  Synopsys, Inc.                  ***
      ***                                                  ***
      ***  This software and the associated documentation  ***
      ***  are confidential and proprietary to Synopsys,   ***
      ***  Inc.  Your use or disclosure of this software   ***
      ***  is subject to the terms and conditions of a     ***
      ***  written license agreement between you, or your  ***
      ***  company, and Synopsys, Inc.                     ***
      ********************************************************

  1  $pattern raphFiles/DiagUnder6/M1duM2/D0/W0.14/S0.56
  2  
  3  param window_width=20;
  4  param window_thichness=19.056;
  5  param window_length=20;
  6  POLY3D NAME= p1_1;  COORD=   -10.000, 0.000 ;   10.000, 0.000 ;   10.000, 0.250 ;   -10.000, 0.250 ; V1=0,0,0; HEIGHT=20; DIEL=4.1 ;
  7  POLY3D NAME= m1_1;  COORD=   -10.000, 0.250 ;   10.000, 0.250 ;   10.000, 0.300 ;   -10.000, 0.300 ; V1=0,0,0; HEIGHT=20; DIEL=7 ;
  8  POLY3D NAME= m1_2;  COORD=   -10.000, 0.300 ;   10.000, 0.300 ;   10.000, 0.650 ;   -10.000, 0.650 ; V1=0,0,0; HEIGHT=20; DIEL=4.3 ;
  9  POLY3D NAME= m1_3;  COORD=   -10.000, 0.650 ;   10.000, 0.650 ;   10.000, 0.700 ;   -10.000, 0.700 ; V1=0,0,0; HEIGHT=20; DIEL=4.3 ;
 10  POLY3D NAME= m1_4;  COORD=   -10.000, 0.700 ;   10.000, 0.700 ;   10.000, 0.750 ;   -10.000, 0.750 ; V1=0,0,0; HEIGHT=20; DIEL=4.9 ;
 11  POLY3D NAME= m1_5;  COORD=   -10.000, 0.750 ;   10.000, 0.750 ;   10.000, 0.900 ;   -10.000, 0.900 ; V1=0,0,0; HEIGHT=20; DIEL=4.1 ;
 12  POLY3D NAME= m2_1;  COORD=   -10.000, 0.900 ;   10.000, 0.900 ;   10.000, 0.950 ;   -10.000, 0.950 ; V1=0,0,0; HEIGHT=20; DIEL=4.9 ;
 13  POLY3D NAME= m2_2;  COORD=   -10.000, 0.950 ;   10.000, 0.950 ;   10.000, 1.150 ;   -10.000, 1.150 ; V1=0,0,0; HEIGHT=20; DIEL=2.9 ;
 14  POLY3D NAME= m2_3;  COORD=   -10.000, 1.150 ;   10.000, 1.150 ;   10.000, 1.170 ;   -10.000, 1.170 ; V1=0,0,0; HEIGHT=20; DIEL=4.4 ;
 15  POLY3D NAME= m2_4;  COORD=   -10.000, 1.170 ;   10.000, 1.170 ;   10.000, 1.220 ;   -10.000, 1.220 ; V1=0,0,0; HEIGHT=20; DIEL=4.9 ;
 16  POLY3D NAME= m2_5;  COORD=   -10.000, 1.220 ;   10.000, 1.220 ;   10.000, 1.420 ;   -10.000, 1.420 ; V1=0,0,0; HEIGHT=20; DIEL=2.9 ;
 17  POLY3D NAME= m2_6;  COORD=   -10.000, 1.420 ;   10.000, 1.420 ;   10.000, 1.470 ;   -10.000, 1.470 ; V1=0,0,0; HEIGHT=20; DIEL=4.4 ;
 18  POLY3D NAME= m3_1;  COORD=   -10.000, 1.470 ;   10.000, 1.470 ;   10.000, 1.520 ;   -10.000, 1.520 ; V1=0,0,0; HEIGHT=20; DIEL=4.9 ;
 19  POLY3D NAME= m3_2;  COORD=   -10.000, 1.520 ;   10.000, 1.520 ;   10.000, 1.720 ;   -10.000, 1.720 ; V1=0,0,0; HEIGHT=20; DIEL=2.9 ;
 20  POLY3D NAME= m3_3;  COORD=   -10.000, 1.720 ;   10.000, 1.720 ;   10.000, 1.740 ;   -10.000, 1.740 ; V1=0,0,0; HEIGHT=20; DIEL=4.4 ;
 21  POLY3D NAME= m3_4;  COORD=   -10.000, 1.740 ;   10.000, 1.740 ;   10.000, 1.790 ;   -10.000, 1.790 ; V1=0,0,0; HEIGHT=20; DIEL=4.9 ;
 22  POLY3D NAME= m3_5;  COORD=   -10.000, 1.790 ;   10.000, 1.790 ;   10.000, 1.990 ;   -10.000, 1.990 ; V1=0,0,0; HEIGHT=20; DIEL=2.9 ;
 23  POLY3D NAME= m3_6;  COORD=   -10.000, 1.990 ;   10.000, 1.990 ;   10.000, 2.040 ;   -10.000, 2.040 ; V1=0,0,0; HEIGHT=20; DIEL=4.4 ;
 24  POLY3D NAME= m4_1;  COORD=   -10.000, 2.040 ;   10.000, 2.040 ;   10.000, 2.090 ;   -10.000, 2.090 ; V1=0,0,0; HEIGHT=20; DIEL=4.9 ;
 25  POLY3D NAME= m4_2;  COORD=   -10.000, 2.090 ;   10.000, 2.090 ;   10.000, 2.290 ;   -10.000, 2.290 ; V1=0,0,0; HEIGHT=20; DIEL=2.9 ;
 26  POLY3D NAME= m4_3;  COORD=   -10.000, 2.290 ;   10.000, 2.290 ;   10.000, 2.310 ;   -10.000, 2.310 ; V1=0,0,0; HEIGHT=20; DIEL=4.4 ;
 27  POLY3D NAME= m4_4;  COORD=   -10.000, 2.310 ;   10.000, 2.310 ;   10.000, 2.360 ;   -10.000, 2.360 ; V1=0,0,0; HEIGHT=20; DIEL=4.9 ;
 28  POLY3D NAME= m4_5;  COORD=   -10.000, 2.360 ;   10.000, 2.360 ;   10.000, 2.560 ;   -10.000, 2.560 ; V1=0,0,0; HEIGHT=20; DIEL=2.9 ;
 29  POLY3D NAME= m4_6;  COORD=   -10.000, 2.560 ;   10.000, 2.560 ;   10.000, 2.610 ;   -10.000, 2.610 ; V1=0,0,0; HEIGHT=20; DIEL=4.4 ;
 30  POLY3D NAME= m5_1;  COORD=   -10.000, 2.610 ;   10.000, 2.610 ;   10.000, 2.660 ;   -10.000, 2.660 ; V1=0,0,0; HEIGHT=20; DIEL=4.9 ;
 31  POLY3D NAME= m5_2;  COORD=   -10.000, 2.660 ;   10.000, 2.660 ;   10.000, 2.860 ;   -10.000, 2.860 ; V1=0,0,0; HEIGHT=20; DIEL=2.9 ;
 32  POLY3D NAME= m5_3;  COORD=   -10.000, 2.860 ;   10.000, 2.860 ;   10.000, 2.880 ;   -10.000, 2.880 ; V1=0,0,0; HEIGHT=20; DIEL=4.4 ;
 33  POLY3D NAME= m5_4;  COORD=   -10.000, 2.880 ;   10.000, 2.880 ;   10.000, 2.930 ;   -10.000, 2.930 ; V1=0,0,0; HEIGHT=20; DIEL=4.9 ;
 34  POLY3D NAME= m5_5;  COORD=   -10.000, 2.930 ;   10.000, 2.930 ;   10.000, 3.130 ;   -10.000, 3.130 ; V1=0,0,0; HEIGHT=20; DIEL=2.9 ;
 35  POLY3D NAME= m5_6;  COORD=   -10.000, 3.130 ;   10.000, 3.130 ;   10.000, 3.180 ;   -10.000, 3.180 ; V1=0,0,0; HEIGHT=20; DIEL=4.4 ;
 36  POLY3D NAME= m6_1;  COORD=   -10.000, 3.180 ;   10.000, 3.180 ;   10.000, 3.280 ;   -10.000, 3.280 ; V1=0,0,0; HEIGHT=20; DIEL=4.9 ;
 37  POLY3D NAME= m6_2;  COORD=   -10.000, 3.280 ;   10.000, 3.280 ;   10.000, 3.780 ;   -10.000, 3.780 ; V1=0,0,0; HEIGHT=20; DIEL=4.4 ;
 38  POLY3D NAME= m6_3;  COORD=   -10.000, 3.780 ;   10.000, 3.780 ;   10.000, 3.880 ;   -10.000, 3.880 ; V1=0,0,0; HEIGHT=20; DIEL=4.4 ;
 39  POLY3D NAME= m6_4;  COORD=   -10.000, 3.880 ;   10.000, 3.880 ;   10.000, 3.980 ;   -10.000, 3.980 ; V1=0,0,0; HEIGHT=20; DIEL=4.9 ;
 40  POLY3D NAME= m6_5;  COORD=   -10.000, 3.980 ;   10.000, 3.980 ;   10.000, 4.680 ;   -10.000, 4.680 ; V1=0,0,0; HEIGHT=20; DIEL=4.4 ;
 41  POLY3D NAME= m7_1;  COORD=   -10.000, 4.680 ;   10.000, 4.680 ;   10.000, 4.780 ;   -10.000, 4.780 ; V1=0,0,0; HEIGHT=20; DIEL=4.9 ;
 42  POLY3D NAME= m7_2;  COORD=   -10.000, 4.780 ;   10.000, 4.780 ;   10.000, 5.530 ;   -10.000, 5.530 ; V1=0,0,0; HEIGHT=20; DIEL=4.4 ;
 43  POLY3D NAME= m7_3;  COORD=   -10.000, 5.530 ;   10.000, 5.530 ;   10.000, 5.580 ;   -10.000, 5.580 ; V1=0,0,0; HEIGHT=20; DIEL=4.4 ;
 44  POLY3D NAME= m7_4;  COORD=   -10.000, 5.580 ;   10.000, 5.580 ;   10.000, 5.700 ;   -10.000, 5.700 ; V1=0,0,0; HEIGHT=20; DIEL=4.9 ;
 45  POLY3D NAME= m7_5;  COORD=   -10.000, 5.700 ;   10.000, 5.700 ;   10.000, 6.730 ;   -10.000, 6.730 ; V1=0,0,0; HEIGHT=20; DIEL=4.4 ;
 46  POLY3D NAME= m7_2;  COORD=   -10.000, 6.730 ;   10.000, 6.730 ;   10.000, 7.480 ;   -10.000, 7.480 ; V1=0,0,0; HEIGHT=20; DIEL=4.4 ;
 47  POLY3D NAME= m7_3;  COORD=   -10.000, 7.480 ;   10.000, 7.480 ;   10.000, 7.530 ;   -10.000, 7.530 ; V1=0,0,0; HEIGHT=20; DIEL=4.4 ;
 48  POLY3D NAME= m7_4;  COORD=   -10.000, 7.530 ;   10.000, 7.530 ;   10.000, 7.650 ;   -10.000, 7.650 ; V1=0,0,0; HEIGHT=20; DIEL=4.9 ;
 49  POLY3D NAME= m7_5;  COORD=   -10.000, 7.650 ;   10.000, 7.650 ;   10.000, 8.680 ;   -10.000, 8.680 ; V1=0,0,0; HEIGHT=20; DIEL=4.4 ;
 50  POLY3D NAME= air_1; COORD=   -10.000, 8.680 ;   10.000, 8.680 ;   10.000, 8.980 ;   -10.000, 8.980 ; V1=0,0,0; HEIGHT=20; DIEL=6 ;
 51  POLY3D NAME= air_2; COORD=   -10.000, 8.980 ;   10.000, 8.980 ;   10.000,15.880 ;   -10.000,15.880 ; V1=0,0,0; HEIGHT=20; DIEL=2.9 ;
 52  
 53  $ Simulation window
 54  WINDOW3D V1=-0.5*window_width,0,0; V2=0.5*window_width,window_thichness,window_length; DIEL=1.0;
 55  
 56  $ Ground Plane(s)
 57  POLY3D NAME= M0__w0;  COORD=   -10.000,-1.000 ;   10.000,-1.000 ;   10.000, 0.000 ;   -10.000, 0.000 ;  V1=0,0,0; HEIGHT=20; VOLT=0 ;
 58  OPTIONS SET_GRID=1000000;
 59  
 60  $ Layout params w= 0.14 s= 0.56 r= 0
 61  
 62  $ Layout/Eff  0.140  0.140 top_width
 63  $ Layout/Eff  0.140 0.14 bot_width
 64  $ Layout/Eff  0.560  0.560 spacing
 65  $ Layout/Eff  0.650  0.650 height 
 66  $ Layout/Eff  0.250  0.250 thicknes
 67  
 68  POLY3D NAME=M1_w1; COORD=   -0.910, 0.650 ;   -0.770, 0.650 ;   -0.770, 0.900 ;   -0.910, 0.900 ; V1=0,0,9; HEIGHT=2; VOLT=0
 69  POLY3D NAME=M1_w2; COORD=   -0.630, 0.650 ;   -0.490, 0.650 ;   -0.490, 0.900 ;   -0.630, 0.900 ; V1=0,0,9; HEIGHT=2; VOLT=0
 70  POLY3D NAME=M1_w3; COORD=   -0.350, 0.650 ;   -0.210, 0.650 ;   -0.210, 0.900 ;   -0.350, 0.900 ; V1=0,0,9; HEIGHT=2; VOLT=0
 71  POLY3D NAME=M1_w4; COORD=   -0.070, 0.650 ;    0.070, 0.650 ;    0.070, 0.900 ;   -0.070, 0.900 ; V1=0,0,9; HEIGHT=2; VOLT=1
 72  POLY3D NAME=M1_w5; COORD=    0.210, 0.650 ;    0.350, 0.650 ;    0.350, 0.900 ;    0.210, 0.900 ; V1=0,0,9; HEIGHT=2; VOLT=0
 73  POLY3D NAME=M1_w6; COORD=    0.490, 0.650 ;    0.630, 0.650 ;    0.630, 0.900 ;    0.490, 0.900 ; V1=0,0,9; HEIGHT=2; VOLT=0
 74  
 75  POLY3D NAME=M2_w1; COORD=   -1.470, 1.170 ;   -1.330, 1.170 ;   -1.330, 1.470 ;   -1.470, 1.470 ; V1=0,0,9; HEIGHT=2; VOLT=0
 76  POLY3D NAME=M2_w2; COORD=   -1.190, 1.170 ;   -1.050, 1.170 ;   -1.050, 1.470 ;   -1.190, 1.470 ; V1=0,0,9; HEIGHT=2; VOLT=0
 77  POLY3D NAME=M2_w3; COORD=   -0.910, 1.170 ;   -0.770, 1.170 ;   -0.770, 1.470 ;   -0.910, 1.470 ; V1=0,0,9; HEIGHT=2; VOLT=0
 78  POLY3D NAME=M2_w4; COORD=   -0.630, 1.170 ;   -0.490, 1.170 ;   -0.490, 1.470 ;   -0.630, 1.470 ; V1=0,0,9; HEIGHT=2; VOLT=1
 79  
 80  
 81  OPTIONS SET_GRID=1000000;
 82  
 83  CAPACITANCE


 *** CAPACITANCE [Farad] CALCULATION: (C)(V)=(Q)

               M0__w0          M1_w1          M1_w2          M1_w3          M1_w4          M1_w5          M1_w6          M2_w1          M2_w2          M2_w3          M2_w4     
    M0__w0   7.030015e-16  -9.793889e-17  -5.511106e-17  -5.740379e-17  -6.237555e-17  -6.945596e-17  -1.402372e-16  -1.025910e-16  -3.982665e-17  -2.941241e-17  -4.867695e-17 
     M1_w1  -9.690534e-17   4.184144e-16  -2.042673e-16  -7.900944e-18  -2.104204e-18  -7.755407e-19  -6.753160e-19  -1.899816e-17  -3.094228e-17  -4.163230e-17  -1.421516e-17 
     M1_w2  -5.485462e-17  -2.042865e-16   5.322715e-16  -2.028479e-16  -8.292488e-18  -2.267216e-18  -1.306004e-18  -1.711263e-18  -2.131896e-18  -1.298345e-17  -4.159019e-17 
     M1_w3  -5.709044e-17  -7.881582e-18  -2.026274e-16   5.248676e-16  -2.075736e-16  -1.016050e-17  -4.255696e-18  -1.029187e-18  -8.788297e-19  -2.222818e-18  -3.115018e-17 
     M1_w4  -6.201753e-17  -2.111538e-18  -8.276553e-18  -2.078231e-16   5.216559e-16  -2.096436e-16  -1.367927e-17  -9.394027e-19  -7.370986e-19  -1.395759e-18  -1.503215e-17 
     M1_w5  -6.920495e-17  -8.024728e-19  -2.287920e-18  -1.021465e-17  -2.097618e-16   5.205552e-16  -2.177638e-16  -8.741173e-19  -6.367498e-19  -1.102971e-18  -7.905333e-18 
     M1_w6  -1.387121e-16  -5.317667e-19  -1.164265e-18  -4.102555e-18  -1.350567e-17  -2.178090e-16   3.861352e-16  -1.236323e-18  -8.645392e-19  -1.353530e-18  -6.853523e-18 
     M2_w1  -1.015345e-16  -1.912861e-17  -1.607988e-18  -9.210480e-19  -8.089141e-19  -7.245919e-19  -1.227264e-18   3.520123e-16  -2.083644e-16  -1.156927e-17  -6.123174e-18 
     M2_w2  -3.973633e-17  -3.107700e-17  -2.135363e-18  -9.014263e-19  -7.591965e-19  -6.463076e-19  -9.828184e-19  -2.081308e-16   4.903125e-16  -1.962448e-16  -9.700152e-18 
     M2_w3  -2.931984e-17  -4.168290e-17  -1.301069e-17  -2.256903e-18  -1.408550e-18  -1.098075e-18  -1.459462e-18  -1.174858e-17  -1.962791e-16   4.971441e-16  -1.988799e-16 
     M2_w4  -4.819269e-17  -1.427139e-17  -4.188445e-17  -3.134560e-17  -1.506501e-17  -7.894825e-18  -6.996869e-18  -6.345143e-18  -9.654439e-18  -1.992599e-16   3.809070e-16 

regrid   nx   ny   nz     total   iter  lin_tol.   rgd_tol
     0   98  265   36    934920    55 9.608e-05  N.A. 
     1   81  200   60    972000    36 9.528e-05  6.849e-01 % 
regrid tolerance : 6.85e-01 %

regrid   nx   ny   nz     total   iter  lin_tol.   rgd_tol
     0   98  265   36    934920    49 9.369e-05  N.A. 
     1  103  228   42    986328    33 8.216e-05  1.647e+00 % 
regrid tolerance : 1.65e+00 %

regrid   nx   ny   nz     total   iter  lin_tol.   rgd_tol
     0   98  265   36    934920    49 8.958e-05  N.A. 
     1  115  225   38    983250    34 9.515e-05  1.884e+00 % 
regrid tolerance : 1.88e+00 %

regrid   nx   ny   nz     total   iter  lin_tol.   rgd_tol
     0   98  265   36    934920    49 9.677e-05  N.A. 
     1  115  218   39    977730    32 9.337e-05  1.903e+00 % 
regrid tolerance : 1.90e+00 %

regrid   nx   ny   nz     total   iter  lin_tol.   rgd_tol
     0   98  265   36    934920    49 9.687e-05  N.A. 
     1  114  211   41    986214    34 8.481e-05  1.768e+00 % 
regrid tolerance : 1.77e+00 %

regrid   nx   ny   nz     total   iter  lin_tol.   rgd_tol
     0   98  265   36    934920    49 8.877e-05  N.A. 
     1  115  207   41    976005    34 7.626e-05  1.735e+00 % 
regrid tolerance : 1.74e+00 %

regrid   nx   ny   nz     total   iter  lin_tol.   rgd_tol
     0   98  265   36    934920    50 9.772e-05  N.A. 
     1  117  193   44    993564    37 7.946e-05  1.768e+00 % 
regrid tolerance : 1.77e+00 %

regrid   nx   ny   nz     total   iter  lin_tol.   rgd_tol
     0   98  265   36    934920    51 9.082e-05  N.A. 
     1  117  182   46    979524    36 8.739e-05  1.382e+00 % 
regrid tolerance : 1.38e+00 %

regrid   nx   ny   nz     total   iter  lin_tol.   rgd_tol
     0   98  265   36    934920    50 9.238e-05  N.A. 
     1  116  194   44    990176    33 9.941e-05  1.426e+00 % 
regrid tolerance : 1.43e+00 %

regrid   nx   ny   nz     total   iter  lin_tol.   rgd_tol
     0   98  265   36    934920    49 9.755e-05  N.A. 
     1  112  195   45    982800    35 9.995e-05  1.436e+00 % 
regrid tolerance : 1.44e+00 %

regrid   nx   ny   nz     total   iter  lin_tol.   rgd_tol
     0   98  265   36    934920    50 9.191e-05  N.A. 
     1   99  195   51    984555    34 8.505e-05  1.073e+00 % 
regrid tolerance : 1.07e+00 %

 ==> SPICE Models for Total Capacitance (in Farad)

 C_0_0 M0__w0 OTHERS 7.030015e-16
 C_1_1 M1_w1 OTHERS 4.184144e-16
 C_2_2 M1_w2 OTHERS 5.322715e-16
 C_3_3 M1_w3 OTHERS 5.248676e-16
 C_4_4 M1_w4 OTHERS 5.216559e-16
 C_5_5 M1_w5 OTHERS 5.205552e-16
 C_6_6 M1_w6 OTHERS 3.861352e-16
 C_7_7 M2_w1 OTHERS 3.520123e-16
 C_8_8 M2_w2 OTHERS 4.903125e-16
 C_9_9 M2_w3 OTHERS 4.971441e-16
 C_10_10 M2_w4 OTHERS 3.809070e-16

 ==> SPICE Models for Entire Capacitance Matrix (in Farad)

 C_0_1 M0__w0 M1_w1 9.742212e-17
 C_0_2 M0__w0 M1_w2 5.498284e-17
 C_0_3 M0__w0 M1_w3 5.724712e-17
 C_0_4 M0__w0 M1_w4 6.219654e-17
 C_0_5 M0__w0 M1_w5 6.933045e-17
 C_0_6 M0__w0 M1_w6 1.394747e-16
 C_0_7 M0__w0 M2_w1 1.020628e-16
 C_0_8 M0__w0 M2_w2 3.978149e-17
 C_0_9 M0__w0 M2_w3 2.936613e-17
 C_0_10 M0__w0 M2_w4 4.843482e-17
 C_1_2 M1_w1 M1_w2 2.042769e-16
 C_1_3 M1_w1 M1_w3 7.891263e-18
 C_1_4 M1_w1 M1_w4 2.107871e-18
 C_1_5 M1_w1 M1_w5 7.890068e-19
 C_1_6 M1_w1 M1_w6 6.035413e-19
 C_1_7 M1_w1 M2_w1 1.906339e-17
 C_1_8 M1_w1 M2_w2 3.100964e-17
 C_1_9 M1_w1 M2_w3 4.165760e-17
 C_1_10 M1_w1 M2_w4 1.424328e-17
 C_2_3 M1_w2 M1_w3 2.027377e-16
 C_2_4 M1_w2 M1_w4 8.284521e-18
 C_2_5 M1_w2 M1_w5 2.277568e-18
 C_2_6 M1_w2 M1_w6 1.235134e-18
 C_2_7 M1_w2 M2_w1 1.659625e-18
 C_2_8 M1_w2 M2_w2 2.133630e-18
 C_2_9 M1_w2 M2_w3 1.299707e-17
 C_2_10 M1_w2 M2_w4 4.173732e-17
 C_3_4 M1_w3 M1_w4 2.076984e-16
 C_3_5 M1_w3 M1_w5 1.018757e-17
 C_3_6 M1_w3 M1_w6 4.179126e-18
 C_3_7 M1_w3 M2_w1 9.751176e-19
 C_3_8 M1_w3 M2_w2 8.901280e-19
 C_3_9 M1_w3 M2_w3 2.239861e-18
 C_3_10 M1_w3 M2_w4 3.124789e-17
 C_4_5 M1_w4 M1_w5 2.097027e-16
 C_4_6 M1_w4 M1_w6 1.359247e-17
 C_4_7 M1_w4 M2_w1 8.741584e-19
 C_4_8 M1_w4 M2_w2 7.481475e-19
 C_4_9 M1_w4 M2_w3 1.402155e-18
 C_4_10 M1_w4 M2_w4 1.504858e-17
 C_5_6 M1_w5 M1_w6 2.177864e-16
 C_5_7 M1_w5 M2_w1 7.993546e-19
 C_5_8 M1_w5 M2_w2 6.415287e-19
 C_5_9 M1_w5 M2_w3 1.100523e-18
 C_5_10 M1_w5 M2_w4 7.900079e-18
 C_6_7 M1_w6 M2_w1 1.231793e-18
 C_6_8 M1_w6 M2_w2 9.236788e-19
 C_6_9 M1_w6 M2_w3 1.406496e-18
 C_6_10 M1_w6 M2_w4 6.925196e-18
 C_7_8 M2_w1 M2_w2 2.082476e-16
 C_7_9 M2_w1 M2_w3 1.165893e-17
 C_7_10 M2_w1 M2_w4 6.234159e-18
 C_8_9 M2_w2 M2_w3 1.962619e-16
 C_8_10 M2_w2 M2_w4 9.677295e-18
 C_9_10 M2_w3 M2_w4 1.990699e-16

