/import/programs/synopsys/raphael/S-2021.06/raphael_2021.06.0/linux64/bin/rc3x -n -x -o wires_3D.out wires 

      ********************************************************
      ***                 RAPHAEL RC3 (TM)                 ***
      ***                 Version S-2021.06                ***
      ***             System K (PC: Linux64)               ***
      ***            Copyright (C) 1991 - 2021             ***
      ***                  Synopsys, Inc.                  ***
      ***                                                  ***
      ***  This software and the associated documentation  ***
      ***  are confidential and proprietary to Synopsys,   ***
      ***  Inc.  Your use or disclosure of this software   ***
      ***  is subject to the terms and conditions of a     ***
      ***  written license agreement between you, or your  ***
      ***  company, and Synopsys, Inc.                     ***
      ********************************************************

  1  $pattern raphFiles3D/OverUnder6/M2oM1uM3/D0/W0.14/S0.35
  2  
  3  param window_width=20;
  4  param window_thichness=19.056;
  5  param window_length=20;
  6  POLY3D NAME= p1_1;  COORD=   -10.000, 0.000 ;   10.000, 0.000 ;   10.000, 0.250 ;   -10.000, 0.250 ; V1=0,0,0; HEIGHT=20; DIEL=4.1 ;
  7  POLY3D NAME= m1_1;  COORD=   -10.000, 0.250 ;   10.000, 0.250 ;   10.000, 0.300 ;   -10.000, 0.300 ; V1=0,0,0; HEIGHT=20; DIEL=7 ;
  8  POLY3D NAME= m1_2;  COORD=   -10.000, 0.300 ;   10.000, 0.300 ;   10.000, 0.650 ;   -10.000, 0.650 ; V1=0,0,0; HEIGHT=20; DIEL=4.3 ;
  9  POLY3D NAME= m1_3;  COORD=   -10.000, 0.650 ;   10.000, 0.650 ;   10.000, 0.700 ;   -10.000, 0.700 ; V1=0,0,0; HEIGHT=20; DIEL=4.3 ;
 10  POLY3D NAME= m1_4;  COORD=   -10.000, 0.700 ;   10.000, 0.700 ;   10.000, 0.750 ;   -10.000, 0.750 ; V1=0,0,0; HEIGHT=20; DIEL=4.9 ;
 11  POLY3D NAME= m1_5;  COORD=   -10.000, 0.750 ;   10.000, 0.750 ;   10.000, 0.900 ;   -10.000, 0.900 ; V1=0,0,0; HEIGHT=20; DIEL=4.1 ;
 12  POLY3D NAME= m2_1;  COORD=   -10.000, 0.900 ;   10.000, 0.900 ;   10.000, 0.950 ;   -10.000, 0.950 ; V1=0,0,0; HEIGHT=20; DIEL=4.9 ;
 13  POLY3D NAME= m2_2;  COORD=   -10.000, 0.950 ;   10.000, 0.950 ;   10.000, 1.150 ;   -10.000, 1.150 ; V1=0,0,0; HEIGHT=20; DIEL=2.9 ;
 14  POLY3D NAME= m2_3;  COORD=   -10.000, 1.150 ;   10.000, 1.150 ;   10.000, 1.170 ;   -10.000, 1.170 ; V1=0,0,0; HEIGHT=20; DIEL=4.4 ;
 15  POLY3D NAME= m2_4;  COORD=   -10.000, 1.170 ;   10.000, 1.170 ;   10.000, 1.220 ;   -10.000, 1.220 ; V1=0,0,0; HEIGHT=20; DIEL=4.9 ;
 16  POLY3D NAME= m2_5;  COORD=   -10.000, 1.220 ;   10.000, 1.220 ;   10.000, 1.420 ;   -10.000, 1.420 ; V1=0,0,0; HEIGHT=20; DIEL=2.9 ;
 17  POLY3D NAME= m2_6;  COORD=   -10.000, 1.420 ;   10.000, 1.420 ;   10.000, 1.470 ;   -10.000, 1.470 ; V1=0,0,0; HEIGHT=20; DIEL=4.4 ;
 18  POLY3D NAME= m3_1;  COORD=   -10.000, 1.470 ;   10.000, 1.470 ;   10.000, 1.520 ;   -10.000, 1.520 ; V1=0,0,0; HEIGHT=20; DIEL=4.9 ;
 19  POLY3D NAME= m3_2;  COORD=   -10.000, 1.520 ;   10.000, 1.520 ;   10.000, 1.720 ;   -10.000, 1.720 ; V1=0,0,0; HEIGHT=20; DIEL=2.9 ;
 20  POLY3D NAME= m3_3;  COORD=   -10.000, 1.720 ;   10.000, 1.720 ;   10.000, 1.740 ;   -10.000, 1.740 ; V1=0,0,0; HEIGHT=20; DIEL=4.4 ;
 21  POLY3D NAME= m3_4;  COORD=   -10.000, 1.740 ;   10.000, 1.740 ;   10.000, 1.790 ;   -10.000, 1.790 ; V1=0,0,0; HEIGHT=20; DIEL=4.9 ;
 22  POLY3D NAME= m3_5;  COORD=   -10.000, 1.790 ;   10.000, 1.790 ;   10.000, 1.990 ;   -10.000, 1.990 ; V1=0,0,0; HEIGHT=20; DIEL=2.9 ;
 23  POLY3D NAME= m3_6;  COORD=   -10.000, 1.990 ;   10.000, 1.990 ;   10.000, 2.040 ;   -10.000, 2.040 ; V1=0,0,0; HEIGHT=20; DIEL=4.4 ;
 24  POLY3D NAME= m4_1;  COORD=   -10.000, 2.040 ;   10.000, 2.040 ;   10.000, 2.090 ;   -10.000, 2.090 ; V1=0,0,0; HEIGHT=20; DIEL=4.9 ;
 25  POLY3D NAME= m4_2;  COORD=   -10.000, 2.090 ;   10.000, 2.090 ;   10.000, 2.290 ;   -10.000, 2.290 ; V1=0,0,0; HEIGHT=20; DIEL=2.9 ;
 26  POLY3D NAME= m4_3;  COORD=   -10.000, 2.290 ;   10.000, 2.290 ;   10.000, 2.310 ;   -10.000, 2.310 ; V1=0,0,0; HEIGHT=20; DIEL=4.4 ;
 27  POLY3D NAME= m4_4;  COORD=   -10.000, 2.310 ;   10.000, 2.310 ;   10.000, 2.360 ;   -10.000, 2.360 ; V1=0,0,0; HEIGHT=20; DIEL=4.9 ;
 28  POLY3D NAME= m4_5;  COORD=   -10.000, 2.360 ;   10.000, 2.360 ;   10.000, 2.560 ;   -10.000, 2.560 ; V1=0,0,0; HEIGHT=20; DIEL=2.9 ;
 29  POLY3D NAME= m4_6;  COORD=   -10.000, 2.560 ;   10.000, 2.560 ;   10.000, 2.610 ;   -10.000, 2.610 ; V1=0,0,0; HEIGHT=20; DIEL=4.4 ;
 30  POLY3D NAME= m5_1;  COORD=   -10.000, 2.610 ;   10.000, 2.610 ;   10.000, 2.660 ;   -10.000, 2.660 ; V1=0,0,0; HEIGHT=20; DIEL=4.9 ;
 31  POLY3D NAME= m5_2;  COORD=   -10.000, 2.660 ;   10.000, 2.660 ;   10.000, 2.860 ;   -10.000, 2.860 ; V1=0,0,0; HEIGHT=20; DIEL=2.9 ;
 32  POLY3D NAME= m5_3;  COORD=   -10.000, 2.860 ;   10.000, 2.860 ;   10.000, 2.880 ;   -10.000, 2.880 ; V1=0,0,0; HEIGHT=20; DIEL=4.4 ;
 33  POLY3D NAME= m5_4;  COORD=   -10.000, 2.880 ;   10.000, 2.880 ;   10.000, 2.930 ;   -10.000, 2.930 ; V1=0,0,0; HEIGHT=20; DIEL=4.9 ;
 34  POLY3D NAME= m5_5;  COORD=   -10.000, 2.930 ;   10.000, 2.930 ;   10.000, 3.130 ;   -10.000, 3.130 ; V1=0,0,0; HEIGHT=20; DIEL=2.9 ;
 35  POLY3D NAME= m5_6;  COORD=   -10.000, 3.130 ;   10.000, 3.130 ;   10.000, 3.180 ;   -10.000, 3.180 ; V1=0,0,0; HEIGHT=20; DIEL=4.4 ;
 36  POLY3D NAME= m6_1;  COORD=   -10.000, 3.180 ;   10.000, 3.180 ;   10.000, 3.280 ;   -10.000, 3.280 ; V1=0,0,0; HEIGHT=20; DIEL=4.9 ;
 37  POLY3D NAME= m6_2;  COORD=   -10.000, 3.280 ;   10.000, 3.280 ;   10.000, 3.780 ;   -10.000, 3.780 ; V1=0,0,0; HEIGHT=20; DIEL=4.4 ;
 38  POLY3D NAME= m6_3;  COORD=   -10.000, 3.780 ;   10.000, 3.780 ;   10.000, 3.880 ;   -10.000, 3.880 ; V1=0,0,0; HEIGHT=20; DIEL=4.4 ;
 39  POLY3D NAME= m6_4;  COORD=   -10.000, 3.880 ;   10.000, 3.880 ;   10.000, 3.980 ;   -10.000, 3.980 ; V1=0,0,0; HEIGHT=20; DIEL=4.9 ;
 40  POLY3D NAME= m6_5;  COORD=   -10.000, 3.980 ;   10.000, 3.980 ;   10.000, 4.680 ;   -10.000, 4.680 ; V1=0,0,0; HEIGHT=20; DIEL=4.4 ;
 41  POLY3D NAME= m7_1;  COORD=   -10.000, 4.680 ;   10.000, 4.680 ;   10.000, 4.780 ;   -10.000, 4.780 ; V1=0,0,0; HEIGHT=20; DIEL=4.9 ;
 42  POLY3D NAME= m7_2;  COORD=   -10.000, 4.780 ;   10.000, 4.780 ;   10.000, 5.530 ;   -10.000, 5.530 ; V1=0,0,0; HEIGHT=20; DIEL=4.4 ;
 43  POLY3D NAME= m7_3;  COORD=   -10.000, 5.530 ;   10.000, 5.530 ;   10.000, 5.580 ;   -10.000, 5.580 ; V1=0,0,0; HEIGHT=20; DIEL=4.4 ;
 44  POLY3D NAME= m7_4;  COORD=   -10.000, 5.580 ;   10.000, 5.580 ;   10.000, 5.700 ;   -10.000, 5.700 ; V1=0,0,0; HEIGHT=20; DIEL=4.9 ;
 45  POLY3D NAME= m7_5;  COORD=   -10.000, 5.700 ;   10.000, 5.700 ;   10.000, 6.730 ;   -10.000, 6.730 ; V1=0,0,0; HEIGHT=20; DIEL=4.4 ;
 46  POLY3D NAME= m7_2;  COORD=   -10.000, 6.730 ;   10.000, 6.730 ;   10.000, 7.480 ;   -10.000, 7.480 ; V1=0,0,0; HEIGHT=20; DIEL=4.4 ;
 47  POLY3D NAME= m7_3;  COORD=   -10.000, 7.480 ;   10.000, 7.480 ;   10.000, 7.530 ;   -10.000, 7.530 ; V1=0,0,0; HEIGHT=20; DIEL=4.4 ;
 48  POLY3D NAME= m7_4;  COORD=   -10.000, 7.530 ;   10.000, 7.530 ;   10.000, 7.650 ;   -10.000, 7.650 ; V1=0,0,0; HEIGHT=20; DIEL=4.9 ;
 49  POLY3D NAME= m7_5;  COORD=   -10.000, 7.650 ;   10.000, 7.650 ;   10.000, 8.680 ;   -10.000, 8.680 ; V1=0,0,0; HEIGHT=20; DIEL=4.4 ;
 50  POLY3D NAME= air_1; COORD=   -10.000, 8.680 ;   10.000, 8.680 ;   10.000, 8.980 ;   -10.000, 8.980 ; V1=0,0,0; HEIGHT=20; DIEL=6 ;
 51  POLY3D NAME= air_2; COORD=   -10.000, 8.980 ;   10.000, 8.980 ;   10.000,15.880 ;   -10.000,15.880 ; V1=0,0,0; HEIGHT=20; DIEL=2.9 ;
 52  
 53  $ Simulation window
 54  WINDOW3D V1=-0.5*window_width,0,0; V2=0.5*window_width,window_thichness,window_length; DIEL=1.0;
 55  
 56  $ Ground Plane(s)
 57  POLY3D NAME= M1__w0;  COORD=   -10.000, 0.650 ;   10.000, 0.650 ;   10.000, 0.900 ;   -10.000, 0.900 ;  V1=0,0,0; HEIGHT=20; VOLT=0 ;
 58  OPTIONS SET_GRID=1000000;
 59  
 60  POLY3D NAME= M3__w0;  COORD=   -10.000, 1.740 ;   10.000, 1.740 ;   10.000, 2.040 ;   -10.000, 2.040 ;  V1=0,0,0; HEIGHT=20; VOLT=0 ;
 61  OPTIONS SET_GRID=1000000;
 62  
 63  $ Layout params w= 0.14 s= 0.35 r= 0
 64  
 65  $ Layout/Eff  0.140  0.140 top_width
 66  $ Layout/Eff  0.140 0.14 bot_width
 67  $ Layout/Eff  0.350  0.350 spacing
 68  $ Layout/Eff  1.170  1.170 height 
 69  $ Layout/Eff  0.300  0.300 thicknes
 70  
 71  POLY3D NAME=M2_w1; COORD=   -1.120, 1.170 ;   -0.980, 1.170 ;   -0.980, 1.470 ;   -1.120, 1.470 ; V1=0,0,10; HEIGHT=2; VOLT=0
 72  POLY3D NAME=M2_w2; COORD=   -0.840, 1.170 ;   -0.700, 1.170 ;   -0.700, 1.470 ;   -0.840, 1.470 ; V1=0,0,10; HEIGHT=2; VOLT=0
 73  POLY3D NAME=M2_w3; COORD=   -0.560, 1.170 ;   -0.420, 1.170 ;   -0.420, 1.470 ;   -0.560, 1.470 ; V1=0,0,10; HEIGHT=2; VOLT=0
 74  POLY3D NAME=M2_w4; COORD=   -0.070, 1.170 ;    0.070, 1.170 ;    0.070, 1.470 ;   -0.070, 1.470 ; V1=0,0,10; HEIGHT=2; VOLT=1
 75  POLY3D NAME=M2_w5; COORD=    0.420, 1.170 ;    0.560, 1.170 ;    0.560, 1.470 ;    0.420, 1.470 ; V1=0,0,10; HEIGHT=2; VOLT=0
 76  POLY3D NAME=M2_w6; COORD=    0.700, 1.170 ;    0.840, 1.170 ;    0.840, 1.470 ;    0.700, 1.470 ;  V1=0,0,10; HEIGHT=2; VOLT=0
 77  
 78  OPTIONS SET_GRID=1000000;
 79  
 80  CAPACITANCE


 *** CAPACITANCE [Farad] CALCULATION: (C)(V)=(Q)

               M1__w0         M3__w0          M2_w1          M2_w2          M2_w3          M2_w4          M2_w5          M2_w6     
    M1__w0   1.412631e-14  -1.352398e-14  -1.161712e-16  -7.295871e-17  -9.213533e-17  -1.119535e-16  -9.277730e-17  -1.163291e-16 
    M3__w0  -1.352397e-14   1.413021e-14  -1.169716e-16  -7.316032e-17  -9.244277e-17  -1.133912e-16  -9.313027e-17  -1.171371e-16 
     M2_w1  -1.148763e-16  -1.156073e-16   4.157391e-16  -1.829025e-16  -2.258812e-18  -1.083452e-19  -6.416866e-21  -9.308485e-22 
     M2_w2  -7.276302e-17  -7.301770e-17  -1.827014e-16   5.122553e-16  -1.827585e-16  -9.960049e-19  -3.005696e-20  -3.472688e-21 
     M2_w3  -9.129656e-17  -9.159987e-17  -2.244343e-18  -1.827578e-16   4.299493e-16  -6.157563e-17  -4.538762e-19  -3.113808e-20 
     M2_w4  -1.108135e-16  -1.113167e-16  -1.039427e-19  -9.781386e-19  -6.159560e-17   3.473703e-16  -6.158373e-17  -9.928322e-19 
     M2_w5  -9.203822e-17  -9.239421e-17  -5.992074e-21  -2.967415e-20  -4.509741e-19  -6.157063e-17   4.299847e-16  -1.835147e-16 
     M2_w6  -1.151081e-16  -1.158693e-16  -9.943887e-22  -3.808171e-21  -3.276275e-20  -1.031609e-18  -1.837066e-16   4.157290e-16 

regrid   nx   ny   nz     total   iter  lin_tol.   rgd_tol
     0   86  277   38    905236    24 8.708e-05  N.A. 
     1   63  429   36    972972    39 8.364e-05  3.512e-01 % 
regrid tolerance : 3.51e-01 %

regrid   nx   ny   nz     total   iter  lin_tol.   rgd_tol
     0   86  277   38    905236    40 9.120e-05  N.A. 
     1   61  436   37    984052    55 9.964e-05  3.472e-01 % 
regrid tolerance : 3.47e-01 %

regrid   nx   ny   nz     total   iter  lin_tol.   rgd_tol
     0   86  277   38    905236    20 6.678e-05  N.A. 
     1  123  234   34    978588    40 9.631e-05  1.956e+00 % 
regrid tolerance : 1.96e+00 %

regrid   nx   ny   nz     total   iter  lin_tol.   rgd_tol
     0   86  277   38    905236    19 9.688e-05  N.A. 
     1  124  234   34    986544    42 9.032e-05  1.762e+00 % 
regrid tolerance : 1.76e+00 %

regrid   nx   ny   nz     total   iter  lin_tol.   rgd_tol
     0   86  277   38    905236    19 9.254e-05  N.A. 
     1  120  236   35    991200    39 8.362e-05  1.629e+00 % 
regrid tolerance : 1.63e+00 %

regrid   nx   ny   nz     total   iter  lin_tol.   rgd_tol
     0   86  277   38    905236    19 6.472e-05  N.A. 
     1  117  238   35    974610    36 9.089e-05  1.350e+00 % 
regrid tolerance : 1.35e+00 %

regrid   nx   ny   nz     total   iter  lin_tol.   rgd_tol
     0   86  277   38    905236    19 9.266e-05  N.A. 
     1  121  236   34    970904    40 9.345e-05  1.617e+00 % 
regrid tolerance : 1.62e+00 %

regrid   nx   ny   nz     total   iter  lin_tol.   rgd_tol
     0   86  277   38    905236    19 8.044e-05  N.A. 
     1  124  234   34    986544    39 9.676e-05  1.961e+00 % 
regrid tolerance : 1.96e+00 %

 ==> SPICE Models for Total Capacitance (in Farad)

 C_0_0 M1__w0 OTHERS 1.412631e-14
 C_1_1 M3__w0 OTHERS 1.413021e-14
 C_2_2 M2_w1 OTHERS 4.157391e-16
 C_3_3 M2_w2 OTHERS 5.122553e-16
 C_4_4 M2_w3 OTHERS 4.299493e-16
 C_5_5 M2_w4 OTHERS 3.473703e-16
 C_6_6 M2_w5 OTHERS 4.299847e-16
 C_7_7 M2_w6 OTHERS 4.157290e-16

 ==> SPICE Models for Entire Capacitance Matrix (in Farad)

 C_0_1 M1__w0 M3__w0 1.352398e-14
 C_0_2 M1__w0 M2_w1 1.155237e-16
 C_0_3 M1__w0 M2_w2 7.286087e-17
 C_0_4 M1__w0 M2_w3 9.171594e-17
 C_0_5 M1__w0 M2_w4 1.113835e-16
 C_0_6 M1__w0 M2_w5 9.240776e-17
 C_0_7 M1__w0 M2_w6 1.157186e-16
 C_1_2 M3__w0 M2_w1 1.162895e-16
 C_1_3 M3__w0 M2_w2 7.308901e-17
 C_1_4 M3__w0 M2_w3 9.202132e-17
 C_1_5 M3__w0 M2_w4 1.123539e-16
 C_1_6 M3__w0 M2_w5 9.276224e-17
 C_1_7 M3__w0 M2_w6 1.165032e-16
 C_2_3 M2_w1 M2_w2 1.828020e-16
 C_2_4 M2_w1 M2_w3 2.251578e-18
 C_2_5 M2_w1 M2_w4 1.061439e-19
 C_2_6 M2_w1 M2_w5 6.204470e-21
 C_2_7 M2_w1 M2_w6 9.626186e-22
 C_3_4 M2_w2 M2_w3 1.827581e-16
 C_3_5 M2_w2 M2_w4 9.870718e-19
 C_3_6 M2_w2 M2_w5 2.986556e-20
 C_3_7 M2_w2 M2_w6 3.640429e-21
 C_4_5 M2_w3 M2_w4 6.158561e-17
 C_4_6 M2_w3 M2_w5 4.524251e-19
 C_4_7 M2_w3 M2_w6 3.195042e-20
 C_5_6 M2_w4 M2_w5 6.157718e-17
 C_5_7 M2_w4 M2_w6 1.012220e-18
 C_6_7 M2_w5 M2_w6 1.836106e-16

