/import/programs/synopsys/raphael/S-2021.06/raphael_2021.06.0/linux64/bin/rc3x -x -n -o wires_3D.out wires 

      ********************************************************
      ***                 RAPHAEL RC3 (TM)                 ***
      ***                 Version S-2021.06                ***
      ***             System K (PC: Linux64)               ***
      ***            Copyright (C) 1991 - 2021             ***
      ***                  Synopsys, Inc.                  ***
      ***                                                  ***
      ***  This software and the associated documentation  ***
      ***  are confidential and proprietary to Synopsys,   ***
      ***  Inc.  Your use or disclosure of this software   ***
      ***  is subject to the terms and conditions of a     ***
      ***  written license agreement between you, or your  ***
      ***  company, and Synopsys, Inc.                     ***
      ********************************************************

  1  $pattern raphFiles/DiagUnder6/M1duM2/D0/W0.14/S0.196
  2  
  3  param window_width=20;
  4  param window_thichness=19.056;
  5  param window_length=20;
  6  
  7  POLY3D NAME= p1_1;  COORD=   -10.000, 0.000 ;   10.000, 0.000 ;   10.000, 0.250 ;   -10.000, 0.250 ; V1=0,0,0; HEIGHT=20; DIEL=4.1 ;
  8  POLY3D NAME= m1_1;  COORD=   -10.000, 0.250 ;   10.000, 0.250 ;   10.000, 0.300 ;   -10.000, 0.300 ; V1=0,0,0; HEIGHT=20; DIEL=7 ;
  9  POLY3D NAME= m1_2;  COORD=   -10.000, 0.300 ;   10.000, 0.300 ;   10.000, 0.650 ;   -10.000, 0.650 ; V1=0,0,0; HEIGHT=20; DIEL=4.3 ;
 10  POLY3D NAME= m1_3;  COORD=   -10.000, 0.650 ;   10.000, 0.650 ;   10.000, 0.700 ;   -10.000, 0.700 ; V1=0,0,0; HEIGHT=20; DIEL=4.3 ;
 11  POLY3D NAME= m1_4;  COORD=   -10.000, 0.700 ;   10.000, 0.700 ;   10.000, 0.750 ;   -10.000, 0.750 ; V1=0,0,0; HEIGHT=20; DIEL=4.9 ;
 12  POLY3D NAME= m1_5;  COORD=   -10.000, 0.750 ;   10.000, 0.750 ;   10.000, 0.900 ;   -10.000, 0.900 ; V1=0,0,0; HEIGHT=20; DIEL=4.1 ;
 13  POLY3D NAME= m2_1;  COORD=   -10.000, 0.900 ;   10.000, 0.900 ;   10.000, 0.950 ;   -10.000, 0.950 ; V1=0,0,0; HEIGHT=20; DIEL=4.9 ;
 14  POLY3D NAME= m2_2;  COORD=   -10.000, 0.950 ;   10.000, 0.950 ;   10.000, 1.150 ;   -10.000, 1.150 ; V1=0,0,0; HEIGHT=20; DIEL=2.9 ;
 15  POLY3D NAME= m2_3;  COORD=   -10.000, 1.150 ;   10.000, 1.150 ;   10.000, 1.170 ;   -10.000, 1.170 ; V1=0,0,0; HEIGHT=20; DIEL=4.4 ;
 16  POLY3D NAME= m2_4;  COORD=   -10.000, 1.170 ;   10.000, 1.170 ;   10.000, 1.220 ;   -10.000, 1.220 ; V1=0,0,0; HEIGHT=20; DIEL=4.9 ;
 17  POLY3D NAME= m2_5;  COORD=   -10.000, 1.220 ;   10.000, 1.220 ;   10.000, 1.420 ;   -10.000, 1.420 ; V1=0,0,0; HEIGHT=20; DIEL=2.9 ;
 18  POLY3D NAME= m2_6;  COORD=   -10.000, 1.420 ;   10.000, 1.420 ;   10.000, 1.470 ;   -10.000, 1.470 ; V1=0,0,0; HEIGHT=20; DIEL=4.4 ;
 19  POLY3D NAME= m3_1;  COORD=   -10.000, 1.470 ;   10.000, 1.470 ;   10.000, 1.520 ;   -10.000, 1.520 ; V1=0,0,0; HEIGHT=20; DIEL=4.9 ;
 20  POLY3D NAME= m3_2;  COORD=   -10.000, 1.520 ;   10.000, 1.520 ;   10.000, 1.720 ;   -10.000, 1.720 ; V1=0,0,0; HEIGHT=20; DIEL=2.9 ;
 21  POLY3D NAME= m3_3;  COORD=   -10.000, 1.720 ;   10.000, 1.720 ;   10.000, 1.740 ;   -10.000, 1.740 ; V1=0,0,0; HEIGHT=20; DIEL=4.4 ;
 22  POLY3D NAME= m3_4;  COORD=   -10.000, 1.740 ;   10.000, 1.740 ;   10.000, 1.790 ;   -10.000, 1.790 ; V1=0,0,0; HEIGHT=20; DIEL=4.9 ;
 23  POLY3D NAME= m3_5;  COORD=   -10.000, 1.790 ;   10.000, 1.790 ;   10.000, 1.990 ;   -10.000, 1.990 ; V1=0,0,0; HEIGHT=20; DIEL=2.9 ;
 24  POLY3D NAME= m3_6;  COORD=   -10.000, 1.990 ;   10.000, 1.990 ;   10.000, 2.040 ;   -10.000, 2.040 ; V1=0,0,0; HEIGHT=20; DIEL=4.4 ;
 25  POLY3D NAME= m4_1;  COORD=   -10.000, 2.040 ;   10.000, 2.040 ;   10.000, 2.090 ;   -10.000, 2.090 ; V1=0,0,0; HEIGHT=20; DIEL=4.9 ;
 26  POLY3D NAME= m4_2;  COORD=   -10.000, 2.090 ;   10.000, 2.090 ;   10.000, 2.290 ;   -10.000, 2.290 ; V1=0,0,0; HEIGHT=20; DIEL=2.9 ;
 27  POLY3D NAME= m4_3;  COORD=   -10.000, 2.290 ;   10.000, 2.290 ;   10.000, 2.310 ;   -10.000, 2.310 ; V1=0,0,0; HEIGHT=20; DIEL=4.4 ;
 28  POLY3D NAME= m4_4;  COORD=   -10.000, 2.310 ;   10.000, 2.310 ;   10.000, 2.360 ;   -10.000, 2.360 ; V1=0,0,0; HEIGHT=20; DIEL=4.9 ;
 29  POLY3D NAME= m4_5;  COORD=   -10.000, 2.360 ;   10.000, 2.360 ;   10.000, 2.560 ;   -10.000, 2.560 ; V1=0,0,0; HEIGHT=20; DIEL=2.9 ;
 30  POLY3D NAME= m4_6;  COORD=   -10.000, 2.560 ;   10.000, 2.560 ;   10.000, 2.610 ;   -10.000, 2.610 ; V1=0,0,0; HEIGHT=20; DIEL=4.4 ;
 31  POLY3D NAME= m5_1;  COORD=   -10.000, 2.610 ;   10.000, 2.610 ;   10.000, 2.660 ;   -10.000, 2.660 ; V1=0,0,0; HEIGHT=20; DIEL=4.9 ;
 32  POLY3D NAME= m5_2;  COORD=   -10.000, 2.660 ;   10.000, 2.660 ;   10.000, 2.860 ;   -10.000, 2.860 ; V1=0,0,0; HEIGHT=20; DIEL=2.9 ;
 33  POLY3D NAME= m5_3;  COORD=   -10.000, 2.860 ;   10.000, 2.860 ;   10.000, 2.880 ;   -10.000, 2.880 ; V1=0,0,0; HEIGHT=20; DIEL=4.4 ;
 34  POLY3D NAME= m5_4;  COORD=   -10.000, 2.880 ;   10.000, 2.880 ;   10.000, 2.930 ;   -10.000, 2.930 ; V1=0,0,0; HEIGHT=20; DIEL=4.9 ;
 35  POLY3D NAME= m5_5;  COORD=   -10.000, 2.930 ;   10.000, 2.930 ;   10.000, 3.130 ;   -10.000, 3.130 ; V1=0,0,0; HEIGHT=20; DIEL=2.9 ;
 36  POLY3D NAME= m5_6;  COORD=   -10.000, 3.130 ;   10.000, 3.130 ;   10.000, 3.180 ;   -10.000, 3.180 ; V1=0,0,0; HEIGHT=20; DIEL=4.4 ;
 37  POLY3D NAME= m6_1;  COORD=   -10.000, 3.180 ;   10.000, 3.180 ;   10.000, 3.280 ;   -10.000, 3.280 ; V1=0,0,0; HEIGHT=20; DIEL=4.9 ;
 38  POLY3D NAME= m6_2;  COORD=   -10.000, 3.280 ;   10.000, 3.280 ;   10.000, 3.780 ;   -10.000, 3.780 ; V1=0,0,0; HEIGHT=20; DIEL=4.4 ;
 39  POLY3D NAME= m6_3;  COORD=   -10.000, 3.780 ;   10.000, 3.780 ;   10.000, 3.880 ;   -10.000, 3.880 ; V1=0,0,0; HEIGHT=20; DIEL=4.4 ;
 40  POLY3D NAME= m6_4;  COORD=   -10.000, 3.880 ;   10.000, 3.880 ;   10.000, 3.980 ;   -10.000, 3.980 ; V1=0,0,0; HEIGHT=20; DIEL=4.9 ;
 41  POLY3D NAME= m6_5;  COORD=   -10.000, 3.980 ;   10.000, 3.980 ;   10.000, 4.680 ;   -10.000, 4.680 ; V1=0,0,0; HEIGHT=20; DIEL=4.4 ;
 42  POLY3D NAME= m7_1;  COORD=   -10.000, 4.680 ;   10.000, 4.680 ;   10.000, 4.780 ;   -10.000, 4.780 ; V1=0,0,0; HEIGHT=20; DIEL=4.9 ;
 43  POLY3D NAME= m7_2;  COORD=   -10.000, 4.780 ;   10.000, 4.780 ;   10.000, 5.530 ;   -10.000, 5.530 ; V1=0,0,0; HEIGHT=20; DIEL=4.4 ;
 44  POLY3D NAME= m7_3;  COORD=   -10.000, 5.530 ;   10.000, 5.530 ;   10.000, 5.580 ;   -10.000, 5.580 ; V1=0,0,0; HEIGHT=20; DIEL=4.4 ;
 45  POLY3D NAME= m7_4;  COORD=   -10.000, 5.580 ;   10.000, 5.580 ;   10.000, 5.700 ;   -10.000, 5.700 ; V1=0,0,0; HEIGHT=20; DIEL=4.9 ;
 46  POLY3D NAME= m7_5;  COORD=   -10.000, 5.700 ;   10.000, 5.700 ;   10.000, 6.730 ;   -10.000, 6.730 ; V1=0,0,0; HEIGHT=20; DIEL=4.4 ;
 47  POLY3D NAME= m7_2;  COORD=   -10.000, 6.730 ;   10.000, 6.730 ;   10.000, 7.480 ;   -10.000, 7.480 ; V1=0,0,0; HEIGHT=20; DIEL=4.4 ;
 48  POLY3D NAME= m7_3;  COORD=   -10.000, 7.480 ;   10.000, 7.480 ;   10.000, 7.530 ;   -10.000, 7.530 ; V1=0,0,0; HEIGHT=20; DIEL=4.4 ;
 49  POLY3D NAME= m7_4;  COORD=   -10.000, 7.530 ;   10.000, 7.530 ;   10.000, 7.650 ;   -10.000, 7.650 ; V1=0,0,0; HEIGHT=20; DIEL=4.9 ;
 50  POLY3D NAME= m7_5;  COORD=   -10.000, 7.650 ;   10.000, 7.650 ;   10.000, 8.680 ;   -10.000, 8.680 ; V1=0,0,0; HEIGHT=20; DIEL=4.4 ;
 51  POLY3D NAME= air_1; COORD=   -10.000, 8.680 ;   10.000, 8.680 ;   10.000, 8.980 ;   -10.000, 8.980 ; V1=0,0,0; HEIGHT=20; DIEL=6 ;
 52  POLY3D NAME= air_2; COORD=   -10.000, 8.980 ;   10.000, 8.980 ;   10.000,15.880 ;   -10.000,15.880 ; V1=0,0,0; HEIGHT=20; DIEL=2.9 ;
 53  
 54  $ Simulation window
 55  WINDOW3D V1=-0.5*window_width,0,0; V2=0.5*window_width,window_thichness,window_length; DIEL=1.0;
 56  
 57  $ Ground Plane(s)
 58  POLY3D NAME= M0__w0;  COORD=   -10.000,-1.000 ;   10.000,-1.000 ;   10.000, 0.000 ;   -10.000, 0.000 ;  V1=0,0,0; HEIGHT=20; VOLT=0 ;
 59  OPTIONS SET_GRID=1000000;
 60  
 61  $ Layout params w= 0.14 s= 0.196 r= 0
 62  
 63  $ Layout/Eff  0.140  0.140 top_width
 64  $ Layout/Eff  0.140 0.14 bot_width
 65  $ Layout/Eff  0.196  0.196 spacing
 66  $ Layout/Eff  0.650  0.650 height 
 67  $ Layout/Eff  0.250  0.250 thicknes
 68  
 69  POLY3D NAME=M1_w1; COORD=   -0.910, 0.650 ;   -0.770, 0.650 ;   -0.770, 0.900 ;   -0.910, 0.900 ; V1=0,0,9; HEIGHT=2; VOLT=0
 70  POLY3D NAME=M1_w2; COORD=   -0.630, 0.650 ;   -0.490, 0.650 ;   -0.490, 0.900 ;   -0.630, 0.900 ; V1=0,0,9; HEIGHT=2; VOLT=0
 71  POLY3D NAME=M1_w3; COORD=   -0.350, 0.650 ;   -0.210, 0.650 ;   -0.210, 0.900 ;   -0.350, 0.900 ; V1=0,0,9; HEIGHT=2; VOLT=0
 72  POLY3D NAME=M1_w4; COORD=   -0.070, 0.650 ;    0.070, 0.650 ;    0.070, 0.900 ;   -0.070, 0.900 ; V1=0,0,9; HEIGHT=2; VOLT=1
 73  POLY3D NAME=M1_w5; COORD=    0.210, 0.650 ;    0.350, 0.650 ;    0.350, 0.900 ;    0.210, 0.900 ; V1=0,0,9; HEIGHT=2; VOLT=0
 74  POLY3D NAME=M1_w6; COORD=    0.490, 0.650 ;    0.630, 0.650 ;    0.630, 0.900 ;    0.490, 0.900 ; V1=0,0,9; HEIGHT=2; VOLT=0
 75  
 76  POLY3D NAME=M2_w1; COORD=   -1.106, 1.170 ;   -0.966, 1.170 ;   -0.966, 1.470 ;   -1.106, 1.470 ; V1=0,0,9; HEIGHT=2; VOLT=0
 77  POLY3D NAME=M2_w2; COORD=   -0.826, 1.170 ;   -0.686, 1.170 ;   -0.686, 1.470 ;   -0.826, 1.470 ; V1=0,0,9; HEIGHT=2; VOLT=0
 78  POLY3D NAME=M2_w3; COORD=   -0.546, 1.170 ;   -0.406, 1.170 ;   -0.406, 1.470 ;   -0.546, 1.470 ; V1=0,0,9; HEIGHT=2; VOLT=0
 79  POLY3D NAME=M2_w4; COORD=   -0.266, 1.170 ;   -0.126, 1.170 ;   -0.126, 1.470 ;   -0.266, 1.470 ; V1=0,0,9; HEIGHT=2; VOLT=1
 80  
 81  
 82  OPTIONS SET_GRID=1000000;
 83  
 84  CAPACITANCE


 *** CAPACITANCE [Farad] CALCULATION: (C)(V)=(Q)

               M0__w0          M1_w1          M1_w2          M1_w3          M1_w4          M1_w5          M1_w6          M2_w1          M2_w2          M2_w3          M2_w4     
    M0__w0   6.696742e-16  -1.057100e-16  -5.432141e-17  -5.266035e-17  -5.667259e-17  -6.627324e-17  -1.380629e-16  -8.707069e-17  -2.993636e-17  -2.740881e-17  -5.157325e-17 
     M1_w1  -1.055027e-16   4.159253e-16  -2.042188e-16  -7.639444e-18  -1.958580e-18  -7.238381e-19  -6.952714e-19  -5.015558e-17  -3.614043e-17  -7.335353e-18  -1.556695e-18 
     M1_w2  -5.425371e-17  -2.038037e-16   5.318896e-16  -2.000830e-16  -6.874523e-18  -1.709294e-18  -9.671410e-19  -4.119899e-18  -2.096594e-17  -3.207596e-17  -7.042881e-18 
     M1_w3  -5.242702e-17  -7.657673e-18  -2.000836e-16   5.319582e-16  -2.011281e-16  -7.685702e-18  -2.781086e-18  -1.092613e-18  -2.655146e-18  -2.095151e-17  -3.550030e-17 
     M1_w4  -5.657525e-17  -1.930999e-18  -6.886401e-18  -2.011949e-16   5.272570e-16  -2.065459e-16  -1.189471e-17  -8.075485e-19  -7.777440e-19  -3.237812e-18  -3.740709e-17 
     M1_w5  -6.599227e-17  -7.302573e-19  -1.744970e-18  -7.773510e-18  -2.067195e-16   5.218096e-16  -2.166740e-16  -9.062287e-19  -7.278889e-19  -1.556879e-18  -1.898380e-17 
     M1_w6  -1.363721e-16  -5.115578e-19  -8.231298e-19  -2.593387e-18  -1.168092e-17  -2.168772e-16   3.870130e-16  -1.440608e-18  -1.091360e-18  -1.933430e-18  -1.368621e-17 
     M2_w1  -8.622467e-17  -5.052465e-17  -4.050519e-18  -1.026965e-18  -7.107463e-19  -7.629576e-19  -1.396712e-18   3.615038e-16  -2.010104e-16  -9.934662e-18  -5.858833e-18 
     M2_w2  -2.988891e-17  -3.634101e-17  -2.099353e-17  -2.684423e-18  -7.953855e-19  -7.409171e-19  -1.235013e-18  -2.008802e-16   4.966973e-16  -1.937239e-16  -9.417506e-18 
     M2_w3  -2.721713e-17  -7.313565e-18  -3.236071e-17  -2.092804e-17  -3.230798e-18  -1.545939e-18  -2.066470e-18  -1.013809e-17  -1.938310e-16   4.970422e-16  -1.984145e-16 
     M2_w4  -5.118421e-17  -1.549459e-18  -7.084104e-18  -3.561807e-17  -3.754213e-17  -1.901630e-17  -1.387171e-17  -6.080349e-18  -9.354469e-18  -1.988689e-16   3.801622e-16 

regrid   nx   ny   nz     total   iter  lin_tol.   rgd_tol
     0  102  263   36    965736    58 9.358e-05  N.A. 
     1   85  196   59    982940    38 8.866e-05  1.199e+00 % 
regrid tolerance : 1.20e+00 %

regrid   nx   ny   nz     total   iter  lin_tol.   rgd_tol
     0  102  263   36    965736    51 8.825e-05  N.A. 
     1  105  231   40    970200    34 8.710e-05  1.753e+00 % 
regrid tolerance : 1.75e+00 %

regrid   nx   ny   nz     total   iter  lin_tol.   rgd_tol
     0  102  263   36    965736    51 8.229e-05  N.A. 
     1  104  241   39    977496    34 8.813e-05  1.890e+00 % 
regrid tolerance : 1.89e+00 %

regrid   nx   ny   nz     total   iter  lin_tol.   rgd_tol
     0  102  263   36    965736    51 8.444e-05  N.A. 
     1  105  240   39    982800    36 9.310e-05  1.914e+00 % 
regrid tolerance : 1.91e+00 %

regrid   nx   ny   nz     total   iter  lin_tol.   rgd_tol
     0  102  263   36    965736    51 9.769e-05  N.A. 
     1  115  222   38    970140    36 9.698e-05  2.144e+00 % 
regrid tolerance : 2.14e+00 %

regrid   nx   ny   nz     total   iter  lin_tol.   rgd_tol
     0  102  263   36    965736    53 9.395e-05  N.A. 
     1  121  207   39    976833    35 9.132e-05  2.247e+00 % 
regrid tolerance : 2.25e+00 %

regrid   nx   ny   nz     total   iter  lin_tol.   rgd_tol
     0  102  263   36    965736    52 9.546e-05  N.A. 
     1  123  190   42    981540    37 9.600e-05  2.143e+00 % 
regrid tolerance : 2.14e+00 %

regrid   nx   ny   nz     total   iter  lin_tol.   rgd_tol
     0  102  263   36    965736    50 9.957e-05  N.A. 
     1  118  181   46    982468    36 9.446e-05  1.489e+00 % 
regrid tolerance : 1.49e+00 %

regrid   nx   ny   nz     total   iter  lin_tol.   rgd_tol
     0  102  263   36    965736    50 7.871e-05  N.A. 
     1  108  202   45    981720    36 7.960e-05  1.018e+00 % 
regrid tolerance : 1.02e+00 %

regrid   nx   ny   nz     total   iter  lin_tol.   rgd_tol
     0  102  263   36    965736    50 7.742e-05  N.A. 
     1  105  203   46    980490    37 8.691e-05  9.552e-01 % 
regrid tolerance : 9.55e-01 %

regrid   nx   ny   nz     total   iter  lin_tol.   rgd_tol
     0  102  263   36    965736    50 8.917e-05  N.A. 
     1   99  197   50    975150    35 9.605e-05  7.429e-01 % 
regrid tolerance : 7.43e-01 %

 ==> SPICE Models for Total Capacitance (in Farad)

 C_0_0 M0__w0 OTHERS 6.696742e-16
 C_1_1 M1_w1 OTHERS 4.159253e-16
 C_2_2 M1_w2 OTHERS 5.318896e-16
 C_3_3 M1_w3 OTHERS 5.319582e-16
 C_4_4 M1_w4 OTHERS 5.272570e-16
 C_5_5 M1_w5 OTHERS 5.218096e-16
 C_6_6 M1_w6 OTHERS 3.870130e-16
 C_7_7 M2_w1 OTHERS 3.615038e-16
 C_8_8 M2_w2 OTHERS 4.966973e-16
 C_9_9 M2_w3 OTHERS 4.970422e-16
 C_10_10 M2_w4 OTHERS 3.801622e-16

 ==> SPICE Models for Entire Capacitance Matrix (in Farad)

 C_0_1 M0__w0 M1_w1 1.056064e-16
 C_0_2 M0__w0 M1_w2 5.428756e-17
 C_0_3 M0__w0 M1_w3 5.254368e-17
 C_0_4 M0__w0 M1_w4 5.662392e-17
 C_0_5 M0__w0 M1_w5 6.613275e-17
 C_0_6 M0__w0 M1_w6 1.372175e-16
 C_0_7 M0__w0 M2_w1 8.664768e-17
 C_0_8 M0__w0 M2_w2 2.991264e-17
 C_0_9 M0__w0 M2_w3 2.731297e-17
 C_0_10 M0__w0 M2_w4 5.137873e-17
 C_1_2 M1_w1 M1_w2 2.040112e-16
 C_1_3 M1_w1 M1_w3 7.648559e-18
 C_1_4 M1_w1 M1_w4 1.944790e-18
 C_1_5 M1_w1 M1_w5 7.270477e-19
 C_1_6 M1_w1 M1_w6 6.034146e-19
 C_1_7 M1_w1 M2_w1 5.034012e-17
 C_1_8 M1_w1 M2_w2 3.624072e-17
 C_1_9 M1_w1 M2_w3 7.324459e-18
 C_1_10 M1_w1 M2_w4 1.553077e-18
 C_2_3 M1_w2 M1_w3 2.000833e-16
 C_2_4 M1_w2 M1_w4 6.880462e-18
 C_2_5 M1_w2 M1_w5 1.727132e-18
 C_2_6 M1_w2 M1_w6 8.951354e-19
 C_2_7 M1_w2 M2_w1 4.085209e-18
 C_2_8 M1_w2 M2_w2 2.097973e-17
 C_2_9 M1_w2 M2_w3 3.221834e-17
 C_2_10 M1_w2 M2_w4 7.063492e-18
 C_3_4 M1_w3 M1_w4 2.011615e-16
 C_3_5 M1_w3 M1_w5 7.729606e-18
 C_3_6 M1_w3 M1_w6 2.687237e-18
 C_3_7 M1_w3 M2_w1 1.059789e-18
 C_3_8 M1_w3 M2_w2 2.669784e-18
 C_3_9 M1_w3 M2_w3 2.093977e-17
 C_3_10 M1_w3 M2_w4 3.555918e-17
 C_4_5 M1_w4 M1_w5 2.066327e-16
 C_4_6 M1_w4 M1_w6 1.178781e-17
 C_4_7 M1_w4 M2_w1 7.591474e-19
 C_4_8 M1_w4 M2_w2 7.865647e-19
 C_4_9 M1_w4 M2_w3 3.234305e-18
 C_4_10 M1_w4 M2_w4 3.747461e-17
 C_5_6 M1_w5 M1_w6 2.167756e-16
 C_5_7 M1_w5 M2_w1 8.345932e-19
 C_5_8 M1_w5 M2_w2 7.344030e-19
 C_5_9 M1_w5 M2_w3 1.551409e-18
 C_5_10 M1_w5 M2_w4 1.900005e-17
 C_6_7 M1_w6 M2_w1 1.418660e-18
 C_6_8 M1_w6 M2_w2 1.163186e-18
 C_6_9 M1_w6 M2_w3 1.999950e-18
 C_6_10 M1_w6 M2_w4 1.377896e-17
 C_7_8 M2_w1 M2_w2 2.009453e-16
 C_7_9 M2_w1 M2_w3 1.003637e-17
 C_7_10 M2_w1 M2_w4 5.969591e-18
 C_8_9 M2_w2 M2_w3 1.937775e-16
 C_8_10 M2_w2 M2_w4 9.385987e-18
 C_9_10 M2_w3 M2_w4 1.986417e-16

