/import/programs/synopsys/raphael/S-2021.06/raphael_2021.06.0/linux64/bin/rc3x -n -x -o wires_3D.out wires_TEST 

      ********************************************************
      ***                 RAPHAEL RC3 (TM)                 ***
      ***                 Version S-2021.06                ***
      ***             System K (PC: Linux64)               ***
      ***            Copyright (C) 1991 - 2021             ***
      ***                  Synopsys, Inc.                  ***
      ***                                                  ***
      ***  This software and the associated documentation  ***
      ***  are confidential and proprietary to Synopsys,   ***
      ***  Inc.  Your use or disclosure of this software   ***
      ***  is subject to the terms and conditions of a     ***
      ***  written license agreement between you, or your  ***
      ***  company, and Synopsys, Inc.                     ***
      ********************************************************

  1  $pattern raphFiles3D/Over6/M1oM0/D0/W0.21/S0.21
  2  
  3  param window_width=60;
  4  param window_thichness=19.056;
  5  param window_length=20;
  6  POLY3D NAME= p1_1;  COORD=   -10.000, 0.000 ;   10.000, 0.000 ;   10.000, 0.250 ;   -10.000, 0.250 ; V1=0,0,0; HEIGHT=20; DIEL=4.1 ;
  7  POLY3D NAME= m1_1;  COORD=   -10.000, 0.250 ;   10.000, 0.250 ;   10.000, 0.300 ;   -10.000, 0.300 ; V1=0,0,0; HEIGHT=20; DIEL=7 ;
  8  POLY3D NAME= m1_2;  COORD=   -10.000, 0.300 ;   10.000, 0.300 ;   10.000, 0.650 ;   -10.000, 0.650 ; V1=0,0,0; HEIGHT=20; DIEL=4.3 ;
  9  POLY3D NAME= m1_3;  COORD=   -10.000, 0.650 ;   10.000, 0.650 ;   10.000, 0.700 ;   -10.000, 0.700 ; V1=0,0,0; HEIGHT=20; DIEL=4.3 ;
 10  POLY3D NAME= m1_4;  COORD=   -10.000, 0.700 ;   10.000, 0.700 ;   10.000, 0.750 ;   -10.000, 0.750 ; V1=0,0,0; HEIGHT=20; DIEL=4.9 ;
 11  POLY3D NAME= m1_5;  COORD=   -10.000, 0.750 ;   10.000, 0.750 ;   10.000, 0.900 ;   -10.000, 0.900 ; V1=0,0,0; HEIGHT=20; DIEL=4.1 ;
 12  POLY3D NAME= m2_1;  COORD=   -10.000, 0.900 ;   10.000, 0.900 ;   10.000, 0.950 ;   -10.000, 0.950 ; V1=0,0,0; HEIGHT=20; DIEL=4.9 ;
 13  POLY3D NAME= m2_2;  COORD=   -10.000, 0.950 ;   10.000, 0.950 ;   10.000, 1.150 ;   -10.000, 1.150 ; V1=0,0,0; HEIGHT=20; DIEL=2.9 ;
 14  POLY3D NAME= m2_3;  COORD=   -10.000, 1.150 ;   10.000, 1.150 ;   10.000, 1.170 ;   -10.000, 1.170 ; V1=0,0,0; HEIGHT=20; DIEL=4.4 ;
 15  POLY3D NAME= m2_4;  COORD=   -10.000, 1.170 ;   10.000, 1.170 ;   10.000, 1.220 ;   -10.000, 1.220 ; V1=0,0,0; HEIGHT=20; DIEL=4.9 ;
 16  POLY3D NAME= m2_5;  COORD=   -10.000, 1.220 ;   10.000, 1.220 ;   10.000, 1.420 ;   -10.000, 1.420 ; V1=0,0,0; HEIGHT=20; DIEL=2.9 ;
 17  POLY3D NAME= m2_6;  COORD=   -10.000, 1.420 ;   10.000, 1.420 ;   10.000, 1.470 ;   -10.000, 1.470 ; V1=0,0,0; HEIGHT=20; DIEL=4.4 ;
 18  POLY3D NAME= m3_1;  COORD=   -10.000, 1.470 ;   10.000, 1.470 ;   10.000, 1.520 ;   -10.000, 1.520 ; V1=0,0,0; HEIGHT=20; DIEL=4.9 ;
 19  POLY3D NAME= m3_2;  COORD=   -10.000, 1.520 ;   10.000, 1.520 ;   10.000, 1.720 ;   -10.000, 1.720 ; V1=0,0,0; HEIGHT=20; DIEL=2.9 ;
 20  POLY3D NAME= m3_3;  COORD=   -10.000, 1.720 ;   10.000, 1.720 ;   10.000, 1.740 ;   -10.000, 1.740 ; V1=0,0,0; HEIGHT=20; DIEL=4.4 ;
 21  POLY3D NAME= m3_4;  COORD=   -10.000, 1.740 ;   10.000, 1.740 ;   10.000, 1.790 ;   -10.000, 1.790 ; V1=0,0,0; HEIGHT=20; DIEL=4.9 ;
 22  POLY3D NAME= m3_5;  COORD=   -10.000, 1.790 ;   10.000, 1.790 ;   10.000, 1.990 ;   -10.000, 1.990 ; V1=0,0,0; HEIGHT=20; DIEL=2.9 ;
 23  POLY3D NAME= m3_6;  COORD=   -10.000, 1.990 ;   10.000, 1.990 ;   10.000, 2.040 ;   -10.000, 2.040 ; V1=0,0,0; HEIGHT=20; DIEL=4.4 ;
 24  POLY3D NAME= m4_1;  COORD=   -10.000, 2.040 ;   10.000, 2.040 ;   10.000, 2.090 ;   -10.000, 2.090 ; V1=0,0,0; HEIGHT=20; DIEL=4.9 ;
 25  POLY3D NAME= m4_2;  COORD=   -10.000, 2.090 ;   10.000, 2.090 ;   10.000, 2.290 ;   -10.000, 2.290 ; V1=0,0,0; HEIGHT=20; DIEL=2.9 ;
 26  POLY3D NAME= m4_3;  COORD=   -10.000, 2.290 ;   10.000, 2.290 ;   10.000, 2.310 ;   -10.000, 2.310 ; V1=0,0,0; HEIGHT=20; DIEL=4.4 ;
 27  POLY3D NAME= m4_4;  COORD=   -10.000, 2.310 ;   10.000, 2.310 ;   10.000, 2.360 ;   -10.000, 2.360 ; V1=0,0,0; HEIGHT=20; DIEL=4.9 ;
 28  POLY3D NAME= m4_5;  COORD=   -10.000, 2.360 ;   10.000, 2.360 ;   10.000, 2.560 ;   -10.000, 2.560 ; V1=0,0,0; HEIGHT=20; DIEL=2.9 ;
 29  POLY3D NAME= m4_6;  COORD=   -10.000, 2.560 ;   10.000, 2.560 ;   10.000, 2.610 ;   -10.000, 2.610 ; V1=0,0,0; HEIGHT=20; DIEL=4.4 ;
 30  POLY3D NAME= m5_1;  COORD=   -10.000, 2.610 ;   10.000, 2.610 ;   10.000, 2.660 ;   -10.000, 2.660 ; V1=0,0,0; HEIGHT=20; DIEL=4.9 ;
 31  POLY3D NAME= m5_2;  COORD=   -10.000, 2.660 ;   10.000, 2.660 ;   10.000, 2.860 ;   -10.000, 2.860 ; V1=0,0,0; HEIGHT=20; DIEL=2.9 ;
 32  POLY3D NAME= m5_3;  COORD=   -10.000, 2.860 ;   10.000, 2.860 ;   10.000, 2.880 ;   -10.000, 2.880 ; V1=0,0,0; HEIGHT=20; DIEL=4.4 ;
 33  POLY3D NAME= m5_4;  COORD=   -10.000, 2.880 ;   10.000, 2.880 ;   10.000, 2.930 ;   -10.000, 2.930 ; V1=0,0,0; HEIGHT=20; DIEL=4.9 ;
 34  POLY3D NAME= m5_5;  COORD=   -10.000, 2.930 ;   10.000, 2.930 ;   10.000, 3.130 ;   -10.000, 3.130 ; V1=0,0,0; HEIGHT=20; DIEL=2.9 ;
 35  POLY3D NAME= m5_6;  COORD=   -10.000, 3.130 ;   10.000, 3.130 ;   10.000, 3.180 ;   -10.000, 3.180 ; V1=0,0,0; HEIGHT=20; DIEL=4.4 ;
 36  POLY3D NAME= m6_1;  COORD=   -10.000, 3.180 ;   10.000, 3.180 ;   10.000, 3.280 ;   -10.000, 3.280 ; V1=0,0,0; HEIGHT=20; DIEL=4.9 ;
 37  POLY3D NAME= m6_2;  COORD=   -10.000, 3.280 ;   10.000, 3.280 ;   10.000, 3.780 ;   -10.000, 3.780 ; V1=0,0,0; HEIGHT=20; DIEL=4.4 ;
 38  POLY3D NAME= m6_3;  COORD=   -10.000, 3.780 ;   10.000, 3.780 ;   10.000, 3.880 ;   -10.000, 3.880 ; V1=0,0,0; HEIGHT=20; DIEL=4.4 ;
 39  POLY3D NAME= m6_4;  COORD=   -10.000, 3.880 ;   10.000, 3.880 ;   10.000, 3.980 ;   -10.000, 3.980 ; V1=0,0,0; HEIGHT=20; DIEL=4.9 ;
 40  POLY3D NAME= m6_5;  COORD=   -10.000, 3.980 ;   10.000, 3.980 ;   10.000, 4.680 ;   -10.000, 4.680 ; V1=0,0,0; HEIGHT=20; DIEL=4.4 ;
 41  POLY3D NAME= m7_1;  COORD=   -10.000, 4.680 ;   10.000, 4.680 ;   10.000, 4.780 ;   -10.000, 4.780 ; V1=0,0,0; HEIGHT=20; DIEL=4.9 ;
 42  POLY3D NAME= m7_2;  COORD=   -10.000, 4.780 ;   10.000, 4.780 ;   10.000, 5.530 ;   -10.000, 5.530 ; V1=0,0,0; HEIGHT=20; DIEL=4.4 ;
 43  POLY3D NAME= m7_3;  COORD=   -10.000, 5.530 ;   10.000, 5.530 ;   10.000, 5.580 ;   -10.000, 5.580 ; V1=0,0,0; HEIGHT=20; DIEL=4.4 ;
 44  POLY3D NAME= m7_4;  COORD=   -10.000, 5.580 ;   10.000, 5.580 ;   10.000, 5.700 ;   -10.000, 5.700 ; V1=0,0,0; HEIGHT=20; DIEL=4.9 ;
 45  POLY3D NAME= m7_5;  COORD=   -10.000, 5.700 ;   10.000, 5.700 ;   10.000, 6.730 ;   -10.000, 6.730 ; V1=0,0,0; HEIGHT=20; DIEL=4.4 ;
 46  POLY3D NAME= m7_2;  COORD=   -10.000, 6.730 ;   10.000, 6.730 ;   10.000, 7.480 ;   -10.000, 7.480 ; V1=0,0,0; HEIGHT=20; DIEL=4.4 ;
 47  POLY3D NAME= m7_3;  COORD=   -10.000, 7.480 ;   10.000, 7.480 ;   10.000, 7.530 ;   -10.000, 7.530 ; V1=0,0,0; HEIGHT=20; DIEL=4.4 ;
 48  POLY3D NAME= m7_4;  COORD=   -10.000, 7.530 ;   10.000, 7.530 ;   10.000, 7.650 ;   -10.000, 7.650 ; V1=0,0,0; HEIGHT=20; DIEL=4.9 ;
 49  POLY3D NAME= m7_5;  COORD=   -10.000, 7.650 ;   10.000, 7.650 ;   10.000, 8.680 ;   -10.000, 8.680 ; V1=0,0,0; HEIGHT=20; DIEL=4.4 ;
 50  POLY3D NAME= air_1;  COORD=   -10.000, 8.680 ;   10.000, 8.680 ;   10.000, 8.980 ;   -10.000, 8.980 ; V1=0,0,0; HEIGHT=20; DIEL=6 ;
 51  POLY3D NAME= air_2;  COORD=   -10.000, 8.980 ;   10.000, 8.980 ;   10.000,15.880 ;   -10.000,15.880 ; V1=0,0,0; HEIGHT=20; DIEL=2.9 ;
 52  
 53  $ Simulation window
 54  WINDOW3D V1=-0.5*window_width,0,0; V2=0.5*window_width,window_thichness,window_length; DIEL=1.0;
 55  
 56  $ Ground Plane(s)
 57  POLY3D NAME= M0__w0;  COORD=   -10.000,-1.000 ;   10.000,-1.000 ;   10.000, 0.000 ;   -10.000, 0.000 ;  V1=0,0,0; HEIGHT=20; VOLT=0 ;
 58  OPTIONS SET_GRID=1000000;
 59  
 60  $ Layout params w= 0.21 s= 0.21 r= 0
 61  
 62  $ Layout/Eff  0.210  0.210 top_width
 63  $ Layout/Eff  0.210 0.21 bot_width
 64  $ Layout/Eff  0.210  0.210 spacing
 65  $ Layout/Eff  0.650  0.650 height 
 66  $ Layout/Eff  0.250  0.250 thicknes
 67  
 68  POLY3D NAME=M1_w1; COORD=   -0.980, 0.650 ;   -0.840, 0.650 ;   -0.840, 0.900 ;   -0.980, 0.900 ; V1=0,0,10; HEIGHT=2; VOLT=0
 69  POLY3D NAME=M1_w2; COORD=   -0.700, 0.650 ;   -0.560, 0.650 ;   -0.560, 0.900 ;   -0.700, 0.900 ; V1=0,0,10; HEIGHT=2; VOLT=0
 70  POLY3D NAME=M1_w3; COORD=   -0.420, 0.650 ;   -0.280, 0.650 ;   -0.280, 0.900 ;   -0.420, 0.900 ; V1=0,0,10; HEIGHT=2; VOLT=0
 71  POLY3D NAME=M1_w4; COORD=   -0.070, 0.650 ;    0.070, 0.650 ;    0.070, 0.900 ;   -0.070, 0.900 ; V1=0,0,10; HEIGHT=2; VOLT=1
 72  POLY3D NAME=M1_w5; COORD=    0.280, 0.650 ;    0.420, 0.650 ;    0.420, 0.900 ;    0.280, 0.900 ; V1=0,0,10; HEIGHT=2; VOLT=0
 73  POLY3D NAME=M1_w6; COORD=    0.560, 0.650 ;    0.700, 0.650 ;    0.700, 0.900 ;    0.560, 0.900 ;  V1=0,0,10; HEIGHT=2; VOLT=0
 74  
 75  OPTIONS SET_GRID=1000000;
 76  
 77  CAPACITANCE


 *** CAPACITANCE [Farad] CALCULATION: (C)(V)=(Q)

               M0__w0          M1_w1          M1_w2          M1_w3          M1_w4          M1_w5          M1_w6     
    M0__w0   6.047174e-16  -1.440581e-16  -7.403902e-17  -7.676010e-17  -8.398513e-17  -8.161735e-17  -1.443259e-16 
     M1_w1  -1.432543e-16   3.858056e-16  -2.181598e-16  -1.483395e-17  -5.295296e-18  -2.249358e-18  -2.011657e-18 
     M1_w2  -7.382840e-17  -2.181365e-16   5.202765e-16  -2.122896e-16  -1.082464e-17  -3.098751e-18  -2.097551e-18 
     M1_w3  -7.612400e-17  -1.492564e-17  -2.121457e-16   4.649119e-16  -1.478888e-16  -9.476394e-18  -4.351681e-18 
     M1_w4  -8.300282e-17  -5.409282e-18  -1.079733e-17  -1.480047e-16   4.093877e-16  -1.484616e-16  -1.370993e-17 
     M1_w5  -8.110016e-17  -2.389229e-18  -3.092802e-18  -9.494488e-18  -1.480990e-16   4.644208e-16  -2.202449e-16 
     M1_w6  -1.436147e-16  -2.013784e-18  -1.969324e-18  -4.218725e-18  -1.357314e-17  -2.203104e-16   3.857013e-16 

regrid   nx   ny   nz     total   iter  lin_tol.   rgd_tol
     0  116  253   32    939136    51 9.342e-05  N.A. 
     1   89  204   54    980424    34 9.974e-05  1.721e+00 % 
regrid tolerance : 1.72e+00 %

regrid   nx   ny   nz     total   iter  lin_tol.   rgd_tol
     0  116  253   32    939136    48 7.856e-05  N.A. 
     1  129  187   41    989043    36 9.063e-05  2.598e+00 % 
regrid tolerance : 2.60e+00 %

regrid   nx   ny   nz     total   iter  lin_tol.   rgd_tol
     0  116  253   32    939136    47 9.843e-05  N.A. 
     1  125  201   39    979875    34 9.419e-05  2.326e+00 % 
regrid tolerance : 2.33e+00 %

regrid   nx   ny   nz     total   iter  lin_tol.   rgd_tol
     0  116  253   32    939136    48 8.367e-05  N.A. 
     1  121  202   40    977680    32 9.443e-05  2.193e+00 % 
regrid tolerance : 2.19e+00 %

regrid   nx   ny   nz     total   iter  lin_tol.   rgd_tol
     0  116  253   32    939136    46 9.912e-05  N.A. 
     1  119  202   41    985558    35 8.560e-05  1.827e+00 % 
regrid tolerance : 1.83e+00 %

regrid   nx   ny   nz     total   iter  lin_tol.   rgd_tol
     0  116  253   32    939136    47 8.749e-05  N.A. 
     1  123  201   40    988920    33 8.744e-05  2.188e+00 % 
regrid tolerance : 2.19e+00 %

regrid   nx   ny   nz     total   iter  lin_tol.   rgd_tol
     0  116  253   32    939136    48 8.278e-05  N.A. 
     1  129  187   41    989043    36 8.031e-05  2.607e+00 % 
regrid tolerance : 2.61e+00 %

 ==> SPICE Models for Total Capacitance (in Farad)

 C_0_0 M0__w0 OTHERS 6.047174e-16
 C_1_1 M1_w1 OTHERS 3.858056e-16
 C_2_2 M1_w2 OTHERS 5.202765e-16
 C_3_3 M1_w3 OTHERS 4.649119e-16
 C_4_4 M1_w4 OTHERS 4.093877e-16
 C_5_5 M1_w5 OTHERS 4.644208e-16
 C_6_6 M1_w6 OTHERS 3.857013e-16

 ==> SPICE Models for Entire Capacitance Matrix (in Farad)

 C_0_1 M0__w0 M1_w1 1.436562e-16
 C_0_2 M0__w0 M1_w2 7.393371e-17
 C_0_3 M0__w0 M1_w3 7.644205e-17
 C_0_4 M0__w0 M1_w4 8.349397e-17
 C_0_5 M0__w0 M1_w5 8.135875e-17
 C_0_6 M0__w0 M1_w6 1.439703e-16
 C_1_2 M1_w1 M1_w2 2.181481e-16
 C_1_3 M1_w1 M1_w3 1.487980e-17
 C_1_4 M1_w1 M1_w4 5.352289e-18
 C_1_5 M1_w1 M1_w5 2.319294e-18
 C_1_6 M1_w1 M1_w6 2.012720e-18
 C_2_3 M1_w2 M1_w3 2.122177e-16
 C_2_4 M1_w2 M1_w4 1.081098e-17
 C_2_5 M1_w2 M1_w5 3.095776e-18
 C_2_6 M1_w2 M1_w6 2.033438e-18
 C_3_4 M1_w3 M1_w4 1.479468e-16
 C_3_5 M1_w3 M1_w5 9.485441e-18
 C_3_6 M1_w3 M1_w6 4.285203e-18
 C_4_5 M1_w4 M1_w5 1.482803e-16
 C_4_6 M1_w4 M1_w6 1.364153e-17
 C_5_6 M1_w5 M1_w6 2.202776e-16

