/import/programs/synopsys/raphael/S-2021.06/raphael_2021.06.0/linux64/bin/rc3x -x -n -o wires_3D.out wires 

      ********************************************************
      ***                 RAPHAEL RC3 (TM)                 ***
      ***                 Version S-2021.06                ***
      ***             System K (PC: Linux64)               ***
      ***            Copyright (C) 1991 - 2021             ***
      ***                  Synopsys, Inc.                  ***
      ***                                                  ***
      ***  This software and the associated documentation  ***
      ***  are confidential and proprietary to Synopsys,   ***
      ***  Inc.  Your use or disclosure of this software   ***
      ***  is subject to the terms and conditions of a     ***
      ***  written license agreement between you, or your  ***
      ***  company, and Synopsys, Inc.                     ***
      ********************************************************

  1  $pattern raphFiles/DiagUnder6/M1duM2/D0/W0.14/S0.28
  2  
  3  param window_width=20;
  4  param window_thichness=19.056;
  5  param window_length=20;
  6  POLY3D NAME= p1_1;  COORD=   -10.000, 0.000 ;   10.000, 0.000 ;   10.000, 0.250 ;   -10.000, 0.250 ; V1=0,0,0; HEIGHT=20; DIEL=4.1 ;
  7  POLY3D NAME= m1_1;  COORD=   -10.000, 0.250 ;   10.000, 0.250 ;   10.000, 0.300 ;   -10.000, 0.300 ; V1=0,0,0; HEIGHT=20; DIEL=7 ;
  8  POLY3D NAME= m1_2;  COORD=   -10.000, 0.300 ;   10.000, 0.300 ;   10.000, 0.650 ;   -10.000, 0.650 ; V1=0,0,0; HEIGHT=20; DIEL=4.3 ;
  9  POLY3D NAME= m1_3;  COORD=   -10.000, 0.650 ;   10.000, 0.650 ;   10.000, 0.700 ;   -10.000, 0.700 ; V1=0,0,0; HEIGHT=20; DIEL=4.3 ;
 10  POLY3D NAME= m1_4;  COORD=   -10.000, 0.700 ;   10.000, 0.700 ;   10.000, 0.750 ;   -10.000, 0.750 ; V1=0,0,0; HEIGHT=20; DIEL=4.9 ;
 11  POLY3D NAME= m1_5;  COORD=   -10.000, 0.750 ;   10.000, 0.750 ;   10.000, 0.900 ;   -10.000, 0.900 ; V1=0,0,0; HEIGHT=20; DIEL=4.1 ;
 12  POLY3D NAME= m2_1;  COORD=   -10.000, 0.900 ;   10.000, 0.900 ;   10.000, 0.950 ;   -10.000, 0.950 ; V1=0,0,0; HEIGHT=20; DIEL=4.9 ;
 13  POLY3D NAME= m2_2;  COORD=   -10.000, 0.950 ;   10.000, 0.950 ;   10.000, 1.150 ;   -10.000, 1.150 ; V1=0,0,0; HEIGHT=20; DIEL=2.9 ;
 14  POLY3D NAME= m2_3;  COORD=   -10.000, 1.150 ;   10.000, 1.150 ;   10.000, 1.170 ;   -10.000, 1.170 ; V1=0,0,0; HEIGHT=20; DIEL=4.4 ;
 15  POLY3D NAME= m2_4;  COORD=   -10.000, 1.170 ;   10.000, 1.170 ;   10.000, 1.220 ;   -10.000, 1.220 ; V1=0,0,0; HEIGHT=20; DIEL=4.9 ;
 16  POLY3D NAME= m2_5;  COORD=   -10.000, 1.220 ;   10.000, 1.220 ;   10.000, 1.420 ;   -10.000, 1.420 ; V1=0,0,0; HEIGHT=20; DIEL=2.9 ;
 17  POLY3D NAME= m2_6;  COORD=   -10.000, 1.420 ;   10.000, 1.420 ;   10.000, 1.470 ;   -10.000, 1.470 ; V1=0,0,0; HEIGHT=20; DIEL=4.4 ;
 18  POLY3D NAME= m3_1;  COORD=   -10.000, 1.470 ;   10.000, 1.470 ;   10.000, 1.520 ;   -10.000, 1.520 ; V1=0,0,0; HEIGHT=20; DIEL=4.9 ;
 19  POLY3D NAME= m3_2;  COORD=   -10.000, 1.520 ;   10.000, 1.520 ;   10.000, 1.720 ;   -10.000, 1.720 ; V1=0,0,0; HEIGHT=20; DIEL=2.9 ;
 20  POLY3D NAME= m3_3;  COORD=   -10.000, 1.720 ;   10.000, 1.720 ;   10.000, 1.740 ;   -10.000, 1.740 ; V1=0,0,0; HEIGHT=20; DIEL=4.4 ;
 21  POLY3D NAME= m3_4;  COORD=   -10.000, 1.740 ;   10.000, 1.740 ;   10.000, 1.790 ;   -10.000, 1.790 ; V1=0,0,0; HEIGHT=20; DIEL=4.9 ;
 22  POLY3D NAME= m3_5;  COORD=   -10.000, 1.790 ;   10.000, 1.790 ;   10.000, 1.990 ;   -10.000, 1.990 ; V1=0,0,0; HEIGHT=20; DIEL=2.9 ;
 23  POLY3D NAME= m3_6;  COORD=   -10.000, 1.990 ;   10.000, 1.990 ;   10.000, 2.040 ;   -10.000, 2.040 ; V1=0,0,0; HEIGHT=20; DIEL=4.4 ;
 24  POLY3D NAME= m4_1;  COORD=   -10.000, 2.040 ;   10.000, 2.040 ;   10.000, 2.090 ;   -10.000, 2.090 ; V1=0,0,0; HEIGHT=20; DIEL=4.9 ;
 25  POLY3D NAME= m4_2;  COORD=   -10.000, 2.090 ;   10.000, 2.090 ;   10.000, 2.290 ;   -10.000, 2.290 ; V1=0,0,0; HEIGHT=20; DIEL=2.9 ;
 26  POLY3D NAME= m4_3;  COORD=   -10.000, 2.290 ;   10.000, 2.290 ;   10.000, 2.310 ;   -10.000, 2.310 ; V1=0,0,0; HEIGHT=20; DIEL=4.4 ;
 27  POLY3D NAME= m4_4;  COORD=   -10.000, 2.310 ;   10.000, 2.310 ;   10.000, 2.360 ;   -10.000, 2.360 ; V1=0,0,0; HEIGHT=20; DIEL=4.9 ;
 28  POLY3D NAME= m4_5;  COORD=   -10.000, 2.360 ;   10.000, 2.360 ;   10.000, 2.560 ;   -10.000, 2.560 ; V1=0,0,0; HEIGHT=20; DIEL=2.9 ;
 29  POLY3D NAME= m4_6;  COORD=   -10.000, 2.560 ;   10.000, 2.560 ;   10.000, 2.610 ;   -10.000, 2.610 ; V1=0,0,0; HEIGHT=20; DIEL=4.4 ;
 30  POLY3D NAME= m5_1;  COORD=   -10.000, 2.610 ;   10.000, 2.610 ;   10.000, 2.660 ;   -10.000, 2.660 ; V1=0,0,0; HEIGHT=20; DIEL=4.9 ;
 31  POLY3D NAME= m5_2;  COORD=   -10.000, 2.660 ;   10.000, 2.660 ;   10.000, 2.860 ;   -10.000, 2.860 ; V1=0,0,0; HEIGHT=20; DIEL=2.9 ;
 32  POLY3D NAME= m5_3;  COORD=   -10.000, 2.860 ;   10.000, 2.860 ;   10.000, 2.880 ;   -10.000, 2.880 ; V1=0,0,0; HEIGHT=20; DIEL=4.4 ;
 33  POLY3D NAME= m5_4;  COORD=   -10.000, 2.880 ;   10.000, 2.880 ;   10.000, 2.930 ;   -10.000, 2.930 ; V1=0,0,0; HEIGHT=20; DIEL=4.9 ;
 34  POLY3D NAME= m5_5;  COORD=   -10.000, 2.930 ;   10.000, 2.930 ;   10.000, 3.130 ;   -10.000, 3.130 ; V1=0,0,0; HEIGHT=20; DIEL=2.9 ;
 35  POLY3D NAME= m5_6;  COORD=   -10.000, 3.130 ;   10.000, 3.130 ;   10.000, 3.180 ;   -10.000, 3.180 ; V1=0,0,0; HEIGHT=20; DIEL=4.4 ;
 36  POLY3D NAME= m6_1;  COORD=   -10.000, 3.180 ;   10.000, 3.180 ;   10.000, 3.280 ;   -10.000, 3.280 ; V1=0,0,0; HEIGHT=20; DIEL=4.9 ;
 37  POLY3D NAME= m6_2;  COORD=   -10.000, 3.280 ;   10.000, 3.280 ;   10.000, 3.780 ;   -10.000, 3.780 ; V1=0,0,0; HEIGHT=20; DIEL=4.4 ;
 38  POLY3D NAME= m6_3;  COORD=   -10.000, 3.780 ;   10.000, 3.780 ;   10.000, 3.880 ;   -10.000, 3.880 ; V1=0,0,0; HEIGHT=20; DIEL=4.4 ;
 39  POLY3D NAME= m6_4;  COORD=   -10.000, 3.880 ;   10.000, 3.880 ;   10.000, 3.980 ;   -10.000, 3.980 ; V1=0,0,0; HEIGHT=20; DIEL=4.9 ;
 40  POLY3D NAME= m6_5;  COORD=   -10.000, 3.980 ;   10.000, 3.980 ;   10.000, 4.680 ;   -10.000, 4.680 ; V1=0,0,0; HEIGHT=20; DIEL=4.4 ;
 41  POLY3D NAME= m7_1;  COORD=   -10.000, 4.680 ;   10.000, 4.680 ;   10.000, 4.780 ;   -10.000, 4.780 ; V1=0,0,0; HEIGHT=20; DIEL=4.9 ;
 42  POLY3D NAME= m7_2;  COORD=   -10.000, 4.780 ;   10.000, 4.780 ;   10.000, 5.530 ;   -10.000, 5.530 ; V1=0,0,0; HEIGHT=20; DIEL=4.4 ;
 43  POLY3D NAME= m7_3;  COORD=   -10.000, 5.530 ;   10.000, 5.530 ;   10.000, 5.580 ;   -10.000, 5.580 ; V1=0,0,0; HEIGHT=20; DIEL=4.4 ;
 44  POLY3D NAME= m7_4;  COORD=   -10.000, 5.580 ;   10.000, 5.580 ;   10.000, 5.700 ;   -10.000, 5.700 ; V1=0,0,0; HEIGHT=20; DIEL=4.9 ;
 45  POLY3D NAME= m7_5;  COORD=   -10.000, 5.700 ;   10.000, 5.700 ;   10.000, 6.730 ;   -10.000, 6.730 ; V1=0,0,0; HEIGHT=20; DIEL=4.4 ;
 46  POLY3D NAME= m7_2;  COORD=   -10.000, 6.730 ;   10.000, 6.730 ;   10.000, 7.480 ;   -10.000, 7.480 ; V1=0,0,0; HEIGHT=20; DIEL=4.4 ;
 47  POLY3D NAME= m7_3;  COORD=   -10.000, 7.480 ;   10.000, 7.480 ;   10.000, 7.530 ;   -10.000, 7.530 ; V1=0,0,0; HEIGHT=20; DIEL=4.4 ;
 48  POLY3D NAME= m7_4;  COORD=   -10.000, 7.530 ;   10.000, 7.530 ;   10.000, 7.650 ;   -10.000, 7.650 ; V1=0,0,0; HEIGHT=20; DIEL=4.9 ;
 49  POLY3D NAME= m7_5;  COORD=   -10.000, 7.650 ;   10.000, 7.650 ;   10.000, 8.680 ;   -10.000, 8.680 ; V1=0,0,0; HEIGHT=20; DIEL=4.4 ;
 50  POLY3D NAME= air_1; COORD=   -10.000, 8.680 ;   10.000, 8.680 ;   10.000, 8.980 ;   -10.000, 8.980 ; V1=0,0,0; HEIGHT=20; DIEL=6 ;
 51  POLY3D NAME= air_2; COORD=   -10.000, 8.980 ;   10.000, 8.980 ;   10.000,15.880 ;   -10.000,15.880 ; V1=0,0,0; HEIGHT=20; DIEL=2.9 ;
 52  
 53  $ Simulation window
 54  WINDOW3D V1=-0.5*window_width,0,0; V2=0.5*window_width,window_thichness,window_length; DIEL=1.0;
 55  
 56  $ Ground Plane(s)
 57  POLY3D NAME= M0__w0;  COORD=   -10.000,-1.000 ;   10.000,-1.000 ;   10.000, 0.000 ;   -10.000, 0.000 ;  V1=0,0,0; HEIGHT=20; VOLT=0 ;
 58  OPTIONS SET_GRID=1000000;
 59  
 60  $ Layout params w= 0.14 s= 0.28 r= 0
 61  
 62  $ Layout/Eff  0.140  0.140 top_width
 63  $ Layout/Eff  0.140 0.14 bot_width
 64  $ Layout/Eff  0.280  0.280 spacing
 65  $ Layout/Eff  0.650  0.650 height 
 66  $ Layout/Eff  0.250  0.250 thicknes
 67  
 68  POLY3D NAME=M1_w1; COORD=   -0.910, 0.650 ;   -0.770, 0.650 ;   -0.770, 0.900 ;   -0.910, 0.900 ; V1=0,0,9; HEIGHT=2; VOLT=0
 69  POLY3D NAME=M1_w2; COORD=   -0.630, 0.650 ;   -0.490, 0.650 ;   -0.490, 0.900 ;   -0.630, 0.900 ; V1=0,0,9; HEIGHT=2; VOLT=0
 70  POLY3D NAME=M1_w3; COORD=   -0.350, 0.650 ;   -0.210, 0.650 ;   -0.210, 0.900 ;   -0.350, 0.900 ; V1=0,0,9; HEIGHT=2; VOLT=0
 71  POLY3D NAME=M1_w4; COORD=   -0.070, 0.650 ;    0.070, 0.650 ;    0.070, 0.900 ;   -0.070, 0.900 ; V1=0,0,9; HEIGHT=2; VOLT=1
 72  POLY3D NAME=M1_w5; COORD=    0.210, 0.650 ;    0.350, 0.650 ;    0.350, 0.900 ;    0.210, 0.900 ; V1=0,0,9; HEIGHT=2; VOLT=0
 73  POLY3D NAME=M1_w6; COORD=    0.490, 0.650 ;    0.630, 0.650 ;    0.630, 0.900 ;    0.490, 0.900 ; V1=0,0,9; HEIGHT=2; VOLT=0
 74  
 75  POLY3D NAME=M2_w1; COORD=   -1.190, 1.170 ;   -1.050, 1.170 ;   -1.050, 1.470 ;   -1.190, 1.470 ; V1=0,0,9; HEIGHT=2; VOLT=0
 76  POLY3D NAME=M2_w2; COORD=   -0.910, 1.170 ;   -0.770, 1.170 ;   -0.770, 1.470 ;   -0.910, 1.470 ; V1=0,0,9; HEIGHT=2; VOLT=0
 77  POLY3D NAME=M2_w3; COORD=   -0.630, 1.170 ;   -0.490, 1.170 ;   -0.490, 1.470 ;   -0.630, 1.470 ; V1=0,0,9; HEIGHT=2; VOLT=0
 78  POLY3D NAME=M2_w4; COORD=   -0.350, 1.170 ;   -0.210, 1.170 ;   -0.210, 1.470 ;   -0.350, 1.470 ; V1=0,0,9; HEIGHT=2; VOLT=1
 79  
 80  OPTIONS SET_GRID=1000000;
 81  
 82  CAPACITANCE


 *** CAPACITANCE [Farad] CALCULATION: (C)(V)=(Q)

               M0__w0          M1_w1          M1_w2          M1_w3          M1_w4          M1_w5          M1_w6          M2_w1          M2_w2          M2_w3          M2_w4     
    M0__w0   6.765073e-16  -1.030855e-16  -5.470142e-17  -5.328946e-17  -5.839845e-17  -6.725817e-17  -1.385738e-16  -9.164924e-17  -3.127369e-17  -2.758085e-17  -5.072800e-17 
     M1_w1  -1.026505e-16   4.169173e-16  -2.042516e-16  -7.675469e-18  -1.972086e-18  -7.253020e-19  -6.779259e-19  -4.120772e-17  -4.213039e-17  -1.349898e-17  -2.128556e-18 
     M1_w2  -5.414427e-17  -2.042436e-16   5.329311e-16  -2.006258e-16  -7.023716e-18  -1.774526e-18  -1.012543e-18  -2.931637e-18  -1.279235e-17  -3.503492e-17  -1.334798e-17 
     M1_w3  -5.304233e-17  -7.676299e-18  -2.006191e-16   5.323532e-16  -2.027556e-16  -8.265715e-18  -3.109813e-18  -1.019217e-18  -1.527513e-18  -1.279664e-17  -4.154141e-17 
     M1_w4  -5.807353e-17  -1.960011e-18  -6.995459e-18  -2.025605e-16   5.247852e-16  -2.076953e-16  -1.250980e-17  -8.598153e-19  -7.421943e-19  -2.192224e-18  -3.119843e-17 
     M1_w5  -6.696775e-17  -7.377878e-19  -1.807867e-18  -8.300384e-18  -2.079255e-16   5.211125e-16  -2.170309e-16  -9.201446e-19  -7.130934e-19  -1.429310e-18  -1.528031e-17 
     M1_w6  -1.370183e-16  -5.078868e-19  -8.576855e-19  -2.876586e-18  -1.235378e-17  -2.170991e-16   3.864556e-16  -1.405769e-18  -1.038391e-18  -1.785417e-18  -1.151157e-17 
     M2_w1  -9.074277e-17  -4.144847e-17  -2.841151e-18  -9.371924e-19  -7.513762e-19  -7.710379e-19  -1.358601e-18   3.574729e-16  -2.026126e-16  -1.009743e-17  -5.911998e-18 
     M2_w2  -3.132159e-17  -4.215518e-17  -1.284014e-17  -1.548378e-18  -7.623776e-19  -7.252718e-19  -1.175442e-18  -2.026322e-16   4.968740e-16  -1.942419e-16  -9.471311e-18 
     M2_w3  -2.728634e-17  -1.355872e-17  -3.516668e-17  -1.280963e-17  -2.219010e-18  -1.427375e-18  -1.887330e-18  -1.026465e-17  -1.942760e-16   4.976787e-16  -1.987829e-16 
     M2_w4  -5.025422e-17  -2.131842e-18  -1.335330e-17  -4.183425e-17  -3.139395e-17  -1.529500e-17  -1.165509e-17  -6.141938e-18  -9.431738e-18  -1.991406e-16   3.806296e-16 

regrid   nx   ny   nz     total   iter  lin_tol.   rgd_tol
     0   88  273   38    912912    54 8.834e-05  N.A. 
     1   78  206   61    980148    35 9.437e-05  7.853e-01 % 
regrid tolerance : 7.85e-01 %

regrid   nx   ny   nz     total   iter  lin_tol.   rgd_tol
     0   88  273   38    912912    47 8.840e-05  N.A. 
     1  102  236   41    986952    33 8.512e-05  1.722e+00 % 
regrid tolerance : 1.72e+00 %

regrid   nx   ny   nz     total   iter  lin_tol.   rgd_tol
     0   88  273   38    912912    46 9.029e-05  N.A. 
     1  108  237   38    972648    36 9.129e-05  1.885e+00 % 
regrid tolerance : 1.89e+00 %

regrid   nx   ny   nz     total   iter  lin_tol.   rgd_tol
     0   88  273   38    912912    46 9.660e-05  N.A. 
     1  108  238   38    976752    36 7.956e-05  1.896e+00 % 
regrid tolerance : 1.90e+00 %

regrid   nx   ny   nz     total   iter  lin_tol.   rgd_tol
     0   88  273   38    912912    47 8.985e-05  N.A. 
     1  109  229   39    973479    33 7.898e-05  1.910e+00 % 
regrid tolerance : 1.91e+00 %

regrid   nx   ny   nz     total   iter  lin_tol.   rgd_tol
     0   88  273   38    912912    47 8.969e-05  N.A. 
     1  109  220   41    983180    32 8.358e-05  1.782e+00 % 
regrid tolerance : 1.78e+00 %

regrid   nx   ny   nz     total   iter  lin_tol.   rgd_tol
     0   88  273   38    912912    48 8.920e-05  N.A. 
     1  111  202   44    986568    36 8.112e-05  1.793e+00 % 
regrid tolerance : 1.79e+00 %

regrid   nx   ny   nz     total   iter  lin_tol.   rgd_tol
     0   88  273   38    912912    48 9.367e-05  N.A. 
     1  111  190   47    991230    35 9.266e-05  1.480e+00 % 
regrid tolerance : 1.48e+00 %

regrid   nx   ny   nz     total   iter  lin_tol.   rgd_tol
     0   88  273   38    912912    47 9.582e-05  N.A. 
     1  108  203   45    986580    35 9.146e-05  1.467e+00 % 
regrid tolerance : 1.47e+00 %

regrid   nx   ny   nz     total   iter  lin_tol.   rgd_tol
     0   88  273   38    912912    47 9.073e-05  N.A. 
     1  105  204   46    985320    36 9.010e-05  1.451e+00 % 
regrid tolerance : 1.45e+00 %

regrid   nx   ny   nz     total   iter  lin_tol.   rgd_tol
     0   88  273   38    912912    47 9.639e-05  N.A. 
     1   94  203   51    973182    35 8.101e-05  1.105e+00 % 
regrid tolerance : 1.10e+00 %

 ==> SPICE Models for Total Capacitance (in Farad)

 C_0_0 M0__w0 OTHERS 6.765073e-16
 C_1_1 M1_w1 OTHERS 4.169173e-16
 C_2_2 M1_w2 OTHERS 5.329311e-16
 C_3_3 M1_w3 OTHERS 5.323532e-16
 C_4_4 M1_w4 OTHERS 5.247852e-16
 C_5_5 M1_w5 OTHERS 5.211125e-16
 C_6_6 M1_w6 OTHERS 3.864556e-16
 C_7_7 M2_w1 OTHERS 3.574729e-16
 C_8_8 M2_w2 OTHERS 4.968740e-16
 C_9_9 M2_w3 OTHERS 4.976787e-16
 C_10_10 M2_w4 OTHERS 3.806296e-16

 ==> SPICE Models for Entire Capacitance Matrix (in Farad)

 C_0_1 M0__w0 M1_w1 1.028680e-16
 C_0_2 M0__w0 M1_w2 5.442285e-17
 C_0_3 M0__w0 M1_w3 5.316590e-17
 C_0_4 M0__w0 M1_w4 5.823599e-17
 C_0_5 M0__w0 M1_w5 6.711296e-17
 C_0_6 M0__w0 M1_w6 1.377960e-16
 C_0_7 M0__w0 M2_w1 9.119601e-17
 C_0_8 M0__w0 M2_w2 3.129764e-17
 C_0_9 M0__w0 M2_w3 2.743359e-17
 C_0_10 M0__w0 M2_w4 5.049111e-17
 C_1_2 M1_w1 M1_w2 2.042476e-16
 C_1_3 M1_w1 M1_w3 7.675884e-18
 C_1_4 M1_w1 M1_w4 1.966049e-18
 C_1_5 M1_w1 M1_w5 7.315449e-19
 C_1_6 M1_w1 M1_w6 5.929064e-19
 C_1_7 M1_w1 M2_w1 4.132809e-17
 C_1_8 M1_w1 M2_w2 4.214279e-17
 C_1_9 M1_w1 M2_w3 1.352885e-17
 C_1_10 M1_w1 M2_w4 2.130199e-18
 C_2_3 M1_w2 M1_w3 2.006224e-16
 C_2_4 M1_w2 M1_w4 7.009588e-18
 C_2_5 M1_w2 M1_w5 1.791197e-18
 C_2_6 M1_w2 M1_w6 9.351141e-19
 C_2_7 M1_w2 M2_w1 2.886394e-18
 C_2_8 M1_w2 M2_w2 1.281624e-17
 C_2_9 M1_w2 M2_w3 3.510080e-17
 C_2_10 M1_w2 M2_w4 1.335064e-17
 C_3_4 M1_w3 M1_w4 2.026580e-16
 C_3_5 M1_w3 M1_w5 8.283050e-18
 C_3_6 M1_w3 M1_w6 2.993199e-18
 C_3_7 M1_w3 M2_w1 9.782048e-19
 C_3_8 M1_w3 M2_w2 1.537945e-18
 C_3_9 M1_w3 M2_w3 1.280314e-17
 C_3_10 M1_w3 M2_w4 4.168783e-17
 C_4_5 M1_w4 M1_w5 2.078104e-16
 C_4_6 M1_w4 M1_w6 1.243179e-17
 C_4_7 M1_w4 M2_w1 8.055958e-19
 C_4_8 M1_w4 M2_w2 7.522860e-19
 C_4_9 M1_w4 M2_w3 2.205617e-18
 C_4_10 M1_w4 M2_w4 3.129619e-17
 C_5_6 M1_w5 M1_w6 2.170650e-16
 C_5_7 M1_w5 M2_w1 8.455912e-19
 C_5_8 M1_w5 M2_w2 7.191826e-19
 C_5_9 M1_w5 M2_w3 1.428343e-18
 C_5_10 M1_w5 M2_w4 1.528766e-17
 C_6_7 M1_w6 M2_w1 1.382185e-18
 C_6_8 M1_w6 M2_w2 1.106917e-18
 C_6_9 M1_w6 M2_w3 1.836374e-18
 C_6_10 M1_w6 M2_w4 1.158333e-17
 C_7_8 M2_w1 M2_w2 2.026224e-16
 C_7_9 M2_w1 M2_w3 1.018104e-17
 C_7_10 M2_w1 M2_w4 6.026968e-18
 C_8_9 M2_w2 M2_w3 1.942589e-16
 C_8_10 M2_w2 M2_w4 9.451524e-18
 C_9_10 M2_w3 M2_w4 1.989617e-16

