/import/programs/synopsys/raphael/S-2021.06/raphael_2021.06.0/linux64/bin/rc2x -n -x -o wires_rc2.out wires 

      ********************************************************
      ***                 RAPHAEL RC2 (TM)                 ***
      ***                 Version S-2021.06                ***
      ***             System K (PC: Linux64)               ***
      ***            Copyright (C) 1991 - 2021             ***
      ***                   Synopsys, Inc.                 ***
      ***                                                  ***
      ***  This software and the associated documentation  ***
      ***  are confidential and proprietary to Synopsys,   ***
      ***  Inc.  Your use or disclosure of this software   ***
      ***  is subject to the terms and conditions of a     ***
      ***  written license agreement between you, or your  ***
      ***  company, and Synopsys, Inc.                     ***
      ********************************************************

  1  $pattern raphFiles/Over6/M1oM0/D0/W0.14/S0.21
  2  
  3  param window_width=100;
  4  param window_thichness=19.056;
  5  POLY NAME= p1_1;  COORD=   -50.000, 0.000 ;   50.000, 0.000 ;   50.000, 0.250 ;   -50.000, 0.250 ;  DIEL=4.1 ;
  6  POLY NAME= m1_1;  COORD=   -50.000, 0.250 ;   50.000, 0.250 ;   50.000, 0.300 ;   -50.000, 0.300 ;  DIEL=7 ;
  7  POLY NAME= m1_2;  COORD=   -50.000, 0.300 ;   50.000, 0.300 ;   50.000, 0.650 ;   -50.000, 0.650 ;  DIEL=4.3 ;
  8  POLY NAME= m1_3;  COORD=   -50.000, 0.650 ;   50.000, 0.650 ;   50.000, 0.700 ;   -50.000, 0.700 ;  DIEL=4.3 ;
  9  POLY NAME= m1_4;  COORD=   -50.000, 0.700 ;   50.000, 0.700 ;   50.000, 0.750 ;   -50.000, 0.750 ;  DIEL=4.9 ;
 10  POLY NAME= m1_5;  COORD=   -50.000, 0.750 ;   50.000, 0.750 ;   50.000, 0.900 ;   -50.000, 0.900 ;  DIEL=4.1 ;
 11  POLY NAME= m2_1;  COORD=   -50.000, 0.900 ;   50.000, 0.900 ;   50.000, 0.950 ;   -50.000, 0.950 ;  DIEL=4.9 ;
 12  POLY NAME= m2_2;  COORD=   -50.000, 0.950 ;   50.000, 0.950 ;   50.000, 1.150 ;   -50.000, 1.150 ;  DIEL=2.9 ;
 13  POLY NAME= m2_3;  COORD=   -50.000, 1.150 ;   50.000, 1.150 ;   50.000, 1.170 ;   -50.000, 1.170 ;  DIEL=4.4 ;
 14  POLY NAME= m2_4;  COORD=   -50.000, 1.170 ;   50.000, 1.170 ;   50.000, 1.220 ;   -50.000, 1.220 ;  DIEL=4.9 ;
 15  POLY NAME= m2_5;  COORD=   -50.000, 1.220 ;   50.000, 1.220 ;   50.000, 1.420 ;   -50.000, 1.420 ;  DIEL=2.9 ;
 16  POLY NAME= m2_6;  COORD=   -50.000, 1.420 ;   50.000, 1.420 ;   50.000, 1.470 ;   -50.000, 1.470 ;  DIEL=4.4 ;
 17  POLY NAME= m3_1;  COORD=   -50.000, 1.470 ;   50.000, 1.470 ;   50.000, 1.520 ;   -50.000, 1.520 ;  DIEL=4.9 ;
 18  POLY NAME= m3_2;  COORD=   -50.000, 1.520 ;   50.000, 1.520 ;   50.000, 1.720 ;   -50.000, 1.720 ;  DIEL=2.9 ;
 19  POLY NAME= m3_3;  COORD=   -50.000, 1.720 ;   50.000, 1.720 ;   50.000, 1.740 ;   -50.000, 1.740 ;  DIEL=4.4 ;
 20  POLY NAME= m3_4;  COORD=   -50.000, 1.740 ;   50.000, 1.740 ;   50.000, 1.790 ;   -50.000, 1.790 ;  DIEL=4.9 ;
 21  POLY NAME= m3_5;  COORD=   -50.000, 1.790 ;   50.000, 1.790 ;   50.000, 1.990 ;   -50.000, 1.990 ;  DIEL=2.9 ;
 22  POLY NAME= m3_6;  COORD=   -50.000, 1.990 ;   50.000, 1.990 ;   50.000, 2.040 ;   -50.000, 2.040 ;  DIEL=4.4 ;
 23  POLY NAME= m4_1;  COORD=   -50.000, 2.040 ;   50.000, 2.040 ;   50.000, 2.090 ;   -50.000, 2.090 ;  DIEL=4.9 ;
 24  POLY NAME= m4_2;  COORD=   -50.000, 2.090 ;   50.000, 2.090 ;   50.000, 2.290 ;   -50.000, 2.290 ;  DIEL=2.9 ;
 25  POLY NAME= m4_3;  COORD=   -50.000, 2.290 ;   50.000, 2.290 ;   50.000, 2.310 ;   -50.000, 2.310 ;  DIEL=4.4 ;
 26  POLY NAME= m4_4;  COORD=   -50.000, 2.310 ;   50.000, 2.310 ;   50.000, 2.360 ;   -50.000, 2.360 ;  DIEL=4.9 ;
 27  POLY NAME= m4_5;  COORD=   -50.000, 2.360 ;   50.000, 2.360 ;   50.000, 2.560 ;   -50.000, 2.560 ;  DIEL=2.9 ;
 28  POLY NAME= m4_6;  COORD=   -50.000, 2.560 ;   50.000, 2.560 ;   50.000, 2.610 ;   -50.000, 2.610 ;  DIEL=4.4 ;
 29  POLY NAME= m5_1;  COORD=   -50.000, 2.610 ;   50.000, 2.610 ;   50.000, 2.660 ;   -50.000, 2.660 ;  DIEL=4.9 ;
 30  POLY NAME= m5_2;  COORD=   -50.000, 2.660 ;   50.000, 2.660 ;   50.000, 2.860 ;   -50.000, 2.860 ;  DIEL=2.9 ;
 31  POLY NAME= m5_3;  COORD=   -50.000, 2.860 ;   50.000, 2.860 ;   50.000, 2.880 ;   -50.000, 2.880 ;  DIEL=4.4 ;
 32  POLY NAME= m5_4;  COORD=   -50.000, 2.880 ;   50.000, 2.880 ;   50.000, 2.930 ;   -50.000, 2.930 ;  DIEL=4.9 ;
 33  POLY NAME= m5_5;  COORD=   -50.000, 2.930 ;   50.000, 2.930 ;   50.000, 3.130 ;   -50.000, 3.130 ;  DIEL=2.9 ;
 34  POLY NAME= m5_6;  COORD=   -50.000, 3.130 ;   50.000, 3.130 ;   50.000, 3.180 ;   -50.000, 3.180 ;  DIEL=4.4 ;
 35  POLY NAME= m6_1;  COORD=   -50.000, 3.180 ;   50.000, 3.180 ;   50.000, 3.280 ;   -50.000, 3.280 ;  DIEL=4.9 ;
 36  POLY NAME= m6_2;  COORD=   -50.000, 3.280 ;   50.000, 3.280 ;   50.000, 3.780 ;   -50.000, 3.780 ;  DIEL=4.4 ;
 37  POLY NAME= m6_3;  COORD=   -50.000, 3.780 ;   50.000, 3.780 ;   50.000, 3.880 ;   -50.000, 3.880 ;  DIEL=4.4 ;
 38  POLY NAME= m6_4;  COORD=   -50.000, 3.880 ;   50.000, 3.880 ;   50.000, 3.980 ;   -50.000, 3.980 ;  DIEL=4.9 ;
 39  POLY NAME= m6_5;  COORD=   -50.000, 3.980 ;   50.000, 3.980 ;   50.000, 4.680 ;   -50.000, 4.680 ;  DIEL=4.4 ;
 40  POLY NAME= m7_1;  COORD=   -50.000, 4.680 ;   50.000, 4.680 ;   50.000, 4.780 ;   -50.000, 4.780 ;  DIEL=4.9 ;
 41  POLY NAME= m7_2;  COORD=   -50.000, 4.780 ;   50.000, 4.780 ;   50.000, 5.530 ;   -50.000, 5.530 ;  DIEL=4.4 ;
 42  POLY NAME= m7_3;  COORD=   -50.000, 5.530 ;   50.000, 5.530 ;   50.000, 5.580 ;   -50.000, 5.580 ;  DIEL=4.4 ;
 43  POLY NAME= m7_4;  COORD=   -50.000, 5.580 ;   50.000, 5.580 ;   50.000, 5.700 ;   -50.000, 5.700 ;  DIEL=4.9 ;
 44  POLY NAME= m7_5;  COORD=   -50.000, 5.700 ;   50.000, 5.700 ;   50.000, 6.730 ;   -50.000, 6.730 ;  DIEL=4.4 ;
 45  POLY NAME= m7_2;  COORD=   -50.000, 6.730 ;   50.000, 6.730 ;   50.000, 7.480 ;   -50.000, 7.480 ;  DIEL=4.4 ;
 46  POLY NAME= m7_3;  COORD=   -50.000, 7.480 ;   50.000, 7.480 ;   50.000, 7.530 ;   -50.000, 7.530 ;  DIEL=4.4 ;
 47  POLY NAME= m7_4;  COORD=   -50.000, 7.530 ;   50.000, 7.530 ;   50.000, 7.650 ;   -50.000, 7.650 ;  DIEL=4.9 ;
 48  POLY NAME= m7_5;  COORD=   -50.000, 7.650 ;   50.000, 7.650 ;   50.000, 8.680 ;   -50.000, 8.680 ;  DIEL=4.4 ;
 49  POLY NAME= air_1;  COORD=   -50.000, 8.680 ;   50.000, 8.680 ;   50.000, 8.980 ;   -50.000, 8.980 ;  DIEL=6 ;
 50  POLY NAME= air_2;  COORD=   -50.000, 8.980 ;   50.000, 8.980 ;   50.000,15.880 ;   -50.000,15.880 ;  DIEL=2.9 ;
 51  
 52  $ Simulation window
 53  WINDOW X1=-0.5*window_width; Y1=0; X2=0.5*window_width; Y2=window_thichness; DIEL=1.0;
 54  
 55  $ Ground Plane(s)
 56  POLY NAME= M0__GND;  COORD=   -50.000,-1.000 ;   50.000,-1.000 ;   50.000, 0.000 ;   -50.000, 0.000 ;  VOLT=0 ;
 57  OPTIONS SET_GRID=10000;
 58  
 59  $ Layout params w= 0.14 s= 0.21 r= 0
 60  
 61  $ Layout/Eff  0.140  0.140 top_width
 62  $ Layout/Eff  0.140 0.14 bot_width
 63  $ Layout/Eff  0.210  0.210 spacing
 64  $ Layout/Eff  0.650  0.650 height 
 65  $ Layout/Eff  0.250  0.250 thicknes
 66  
 67  POLY NAME=M1_w1; COORD=   -0.980, 0.650 ;   -0.840, 0.650 ;   -0.840, 0.900 ;   -0.980, 0.900 ;  VOLT=0
 68  POLY NAME=M1_w2; COORD=   -0.700, 0.650 ;   -0.560, 0.650 ;   -0.560, 0.900 ;   -0.700, 0.900 ;  VOLT=0
 69  POLY NAME=M1_w3; COORD=   -0.420, 0.650 ;   -0.280, 0.650 ;   -0.280, 0.900 ;   -0.420, 0.900 ;  VOLT=0
 70  POLY NAME=M1_w4; COORD=   -0.070, 0.650 ;    0.070, 0.650 ;    0.070, 0.900 ;   -0.070, 0.900 ;  VOLT=1
 71  POLY NAME=M1_w5; COORD=    0.280, 0.650 ;    0.420, 0.650 ;    0.420, 0.900 ;    0.280, 0.900 ;  VOLT=0
 72  POLY NAME=M1_w6; COORD=    0.560, 0.650 ;    0.700, 0.650 ;    0.700, 0.900 ;    0.560, 0.900 ;  VOLT=0
 73  
 74  OPTIONS SET_GRID=10000;
 75  
 76  CAPACITANCE


 *** CAPACITANCE [Farad / (1e-06*m)] CALCULATION: (C)(V)=(Q)

              M0__GND          M1_w1          M1_w2          M1_w3          M1_w4          M1_w5          M1_w6     
   M0__GND   1.983498e-16  -5.066163e-17  -2.259314e-17  -2.315645e-17  -2.616987e-17  -2.499107e-17  -5.078152e-17 
     M1_w1  -5.024638e-17   1.679007e-16  -1.059842e-16  -6.667234e-18  -2.482870e-18  -1.137016e-18  -1.384691e-18 
     M1_w2  -2.252593e-17  -1.060846e-16   2.385830e-16  -1.028341e-16  -4.677013e-18  -1.333362e-18  -1.129409e-18 
     M1_w3  -2.307625e-17  -6.830154e-18  -1.027959e-16   2.107558e-16  -7.183241e-17  -4.057825e-18  -2.165357e-18 
     M1_w4  -2.530740e-17  -2.640831e-18  -4.632541e-18  -7.191163e-17   1.827779e-16  -7.195536e-17  -6.330831e-18 
     M1_w5  -2.485503e-17  -1.289396e-18  -1.327287e-18  -4.123080e-18  -7.184498e-17   2.105439e-16  -1.071064e-16 
     M1_w6  -5.033504e-17  -1.383909e-18  -9.918887e-19  -1.993035e-18  -6.161820e-18  -1.070171e-16   1.678815e-16 

regrid   nx   ny     total   iter  lin_tol.   rgd_tol
     0   56  163      9128    28 9.614e-05  N.A. 
     1   66  151      9966    19 7.014e-05  1.654e+00 % 
regrid tolerance : 1.65e+00 %

regrid   nx   ny     total   iter  lin_tol.   rgd_tol
     0   56  163      9128    27 8.101e-05  N.A. 
     1   74  134      9916    21 8.402e-05  3.352e+00 % 
regrid tolerance : 3.35e+00 %

regrid   nx   ny     total   iter  lin_tol.   rgd_tol
     0   56  163      9128    26 8.632e-05  N.A. 
     1   69  143      9867    19 8.548e-05  3.252e+00 % 
regrid tolerance : 3.25e+00 %

regrid   nx   ny     total   iter  lin_tol.   rgd_tol
     0   56  163      9128    26 9.403e-05  N.A. 
     1   68  145      9860    19 7.446e-05  2.818e+00 % 
regrid tolerance : 2.82e+00 %

regrid   nx   ny     total   iter  lin_tol.   rgd_tol
     0   56  163      9128    26 7.830e-05  N.A. 
     1   68  146      9928    20 6.303e-05  2.102e+00 % 
regrid tolerance : 2.10e+00 %

regrid   nx   ny     total   iter  lin_tol.   rgd_tol
     0   56  163      9128    26 8.710e-05  N.A. 
     1   69  143      9867    19 9.886e-05  2.814e+00 % 
regrid tolerance : 2.81e+00 %

regrid   nx   ny     total   iter  lin_tol.   rgd_tol
     0   56  163      9128    26 9.818e-05  N.A. 
     1   74  134      9916    21 5.899e-05  3.335e+00 % 
regrid tolerance : 3.34e+00 %

 ==> SPICE Models for Total Capacitance [Farad / (1e-06*m)]

 C_1_1 M0__GND OTHERS 1.983498e-16
 C_2_2 M1_w1 OTHERS 1.679007e-16
 C_3_3 M1_w2 OTHERS 2.385830e-16
 C_4_4 M1_w3 OTHERS 2.107558e-16
 C_5_5 M1_w4 OTHERS 1.827779e-16
 C_6_6 M1_w5 OTHERS 2.105439e-16
 C_7_7 M1_w6 OTHERS 1.678815e-16

 ==> SPICE Models for Entire Capacitance Matrix [Farad / (1e-06*m)]

 C_1_2 M0__GND M1_w1 5.045400e-17
 C_1_3 M0__GND M1_w2 2.255953e-17
 C_1_4 M0__GND M1_w3 2.311635e-17
 C_1_5 M0__GND M1_w4 2.573863e-17
 C_1_6 M0__GND M1_w5 2.492305e-17
 C_1_7 M0__GND M1_w6 5.055828e-17
 C_2_3 M1_w1 M1_w2 1.060344e-16
 C_2_4 M1_w1 M1_w3 6.748694e-18
 C_2_5 M1_w1 M1_w4 2.561850e-18
 C_2_6 M1_w1 M1_w5 1.213206e-18
 C_2_7 M1_w1 M1_w6 1.384300e-18
 C_3_4 M1_w2 M1_w3 1.028150e-16
 C_3_5 M1_w2 M1_w4 4.654777e-18
 C_3_6 M1_w2 M1_w5 1.330324e-18
 C_3_7 M1_w2 M1_w6 1.060649e-18
 C_4_5 M1_w3 M1_w4 7.187202e-17
 C_4_6 M1_w3 M1_w5 4.090453e-18
 C_4_7 M1_w3 M1_w6 2.079196e-18
 C_5_6 M1_w4 M1_w5 7.190017e-17
 C_5_7 M1_w4 M1_w6 6.246325e-18
 C_6_7 M1_w5 M1_w6 1.070617e-16

