/import/programs/synopsys/raphael/S-2021.06/raphael_2021.06.0/linux64/bin/rc3x -x -n -o wires_rc3.out wires 

      ********************************************************
      ***                 RAPHAEL RC3 (TM)                 ***
      ***                 Version S-2021.06                ***
      ***             System K (PC: Linux64)               ***
      ***            Copyright (C) 1991 - 2021             ***
      ***                  Synopsys, Inc.                  ***
      ***                                                  ***
      ***  This software and the associated documentation  ***
      ***  are confidential and proprietary to Synopsys,   ***
      ***  Inc.  Your use or disclosure of this software   ***
      ***  is subject to the terms and conditions of a     ***
      ***  written license agreement between you, or your  ***
      ***  company, and Synopsys, Inc.                     ***
      ********************************************************

  1  $pattern raphFiles/Over6/M1oM0/D0/W0.14/S0.14
  2  
  3  param window_width=60;
  4  param window_thichness=19.056;
  5  param window_length=0;
  6  POLY3D NAME= p1_1;  COORD=   -30.000, 0.000 ;   30.000, 0.000 ;   30.000, 0.250 ;   -30.000, 0.250 ; V1=0,0,0; HEIGHT=0; DIEL=4.1 ;
  7  POLY3D NAME= m1_1;  COORD=   -30.000, 0.250 ;   30.000, 0.250 ;   30.000, 0.300 ;   -30.000, 0.300 ; V1=0,0,0; HEIGHT=0; DIEL=7 ;
  8  POLY3D NAME= m1_2;  COORD=   -30.000, 0.300 ;   30.000, 0.300 ;   30.000, 0.650 ;   -30.000, 0.650 ; V1=0,0,0; HEIGHT=0; DIEL=4.3 ;
  9  POLY3D NAME= m1_3;  COORD=   -30.000, 0.650 ;   30.000, 0.650 ;   30.000, 0.700 ;   -30.000, 0.700 ; V1=0,0,0; HEIGHT=0; DIEL=4.3 ;
 10  POLY3D NAME= m1_4;  COORD=   -30.000, 0.700 ;   30.000, 0.700 ;   30.000, 0.750 ;   -30.000, 0.750 ; V1=0,0,0; HEIGHT=0; DIEL=4.9 ;
 11  POLY3D NAME= m1_5;  COORD=   -30.000, 0.750 ;   30.000, 0.750 ;   30.000, 0.900 ;   -30.000, 0.900 ; V1=0,0,0; HEIGHT=0; DIEL=4.1 ;
 12  POLY3D NAME= m2_1;  COORD=   -30.000, 0.900 ;   30.000, 0.900 ;   30.000, 0.950 ;   -30.000, 0.950 ; V1=0,0,0; HEIGHT=0; DIEL=4.9 ;
 13  POLY3D NAME= m2_2;  COORD=   -30.000, 0.950 ;   30.000, 0.950 ;   30.000, 1.150 ;   -30.000, 1.150 ; V1=0,0,0; HEIGHT=0; DIEL=2.9 ;
 14  POLY3D NAME= m2_3;  COORD=   -30.000, 1.150 ;   30.000, 1.150 ;   30.000, 1.170 ;   -30.000, 1.170 ; V1=0,0,0; HEIGHT=0; DIEL=4.4 ;
 15  POLY3D NAME= m2_4;  COORD=   -30.000, 1.170 ;   30.000, 1.170 ;   30.000, 1.220 ;   -30.000, 1.220 ; V1=0,0,0; HEIGHT=0; DIEL=4.9 ;
 16  POLY3D NAME= m2_5;  COORD=   -30.000, 1.220 ;   30.000, 1.220 ;   30.000, 1.420 ;   -30.000, 1.420 ; V1=0,0,0; HEIGHT=0; DIEL=2.9 ;
 17  POLY3D NAME= m2_6;  COORD=   -30.000, 1.420 ;   30.000, 1.420 ;   30.000, 1.470 ;   -30.000, 1.470 ; V1=0,0,0; HEIGHT=0; DIEL=4.4 ;
 18  POLY3D NAME= m3_1;  COORD=   -30.000, 1.470 ;   30.000, 1.470 ;   30.000, 1.520 ;   -30.000, 1.520 ; V1=0,0,0; HEIGHT=0; DIEL=4.9 ;
 19  POLY3D NAME= m3_2;  COORD=   -30.000, 1.520 ;   30.000, 1.520 ;   30.000, 1.720 ;   -30.000, 1.720 ; V1=0,0,0; HEIGHT=0; DIEL=2.9 ;
 20  POLY3D NAME= m3_3;  COORD=   -30.000, 1.720 ;   30.000, 1.720 ;   30.000, 1.740 ;   -30.000, 1.740 ; V1=0,0,0; HEIGHT=0; DIEL=4.4 ;
 21  POLY3D NAME= m3_4;  COORD=   -30.000, 1.740 ;   30.000, 1.740 ;   30.000, 1.790 ;   -30.000, 1.790 ; V1=0,0,0; HEIGHT=0; DIEL=4.9 ;
 22  POLY3D NAME= m3_5;  COORD=   -30.000, 1.790 ;   30.000, 1.790 ;   30.000, 1.990 ;   -30.000, 1.990 ; V1=0,0,0; HEIGHT=0; DIEL=2.9 ;
 23  POLY3D NAME= m3_6;  COORD=   -30.000, 1.990 ;   30.000, 1.990 ;   30.000, 2.040 ;   -30.000, 2.040 ; V1=0,0,0; HEIGHT=0; DIEL=4.4 ;
 24  POLY3D NAME= m4_1;  COORD=   -30.000, 2.040 ;   30.000, 2.040 ;   30.000, 2.090 ;   -30.000, 2.090 ; V1=0,0,0; HEIGHT=0; DIEL=4.9 ;
 25  POLY3D NAME= m4_2;  COORD=   -30.000, 2.090 ;   30.000, 2.090 ;   30.000, 2.290 ;   -30.000, 2.290 ; V1=0,0,0; HEIGHT=0; DIEL=2.9 ;
 26  POLY3D NAME= m4_3;  COORD=   -30.000, 2.290 ;   30.000, 2.290 ;   30.000, 2.310 ;   -30.000, 2.310 ; V1=0,0,0; HEIGHT=0; DIEL=4.4 ;
 27  POLY3D NAME= m4_4;  COORD=   -30.000, 2.310 ;   30.000, 2.310 ;   30.000, 2.360 ;   -30.000, 2.360 ; V1=0,0,0; HEIGHT=0; DIEL=4.9 ;
 28  POLY3D NAME= m4_5;  COORD=   -30.000, 2.360 ;   30.000, 2.360 ;   30.000, 2.560 ;   -30.000, 2.560 ; V1=0,0,0; HEIGHT=0; DIEL=2.9 ;
 29  POLY3D NAME= m4_6;  COORD=   -30.000, 2.560 ;   30.000, 2.560 ;   30.000, 2.610 ;   -30.000, 2.610 ; V1=0,0,0; HEIGHT=0; DIEL=4.4 ;
 30  POLY3D NAME= m5_1;  COORD=   -30.000, 2.610 ;   30.000, 2.610 ;   30.000, 2.660 ;   -30.000, 2.660 ; V1=0,0,0; HEIGHT=0; DIEL=4.9 ;
 31  POLY3D NAME= m5_2;  COORD=   -30.000, 2.660 ;   30.000, 2.660 ;   30.000, 2.860 ;   -30.000, 2.860 ; V1=0,0,0; HEIGHT=0; DIEL=2.9 ;
 32  POLY3D NAME= m5_3;  COORD=   -30.000, 2.860 ;   30.000, 2.860 ;   30.000, 2.880 ;   -30.000, 2.880 ; V1=0,0,0; HEIGHT=0; DIEL=4.4 ;
 33  POLY3D NAME= m5_4;  COORD=   -30.000, 2.880 ;   30.000, 2.880 ;   30.000, 2.930 ;   -30.000, 2.930 ; V1=0,0,0; HEIGHT=0; DIEL=4.9 ;
 34  POLY3D NAME= m5_5;  COORD=   -30.000, 2.930 ;   30.000, 2.930 ;   30.000, 3.130 ;   -30.000, 3.130 ; V1=0,0,0; HEIGHT=0; DIEL=2.9 ;
 35  POLY3D NAME= m5_6;  COORD=   -30.000, 3.130 ;   30.000, 3.130 ;   30.000, 3.180 ;   -30.000, 3.180 ; V1=0,0,0; HEIGHT=0; DIEL=4.4 ;
 36  POLY3D NAME= m6_1;  COORD=   -30.000, 3.180 ;   30.000, 3.180 ;   30.000, 3.280 ;   -30.000, 3.280 ; V1=0,0,0; HEIGHT=0; DIEL=4.9 ;
 37  POLY3D NAME= m6_2;  COORD=   -30.000, 3.280 ;   30.000, 3.280 ;   30.000, 3.780 ;   -30.000, 3.780 ; V1=0,0,0; HEIGHT=0; DIEL=4.4 ;
 38  POLY3D NAME= m6_3;  COORD=   -30.000, 3.780 ;   30.000, 3.780 ;   30.000, 3.880 ;   -30.000, 3.880 ; V1=0,0,0; HEIGHT=0; DIEL=4.4 ;
 39  POLY3D NAME= m6_4;  COORD=   -30.000, 3.880 ;   30.000, 3.880 ;   30.000, 3.980 ;   -30.000, 3.980 ; V1=0,0,0; HEIGHT=0; DIEL=4.9 ;
 40  POLY3D NAME= m6_5;  COORD=   -30.000, 3.980 ;   30.000, 3.980 ;   30.000, 4.680 ;   -30.000, 4.680 ; V1=0,0,0; HEIGHT=0; DIEL=4.4 ;
 41  POLY3D NAME= m7_1;  COORD=   -30.000, 4.680 ;   30.000, 4.680 ;   30.000, 4.780 ;   -30.000, 4.780 ; V1=0,0,0; HEIGHT=0; DIEL=4.9 ;
 42  POLY3D NAME= m7_2;  COORD=   -30.000, 4.780 ;   30.000, 4.780 ;   30.000, 5.530 ;   -30.000, 5.530 ; V1=0,0,0; HEIGHT=0; DIEL=4.4 ;
 43  POLY3D NAME= m7_3;  COORD=   -30.000, 5.530 ;   30.000, 5.530 ;   30.000, 5.580 ;   -30.000, 5.580 ; V1=0,0,0; HEIGHT=0; DIEL=4.4 ;
 44  POLY3D NAME= m7_4;  COORD=   -30.000, 5.580 ;   30.000, 5.580 ;   30.000, 5.700 ;   -30.000, 5.700 ; V1=0,0,0; HEIGHT=0; DIEL=4.9 ;
 45  POLY3D NAME= m7_5;  COORD=   -30.000, 5.700 ;   30.000, 5.700 ;   30.000, 6.730 ;   -30.000, 6.730 ; V1=0,0,0; HEIGHT=0; DIEL=4.4 ;
 46  POLY3D NAME= m7_2;  COORD=   -30.000, 6.730 ;   30.000, 6.730 ;   30.000, 7.480 ;   -30.000, 7.480 ; V1=0,0,0; HEIGHT=0; DIEL=4.4 ;
 47  POLY3D NAME= m7_3;  COORD=   -30.000, 7.480 ;   30.000, 7.480 ;   30.000, 7.530 ;   -30.000, 7.530 ; V1=0,0,0; HEIGHT=0; DIEL=4.4 ;
 48  POLY3D NAME= m7_4;  COORD=   -30.000, 7.530 ;   30.000, 7.530 ;   30.000, 7.650 ;   -30.000, 7.650 ; V1=0,0,0; HEIGHT=0; DIEL=4.9 ;
 49  POLY3D NAME= m7_5;  COORD=   -30.000, 7.650 ;   30.000, 7.650 ;   30.000, 8.680 ;   -30.000, 8.680 ; V1=0,0,0; HEIGHT=0; DIEL=4.4 ;
 50  POLY3D NAME= air_1;  COORD=   -30.000, 8.680 ;   30.000, 8.680 ;   30.000, 8.980 ;   -30.000, 8.980 ; V1=0,0,0; HEIGHT=0; DIEL=6 ;
 51  POLY3D NAME= air_2;  COORD=   -30.000, 8.980 ;   30.000, 8.980 ;   30.000,15.880 ;   -30.000,15.880 ; V1=0,0,0; HEIGHT=0; DIEL=2.9 ;
 52  
 53  $ Simulation window
 54  WINDOW3D V1=-0.5*window_width,0,0; V2=0.5*window_width,window_thichness,window_length; DIEL=1.0;
 55  
 56  $ Ground Plane(s)
 57  POLY3D NAME= M0__w0;  COORD=   -30.000,-1.000 ;   30.000,-1.000 ;   30.000, 0.000 ;   -30.000, 0.000 ;  V1=0,0,0; HEIGHT=0; VOLT=0 ;
 58  OPTIONS SET_GRID=1000000;
 59  
 60  $ Layout params w= 0.14 s= 0.14 r= 0
 61  
 62  $ Layout/Eff  0.140  0.140 top_width
 63  $ Layout/Eff  0.140 0.14 bot_width
 64  $ Layout/Eff  0.140  0.140 spacing
 65  $ Layout/Eff  0.650  0.650 height 
 66  $ Layout/Eff  0.250  0.250 thicknes
 67  
 68  POLY3D NAME=M1_w1; COORD=    0.070, 0.650 ;    0.210, 0.650 ;    0.210, 0.900 ;    0.070, 0.900 ; V1=0,0,0; HEIGHT=0; VOLT=0
 69  POLY3D NAME=M1_w2; COORD=    0.070, 0.650 ;    0.210, 0.650 ;    0.210, 0.900 ;    0.070, 0.900 ; V1=0,0,0; HEIGHT=0; VOLT=0
 70  POLY3D NAME=M1_w3; COORD=   -0.350, 0.650 ;   -0.210, 0.650 ;   -0.210, 0.900 ;   -0.350, 0.900 ; V1=0,0,0; HEIGHT=0; VOLT=0
 71  POLY3D NAME=M1_w4; COORD=   -0.070, 0.650 ;    0.070, 0.650 ;    0.070, 0.900 ;   -0.070, 0.900 ; V1=0,0,0; HEIGHT=0; VOLT=1
 72  POLY3D NAME=M1_w5; COORD=   -0.070, 0.650 ;    0.070, 0.650 ;    0.070, 0.900 ;   -0.070, 0.900 ; V1=0,0,0; HEIGHT=0.28; VOLT=0
 73  POLY3D NAME=M1_w6; COORD=    0.490, 0.650 ;    0.630, 0.650 ;    0.630, 0.900 ;    0.490, 0.900 ;  V1=0,0,0; HEIGHT=0; VOLT=0
 74  
 75  OPTIONS SET_GRID=1000000;
 76  
 77  POTENTIAL

 ERROR: h <= 0.0 in p1_1
 ERROR: h <= 0.0 in m1_1
 ERROR: h <= 0.0 in m1_2
 ERROR: h <= 0.0 in m1_3
 ERROR: h <= 0.0 in m1_4
 ERROR: h <= 0.0 in m1_5
 ERROR: h <= 0.0 in m2_1
 ERROR: h <= 0.0 in m2_2
 ERROR: h <= 0.0 in m2_3
 ERROR: h <= 0.0 in m2_4
 ERROR: h <= 0.0 in m2_5
 ERROR: h <= 0.0 in m2_6
 ERROR: h <= 0.0 in m3_1
 ERROR: h <= 0.0 in m3_2
 ERROR: h <= 0.0 in m3_3
 ERROR: h <= 0.0 in m3_4
 ERROR: h <= 0.0 in m3_5
 ERROR: h <= 0.0 in m3_6
 ERROR: h <= 0.0 in m4_1
 ERROR: h <= 0.0 in m4_2
 ERROR: h <= 0.0 in m4_3
 ERROR: h <= 0.0 in m4_4
 ERROR: h <= 0.0 in m4_5
 ERROR: h <= 0.0 in m4_6
 ERROR: h <= 0.0 in m5_1
 ERROR: h <= 0.0 in m5_2
 ERROR: h <= 0.0 in m5_3
 ERROR: h <= 0.0 in m5_4
 ERROR: h <= 0.0 in m5_5
 ERROR: h <= 0.0 in m5_6
 ERROR: h <= 0.0 in m6_1
 ERROR: h <= 0.0 in m6_2
 ERROR: h <= 0.0 in m6_3
 ERROR: h <= 0.0 in m6_4
 ERROR: h <= 0.0 in m6_5
 ERROR: h <= 0.0 in m7_1
 ERROR: h <= 0.0 in m7_2
 ERROR: h <= 0.0 in m7_3
 ERROR: h <= 0.0 in m7_4
 ERROR: h <= 0.0 in m7_5
 ERROR: h <= 0.0 in m7_2
 ERROR: h <= 0.0 in m7_3
 ERROR: h <= 0.0 in m7_4
 ERROR: h <= 0.0 in m7_5
 ERROR: h <= 0.0 in air_1
 ERROR: h <= 0.0 in air_2
 ERROR: h <= 0.0 in M0__w0
 ERROR: h <= 0.0 in M1_w1
 ERROR: h <= 0.0 in M1_w2
 ERROR: h <= 0.0 in M1_w3
 ERROR: h <= 0.0 in M1_w4
 ERROR: h <= 0.0 in M1_w6
 ERROR: window must have v1.x < v2.x, v1.y < v2.y, and v1.z < v2.z
