/import/programs/synopsys/raphael/S-2021.06/raphael_2021.06.0/linux64/bin/rc2x -x -n -o wires_uniform.out wires_uniform 

      ********************************************************
      ***                 RAPHAEL RC2 (TM)                 ***
      ***                 Version S-2021.06                ***
      ***             System K (PC: Linux64)               ***
      ***            Copyright (C) 1991 - 2021             ***
      ***                   Synopsys, Inc.                 ***
      ***                                                  ***
      ***  This software and the associated documentation  ***
      ***  are confidential and proprietary to Synopsys,   ***
      ***  Inc.  Your use or disclosure of this software   ***
      ***  is subject to the terms and conditions of a     ***
      ***  written license agreement between you, or your  ***
      ***  company, and Synopsys, Inc.                     ***
      ********************************************************

  1  $pattern raphFiles/Over6/M1oM0/D0/W0.14/S0.14
  2  
  3  param window_width=10;
  4  param window_thichness=19.056;
  5  POLY NAME= p1_1;  COORD=   -5.000,  0.000 ;    5.000, 0.000 ;    5.000, 0.250 ;    -5.000, 0.250 ;  DIEL=4.1 ;
  6  POLY NAME= m1_1;  COORD=   -5.0000, 0.250 ;    5.000, 0.250 ;    5.000, 0.300 ;    -5.000, 0.300 ;  DIEL=4.1 ;
  7  POLY NAME= m1_2;  COORD=   -5.0000, 0.300 ;    5.000, 0.300 ;    5.000, 0.650 ;    -5.000, 0.650 ;  DIEL=4.1 ;
  8  POLY NAME= m1_3;  COORD=   -5.0000, 0.650 ;    5.000, 0.650 ;    5.000, 0.700 ;    -5.000, 0.700 ;  DIEL=4.1 ;
  9  POLY NAME= m1_4;  COORD=   -5.0000, 0.700 ;    5.000, 0.700 ;    5.000, 0.750 ;    -5.000, 0.750 ;  DIEL=4.1 ;
 10  POLY NAME= m1_5;  COORD=   -5.0000, 0.750 ;    5.000, 0.750 ;    5.000, 0.900 ;    -5.000, 0.900 ;  DIEL=4.1 ;
 11  POLY NAME= m2_1;  COORD=   -5.0000, 0.900 ;    5.000, 0.900 ;    5.000, 0.950 ;    -5.000, 0.950 ;  DIEL=4.1 ;
 12  POLY NAME= m2_2;  COORD=   -5.0000, 0.950 ;    5.000, 0.950 ;    5.000, 1.150 ;    -5.000, 1.150 ;  DIEL=4.1 ;
 13  POLY NAME= m2_3;  COORD=   -5.0000, 1.150 ;    5.000, 1.150 ;    5.000, 1.170 ;    -5.000, 1.170 ;  DIEL=4.1 ;
 14  POLY NAME= m2_4;  COORD=   -5.0000, 1.170 ;    5.000, 1.170 ;    5.000, 1.220 ;    -5.000, 1.220 ;  DIEL=4.1 ;
 15  POLY NAME= m2_5;  COORD=   -5.0000, 1.220 ;    5.000, 1.220 ;    5.000, 1.420 ;    -5.000, 1.420 ;  DIEL=4.1 ;
 16  POLY NAME= m2_6;  COORD=   -5.0000, 1.420 ;    5.000, 1.420 ;    5.000, 1.470 ;    -5.000, 1.470 ;  DIEL=4.1 ;
 17  POLY NAME= m3_1;  COORD=   -5.0000, 1.470 ;    5.000, 1.470 ;    5.000, 1.520 ;    -5.000, 1.520 ;  DIEL=4.1 ;
 18  POLY NAME= m3_2;  COORD=   -5.0000, 1.520 ;    5.000, 1.520 ;    5.000, 1.720 ;    -5.000, 1.720 ;  DIEL=4.1 ;
 19  POLY NAME= m3_3;  COORD=   -5.0000, 1.720 ;    5.000, 1.720 ;    5.000, 1.740 ;    -5.000, 1.740 ;  DIEL=4.1 ;
 20  POLY NAME= m3_4;  COORD=   -5.0000, 1.740 ;    5.000, 1.740 ;    5.000, 1.790 ;    -5.000, 1.790 ;  DIEL=4.1 ;
 21  POLY NAME= m3_5;  COORD=   -5.0000, 1.790 ;    5.000, 1.790 ;    5.000, 1.990 ;    -5.000, 1.990 ;  DIEL=4.1 ;
 22  POLY NAME= m3_6;  COORD=   -5.0000, 1.990 ;    5.000, 1.990 ;    5.000, 2.040 ;    -5.000, 2.040 ;  DIEL=4.1 ;
 23  POLY NAME= m4_1;  COORD=   -5.0000, 2.040 ;    5.000, 2.040 ;    5.000, 2.090 ;    -5.000, 2.090 ;  DIEL=4.1 ;
 24  POLY NAME= m4_2;  COORD=   -5.0000, 2.090 ;    5.000, 2.090 ;    5.000, 2.290 ;    -5.000, 2.290 ;  DIEL=4.1 ;
 25  POLY NAME= m4_3;  COORD=   -5.0000, 2.290 ;    5.000, 2.290 ;    5.000, 2.310 ;    -5.000, 2.310 ;  DIEL=4.1 ;
 26  POLY NAME= m4_4;  COORD=   -5.0000, 2.310 ;    5.000, 2.310 ;    5.000, 2.360 ;    -5.000, 2.360 ;  DIEL=4.1 ;
 27  POLY NAME= m4_5;  COORD=   -5.0000, 2.360 ;    5.000, 2.360 ;    5.000, 2.560 ;    -5.000, 2.560 ;  DIEL=4.1 ;
 28  POLY NAME= m4_6;  COORD=   -5.0000, 2.560 ;    5.000, 2.560 ;    5.000, 2.610 ;    -5.000, 2.610 ;  DIEL=4.1 ;
 29  POLY NAME= m5_1;  COORD=   -5.0000, 2.610 ;    5.000, 2.610 ;    5.000, 2.660 ;    -5.000, 2.660 ;  DIEL=4.1 ;
 30  POLY NAME= m5_2;  COORD=   -5.0000, 2.660 ;    5.000, 2.660 ;    5.000, 2.860 ;    -5.000, 2.860 ;  DIEL=4.1 ;
 31  POLY NAME= m5_3;  COORD=   -5.0000, 2.860 ;    5.000, 2.860 ;    5.000, 2.880 ;    -5.000, 2.880 ;  DIEL=4.1 ;
 32  POLY NAME= m5_4;  COORD=   -5.0000, 2.880 ;    5.000, 2.880 ;    5.000, 2.930 ;    -5.000, 2.930 ;  DIEL=4.1 ;
 33  POLY NAME= m5_5;  COORD=   -5.0000, 2.930 ;    5.000, 2.930 ;    5.000, 3.130 ;    -5.000, 3.130 ;  DIEL=4.1 ;
 34  POLY NAME= m5_6;  COORD=   -5.0000, 3.130 ;    5.000, 3.130 ;    5.000, 3.180 ;    -5.000, 3.180 ;  DIEL=4.1 ;
 35  POLY NAME= m6_1;  COORD=   -5.0000, 3.180 ;    5.000, 3.180 ;    5.000, 3.280 ;    -5.000, 3.280 ;  DIEL=4.1 ;
 36  POLY NAME= m6_2;  COORD=   -5.0000, 3.280 ;    5.000, 3.280 ;    5.000, 3.780 ;    -5.000, 3.780 ;  DIEL=4.1 ;
 37  POLY NAME= m6_3;  COORD=   -5.0000, 3.780 ;    5.000, 3.780 ;    5.000, 3.880 ;    -5.000, 3.880 ;  DIEL=4.1 ;
 38  POLY NAME= m6_4;  COORD=   -5.0000, 3.880 ;    5.000, 3.880 ;    5.000, 3.980 ;    -5.000, 3.980 ;  DIEL=4.1 ;
 39  POLY NAME= m6_5;  COORD=   -5.0000, 3.980 ;    5.000, 3.980 ;    5.000, 4.680 ;    -5.000, 4.680 ;  DIEL=4.1 ;
 40  POLY NAME= m7_1;  COORD=   -5.0000, 4.680 ;    5.000, 4.680 ;    5.000, 4.780 ;    -5.000, 4.780 ;  DIEL=4.1 ;
 41  POLY NAME= m7_2;  COORD=   -5.0000, 4.780 ;    5.000, 4.780 ;    5.000, 5.530 ;    -5.000, 5.530 ;  DIEL=4.1 ;
 42  POLY NAME= m7_3;  COORD=   -5.0000, 5.530 ;    5.000, 5.530 ;    5.000, 5.580 ;    -5.000, 5.580 ;  DIEL=4.1 ;
 43  POLY NAME= m7_4;  COORD=   -5.0000, 5.580 ;    5.000, 5.580 ;    5.000, 5.700 ;    -5.000, 5.700 ;  DIEL=4.1 ;
 44  POLY NAME= m7_5;  COORD=   -5.0000, 5.700 ;    5.000, 5.700 ;    5.000, 6.730 ;    -5.000, 6.730 ;  DIEL=4.1 ;
 45  POLY NAME= m7_2;  COORD=   -5.0000, 6.730 ;    5.000, 6.730 ;    5.000, 7.480 ;    -5.000, 7.480 ;  DIEL=4.1 ;
 46  POLY NAME= m7_3;  COORD=   -5.0000, 7.480 ;    5.000, 7.480 ;    5.000, 7.530 ;    -5.000, 7.530 ;  DIEL=4.1 ;
 47  POLY NAME= m7_4;  COORD=   -5.0000, 7.530 ;    5.000, 7.530 ;    5.000, 7.650 ;    -5.000, 7.650 ;  DIEL=4.1 ;
 48  POLY NAME= m7_5;  COORD=   -5.0000, 7.650 ;    5.000, 7.650 ;    5.000, 8.680 ;    -5.000, 8.680 ;  DIEL=4.1 ;
 49  POLY NAME= air_1; COORD=   -5.0000, 8.680 ;    5.000, 8.680 ;    5.000, 8.980 ;    -5.000, 8.980 ;  DIEL=4.1 ;
 50  POLY NAME= air_2; COORD=   -5.0000, 8.980 ;    5.000, 8.980 ;    5.000,15.880 ;    -5.000,15.880 ;  DIEL=4.1 ;
 51  
 52  $ Simulation window
 53  WINDOW X1=-0.5*window_width; Y1=0; X2=0.5*window_width; Y2=window_thichness; DIEL=1.0;
 54  
 55  $ Ground Plane(s)
 56  POLY NAME= M0__GND;  COORD=   -5.000,-1.000 ;   5.000,-1.000 ;   5.000, 0.000 ;   -5.000, 0.000 ;  VOLT=0 ;
 57  OPTIONS SET_GRID=10000;
 58  
 59  $ Layout params w= 0.14 s= 0.14 r= 0
 60  
 61  $ Layout/Eff  0.140  0.140 top_width
 62  $ Layout/Eff  0.140  0.14 bot_width
 63  $ Layout/Eff  0.140  0.140 spacing
 64  $ Layout/Eff  0.650  0.650 height 
 65  $ Layout/Eff  0.250  0.250 thicknes
 66  
 67  POLY NAME=M1_w1; COORD=   -0.910, 0.650 ;   -0.770, 0.650 ;   -0.770, 0.900 ;   -0.910, 0.900 ;  VOLT=0
 68  POLY NAME=M1_w2; COORD=   -0.630, 0.650 ;   -0.490, 0.650 ;   -0.490, 0.900 ;   -0.630, 0.900 ;  VOLT=0
 69  POLY NAME=M1_w3; COORD=   -0.350, 0.650 ;   -0.210, 0.650 ;   -0.210, 0.900 ;   -0.350, 0.900 ;  VOLT=0
 70  POLY NAME=M1_w4; COORD=   -0.070, 0.650 ;    0.070, 0.650 ;    0.070, 0.900 ;   -0.070, 0.900 ;  VOLT=1
 71  POLY NAME=M1_w5; COORD=    0.210, 0.650 ;    0.350, 0.650 ;    0.350, 0.900 ;    0.210, 0.900 ;  VOLT=0
 72  POLY NAME=M1_w6; COORD=    0.490, 0.650 ;    0.630, 0.650 ;    0.630, 0.900 ;    0.490, 0.900 ;  VOLT=0
 73  
 74  OPTIONS SET_GRID=10000;
 75  
 76  CAPACITANCE


 *** CAPACITANCE [Farad / (1e-06*m)] CALCULATION: (C)(V)=(Q)

              M0__GND          M1_w1          M1_w2          M1_w3          M1_w4          M1_w5          M1_w6     
   M0__GND   1.802895e-16  -4.766788e-17  -2.202605e-17  -2.055859e-17  -2.027293e-17  -2.207500e-17  -4.769022e-17 
     M1_w1  -4.748081e-17   1.626908e-16  -1.010129e-16  -7.330571e-18  -2.938886e-18  -1.699774e-18  -2.227925e-18 
     M1_w2  -2.198074e-17  -1.010576e-16   2.291580e-16  -9.659255e-17  -5.638226e-18  -2.022340e-18  -1.866909e-18 
     M1_w3  -2.025681e-17  -7.451596e-18  -9.663089e-17   2.294813e-16  -9.647429e-17  -5.622389e-18  -3.045646e-18 
     M1_w4  -2.026321e-17  -3.040008e-18  -5.624721e-18  -9.647669e-17   2.294821e-16  -9.662630e-17  -7.451542e-18 
     M1_w5  -2.199566e-17  -1.857744e-18  -2.023936e-18  -5.638126e-18  -9.659299e-17   2.291607e-16  -1.010525e-16 
     M1_w6  -4.752491e-17  -2.220817e-18  -1.699772e-18  -2.940309e-18  -7.323117e-18  -1.010046e-16   1.627134e-16 

regrid   nx   ny     total   iter  lin_tol.   rgd_tol
     0  116   83      9628    49 7.324e-05  N.A. 
     1   87  114      9918    23 7.964e-05  7.722e-02 % 
regrid tolerance : 7.72e-02 %

regrid   nx   ny     total   iter  lin_tol.   rgd_tol
     0  116   83      9628    47 8.846e-05  N.A. 
     1  122   81      9882    24 6.750e-05  4.738e-01 % 
regrid tolerance : 4.74e-01 %

regrid   nx   ny     total   iter  lin_tol.   rgd_tol
     0  116   83      9628    47 6.969e-05  N.A. 
     1  126   79      9954    23 9.928e-05  5.592e-01 % 
regrid tolerance : 5.59e-01 %

regrid   nx   ny     total   iter  lin_tol.   rgd_tol
     0  116   83      9628    46 9.678e-05  N.A. 
     1  124   80      9920    24 7.033e-05  5.656e-01 % 
regrid tolerance : 5.66e-01 %

regrid   nx   ny     total   iter  lin_tol.   rgd_tol
     0  116   83      9628    47 9.470e-05  N.A. 
     1  124   80      9920    24 9.409e-05  5.655e-01 % 
regrid tolerance : 5.66e-01 %

regrid   nx   ny     total   iter  lin_tol.   rgd_tol
     0  116   83      9628    46 9.167e-05  N.A. 
     1  126   79      9954    24 7.957e-05  5.588e-01 % 
regrid tolerance : 5.59e-01 %

regrid   nx   ny     total   iter  lin_tol.   rgd_tol
     0  116   83      9628    48 8.778e-05  N.A. 
     1  122   81      9882    23 9.626e-05  4.772e-01 % 
regrid tolerance : 4.77e-01 %

 ==> SPICE Models for Total Capacitance [Farad / (1e-06*m)]

 C_1_1 M0__GND OTHERS 1.802895e-16
 C_2_2 M1_w1 OTHERS 1.626908e-16
 C_3_3 M1_w2 OTHERS 2.291580e-16
 C_4_4 M1_w3 OTHERS 2.294813e-16
 C_5_5 M1_w4 OTHERS 2.294821e-16
 C_6_6 M1_w5 OTHERS 2.291607e-16
 C_7_7 M1_w6 OTHERS 1.627134e-16

 ==> SPICE Models for Entire Capacitance Matrix [Farad / (1e-06*m)]

 C_1_2 M0__GND M1_w1 4.757435e-17
 C_1_3 M0__GND M1_w2 2.200340e-17
 C_1_4 M0__GND M1_w3 2.040770e-17
 C_1_5 M0__GND M1_w4 2.026807e-17
 C_1_6 M0__GND M1_w5 2.203533e-17
 C_1_7 M0__GND M1_w6 4.760756e-17
 C_2_3 M1_w1 M1_w2 1.010352e-16
 C_2_4 M1_w1 M1_w3 7.391084e-18
 C_2_5 M1_w1 M1_w4 2.989447e-18
 C_2_6 M1_w1 M1_w5 1.778759e-18
 C_2_7 M1_w1 M1_w6 2.224371e-18
 C_3_4 M1_w2 M1_w3 9.661172e-17
 C_3_5 M1_w2 M1_w4 5.631474e-18
 C_3_6 M1_w2 M1_w5 2.023138e-18
 C_3_7 M1_w2 M1_w6 1.783340e-18
 C_4_5 M1_w3 M1_w4 9.647549e-17
 C_4_6 M1_w3 M1_w5 5.630258e-18
 C_4_7 M1_w3 M1_w6 2.992978e-18
 C_5_6 M1_w4 M1_w5 9.660965e-17
 C_5_7 M1_w4 M1_w6 7.387330e-18
 C_6_7 M1_w5 M1_w6 1.010286e-16

