/import/programs/synopsys/raphael/S-2021.06/raphael_2021.06.0/linux64/bin/rc3x -n -x -o wires_3D.out wires 

      ********************************************************
      ***                 RAPHAEL RC3 (TM)                 ***
      ***                 Version S-2021.06                ***
      ***             System K (PC: Linux64)               ***
      ***            Copyright (C) 1991 - 2021             ***
      ***                  Synopsys, Inc.                  ***
      ***                                                  ***
      ***  This software and the associated documentation  ***
      ***  are confidential and proprietary to Synopsys,   ***
      ***  Inc.  Your use or disclosure of this software   ***
      ***  is subject to the terms and conditions of a     ***
      ***  written license agreement between you, or your  ***
      ***  company, and Synopsys, Inc.                     ***
      ********************************************************

  1  $pattern raphFiles3D/Under6/M1uM2/D0/W0.14/S1.4
  2  
  3  param window_width=20;
  4  param window_thichness=19.056;
  5  param window_length=20;
  6  POLY3D NAME= p1_1;  COORD=   -10.000, 0.000 ;   10.000, 0.000 ;   10.000, 0.250 ;   -10.000, 0.250 ; V1=0,0,0; HEIGHT=20; DIEL=4.1 ;
  7  POLY3D NAME= m1_1;  COORD=   -10.000, 0.250 ;   10.000, 0.250 ;   10.000, 0.300 ;   -10.000, 0.300 ; V1=0,0,0; HEIGHT=20; DIEL=7 ;
  8  POLY3D NAME= m1_2;  COORD=   -10.000, 0.300 ;   10.000, 0.300 ;   10.000, 0.650 ;   -10.000, 0.650 ; V1=0,0,0; HEIGHT=20; DIEL=4.3 ;
  9  POLY3D NAME= m1_3;  COORD=   -10.000, 0.650 ;   10.000, 0.650 ;   10.000, 0.700 ;   -10.000, 0.700 ; V1=0,0,0; HEIGHT=20; DIEL=4.3 ;
 10  POLY3D NAME= m1_4;  COORD=   -10.000, 0.700 ;   10.000, 0.700 ;   10.000, 0.750 ;   -10.000, 0.750 ; V1=0,0,0; HEIGHT=20; DIEL=4.9 ;
 11  POLY3D NAME= m1_5;  COORD=   -10.000, 0.750 ;   10.000, 0.750 ;   10.000, 0.900 ;   -10.000, 0.900 ; V1=0,0,0; HEIGHT=20; DIEL=4.1 ;
 12  POLY3D NAME= m2_1;  COORD=   -10.000, 0.900 ;   10.000, 0.900 ;   10.000, 0.950 ;   -10.000, 0.950 ; V1=0,0,0; HEIGHT=20; DIEL=4.9 ;
 13  POLY3D NAME= m2_2;  COORD=   -10.000, 0.950 ;   10.000, 0.950 ;   10.000, 1.150 ;   -10.000, 1.150 ; V1=0,0,0; HEIGHT=20; DIEL=2.9 ;
 14  POLY3D NAME= m2_3;  COORD=   -10.000, 1.150 ;   10.000, 1.150 ;   10.000, 1.170 ;   -10.000, 1.170 ; V1=0,0,0; HEIGHT=20; DIEL=4.4 ;
 15  POLY3D NAME= m2_4;  COORD=   -10.000, 1.170 ;   10.000, 1.170 ;   10.000, 1.220 ;   -10.000, 1.220 ; V1=0,0,0; HEIGHT=20; DIEL=4.9 ;
 16  POLY3D NAME= m2_5;  COORD=   -10.000, 1.220 ;   10.000, 1.220 ;   10.000, 1.420 ;   -10.000, 1.420 ; V1=0,0,0; HEIGHT=20; DIEL=2.9 ;
 17  POLY3D NAME= m2_6;  COORD=   -10.000, 1.420 ;   10.000, 1.420 ;   10.000, 1.470 ;   -10.000, 1.470 ; V1=0,0,0; HEIGHT=20; DIEL=4.4 ;
 18  POLY3D NAME= m3_1;  COORD=   -10.000, 1.470 ;   10.000, 1.470 ;   10.000, 1.520 ;   -10.000, 1.520 ; V1=0,0,0; HEIGHT=20; DIEL=4.9 ;
 19  POLY3D NAME= m3_2;  COORD=   -10.000, 1.520 ;   10.000, 1.520 ;   10.000, 1.720 ;   -10.000, 1.720 ; V1=0,0,0; HEIGHT=20; DIEL=2.9 ;
 20  POLY3D NAME= m3_3;  COORD=   -10.000, 1.720 ;   10.000, 1.720 ;   10.000, 1.740 ;   -10.000, 1.740 ; V1=0,0,0; HEIGHT=20; DIEL=4.4 ;
 21  POLY3D NAME= m3_4;  COORD=   -10.000, 1.740 ;   10.000, 1.740 ;   10.000, 1.790 ;   -10.000, 1.790 ; V1=0,0,0; HEIGHT=20; DIEL=4.9 ;
 22  POLY3D NAME= m3_5;  COORD=   -10.000, 1.790 ;   10.000, 1.790 ;   10.000, 1.990 ;   -10.000, 1.990 ; V1=0,0,0; HEIGHT=20; DIEL=2.9 ;
 23  POLY3D NAME= m3_6;  COORD=   -10.000, 1.990 ;   10.000, 1.990 ;   10.000, 2.040 ;   -10.000, 2.040 ; V1=0,0,0; HEIGHT=20; DIEL=4.4 ;
 24  POLY3D NAME= m4_1;  COORD=   -10.000, 2.040 ;   10.000, 2.040 ;   10.000, 2.090 ;   -10.000, 2.090 ; V1=0,0,0; HEIGHT=20; DIEL=4.9 ;
 25  POLY3D NAME= m4_2;  COORD=   -10.000, 2.090 ;   10.000, 2.090 ;   10.000, 2.290 ;   -10.000, 2.290 ; V1=0,0,0; HEIGHT=20; DIEL=2.9 ;
 26  POLY3D NAME= m4_3;  COORD=   -10.000, 2.290 ;   10.000, 2.290 ;   10.000, 2.310 ;   -10.000, 2.310 ; V1=0,0,0; HEIGHT=20; DIEL=4.4 ;
 27  POLY3D NAME= m4_4;  COORD=   -10.000, 2.310 ;   10.000, 2.310 ;   10.000, 2.360 ;   -10.000, 2.360 ; V1=0,0,0; HEIGHT=20; DIEL=4.9 ;
 28  POLY3D NAME= m4_5;  COORD=   -10.000, 2.360 ;   10.000, 2.360 ;   10.000, 2.560 ;   -10.000, 2.560 ; V1=0,0,0; HEIGHT=20; DIEL=2.9 ;
 29  POLY3D NAME= m4_6;  COORD=   -10.000, 2.560 ;   10.000, 2.560 ;   10.000, 2.610 ;   -10.000, 2.610 ; V1=0,0,0; HEIGHT=20; DIEL=4.4 ;
 30  POLY3D NAME= m5_1;  COORD=   -10.000, 2.610 ;   10.000, 2.610 ;   10.000, 2.660 ;   -10.000, 2.660 ; V1=0,0,0; HEIGHT=20; DIEL=4.9 ;
 31  POLY3D NAME= m5_2;  COORD=   -10.000, 2.660 ;   10.000, 2.660 ;   10.000, 2.860 ;   -10.000, 2.860 ; V1=0,0,0; HEIGHT=20; DIEL=2.9 ;
 32  POLY3D NAME= m5_3;  COORD=   -10.000, 2.860 ;   10.000, 2.860 ;   10.000, 2.880 ;   -10.000, 2.880 ; V1=0,0,0; HEIGHT=20; DIEL=4.4 ;
 33  POLY3D NAME= m5_4;  COORD=   -10.000, 2.880 ;   10.000, 2.880 ;   10.000, 2.930 ;   -10.000, 2.930 ; V1=0,0,0; HEIGHT=20; DIEL=4.9 ;
 34  POLY3D NAME= m5_5;  COORD=   -10.000, 2.930 ;   10.000, 2.930 ;   10.000, 3.130 ;   -10.000, 3.130 ; V1=0,0,0; HEIGHT=20; DIEL=2.9 ;
 35  POLY3D NAME= m5_6;  COORD=   -10.000, 3.130 ;   10.000, 3.130 ;   10.000, 3.180 ;   -10.000, 3.180 ; V1=0,0,0; HEIGHT=20; DIEL=4.4 ;
 36  POLY3D NAME= m6_1;  COORD=   -10.000, 3.180 ;   10.000, 3.180 ;   10.000, 3.280 ;   -10.000, 3.280 ; V1=0,0,0; HEIGHT=20; DIEL=4.9 ;
 37  POLY3D NAME= m6_2;  COORD=   -10.000, 3.280 ;   10.000, 3.280 ;   10.000, 3.780 ;   -10.000, 3.780 ; V1=0,0,0; HEIGHT=20; DIEL=4.4 ;
 38  POLY3D NAME= m6_3;  COORD=   -10.000, 3.780 ;   10.000, 3.780 ;   10.000, 3.880 ;   -10.000, 3.880 ; V1=0,0,0; HEIGHT=20; DIEL=4.4 ;
 39  POLY3D NAME= m6_4;  COORD=   -10.000, 3.880 ;   10.000, 3.880 ;   10.000, 3.980 ;   -10.000, 3.980 ; V1=0,0,0; HEIGHT=20; DIEL=4.9 ;
 40  POLY3D NAME= m6_5;  COORD=   -10.000, 3.980 ;   10.000, 3.980 ;   10.000, 4.680 ;   -10.000, 4.680 ; V1=0,0,0; HEIGHT=20; DIEL=4.4 ;
 41  POLY3D NAME= m7_1;  COORD=   -10.000, 4.680 ;   10.000, 4.680 ;   10.000, 4.780 ;   -10.000, 4.780 ; V1=0,0,0; HEIGHT=20; DIEL=4.9 ;
 42  POLY3D NAME= m7_2;  COORD=   -10.000, 4.780 ;   10.000, 4.780 ;   10.000, 5.530 ;   -10.000, 5.530 ; V1=0,0,0; HEIGHT=20; DIEL=4.4 ;
 43  POLY3D NAME= m7_3;  COORD=   -10.000, 5.530 ;   10.000, 5.530 ;   10.000, 5.580 ;   -10.000, 5.580 ; V1=0,0,0; HEIGHT=20; DIEL=4.4 ;
 44  POLY3D NAME= m7_4;  COORD=   -10.000, 5.580 ;   10.000, 5.580 ;   10.000, 5.700 ;   -10.000, 5.700 ; V1=0,0,0; HEIGHT=20; DIEL=4.9 ;
 45  POLY3D NAME= m7_5;  COORD=   -10.000, 5.700 ;   10.000, 5.700 ;   10.000, 6.730 ;   -10.000, 6.730 ; V1=0,0,0; HEIGHT=20; DIEL=4.4 ;
 46  POLY3D NAME= m7_2;  COORD=   -10.000, 6.730 ;   10.000, 6.730 ;   10.000, 7.480 ;   -10.000, 7.480 ; V1=0,0,0; HEIGHT=20; DIEL=4.4 ;
 47  POLY3D NAME= m7_3;  COORD=   -10.000, 7.480 ;   10.000, 7.480 ;   10.000, 7.530 ;   -10.000, 7.530 ; V1=0,0,0; HEIGHT=20; DIEL=4.4 ;
 48  POLY3D NAME= m7_4;  COORD=   -10.000, 7.530 ;   10.000, 7.530 ;   10.000, 7.650 ;   -10.000, 7.650 ; V1=0,0,0; HEIGHT=20; DIEL=4.9 ;
 49  POLY3D NAME= m7_5;  COORD=   -10.000, 7.650 ;   10.000, 7.650 ;   10.000, 8.680 ;   -10.000, 8.680 ; V1=0,0,0; HEIGHT=20; DIEL=4.4 ;
 50  POLY3D NAME= air_1; COORD=   -10.000, 8.680 ;   10.000, 8.680 ;   10.000, 8.980 ;   -10.000, 8.980 ; V1=0,0,0; HEIGHT=20; DIEL=6 ;
 51  POLY3D NAME= air_2; COORD=   -10.000, 8.980 ;   10.000, 8.980 ;   10.000,15.880 ;   -10.000,15.880 ; V1=0,0,0; HEIGHT=20; DIEL=2.9 ;
 52  
 53  $ Simulation window
 54  WINDOW3D V1=-0.5*window_width,0,0; V2=0.5*window_width,window_thichness,window_length; DIEL=1.0;
 55  
 56  $ Ground Plane(s)
 57  POLY3D NAME= M0__w0;  COORD=   -10.000,-1.000 ;   10.000,-1.000 ;   10.000, 0.000 ;   -10.000, 0.000 ;  V1=0,0,0; HEIGHT=20; VOLT=0 ;
 58  OPTIONS SET_GRID=1000000;
 59  
 60  POLY3D NAME= M2__w0;  COORD=   -10.000, 1.170 ;   10.000, 1.170 ;   10.000, 1.470 ;   -10.000, 1.470 ;  V1=0,0,0; HEIGHT=20; VOLT=0 ;
 61  OPTIONS SET_GRID=1000000;
 62  
 63  $ Layout params w= 0.14 s= 1.4 r= 0
 64  
 65  $ Layout/Eff  0.140  0.140 top_width
 66  $ Layout/Eff  0.140 0.14 bot_width
 67  $ Layout/Eff  1.400  1.400 spacing
 68  $ Layout/Eff  0.650  0.650 height 
 69  $ Layout/Eff  0.250  0.250 thicknes
 70  
 71  POLY3D NAME=M1_w1; COORD=   -2.170, 0.650 ;   -2.030, 0.650 ;   -2.030, 0.900 ;   -2.170, 0.900 ; V1=0,0,10; HEIGHT=2; VOLT=0
 72  POLY3D NAME=M1_w2; COORD=   -1.890, 0.650 ;   -1.750, 0.650 ;   -1.750, 0.900 ;   -1.890, 0.900 ; V1=0,0,10; HEIGHT=2; VOLT=0
 73  POLY3D NAME=M1_w3; COORD=   -1.610, 0.650 ;   -1.470, 0.650 ;   -1.470, 0.900 ;   -1.610, 0.900 ; V1=0,0,10; HEIGHT=2; VOLT=0
 74  POLY3D NAME=M1_w4; COORD=   -0.070, 0.650 ;    0.070, 0.650 ;    0.070, 0.900 ;   -0.070, 0.900 ; V1=0,0,10; HEIGHT=2; VOLT=1
 75  POLY3D NAME=M1_w5; COORD=    1.470, 0.650 ;    1.610, 0.650 ;    1.610, 0.900 ;    1.470, 0.900 ; V1=0,0,10; HEIGHT=2; VOLT=0
 76  POLY3D NAME=M1_w6; COORD=    1.750, 0.650 ;    1.890, 0.650 ;    1.890, 0.900 ;    1.750, 0.900 ;  V1=0,0,10; HEIGHT=2; VOLT=0
 77  
 78  OPTIONS SET_GRID=1000000;
 79  
 80  CAPACITANCE


 *** CAPACITANCE [Farad] CALCULATION: (C)(V)=(Q)

               M0__w0         M2__w0          M1_w1          M1_w2          M1_w3          M1_w4          M1_w5          M1_w6     
    M0__w0   1.237603e-14  -1.188267e-14  -8.143375e-17  -4.862863e-17  -8.002838e-17  -1.178404e-16  -8.197584e-17  -8.344589e-17 
    M2__w0  -1.188343e-14   1.268094e-14  -1.323367e-16  -8.049485e-17  -1.302521e-16  -1.876134e-16  -1.325065e-16  -1.342986e-16 
     M1_w1  -8.031571e-17  -1.307816e-16   4.215723e-16  -2.024206e-16  -7.889679e-18  -1.919362e-19  -1.962991e-21  -1.700242e-22 
     M1_w2  -4.836513e-17  -8.002315e-17  -2.024859e-16   5.337503e-16  -2.024163e-16  -4.766309e-19  -4.462177e-21  -3.428257e-22 
     M1_w3  -7.874348e-17  -1.285658e-16  -7.758745e-18  -2.024143e-16   4.215206e-16  -4.024684e-18  -4.276434e-20  -2.664690e-21 
     M1_w4  -1.142915e-16  -1.829698e-16  -8.904776e-20  -2.909493e-19  -4.022792e-18   3.059634e-16  -4.011748e-18  -3.121222e-19 
     M1_w5  -8.069010e-17  -1.308024e-16  -9.518289e-22  -2.379556e-21  -4.224984e-20  -4.003706e-18   4.214419e-16  -2.059340e-16 
     M1_w6  -8.205338e-17  -1.327461e-16  -1.770814e-22  -3.710516e-22  -5.200628e-21  -5.434401e-19  -2.061356e-16   4.214522e-16 

regrid   nx   ny   nz     total   iter  lin_tol.   rgd_tol
     0   94  273   38    975156    26 7.969e-05  N.A. 
     1   71  460   30    979800    49 9.570e-05  1.695e-01 % 
regrid tolerance : 1.70e-01 %

regrid   nx   ny   nz     total   iter  lin_tol.   rgd_tol
     0   94  273   38    975156    36 8.250e-05  N.A. 
     1   78  370   34    981240    53 8.422e-05  1.913e-01 % 
regrid tolerance : 1.91e-01 %

regrid   nx   ny   nz     total   iter  lin_tol.   rgd_tol
     0   94  273   38    975156    22 8.596e-05  N.A. 
     1  120  243   33    962280    35 9.509e-05  2.085e+00 % 
regrid tolerance : 2.08e+00 %

regrid   nx   ny   nz     total   iter  lin_tol.   rgd_tol
     0   94  273   38    975156    22 6.391e-05  N.A. 
     1  121  247   33    986271    37 9.759e-05  1.976e+00 % 
regrid tolerance : 1.98e+00 %

regrid   nx   ny   nz     total   iter  lin_tol.   rgd_tol
     0   94  273   38    975156    22 7.183e-05  N.A. 
     1  120  243   34    991440    35 8.449e-05  2.144e+00 % 
regrid tolerance : 2.14e+00 %

regrid   nx   ny   nz     total   iter  lin_tol.   rgd_tol
     0   94  273   38    975156    21 6.429e-05  N.A. 
     1  123  239   33    970101    33 9.206e-05  2.281e+00 % 
regrid tolerance : 2.28e+00 %

regrid   nx   ny   nz     total   iter  lin_tol.   rgd_tol
     0   94  273   38    975156    22 6.526e-05  N.A. 
     1  122  242   33    974292    35 8.884e-05  2.124e+00 % 
regrid tolerance : 2.12e+00 %

regrid   nx   ny   nz     total   iter  lin_tol.   rgd_tol
     0   94  273   38    975156    21 8.881e-05  N.A. 
     1  122  243   33    978318    36 8.894e-05  2.082e+00 % 
regrid tolerance : 2.08e+00 %

 ==> SPICE Models for Total Capacitance (in Farad)

 C_0_0 M0__w0 OTHERS 1.237603e-14
 C_1_1 M2__w0 OTHERS 1.268094e-14
 C_2_2 M1_w1 OTHERS 4.215723e-16
 C_3_3 M1_w2 OTHERS 5.337503e-16
 C_4_4 M1_w3 OTHERS 4.215206e-16
 C_5_5 M1_w4 OTHERS 3.059634e-16
 C_6_6 M1_w5 OTHERS 4.214419e-16
 C_7_7 M1_w6 OTHERS 4.214522e-16

 ==> SPICE Models for Entire Capacitance Matrix (in Farad)

 C_0_1 M0__w0 M2__w0 1.188305e-14
 C_0_2 M0__w0 M1_w1 8.087473e-17
 C_0_3 M0__w0 M1_w2 4.849688e-17
 C_0_4 M0__w0 M1_w3 7.938593e-17
 C_0_5 M0__w0 M1_w4 1.160659e-16
 C_0_6 M0__w0 M1_w5 8.133297e-17
 C_0_7 M0__w0 M1_w6 8.274963e-17
 C_1_2 M2__w0 M1_w1 1.315591e-16
 C_1_3 M2__w0 M1_w2 8.025900e-17
 C_1_4 M2__w0 M1_w3 1.294089e-16
 C_1_5 M2__w0 M1_w4 1.852916e-16
 C_1_6 M2__w0 M1_w5 1.316545e-16
 C_1_7 M2__w0 M1_w6 1.335223e-16
 C_2_3 M1_w1 M1_w2 2.024532e-16
 C_2_4 M1_w1 M1_w3 7.824212e-18
 C_2_5 M1_w1 M1_w4 1.404920e-19
 C_2_6 M1_w1 M1_w5 1.457410e-21
 C_2_7 M1_w1 M1_w6 1.735528e-22
 C_3_4 M1_w2 M1_w3 2.024153e-16
 C_3_5 M1_w2 M1_w4 3.837901e-19
 C_3_6 M1_w2 M1_w5 3.420867e-21
 C_3_7 M1_w2 M1_w6 3.569386e-22
 C_4_5 M1_w3 M1_w4 4.023738e-18
 C_4_6 M1_w3 M1_w5 4.250709e-20
 C_4_7 M1_w3 M1_w6 3.932659e-21
 C_5_6 M1_w4 M1_w5 4.007727e-18
 C_5_7 M1_w4 M1_w6 4.277811e-19
 C_6_7 M1_w5 M1_w6 2.060348e-16

