/import/programs/synopsys/raphael/S-2021.06/raphael_2021.06.0/linux64/bin/rc3x -n -x -o wires_3D.out wires 

      ********************************************************
      ***                 RAPHAEL RC3 (TM)                 ***
      ***                 Version S-2021.06                ***
      ***             System K (PC: Linux64)               ***
      ***            Copyright (C) 1991 - 2021             ***
      ***                  Synopsys, Inc.                  ***
      ***                                                  ***
      ***  This software and the associated documentation  ***
      ***  are confidential and proprietary to Synopsys,   ***
      ***  Inc.  Your use or disclosure of this software   ***
      ***  is subject to the terms and conditions of a     ***
      ***  written license agreement between you, or your  ***
      ***  company, and Synopsys, Inc.                     ***
      ********************************************************

  1  $pattern raphFiles3D/OverUnder6/M2oM1uM3/D0/W0.14/S0.7
  2  
  3  param window_width=20;
  4  param window_thichness=19.056;
  5  param window_length=20;
  6  POLY3D NAME= p1_1;  COORD=   -10.000, 0.000 ;   10.000, 0.000 ;   10.000, 0.250 ;   -10.000, 0.250 ; V1=0,0,0; HEIGHT=20; DIEL=4.1 ;
  7  POLY3D NAME= m1_1;  COORD=   -10.000, 0.250 ;   10.000, 0.250 ;   10.000, 0.300 ;   -10.000, 0.300 ; V1=0,0,0; HEIGHT=20; DIEL=7 ;
  8  POLY3D NAME= m1_2;  COORD=   -10.000, 0.300 ;   10.000, 0.300 ;   10.000, 0.650 ;   -10.000, 0.650 ; V1=0,0,0; HEIGHT=20; DIEL=4.3 ;
  9  POLY3D NAME= m1_3;  COORD=   -10.000, 0.650 ;   10.000, 0.650 ;   10.000, 0.700 ;   -10.000, 0.700 ; V1=0,0,0; HEIGHT=20; DIEL=4.3 ;
 10  POLY3D NAME= m1_4;  COORD=   -10.000, 0.700 ;   10.000, 0.700 ;   10.000, 0.750 ;   -10.000, 0.750 ; V1=0,0,0; HEIGHT=20; DIEL=4.9 ;
 11  POLY3D NAME= m1_5;  COORD=   -10.000, 0.750 ;   10.000, 0.750 ;   10.000, 0.900 ;   -10.000, 0.900 ; V1=0,0,0; HEIGHT=20; DIEL=4.1 ;
 12  POLY3D NAME= m2_1;  COORD=   -10.000, 0.900 ;   10.000, 0.900 ;   10.000, 0.950 ;   -10.000, 0.950 ; V1=0,0,0; HEIGHT=20; DIEL=4.9 ;
 13  POLY3D NAME= m2_2;  COORD=   -10.000, 0.950 ;   10.000, 0.950 ;   10.000, 1.150 ;   -10.000, 1.150 ; V1=0,0,0; HEIGHT=20; DIEL=2.9 ;
 14  POLY3D NAME= m2_3;  COORD=   -10.000, 1.150 ;   10.000, 1.150 ;   10.000, 1.170 ;   -10.000, 1.170 ; V1=0,0,0; HEIGHT=20; DIEL=4.4 ;
 15  POLY3D NAME= m2_4;  COORD=   -10.000, 1.170 ;   10.000, 1.170 ;   10.000, 1.220 ;   -10.000, 1.220 ; V1=0,0,0; HEIGHT=20; DIEL=4.9 ;
 16  POLY3D NAME= m2_5;  COORD=   -10.000, 1.220 ;   10.000, 1.220 ;   10.000, 1.420 ;   -10.000, 1.420 ; V1=0,0,0; HEIGHT=20; DIEL=2.9 ;
 17  POLY3D NAME= m2_6;  COORD=   -10.000, 1.420 ;   10.000, 1.420 ;   10.000, 1.470 ;   -10.000, 1.470 ; V1=0,0,0; HEIGHT=20; DIEL=4.4 ;
 18  POLY3D NAME= m3_1;  COORD=   -10.000, 1.470 ;   10.000, 1.470 ;   10.000, 1.520 ;   -10.000, 1.520 ; V1=0,0,0; HEIGHT=20; DIEL=4.9 ;
 19  POLY3D NAME= m3_2;  COORD=   -10.000, 1.520 ;   10.000, 1.520 ;   10.000, 1.720 ;   -10.000, 1.720 ; V1=0,0,0; HEIGHT=20; DIEL=2.9 ;
 20  POLY3D NAME= m3_3;  COORD=   -10.000, 1.720 ;   10.000, 1.720 ;   10.000, 1.740 ;   -10.000, 1.740 ; V1=0,0,0; HEIGHT=20; DIEL=4.4 ;
 21  POLY3D NAME= m3_4;  COORD=   -10.000, 1.740 ;   10.000, 1.740 ;   10.000, 1.790 ;   -10.000, 1.790 ; V1=0,0,0; HEIGHT=20; DIEL=4.9 ;
 22  POLY3D NAME= m3_5;  COORD=   -10.000, 1.790 ;   10.000, 1.790 ;   10.000, 1.990 ;   -10.000, 1.990 ; V1=0,0,0; HEIGHT=20; DIEL=2.9 ;
 23  POLY3D NAME= m3_6;  COORD=   -10.000, 1.990 ;   10.000, 1.990 ;   10.000, 2.040 ;   -10.000, 2.040 ; V1=0,0,0; HEIGHT=20; DIEL=4.4 ;
 24  POLY3D NAME= m4_1;  COORD=   -10.000, 2.040 ;   10.000, 2.040 ;   10.000, 2.090 ;   -10.000, 2.090 ; V1=0,0,0; HEIGHT=20; DIEL=4.9 ;
 25  POLY3D NAME= m4_2;  COORD=   -10.000, 2.090 ;   10.000, 2.090 ;   10.000, 2.290 ;   -10.000, 2.290 ; V1=0,0,0; HEIGHT=20; DIEL=2.9 ;
 26  POLY3D NAME= m4_3;  COORD=   -10.000, 2.290 ;   10.000, 2.290 ;   10.000, 2.310 ;   -10.000, 2.310 ; V1=0,0,0; HEIGHT=20; DIEL=4.4 ;
 27  POLY3D NAME= m4_4;  COORD=   -10.000, 2.310 ;   10.000, 2.310 ;   10.000, 2.360 ;   -10.000, 2.360 ; V1=0,0,0; HEIGHT=20; DIEL=4.9 ;
 28  POLY3D NAME= m4_5;  COORD=   -10.000, 2.360 ;   10.000, 2.360 ;   10.000, 2.560 ;   -10.000, 2.560 ; V1=0,0,0; HEIGHT=20; DIEL=2.9 ;
 29  POLY3D NAME= m4_6;  COORD=   -10.000, 2.560 ;   10.000, 2.560 ;   10.000, 2.610 ;   -10.000, 2.610 ; V1=0,0,0; HEIGHT=20; DIEL=4.4 ;
 30  POLY3D NAME= m5_1;  COORD=   -10.000, 2.610 ;   10.000, 2.610 ;   10.000, 2.660 ;   -10.000, 2.660 ; V1=0,0,0; HEIGHT=20; DIEL=4.9 ;
 31  POLY3D NAME= m5_2;  COORD=   -10.000, 2.660 ;   10.000, 2.660 ;   10.000, 2.860 ;   -10.000, 2.860 ; V1=0,0,0; HEIGHT=20; DIEL=2.9 ;
 32  POLY3D NAME= m5_3;  COORD=   -10.000, 2.860 ;   10.000, 2.860 ;   10.000, 2.880 ;   -10.000, 2.880 ; V1=0,0,0; HEIGHT=20; DIEL=4.4 ;
 33  POLY3D NAME= m5_4;  COORD=   -10.000, 2.880 ;   10.000, 2.880 ;   10.000, 2.930 ;   -10.000, 2.930 ; V1=0,0,0; HEIGHT=20; DIEL=4.9 ;
 34  POLY3D NAME= m5_5;  COORD=   -10.000, 2.930 ;   10.000, 2.930 ;   10.000, 3.130 ;   -10.000, 3.130 ; V1=0,0,0; HEIGHT=20; DIEL=2.9 ;
 35  POLY3D NAME= m5_6;  COORD=   -10.000, 3.130 ;   10.000, 3.130 ;   10.000, 3.180 ;   -10.000, 3.180 ; V1=0,0,0; HEIGHT=20; DIEL=4.4 ;
 36  POLY3D NAME= m6_1;  COORD=   -10.000, 3.180 ;   10.000, 3.180 ;   10.000, 3.280 ;   -10.000, 3.280 ; V1=0,0,0; HEIGHT=20; DIEL=4.9 ;
 37  POLY3D NAME= m6_2;  COORD=   -10.000, 3.280 ;   10.000, 3.280 ;   10.000, 3.780 ;   -10.000, 3.780 ; V1=0,0,0; HEIGHT=20; DIEL=4.4 ;
 38  POLY3D NAME= m6_3;  COORD=   -10.000, 3.780 ;   10.000, 3.780 ;   10.000, 3.880 ;   -10.000, 3.880 ; V1=0,0,0; HEIGHT=20; DIEL=4.4 ;
 39  POLY3D NAME= m6_4;  COORD=   -10.000, 3.880 ;   10.000, 3.880 ;   10.000, 3.980 ;   -10.000, 3.980 ; V1=0,0,0; HEIGHT=20; DIEL=4.9 ;
 40  POLY3D NAME= m6_5;  COORD=   -10.000, 3.980 ;   10.000, 3.980 ;   10.000, 4.680 ;   -10.000, 4.680 ; V1=0,0,0; HEIGHT=20; DIEL=4.4 ;
 41  POLY3D NAME= m7_1;  COORD=   -10.000, 4.680 ;   10.000, 4.680 ;   10.000, 4.780 ;   -10.000, 4.780 ; V1=0,0,0; HEIGHT=20; DIEL=4.9 ;
 42  POLY3D NAME= m7_2;  COORD=   -10.000, 4.780 ;   10.000, 4.780 ;   10.000, 5.530 ;   -10.000, 5.530 ; V1=0,0,0; HEIGHT=20; DIEL=4.4 ;
 43  POLY3D NAME= m7_3;  COORD=   -10.000, 5.530 ;   10.000, 5.530 ;   10.000, 5.580 ;   -10.000, 5.580 ; V1=0,0,0; HEIGHT=20; DIEL=4.4 ;
 44  POLY3D NAME= m7_4;  COORD=   -10.000, 5.580 ;   10.000, 5.580 ;   10.000, 5.700 ;   -10.000, 5.700 ; V1=0,0,0; HEIGHT=20; DIEL=4.9 ;
 45  POLY3D NAME= m7_5;  COORD=   -10.000, 5.700 ;   10.000, 5.700 ;   10.000, 6.730 ;   -10.000, 6.730 ; V1=0,0,0; HEIGHT=20; DIEL=4.4 ;
 46  POLY3D NAME= m7_2;  COORD=   -10.000, 6.730 ;   10.000, 6.730 ;   10.000, 7.480 ;   -10.000, 7.480 ; V1=0,0,0; HEIGHT=20; DIEL=4.4 ;
 47  POLY3D NAME= m7_3;  COORD=   -10.000, 7.480 ;   10.000, 7.480 ;   10.000, 7.530 ;   -10.000, 7.530 ; V1=0,0,0; HEIGHT=20; DIEL=4.4 ;
 48  POLY3D NAME= m7_4;  COORD=   -10.000, 7.530 ;   10.000, 7.530 ;   10.000, 7.650 ;   -10.000, 7.650 ; V1=0,0,0; HEIGHT=20; DIEL=4.9 ;
 49  POLY3D NAME= m7_5;  COORD=   -10.000, 7.650 ;   10.000, 7.650 ;   10.000, 8.680 ;   -10.000, 8.680 ; V1=0,0,0; HEIGHT=20; DIEL=4.4 ;
 50  POLY3D NAME= air_1; COORD=   -10.000, 8.680 ;   10.000, 8.680 ;   10.000, 8.980 ;   -10.000, 8.980 ; V1=0,0,0; HEIGHT=20; DIEL=6 ;
 51  POLY3D NAME= air_2; COORD=   -10.000, 8.980 ;   10.000, 8.980 ;   10.000,15.880 ;   -10.000,15.880 ; V1=0,0,0; HEIGHT=20; DIEL=2.9 ;
 52  
 53  $ Simulation window
 54  WINDOW3D V1=-0.5*window_width,0,0; V2=0.5*window_width,window_thichness,window_length; DIEL=1.0;
 55  
 56  $ Ground Plane(s)
 57  POLY3D NAME= M1__w0;  COORD=   -10.000,0.650 ;   10.000,0.650 ;   10.000, 0.900 ;   -10.000, 0.900 ;  V1=0,0,0; HEIGHT=20; VOLT=0 ;
 58  OPTIONS SET_GRID=1000000;
 59  
 60  POLY3D NAME= M3__w0;  COORD=   -10.000,1.740 ;   10.000,1.740 ;   10.000, 2.040 ;   -10.000, 2.040 ;  V1=0,0,0; HEIGHT=20; VOLT=0 ;
 61  OPTIONS SET_GRID=1000000;
 62  
 63  $ Layout params w= 0.14 s= 0.7 r= 0
 64  
 65  $ Layout/Eff  0.140  0.140 top_width
 66  $ Layout/Eff  0.140 0.14 bot_width
 67  $ Layout/Eff  0.700  0.700 spacing
 68  $ Layout/Eff  1.170  1.170 height 
 69  $ Layout/Eff  0.300  0.300 thicknes
 70  
 71  POLY3D NAME=M2_w1; COORD=   -1.470, 1.170 ;   -1.330, 1.170 ;   -1.330, 1.470 ;   -1.470, 1.470 ; V1=0,0,10; HEIGHT=2; VOLT=0
 72  POLY3D NAME=M2_w2; COORD=   -1.190, 1.170 ;   -1.050, 1.170 ;   -1.050, 1.470 ;   -1.190, 1.470 ; V1=0,0,10; HEIGHT=2; VOLT=0
 73  POLY3D NAME=M2_w3; COORD=   -0.910, 1.170 ;   -0.770, 1.170 ;   -0.770, 1.470 ;   -0.910, 1.470 ; V1=0,0,10; HEIGHT=2; VOLT=0
 74  POLY3D NAME=M2_w4; COORD=   -0.070, 1.170 ;    0.070, 1.170 ;    0.070, 1.470 ;   -0.070, 1.470 ; V1=0,0,10; HEIGHT=2; VOLT=1
 75  POLY3D NAME=M2_w5; COORD=    0.770, 1.170 ;    0.910, 1.170 ;    0.910, 1.470 ;    0.770, 1.470 ; V1=0,0,10; HEIGHT=2; VOLT=0
 76  POLY3D NAME=M2_w6; COORD=    1.050, 1.170 ;    1.190, 1.170 ;    1.190, 1.470 ;    1.050, 1.470 ;  V1=0,0,10; HEIGHT=2; VOLT=0
 77  
 78  OPTIONS SET_GRID=1000000;
 79  
 80  CAPACITANCE


 *** CAPACITANCE [Farad] CALCULATION: (C)(V)=(Q)

               M1__w0         M3__w0          M2_w1          M2_w2          M2_w3          M2_w4          M2_w5          M2_w6     
    M1__w0   1.416379e-14  -1.349228e-14  -1.164305e-16  -7.344736e-17  -1.090539e-16  -1.461417e-16  -1.097386e-16  -1.166970e-16 
    M3__w0  -1.349198e-14   1.416800e-14  -1.172309e-16  -7.371106e-17  -1.096736e-16  -1.472780e-16  -1.104182e-16  -1.177164e-16 
     M2_w1  -1.148983e-16  -1.156178e-16   4.156141e-16  -1.827758e-16  -2.297137e-18  -4.727623e-20  -9.127142e-22  -1.038150e-22 
     M2_w2  -7.320752e-17  -7.350080e-17  -1.826638e-16   5.126275e-16  -1.829076e-16  -3.552302e-19  -3.035109e-21  -2.475132e-22 
     M2_w3  -1.076318e-16  -1.081890e-16  -2.224273e-18  -1.827709e-16   4.164262e-16  -1.556811e-17  -5.518914e-20  -2.645704e-21 
     M2_w4  -1.437816e-16  -1.448392e-16  -3.228728e-20  -2.668785e-19  -1.558133e-17   3.203363e-16  -1.557872e-17  -2.716446e-19 
     M2_w5  -1.083479e-16  -1.089563e-16  -6.219229e-22  -2.541307e-21  -5.470231e-20  -1.556771e-17   4.164432e-16  -1.835357e-16 
     M2_w6  -1.153700e-16  -1.161398e-16  -1.008457e-22  -2.912610e-22  -3.304306e-21  -3.590331e-19  -1.837732e-16   4.156219e-16 

regrid   nx   ny   nz     total   iter  lin_tol.   rgd_tol
     0   90  273   38    933660    24 9.189e-05  N.A. 
     1   72  403   34    986544    38 9.145e-05  3.412e-01 % 
regrid tolerance : 3.41e-01 %

regrid   nx   ny   nz     total   iter  lin_tol.   rgd_tol
     0   90  273   38    933660    38 8.444e-05  N.A. 
     1   71  410   34    989740    54 9.648e-05  3.435e-01 % 
regrid tolerance : 3.44e-01 %

regrid   nx   ny   nz     total   iter  lin_tol.   rgd_tol
     0   90  273   38    933660    20 6.676e-05  N.A. 
     1  127  231   33    968121    40 9.470e-05  1.976e+00 % 
regrid tolerance : 1.98e+00 %

regrid   nx   ny   nz     total   iter  lin_tol.   rgd_tol
     0   90  273   38    933660    19 9.826e-05  N.A. 
     1  128  230   33    971520    42 8.127e-05  1.690e+00 % 
regrid tolerance : 1.69e+00 %

regrid   nx   ny   nz     total   iter  lin_tol.   rgd_tol
     0   90  273   38    933660    19 9.404e-05  N.A. 
     1  126  231   34    989604    40 9.716e-05  1.877e+00 % 
regrid tolerance : 1.88e+00 %

regrid   nx   ny   nz     total   iter  lin_tol.   rgd_tol
     0   90  273   38    933660    19 4.910e-05  N.A. 
     1  124  233   34    982328    37 7.723e-05  1.884e+00 % 
regrid tolerance : 1.88e+00 %

regrid   nx   ny   nz     total   iter  lin_tol.   rgd_tol
     0   90  273   38    933660    19 9.896e-05  N.A. 
     1  126  231   34    989604    40 9.295e-05  1.869e+00 % 
regrid tolerance : 1.87e+00 %

regrid   nx   ny   nz     total   iter  lin_tol.   rgd_tol
     0   90  273   38    933660    19 7.970e-05  N.A. 
     1  128  231   33    975744    40 8.858e-05  1.977e+00 % 
regrid tolerance : 1.98e+00 %

 ==> SPICE Models for Total Capacitance (in Farad)

 C_0_0 M1__w0 OTHERS 1.416379e-14
 C_1_1 M3__w0 OTHERS 1.416800e-14
 C_2_2 M2_w1 OTHERS 4.156141e-16
 C_3_3 M2_w2 OTHERS 5.126275e-16
 C_4_4 M2_w3 OTHERS 4.164262e-16
 C_5_5 M2_w4 OTHERS 3.203363e-16
 C_6_6 M2_w5 OTHERS 4.164432e-16
 C_7_7 M2_w6 OTHERS 4.156219e-16

 ==> SPICE Models for Entire Capacitance Matrix (in Farad)

 C_0_1 M1__w0 M3__w0 1.349213e-14
 C_0_2 M1__w0 M2_w1 1.156644e-16
 C_0_3 M1__w0 M2_w2 7.332744e-17
 C_0_4 M1__w0 M2_w3 1.083428e-16
 C_0_5 M1__w0 M2_w4 1.449616e-16
 C_0_6 M1__w0 M2_w5 1.090432e-16
 C_0_7 M1__w0 M2_w6 1.160335e-16
 C_1_2 M3__w0 M2_w1 1.164244e-16
 C_1_3 M3__w0 M2_w2 7.360593e-17
 C_1_4 M3__w0 M2_w3 1.089313e-16
 C_1_5 M3__w0 M2_w4 1.460586e-16
 C_1_6 M3__w0 M2_w5 1.096872e-16
 C_1_7 M3__w0 M2_w6 1.169281e-16
 C_2_3 M2_w1 M2_w2 1.827198e-16
 C_2_4 M2_w1 M2_w3 2.260705e-18
 C_2_5 M2_w1 M2_w4 3.978175e-20
 C_2_6 M2_w1 M2_w5 7.673186e-22
 C_2_7 M2_w1 M2_w6 1.023303e-22
 C_3_4 M2_w2 M2_w3 1.828393e-16
 C_3_5 M2_w2 M2_w4 3.110543e-19
 C_3_6 M2_w2 M2_w5 2.788208e-21
 C_3_7 M2_w2 M2_w6 2.693871e-22
 C_4_5 M2_w3 M2_w4 1.557472e-17
 C_4_6 M2_w3 M2_w5 5.494572e-20
 C_4_7 M2_w3 M2_w6 2.975005e-21
 C_5_6 M2_w4 M2_w5 1.557321e-17
 C_5_7 M2_w4 M2_w6 3.153388e-19
 C_6_7 M2_w5 M2_w6 1.836544e-16

