/import/programs/synopsys/raphael/S-2021.06/raphael_2021.06.0/linux64/bin/rc2x -n -x -o wires_CAPcommand_rc2.out wires 

      ********************************************************
      ***                 RAPHAEL RC2 (TM)                 ***
      ***                 Version S-2021.06                ***
      ***             System K (PC: Linux64)               ***
      ***            Copyright (C) 1991 - 2021             ***
      ***                   Synopsys, Inc.                 ***
      ***                                                  ***
      ***  This software and the associated documentation  ***
      ***  are confidential and proprietary to Synopsys,   ***
      ***  Inc.  Your use or disclosure of this software   ***
      ***  is subject to the terms and conditions of a     ***
      ***  written license agreement between you, or your  ***
      ***  company, and Synopsys, Inc.                     ***
      ********************************************************

  1  $pattern raphFiles/Over6/M1oM0/D0/W0.14/S0.35
  2  
  3  param window_width=100;
  4  param window_thichness=19.056;
  5  POLY NAME= p1_1;  COORD=   -50.000, 0.000 ;   50.000, 0.000 ;   50.000, 0.250 ;   -50.000, 0.250 ;  DIEL=4.1 ;
  6  POLY NAME= m1_1;  COORD=   -50.000, 0.250 ;   50.000, 0.250 ;   50.000, 0.300 ;   -50.000, 0.300 ;  DIEL=7 ;
  7  POLY NAME= m1_2;  COORD=   -50.000, 0.300 ;   50.000, 0.300 ;   50.000, 0.650 ;   -50.000, 0.650 ;  DIEL=4.3 ;
  8  POLY NAME= m1_3;  COORD=   -50.000, 0.650 ;   50.000, 0.650 ;   50.000, 0.700 ;   -50.000, 0.700 ;  DIEL=4.3 ;
  9  POLY NAME= m1_4;  COORD=   -50.000, 0.700 ;   50.000, 0.700 ;   50.000, 0.750 ;   -50.000, 0.750 ;  DIEL=4.9 ;
 10  POLY NAME= m1_5;  COORD=   -50.000, 0.750 ;   50.000, 0.750 ;   50.000, 0.900 ;   -50.000, 0.900 ;  DIEL=4.1 ;
 11  POLY NAME= m2_1;  COORD=   -50.000, 0.900 ;   50.000, 0.900 ;   50.000, 0.950 ;   -50.000, 0.950 ;  DIEL=4.9 ;
 12  POLY NAME= m2_2;  COORD=   -50.000, 0.950 ;   50.000, 0.950 ;   50.000, 1.150 ;   -50.000, 1.150 ;  DIEL=2.9 ;
 13  POLY NAME= m2_3;  COORD=   -50.000, 1.150 ;   50.000, 1.150 ;   50.000, 1.170 ;   -50.000, 1.170 ;  DIEL=4.4 ;
 14  POLY NAME= m2_4;  COORD=   -50.000, 1.170 ;   50.000, 1.170 ;   50.000, 1.220 ;   -50.000, 1.220 ;  DIEL=4.9 ;
 15  POLY NAME= m2_5;  COORD=   -50.000, 1.220 ;   50.000, 1.220 ;   50.000, 1.420 ;   -50.000, 1.420 ;  DIEL=2.9 ;
 16  POLY NAME= m2_6;  COORD=   -50.000, 1.420 ;   50.000, 1.420 ;   50.000, 1.470 ;   -50.000, 1.470 ;  DIEL=4.4 ;
 17  POLY NAME= m3_1;  COORD=   -50.000, 1.470 ;   50.000, 1.470 ;   50.000, 1.520 ;   -50.000, 1.520 ;  DIEL=4.9 ;
 18  POLY NAME= m3_2;  COORD=   -50.000, 1.520 ;   50.000, 1.520 ;   50.000, 1.720 ;   -50.000, 1.720 ;  DIEL=2.9 ;
 19  POLY NAME= m3_3;  COORD=   -50.000, 1.720 ;   50.000, 1.720 ;   50.000, 1.740 ;   -50.000, 1.740 ;  DIEL=4.4 ;
 20  POLY NAME= m3_4;  COORD=   -50.000, 1.740 ;   50.000, 1.740 ;   50.000, 1.790 ;   -50.000, 1.790 ;  DIEL=4.9 ;
 21  POLY NAME= m3_5;  COORD=   -50.000, 1.790 ;   50.000, 1.790 ;   50.000, 1.990 ;   -50.000, 1.990 ;  DIEL=2.9 ;
 22  POLY NAME= m3_6;  COORD=   -50.000, 1.990 ;   50.000, 1.990 ;   50.000, 2.040 ;   -50.000, 2.040 ;  DIEL=4.4 ;
 23  POLY NAME= m4_1;  COORD=   -50.000, 2.040 ;   50.000, 2.040 ;   50.000, 2.090 ;   -50.000, 2.090 ;  DIEL=4.9 ;
 24  POLY NAME= m4_2;  COORD=   -50.000, 2.090 ;   50.000, 2.090 ;   50.000, 2.290 ;   -50.000, 2.290 ;  DIEL=2.9 ;
 25  POLY NAME= m4_3;  COORD=   -50.000, 2.290 ;   50.000, 2.290 ;   50.000, 2.310 ;   -50.000, 2.310 ;  DIEL=4.4 ;
 26  POLY NAME= m4_4;  COORD=   -50.000, 2.310 ;   50.000, 2.310 ;   50.000, 2.360 ;   -50.000, 2.360 ;  DIEL=4.9 ;
 27  POLY NAME= m4_5;  COORD=   -50.000, 2.360 ;   50.000, 2.360 ;   50.000, 2.560 ;   -50.000, 2.560 ;  DIEL=2.9 ;
 28  POLY NAME= m4_6;  COORD=   -50.000, 2.560 ;   50.000, 2.560 ;   50.000, 2.610 ;   -50.000, 2.610 ;  DIEL=4.4 ;
 29  POLY NAME= m5_1;  COORD=   -50.000, 2.610 ;   50.000, 2.610 ;   50.000, 2.660 ;   -50.000, 2.660 ;  DIEL=4.9 ;
 30  POLY NAME= m5_2;  COORD=   -50.000, 2.660 ;   50.000, 2.660 ;   50.000, 2.860 ;   -50.000, 2.860 ;  DIEL=2.9 ;
 31  POLY NAME= m5_3;  COORD=   -50.000, 2.860 ;   50.000, 2.860 ;   50.000, 2.880 ;   -50.000, 2.880 ;  DIEL=4.4 ;
 32  POLY NAME= m5_4;  COORD=   -50.000, 2.880 ;   50.000, 2.880 ;   50.000, 2.930 ;   -50.000, 2.930 ;  DIEL=4.9 ;
 33  POLY NAME= m5_5;  COORD=   -50.000, 2.930 ;   50.000, 2.930 ;   50.000, 3.130 ;   -50.000, 3.130 ;  DIEL=2.9 ;
 34  POLY NAME= m5_6;  COORD=   -50.000, 3.130 ;   50.000, 3.130 ;   50.000, 3.180 ;   -50.000, 3.180 ;  DIEL=4.4 ;
 35  POLY NAME= m6_1;  COORD=   -50.000, 3.180 ;   50.000, 3.180 ;   50.000, 3.280 ;   -50.000, 3.280 ;  DIEL=4.9 ;
 36  POLY NAME= m6_2;  COORD=   -50.000, 3.280 ;   50.000, 3.280 ;   50.000, 3.780 ;   -50.000, 3.780 ;  DIEL=4.4 ;
 37  POLY NAME= m6_3;  COORD=   -50.000, 3.780 ;   50.000, 3.780 ;   50.000, 3.880 ;   -50.000, 3.880 ;  DIEL=4.4 ;
 38  POLY NAME= m6_4;  COORD=   -50.000, 3.880 ;   50.000, 3.880 ;   50.000, 3.980 ;   -50.000, 3.980 ;  DIEL=4.9 ;
 39  POLY NAME= m6_5;  COORD=   -50.000, 3.980 ;   50.000, 3.980 ;   50.000, 4.680 ;   -50.000, 4.680 ;  DIEL=4.4 ;
 40  POLY NAME= m7_1;  COORD=   -50.000, 4.680 ;   50.000, 4.680 ;   50.000, 4.780 ;   -50.000, 4.780 ;  DIEL=4.9 ;
 41  POLY NAME= m7_2;  COORD=   -50.000, 4.780 ;   50.000, 4.780 ;   50.000, 5.530 ;   -50.000, 5.530 ;  DIEL=4.4 ;
 42  POLY NAME= m7_3;  COORD=   -50.000, 5.530 ;   50.000, 5.530 ;   50.000, 5.580 ;   -50.000, 5.580 ;  DIEL=4.4 ;
 43  POLY NAME= m7_4;  COORD=   -50.000, 5.580 ;   50.000, 5.580 ;   50.000, 5.700 ;   -50.000, 5.700 ;  DIEL=4.9 ;
 44  POLY NAME= m7_5;  COORD=   -50.000, 5.700 ;   50.000, 5.700 ;   50.000, 6.730 ;   -50.000, 6.730 ;  DIEL=4.4 ;
 45  POLY NAME= m7_2;  COORD=   -50.000, 6.730 ;   50.000, 6.730 ;   50.000, 7.480 ;   -50.000, 7.480 ;  DIEL=4.4 ;
 46  POLY NAME= m7_3;  COORD=   -50.000, 7.480 ;   50.000, 7.480 ;   50.000, 7.530 ;   -50.000, 7.530 ;  DIEL=4.4 ;
 47  POLY NAME= m7_4;  COORD=   -50.000, 7.530 ;   50.000, 7.530 ;   50.000, 7.650 ;   -50.000, 7.650 ;  DIEL=4.9 ;
 48  POLY NAME= m7_5;  COORD=   -50.000, 7.650 ;   50.000, 7.650 ;   50.000, 8.680 ;   -50.000, 8.680 ;  DIEL=4.4 ;
 49  POLY NAME= air_1;  COORD=   -50.000, 8.680 ;   50.000, 8.680 ;   50.000, 8.980 ;   -50.000, 8.980 ;  DIEL=6 ;
 50  POLY NAME= air_2;  COORD=   -50.000, 8.980 ;   50.000, 8.980 ;   50.000,15.880 ;   -50.000,15.880 ;  DIEL=2.9 ;
 51  
 52  $ Simulation window
 53  WINDOW X1=-0.5*window_width; Y1=0; X2=0.5*window_width; Y2=window_thichness; DIEL=1.0;
 54  
 55  $ Ground Plane(s)
 56  POLY NAME= M0__GND;  COORD=   -50.000,-1.000 ;   50.000,-1.000 ;   50.000, 0.000 ;   -50.000, 0.000 ;  VOLT=0 ;
 57  OPTIONS SET_GRID=10000;
 58  
 59  $ Layout params w= 0.14 s= 0.35 r= 0
 60  
 61  $ Layout/Eff  0.140  0.140 top_width
 62  $ Layout/Eff  0.140 0.14 bot_width
 63  $ Layout/Eff  0.350  0.350 spacing
 64  $ Layout/Eff  0.650  0.650 height 
 65  $ Layout/Eff  0.250  0.250 thicknes
 66  
 67  POLY NAME=M1_w1; COORD=   -1.120, 0.650 ;   -0.980, 0.650 ;   -0.980, 0.900 ;   -1.120, 0.900 ;  VOLT=0
 68  POLY NAME=M1_w2; COORD=   -0.840, 0.650 ;   -0.700, 0.650 ;   -0.700, 0.900 ;   -0.840, 0.900 ;  VOLT=0
 69  POLY NAME=M1_w3; COORD=   -0.560, 0.650 ;   -0.420, 0.650 ;   -0.420, 0.900 ;   -0.560, 0.900 ;  VOLT=0
 70  POLY NAME=M1_w4; COORD=   -0.070, 0.650 ;    0.070, 0.650 ;    0.070, 0.900 ;   -0.070, 0.900 ;  VOLT=1
 71  POLY NAME=M1_w5; COORD=    0.420, 0.650 ;    0.560, 0.650 ;    0.560, 0.900 ;    0.420, 0.900 ;  VOLT=0
 72  POLY NAME=M1_w6; COORD=    0.700, 0.650 ;    0.840, 0.650 ;    0.840, 0.900 ;    0.700, 0.900 ;  VOLT=0
 73  
 74  OPTIONS SET_GRID=10000;
 75  
 76  CAPACITANCE


 *** CAPACITANCE [Farad / (1e-06*m)] CALCULATION: (C)(V)=(Q)

              M0__GND          M1_w1          M1_w2          M1_w3          M1_w4          M1_w5          M1_w6     
   M0__GND   2.150441e-16  -5.052392e-17  -2.252134e-17  -2.713796e-17  -3.490696e-17  -2.913004e-17  -5.082856e-17 
     M1_w1  -5.004858e-17   1.679151e-16  -1.060288e-16  -7.203156e-18  -2.566369e-18  -9.747067e-19  -1.094855e-18 
     M1_w2  -2.251824e-17  -1.060759e-16   2.385306e-16  -1.040064e-16  -4.155078e-18  -9.443474e-19  -8.324345e-19 
     M1_w3  -2.704005e-17  -7.370413e-18  -1.037855e-16   1.884694e-16  -4.552208e-17  -3.075443e-18  -1.678081e-18 
     M1_w4  -3.329602e-17  -2.731667e-18  -4.105046e-18  -4.548312e-17   1.371692e-16  -4.567527e-17  -5.878768e-18 
     M1_w5  -2.901791e-17  -1.120805e-18  -9.480205e-19  -3.113147e-18  -4.563000e-17   1.882152e-16  -1.083874e-16 
     M1_w6  -5.032843e-17  -1.097395e-18  -6.898988e-19  -1.521604e-18  -5.707071e-18  -1.084554e-16   1.677981e-16 

regrid   nx   ny     total   iter  lin_tol.   rgd_tol
     0   56  163      9128    27 8.174e-05  N.A. 
     1   66  149      9834    19 6.834e-05  1.281e+00 % 
regrid tolerance : 1.28e+00 %

regrid   nx   ny     total   iter  lin_tol.   rgd_tol
     0   56  163      9128    26 7.525e-05  N.A. 
     1   74  133      9842    21 7.268e-05  3.341e+00 % 
regrid tolerance : 3.34e+00 %

regrid   nx   ny     total   iter  lin_tol.   rgd_tol
     0   56  163      9128    25 7.451e-05  N.A. 
     1   70  141      9870    18 9.825e-05  3.262e+00 % 
regrid tolerance : 3.26e+00 %

regrid   nx   ny     total   iter  lin_tol.   rgd_tol
     0   56  163      9128    26 6.666e-05  N.A. 
     1   70  141      9870    19 8.974e-05  3.010e+00 % 
regrid tolerance : 3.01e+00 %

regrid   nx   ny     total   iter  lin_tol.   rgd_tol
     0   56  163      9128    26 8.113e-05  N.A. 
     1   71  140      9940    20 9.620e-05  2.258e+00 % 
regrid tolerance : 2.26e+00 %

regrid   nx   ny     total   iter  lin_tol.   rgd_tol
     0   56  163      9128    26 6.327e-05  N.A. 
     1   71  139      9869    19 8.758e-05  3.005e+00 % 
regrid tolerance : 3.01e+00 %

regrid   nx   ny     total   iter  lin_tol.   rgd_tol
     0   56  163      9128    26 6.020e-05  N.A. 
     1   75  133      9975    20 7.431e-05  3.348e+00 % 
regrid tolerance : 3.35e+00 %

 ==> SPICE Models for Total Capacitance [Farad / (1e-06*m)]

 C_1_1 M0__GND OTHERS 2.150441e-16
 C_2_2 M1_w1 OTHERS 1.679151e-16
 C_3_3 M1_w2 OTHERS 2.385306e-16
 C_4_4 M1_w3 OTHERS 1.884694e-16
 C_5_5 M1_w4 OTHERS 1.371692e-16
 C_6_6 M1_w5 OTHERS 1.882152e-16
 C_7_7 M1_w6 OTHERS 1.677981e-16

 ==> SPICE Models for Entire Capacitance Matrix [Farad / (1e-06*m)]

 C_1_2 M0__GND M1_w1 5.028625e-17
 C_1_3 M0__GND M1_w2 2.251979e-17
 C_1_4 M0__GND M1_w3 2.708901e-17
 C_1_5 M0__GND M1_w4 3.410149e-17
 C_1_6 M0__GND M1_w5 2.907398e-17
 C_1_7 M0__GND M1_w6 5.057849e-17
 C_2_3 M1_w1 M1_w2 1.060523e-16
 C_2_4 M1_w1 M1_w3 7.286785e-18
 C_2_5 M1_w1 M1_w4 2.649018e-18
 C_2_6 M1_w1 M1_w5 1.047756e-18
 C_2_7 M1_w1 M1_w6 1.096125e-18
 C_3_4 M1_w2 M1_w3 1.038960e-16
 C_3_5 M1_w2 M1_w4 4.130062e-18
 C_3_6 M1_w2 M1_w5 9.461840e-19
 C_3_7 M1_w2 M1_w6 7.611666e-19
 C_4_5 M1_w3 M1_w4 4.550260e-17
 C_4_6 M1_w3 M1_w5 3.094295e-18
 C_4_7 M1_w3 M1_w6 1.599843e-18
 C_5_6 M1_w4 M1_w5 4.565264e-17
 C_5_7 M1_w4 M1_w6 5.792920e-18
 C_6_7 M1_w5 M1_w6 1.084214e-16

