/import/programs/synopsys/raphael/S-2021.06/raphael_2021.06.0/linux64/bin/rc3x -n -x -o wires_3D.out wires 

      ********************************************************
      ***                 RAPHAEL RC3 (TM)                 ***
      ***                 Version S-2021.06                ***
      ***             System K (PC: Linux64)               ***
      ***            Copyright (C) 1991 - 2021             ***
      ***                  Synopsys, Inc.                  ***
      ***                                                  ***
      ***  This software and the associated documentation  ***
      ***  are confidential and proprietary to Synopsys,   ***
      ***  Inc.  Your use or disclosure of this software   ***
      ***  is subject to the terms and conditions of a     ***
      ***  written license agreement between you, or your  ***
      ***  company, and Synopsys, Inc.                     ***
      ********************************************************

  1  $pattern raphFiles3D/OverUnder6/M2oM1uM3/D0/W0.14/S0.42
  2  
  3  param window_width=20;
  4  param window_thichness=19.056;
  5  param window_length=20;
  6  POLY3D NAME= p1_1;  COORD=   -10.000, 0.000 ;   10.000, 0.000 ;   10.000, 0.250 ;   -10.000, 0.250 ; V1=0,0,0; HEIGHT=20; DIEL=4.1 ;
  7  POLY3D NAME= m1_1;  COORD=   -10.000, 0.250 ;   10.000, 0.250 ;   10.000, 0.300 ;   -10.000, 0.300 ; V1=0,0,0; HEIGHT=20; DIEL=7 ;
  8  POLY3D NAME= m1_2;  COORD=   -10.000, 0.300 ;   10.000, 0.300 ;   10.000, 0.650 ;   -10.000, 0.650 ; V1=0,0,0; HEIGHT=20; DIEL=4.3 ;
  9  POLY3D NAME= m1_3;  COORD=   -10.000, 0.650 ;   10.000, 0.650 ;   10.000, 0.700 ;   -10.000, 0.700 ; V1=0,0,0; HEIGHT=20; DIEL=4.3 ;
 10  POLY3D NAME= m1_4;  COORD=   -10.000, 0.700 ;   10.000, 0.700 ;   10.000, 0.750 ;   -10.000, 0.750 ; V1=0,0,0; HEIGHT=20; DIEL=4.9 ;
 11  POLY3D NAME= m1_5;  COORD=   -10.000, 0.750 ;   10.000, 0.750 ;   10.000, 0.900 ;   -10.000, 0.900 ; V1=0,0,0; HEIGHT=20; DIEL=4.1 ;
 12  POLY3D NAME= m2_1;  COORD=   -10.000, 0.900 ;   10.000, 0.900 ;   10.000, 0.950 ;   -10.000, 0.950 ; V1=0,0,0; HEIGHT=20; DIEL=4.9 ;
 13  POLY3D NAME= m2_2;  COORD=   -10.000, 0.950 ;   10.000, 0.950 ;   10.000, 1.150 ;   -10.000, 1.150 ; V1=0,0,0; HEIGHT=20; DIEL=2.9 ;
 14  POLY3D NAME= m2_3;  COORD=   -10.000, 1.150 ;   10.000, 1.150 ;   10.000, 1.170 ;   -10.000, 1.170 ; V1=0,0,0; HEIGHT=20; DIEL=4.4 ;
 15  POLY3D NAME= m2_4;  COORD=   -10.000, 1.170 ;   10.000, 1.170 ;   10.000, 1.220 ;   -10.000, 1.220 ; V1=0,0,0; HEIGHT=20; DIEL=4.9 ;
 16  POLY3D NAME= m2_5;  COORD=   -10.000, 1.220 ;   10.000, 1.220 ;   10.000, 1.420 ;   -10.000, 1.420 ; V1=0,0,0; HEIGHT=20; DIEL=2.9 ;
 17  POLY3D NAME= m2_6;  COORD=   -10.000, 1.420 ;   10.000, 1.420 ;   10.000, 1.470 ;   -10.000, 1.470 ; V1=0,0,0; HEIGHT=20; DIEL=4.4 ;
 18  POLY3D NAME= m3_1;  COORD=   -10.000, 1.470 ;   10.000, 1.470 ;   10.000, 1.520 ;   -10.000, 1.520 ; V1=0,0,0; HEIGHT=20; DIEL=4.9 ;
 19  POLY3D NAME= m3_2;  COORD=   -10.000, 1.520 ;   10.000, 1.520 ;   10.000, 1.720 ;   -10.000, 1.720 ; V1=0,0,0; HEIGHT=20; DIEL=2.9 ;
 20  POLY3D NAME= m3_3;  COORD=   -10.000, 1.720 ;   10.000, 1.720 ;   10.000, 1.740 ;   -10.000, 1.740 ; V1=0,0,0; HEIGHT=20; DIEL=4.4 ;
 21  POLY3D NAME= m3_4;  COORD=   -10.000, 1.740 ;   10.000, 1.740 ;   10.000, 1.790 ;   -10.000, 1.790 ; V1=0,0,0; HEIGHT=20; DIEL=4.9 ;
 22  POLY3D NAME= m3_5;  COORD=   -10.000, 1.790 ;   10.000, 1.790 ;   10.000, 1.990 ;   -10.000, 1.990 ; V1=0,0,0; HEIGHT=20; DIEL=2.9 ;
 23  POLY3D NAME= m3_6;  COORD=   -10.000, 1.990 ;   10.000, 1.990 ;   10.000, 2.040 ;   -10.000, 2.040 ; V1=0,0,0; HEIGHT=20; DIEL=4.4 ;
 24  POLY3D NAME= m4_1;  COORD=   -10.000, 2.040 ;   10.000, 2.040 ;   10.000, 2.090 ;   -10.000, 2.090 ; V1=0,0,0; HEIGHT=20; DIEL=4.9 ;
 25  POLY3D NAME= m4_2;  COORD=   -10.000, 2.090 ;   10.000, 2.090 ;   10.000, 2.290 ;   -10.000, 2.290 ; V1=0,0,0; HEIGHT=20; DIEL=2.9 ;
 26  POLY3D NAME= m4_3;  COORD=   -10.000, 2.290 ;   10.000, 2.290 ;   10.000, 2.310 ;   -10.000, 2.310 ; V1=0,0,0; HEIGHT=20; DIEL=4.4 ;
 27  POLY3D NAME= m4_4;  COORD=   -10.000, 2.310 ;   10.000, 2.310 ;   10.000, 2.360 ;   -10.000, 2.360 ; V1=0,0,0; HEIGHT=20; DIEL=4.9 ;
 28  POLY3D NAME= m4_5;  COORD=   -10.000, 2.360 ;   10.000, 2.360 ;   10.000, 2.560 ;   -10.000, 2.560 ; V1=0,0,0; HEIGHT=20; DIEL=2.9 ;
 29  POLY3D NAME= m4_6;  COORD=   -10.000, 2.560 ;   10.000, 2.560 ;   10.000, 2.610 ;   -10.000, 2.610 ; V1=0,0,0; HEIGHT=20; DIEL=4.4 ;
 30  POLY3D NAME= m5_1;  COORD=   -10.000, 2.610 ;   10.000, 2.610 ;   10.000, 2.660 ;   -10.000, 2.660 ; V1=0,0,0; HEIGHT=20; DIEL=4.9 ;
 31  POLY3D NAME= m5_2;  COORD=   -10.000, 2.660 ;   10.000, 2.660 ;   10.000, 2.860 ;   -10.000, 2.860 ; V1=0,0,0; HEIGHT=20; DIEL=2.9 ;
 32  POLY3D NAME= m5_3;  COORD=   -10.000, 2.860 ;   10.000, 2.860 ;   10.000, 2.880 ;   -10.000, 2.880 ; V1=0,0,0; HEIGHT=20; DIEL=4.4 ;
 33  POLY3D NAME= m5_4;  COORD=   -10.000, 2.880 ;   10.000, 2.880 ;   10.000, 2.930 ;   -10.000, 2.930 ; V1=0,0,0; HEIGHT=20; DIEL=4.9 ;
 34  POLY3D NAME= m5_5;  COORD=   -10.000, 2.930 ;   10.000, 2.930 ;   10.000, 3.130 ;   -10.000, 3.130 ; V1=0,0,0; HEIGHT=20; DIEL=2.9 ;
 35  POLY3D NAME= m5_6;  COORD=   -10.000, 3.130 ;   10.000, 3.130 ;   10.000, 3.180 ;   -10.000, 3.180 ; V1=0,0,0; HEIGHT=20; DIEL=4.4 ;
 36  POLY3D NAME= m6_1;  COORD=   -10.000, 3.180 ;   10.000, 3.180 ;   10.000, 3.280 ;   -10.000, 3.280 ; V1=0,0,0; HEIGHT=20; DIEL=4.9 ;
 37  POLY3D NAME= m6_2;  COORD=   -10.000, 3.280 ;   10.000, 3.280 ;   10.000, 3.780 ;   -10.000, 3.780 ; V1=0,0,0; HEIGHT=20; DIEL=4.4 ;
 38  POLY3D NAME= m6_3;  COORD=   -10.000, 3.780 ;   10.000, 3.780 ;   10.000, 3.880 ;   -10.000, 3.880 ; V1=0,0,0; HEIGHT=20; DIEL=4.4 ;
 39  POLY3D NAME= m6_4;  COORD=   -10.000, 3.880 ;   10.000, 3.880 ;   10.000, 3.980 ;   -10.000, 3.980 ; V1=0,0,0; HEIGHT=20; DIEL=4.9 ;
 40  POLY3D NAME= m6_5;  COORD=   -10.000, 3.980 ;   10.000, 3.980 ;   10.000, 4.680 ;   -10.000, 4.680 ; V1=0,0,0; HEIGHT=20; DIEL=4.4 ;
 41  POLY3D NAME= m7_1;  COORD=   -10.000, 4.680 ;   10.000, 4.680 ;   10.000, 4.780 ;   -10.000, 4.780 ; V1=0,0,0; HEIGHT=20; DIEL=4.9 ;
 42  POLY3D NAME= m7_2;  COORD=   -10.000, 4.780 ;   10.000, 4.780 ;   10.000, 5.530 ;   -10.000, 5.530 ; V1=0,0,0; HEIGHT=20; DIEL=4.4 ;
 43  POLY3D NAME= m7_3;  COORD=   -10.000, 5.530 ;   10.000, 5.530 ;   10.000, 5.580 ;   -10.000, 5.580 ; V1=0,0,0; HEIGHT=20; DIEL=4.4 ;
 44  POLY3D NAME= m7_4;  COORD=   -10.000, 5.580 ;   10.000, 5.580 ;   10.000, 5.700 ;   -10.000, 5.700 ; V1=0,0,0; HEIGHT=20; DIEL=4.9 ;
 45  POLY3D NAME= m7_5;  COORD=   -10.000, 5.700 ;   10.000, 5.700 ;   10.000, 6.730 ;   -10.000, 6.730 ; V1=0,0,0; HEIGHT=20; DIEL=4.4 ;
 46  POLY3D NAME= m7_2;  COORD=   -10.000, 6.730 ;   10.000, 6.730 ;   10.000, 7.480 ;   -10.000, 7.480 ; V1=0,0,0; HEIGHT=20; DIEL=4.4 ;
 47  POLY3D NAME= m7_3;  COORD=   -10.000, 7.480 ;   10.000, 7.480 ;   10.000, 7.530 ;   -10.000, 7.530 ; V1=0,0,0; HEIGHT=20; DIEL=4.4 ;
 48  POLY3D NAME= m7_4;  COORD=   -10.000, 7.530 ;   10.000, 7.530 ;   10.000, 7.650 ;   -10.000, 7.650 ; V1=0,0,0; HEIGHT=20; DIEL=4.9 ;
 49  POLY3D NAME= m7_5;  COORD=   -10.000, 7.650 ;   10.000, 7.650 ;   10.000, 8.680 ;   -10.000, 8.680 ; V1=0,0,0; HEIGHT=20; DIEL=4.4 ;
 50  POLY3D NAME= air_1; COORD=   -10.000, 8.680 ;   10.000, 8.680 ;   10.000, 8.980 ;   -10.000, 8.980 ; V1=0,0,0; HEIGHT=20; DIEL=6 ;
 51  POLY3D NAME= air_2; COORD=   -10.000, 8.980 ;   10.000, 8.980 ;   10.000,15.880 ;   -10.000,15.880 ; V1=0,0,0; HEIGHT=20; DIEL=2.9 ;
 52  
 53  $ Simulation window
 54  WINDOW3D V1=-0.5*window_width,0,0; V2=0.5*window_width,window_thichness,window_length; DIEL=1.0;
 55  
 56  $ Ground Plane(s)
 57  POLY3D NAME= M1__w0;  COORD=   -10.000, 0.650 ;   10.000, 0.650 ;   10.000, 0.900 ;   -10.000, 0.900 ;  V1=0,0,0; HEIGHT=20; VOLT=0 ;
 58  OPTIONS SET_GRID=1000000;
 59  
 60  POLY3D NAME= M3__w0;  COORD=   -10.000, 1.740 ;   10.000, 1.740 ;   10.000, 2.040 ;   -10.000, 2.040 ;  V1=0,0,0; HEIGHT=20; VOLT=0 ;
 61  OPTIONS SET_GRID=1000000;
 62  
 63  $ Layout params w= 0.14 s= 0.42 r= 0
 64  
 65  $ Layout/Eff  0.140  0.140 top_width
 66  $ Layout/Eff  0.140 0.14 bot_width
 67  $ Layout/Eff  0.420  0.420 spacing
 68  $ Layout/Eff  1.170  1.170 height 
 69  $ Layout/Eff  0.300  0.300 thicknes
 70  
 71  POLY3D NAME=M2_w1; COORD=   -1.190, 1.170 ;   -1.050, 1.170 ;   -1.050, 1.470 ;   -1.190, 1.470 ; V1=0,0,10; HEIGHT=2; VOLT=0
 72  POLY3D NAME=M2_w2; COORD=   -0.910, 1.170 ;   -0.770, 1.170 ;   -0.770, 1.470 ;   -0.910, 1.470 ; V1=0,0,10; HEIGHT=2; VOLT=0
 73  POLY3D NAME=M2_w3; COORD=   -0.630, 1.170 ;   -0.490, 1.170 ;   -0.490, 1.470 ;   -0.630, 1.470 ; V1=0,0,10; HEIGHT=2; VOLT=0
 74  POLY3D NAME=M2_w4; COORD=   -0.070, 1.170 ;    0.070, 1.170 ;    0.070, 1.470 ;   -0.070, 1.470 ; V1=0,0,10; HEIGHT=2; VOLT=1
 75  POLY3D NAME=M2_w5; COORD=    0.490, 1.170 ;    0.630, 1.170 ;    0.630, 1.470 ;    0.490, 1.470 ; V1=0,0,10; HEIGHT=2; VOLT=0
 76  POLY3D NAME=M2_w6; COORD=    0.770, 1.170 ;    0.910, 1.170 ;    0.910, 1.470 ;    0.770, 1.470 ;  V1=0,0,10; HEIGHT=2; VOLT=0
 77  
 78  OPTIONS SET_GRID=1000000;
 79  
 80  CAPACITANCE


 *** CAPACITANCE [Farad] CALCULATION: (C)(V)=(Q)

               M1__w0         M3__w0          M2_w1          M2_w2          M2_w3          M2_w4          M2_w5          M2_w6     
    M1__w0   1.413743e-14  -1.351507e-14  -1.161682e-16  -7.317281e-17  -9.674329e-17  -1.223808e-16  -9.748007e-17  -1.164092e-16 
    M3__w0  -1.351501e-14   1.414112e-14  -1.169538e-16  -7.325459e-17  -9.761456e-17  -1.227805e-16  -9.830394e-17  -1.172018e-16 
     M2_w1  -1.148827e-16  -1.156138e-16   4.157369e-16  -1.829010e-16  -2.267390e-18  -8.903362e-20  -3.999822e-21  -5.408638e-22 
     M2_w2  -7.283117e-17  -7.309146e-17  -1.826981e-16   5.122576e-16  -1.828428e-16  -7.893029e-19  -1.784542e-20  -1.854800e-21 
     M2_w3  -9.600671e-17  -9.636772e-17  -2.240535e-18  -1.828171e-16   4.238150e-16  -4.608990e-17  -2.867203e-19  -1.795473e-20 
     M2_w4  -1.202464e-16  -1.208773e-16  -8.531200e-20  -7.525229e-19  -4.613783e-17   3.349817e-16  -4.613124e-17  -7.629629e-19 
     M2_w5  -9.673570e-17  -9.714812e-17  -3.689610e-21  -1.722478e-20  -2.853150e-19  -4.608313e-17   4.238224e-16  -1.835660e-16 
     M2_w6  -1.151750e-16  -1.159481e-16  -5.896536e-22  -2.077209e-21  -1.955740e-20  -8.169028e-19  -1.837886e-16   4.157267e-16 

regrid   nx   ny   nz     total   iter  lin_tol.   rgd_tol
     0   86  277   38    905236    24 9.088e-05  N.A. 
     1   64  424   36    976896    39 8.708e-05  3.484e-01 % 
regrid tolerance : 3.48e-01 %

regrid   nx   ny   nz     total   iter  lin_tol.   rgd_tol
     0   86  277   38    905236    39 8.579e-05  N.A. 
     1   63  431   36    977508    56 8.843e-05  3.479e-01 % 
regrid tolerance : 3.48e-01 %

regrid   nx   ny   nz     total   iter  lin_tol.   rgd_tol
     0   86  277   38    905236    20 6.543e-05  N.A. 
     1  123  234   34    978588    40 9.124e-05  1.955e+00 % 
regrid tolerance : 1.96e+00 %

regrid   nx   ny   nz     total   iter  lin_tol.   rgd_tol
     0   86  277   38    905236    19 9.653e-05  N.A. 
     1  124  234   34    986544    42 8.909e-05  1.762e+00 % 
regrid tolerance : 1.76e+00 %

regrid   nx   ny   nz     total   iter  lin_tol.   rgd_tol
     0   86  277   38    905236    19 9.087e-05  N.A. 
     1  122  235   34    974780    39 8.610e-05  1.745e+00 % 
regrid tolerance : 1.75e+00 %

regrid   nx   ny   nz     total   iter  lin_tol.   rgd_tol
     0   86  277   38    905236    18 9.355e-05  N.A. 
     1  120  236   35    991200    37 8.487e-05  1.630e+00 % 
regrid tolerance : 1.63e+00 %

regrid   nx   ny   nz     total   iter  lin_tol.   rgd_tol
     0   86  277   38    905236    19 9.562e-05  N.A. 
     1  123  235   34    982770    41 7.990e-05  1.740e+00 % 
regrid tolerance : 1.74e+00 %

regrid   nx   ny   nz     total   iter  lin_tol.   rgd_tol
     0   86  277   38    905236    19 7.509e-05  N.A. 
     1  124  235   34    990760    39 9.793e-05  1.961e+00 % 
regrid tolerance : 1.96e+00 %

 ==> SPICE Models for Total Capacitance (in Farad)

 C_0_0 M1__w0 OTHERS 1.413743e-14
 C_1_1 M3__w0 OTHERS 1.414112e-14
 C_2_2 M2_w1 OTHERS 4.157369e-16
 C_3_3 M2_w2 OTHERS 5.122576e-16
 C_4_4 M2_w3 OTHERS 4.238150e-16
 C_5_5 M2_w4 OTHERS 3.349817e-16
 C_6_6 M2_w5 OTHERS 4.238224e-16
 C_7_7 M2_w6 OTHERS 4.157267e-16

 ==> SPICE Models for Entire Capacitance Matrix (in Farad)

 C_0_1 M1__w0 M3__w0 1.351504e-14
 C_0_2 M1__w0 M2_w1 1.155254e-16
 C_0_3 M1__w0 M2_w2 7.300199e-17
 C_0_4 M1__w0 M2_w3 9.637500e-17
 C_0_5 M1__w0 M2_w4 1.213136e-16
 C_0_6 M1__w0 M2_w5 9.710789e-17
 C_0_7 M1__w0 M2_w6 1.157921e-16
 C_1_2 M3__w0 M2_w1 1.162838e-16
 C_1_3 M3__w0 M2_w2 7.317303e-17
 C_1_4 M3__w0 M2_w3 9.699114e-17
 C_1_5 M3__w0 M2_w4 1.218289e-16
 C_1_6 M3__w0 M2_w5 9.772603e-17
 C_1_7 M3__w0 M2_w6 1.165750e-16
 C_2_3 M2_w1 M2_w2 1.827996e-16
 C_2_4 M2_w1 M2_w3 2.253962e-18
 C_2_5 M2_w1 M2_w4 8.717281e-20
 C_2_6 M2_w1 M2_w5 3.844716e-21
 C_2_7 M2_w1 M2_w6 5.652587e-22
 C_3_4 M2_w2 M2_w3 1.828299e-16
 C_3_5 M2_w2 M2_w4 7.709129e-19
 C_3_6 M2_w2 M2_w5 1.753510e-20
 C_3_7 M2_w2 M2_w6 1.966005e-21
 C_4_5 M2_w3 M2_w4 4.611387e-17
 C_4_6 M2_w3 M2_w5 2.860176e-19
 C_4_7 M2_w3 M2_w6 1.875607e-20
 C_5_6 M2_w4 M2_w5 4.610718e-17
 C_5_7 M2_w4 M2_w6 7.899328e-19
 C_6_7 M2_w5 M2_w6 1.836773e-16

